#
# A fatal error has been detected by the Java Runtime Environment:
#
#  EXCEPTION_UNCAUGHT_CXX_EXCEPTION (0xe06d7363) at pc=0x00007fff74a74fd9, pid=11212, tid=0x00000000000008b4
#
# JRE version: Java(TM) SE Runtime Environment (8.0_202-b08) (build 1.8.0_202-b08)
# Java VM: Java HotSpot(TM) 64-Bit Server VM (25.202-b08 mixed mode windows-amd64 compressed oops)
# Problematic frame:
# C  [KERNELBASE.dll+0x34fd9]
#
# Failed to write core dump. Minidumps are not enabled by default on client versions of Windows
#
# If you would like to submit a bug report, please visit:
#   http://bugreport.java.com/bugreport/crash.jsp
# The crash happened outside the Java Virtual Machine in native code.
# See problematic frame for where to report the bug.
#

---------------  T H R E A D  ---------------

Current thread (0x000001bd6b792000):  JavaThread "main" [_thread_in_native, id=2228, stack(0x0000009f3c100000,0x0000009f40100000)]

siginfo: ExceptionCode=0xe06d7363, ExceptionInformation=0x0000000019930520 0x0000009f400e61a8 0x00007fff37edc3a8 0x00007fff37d40000 

Registers:
RAX=0x0000000000000000, RBX=0x0000009f400e3840, RCX=0x0000000000000000, RDX=0x0000000000000000
RSP=0x0000009f400e1240, RBP=0x0000009f400e18f0, RSI=0x0000009f400e1380, RDI=0x0000009f400e2090
R8 =0x000001bd6b7b27a0, R9 =0x0000000000000009, R10=0x0000000054020812, R11=0x000001bd2ccec778
R12=0x0000009f400e26b8, R13=0x00007fff3801f900, R14=0x0000000000000000, R15=0x0000000000000000
RIP=0x00007fff74a74fd9, EFLAGS=0x0000000000000202

Top of Stack: (sp=0x0000009f400e1240)
0x0000009f400e1240:   fffffffffffffffe 0000009f400e3840
0x0000009f400e1250:   0000009f400e1380 0000000000000000
0x0000009f400e1260:   00000001e06d7363 0000000000000000
0x0000009f400e1270:   00007fff74a74fd9 0000000000000004
0x0000009f400e1280:   0000000019930520 0000009f400e61a8
0x0000009f400e1290:   00007fff37edc3a8 00007fff37d40000
0x0000009f400e12a0:   0000f86ea165fbde 0000009f400e26b8
0x0000009f400e12b0:   0000000000000004 00007fff72184685
0x0000009f400e12c0:   0000000000000000 000001bd5f7caaa0
0x0000009f400e12d0:   0000009f400e1380 0000009f400e18f0
0x0000009f400e12e0:   0000009f400e2090 00007fff7218470d
0x0000009f400e12f0:   0000009f400e3840 0000009f400e1380
0x0000009f400e1300:   00004d239f567825 000001bd7fb675d8
0x0000009f400e1310:   0000009f400e3840 00007fff72181f74
0x0000009f400e1320:   00007fff3801f900 0000009f400e26b8
0x0000009f400e1330:   0000000000000100 0000009f400e12e8 

Instructions: (pc=0x00007fff74a74fd9)
0x00007fff74a74fb9:   8b d1 44 0f 47 c0 44 89 44 24 38 49 c1 e0 03 e8
0x00007fff74a74fc9:   da 1c 06 00 48 8d 4c 24 20 48 ff 15 57 e1 18 00
0x00007fff74a74fd9:   0f 1f 44 00 00 48 8b 8c 24 c0 00 00 00 48 33 cc
0x00007fff74a74fe9:   e8 52 96 05 00 48 81 c4 d8 00 00 00 c3 cc 83 64 


Register to memory mapping:

RAX=0x0000000000000000 is an unknown value
RBX=0x0000009f400e3840 is pointing into the stack for thread: 0x000001bd6b792000
RCX=0x0000000000000000 is an unknown value
RDX=0x0000000000000000 is an unknown value
RSP=0x0000009f400e1240 is pointing into the stack for thread: 0x000001bd6b792000
RBP=0x0000009f400e18f0 is pointing into the stack for thread: 0x000001bd6b792000
RSI=0x0000009f400e1380 is pointing into the stack for thread: 0x000001bd6b792000
RDI=0x0000009f400e2090 is pointing into the stack for thread: 0x000001bd6b792000
R8 =0x000001bd6b7b27a0 is an unknown value
R9 =0x0000000000000009 is an unknown value
R10=0x0000000054020812 is an unknown value
R11=0x000001bd2ccec778 is pointing into metadata
R12=0x0000009f400e26b8 is pointing into the stack for thread: 0x000001bd6b792000
R13=0x00007fff3801f900 is an unknown value
R14=0x0000000000000000 is an unknown value
R15=0x0000000000000000 is an unknown value


Stack: [0x0000009f3c100000,0x0000009f40100000],  sp=0x0000009f400e1240,  free space=65412k
Native frames: (J=compiled Java code, j=interpreted, Vv=VM code, C=native code)
C  [KERNELBASE.dll+0x34fd9]
C  [VCRUNTIME140.dll+0x1f74]
C  [ntdll.dll+0xa1426]
C  0x00007fff37fb7a3f
C  0x00007fff37f87c42
C  0x00007fff37f87421
C  0x00007fff37f89313
C  [libmwservices.dll+0x29f923]
C  [libmwservices.dll+0x2a0f10]
C  [libmwservices.dll+0x2a1c0e]
C  0x00007fff2f2c3e2a
C  0x000001bd6b889f2e

Java frames: (J=compiled Java code, j=interpreted, Vv=VM code)
j  com.mathworks.jmi.NativeMatlab.ProcessPendingEvents()Z+0
j  com.mathworks.jmi.NativeMatlab.processPendingEvents()Z+8
j  com.mathworks.jmi.Matlab$ProcessPendingEvents.callBooleanMethod(Ljava/lang/Object;)Z+0
j  com.mathworks.util.FactoryUtils.processPendingEvents()Z+12
j  com.mathworks.widgets.desk.Desktop.canClose()Z+38
j  com.mathworks.mde.desk.MLDesktop.canClose()Z+296
j  com.mathworks.mde.desk.MLDesktop$2.call()Ljava/lang/Boolean;+4
j  com.mathworks.mde.desk.MLDesktop$2.call()Ljava/lang/Object;+1
j  com.mathworks.jmi.Matlab.runPredicates(Ljava/util/List;Z)Z+59
j  com.mathworks.jmi.Matlab.isOkToExit()Z+4
v  ~StubRoutines::call_stub
j  com.mathworks.jmi.NativeMatlab.SendMatlabMessage(Ljava/lang/Object;)Ljava/lang/Object;+0
j  com.mathworks.jmi.NativeMatlab.sendMatlabMessage(Ljava/lang/Object;)Ljava/lang/Object;+22
j  com.mathworks.jmi.MatlabLooper.sendMatlabMessage(Lcom/mathworks/services/message/MWMessage;)Ljava/lang/Object;+20
j  com.mathworks.jmi.Matlab.mtFevalConsoleOutput(Ljava/lang/String;[Ljava/lang/Object;I)Ljava/lang/Object;+58
j  com.mathworks.toolbox.instrument.events.ActionQueue.run()V+130
v  ~StubRoutines::call_stub

---------------  P R O C E S S  ---------------

Java Threads: ( => current thread )
  0x000001bd24a49800 JavaThread "Installation Observer" daemon [_thread_blocked, id=8888, stack(0x0000009f4bb00000,0x0000009f4bc00000)]
  0x000001bd24a4c800 JavaThread "com.mathworks.addons_common.notificationframework.InstalledFolderRegistryObservers" daemon [_thread_blocked, id=9324, stack(0x0000009f4a700000,0x0000009f4a800000)]
  0x000001bd14039000 JavaThread "com.mathworks.addons_common.notificationframework.InstalledAddOnsCache" daemon [_thread_blocked, id=4288, stack(0x0000009f49600000,0x0000009f49700000)]
  0x000001bd1403c000 JavaThread "TimerQueue" daemon [_thread_blocked, id=9596, stack(0x0000009f48900000,0x0000009f48a00000)]
  0x000001bd14037000 JavaThread "AWT-EventQueue-0-SharedResourceRunner" daemon [_thread_blocked, id=6248, stack(0x0000009f47a00000,0x0000009f47b00000)]
  0x000001bd1403a800 JavaThread "Thread-3" daemon [_thread_blocked, id=6336, stack(0x0000009f47800000,0x0000009f47900000)]
  0x000001bd13fff000 JavaThread "AWT-EventQueue-0" [_thread_blocked, id=6800, stack(0x0000009f47600000,0x0000009f47700000)]
  0x000001bd13b46000 JavaThread "AWT-Shutdown" [_thread_blocked, id=8708, stack(0x0000009f47200000,0x0000009f47300000)]
  0x000001bd13518800 JavaThread "EventMgr Dispatcher" daemon [_thread_in_native, id=5836, stack(0x0000009f47500000,0x0000009f47600000)]
  0x000001bd12d18800 JavaThread "AWT-Windows" daemon [_thread_in_native, id=11464, stack(0x0000009f47300000,0x0000009f47400000)]
  0x000001bd12d17000 JavaThread "Java2D Disposer" daemon [_thread_blocked, id=10092, stack(0x0000009f47100000,0x0000009f47200000)]
  0x000001bd13c85800 JavaThread "Settings Releaser" daemon [_thread_blocked, id=12380, stack(0x0000009f47000000,0x0000009f47100000)]
  0x000001bd1340a800 JavaThread "EventMgr Dispatcher" daemon [_thread_in_native, id=2792, stack(0x0000009f46f00000,0x0000009f47000000)]
  0x000001bd7fb1a000 JavaThread "Service Thread" daemon [_thread_blocked, id=12096, stack(0x0000009f46c00000,0x0000009f46d00000)]
  0x000001bd7fa5a000 JavaThread "C1 CompilerThread11" daemon [_thread_blocked, id=1268, stack(0x0000009f46b00000,0x0000009f46c00000)]
  0x000001bd7fa3f800 JavaThread "C1 CompilerThread10" daemon [_thread_blocked, id=3340, stack(0x0000009f46a00000,0x0000009f46b00000)]
  0x000001bd7fa36800 JavaThread "C1 CompilerThread9" daemon [_thread_blocked, id=2292, stack(0x0000009f46900000,0x0000009f46a00000)]
  0x000001bd7fa32800 JavaThread "C1 CompilerThread8" daemon [_thread_blocked, id=2868, stack(0x0000009f46800000,0x0000009f46900000)]
  0x000001bd7fa31000 JavaThread "C2 CompilerThread7" daemon [_thread_blocked, id=10064, stack(0x0000009f46700000,0x0000009f46800000)]
  0x000001bd7fa2c000 JavaThread "C2 CompilerThread6" daemon [_thread_blocked, id=7636, stack(0x0000009f46600000,0x0000009f46700000)]
  0x000001bd7e2aa800 JavaThread "C2 CompilerThread5" daemon [_thread_blocked, id=10200, stack(0x0000009f46500000,0x0000009f46600000)]
  0x000001bd7e2a9800 JavaThread "C2 CompilerThread4" daemon [_thread_blocked, id=11168, stack(0x0000009f46400000,0x0000009f46500000)]
  0x000001bd7e2a7800 JavaThread "C2 CompilerThread3" daemon [_thread_blocked, id=9552, stack(0x0000009f46300000,0x0000009f46400000)]
  0x000001bd7e2a6800 JavaThread "C2 CompilerThread2" daemon [_thread_blocked, id=10324, stack(0x0000009f46200000,0x0000009f46300000)]
  0x000001bd7e2a5800 JavaThread "C2 CompilerThread1" daemon [_thread_blocked, id=9240, stack(0x0000009f46100000,0x0000009f46200000)]
  0x000001bd7e2a1800 JavaThread "C2 CompilerThread0" daemon [_thread_blocked, id=1396, stack(0x0000009f46000000,0x0000009f46100000)]
  0x000001bd7e29e800 JavaThread "Attach Listener" daemon [_thread_blocked, id=6816, stack(0x0000009f45f00000,0x0000009f46000000)]
  0x000001bd7e299800 JavaThread "Finalizer" daemon [_thread_blocked, id=8440, stack(0x0000009f45e00000,0x0000009f45f00000)]
  0x000001bd7e290800 JavaThread "Reference Handler" daemon [_thread_blocked, id=9132, stack(0x0000009f45d00000,0x0000009f45e00000)]
=>0x000001bd6b792000 JavaThread "main" [_thread_in_native, id=2228, stack(0x0000009f3c100000,0x0000009f40100000)]

Other Threads:
  0x000001bd7e26a800 VMThread [stack: 0x0000009f45c00000,0x0000009f45d00000] [id=9168]
  0x000001bd7fbba800 WatcherThread [stack: 0x0000009f46d00000,0x0000009f46e00000] [id=10704]

VM state:not at safepoint (normal execution)

VM Mutex/Monitor currently owned by a thread: None

heap address: 0x00000005c2800000, size: 8152 MB, Compressed Oops mode: Zero based, Oop shift amount: 3
Narrow klass base: 0x0000000000000000, Narrow klass shift: 3
Compressed class space size: 1073741824 Address: 0x00000007c0000000

Heap:
 PSYoungGen      total 226304K, used 61858K [0x0000000740a00000, 0x0000000752300000, 0x00000007c0000000)
  eden space 225280K, 27% used [0x0000000740a00000,0x00000007445c0ac8,0x000000074e600000)
  from space 1024K, 65% used [0x0000000752200000,0x00000007522a8020,0x0000000752300000)
  to   space 9216K, 0% used [0x0000000751100000,0x0000000751100000,0x0000000751a00000)
 ParOldGen       total 49152K, used 39130K [0x00000005c2800000, 0x00000005c5800000, 0x0000000740a00000)
  object space 49152K, 79% used [0x00000005c2800000,0x00000005c4e368b0,0x00000005c5800000)
 Metaspace       used 49256K, capacity 49710K, committed 50124K, reserved 1093632K
  class space    used 6443K, capacity 6580K, committed 6604K, reserved 1048576K

Card table byte_map: [0x000001bd7ac30000,0x000001bd7bc20000] byte_map_base: 0x000001bd77e1c000

Marking Bits: (ParMarkBitMap*) 0x0000000054775ce0
 Begin Bits: [0x000001bd00000000, 0x000001bd07f60000)
 End Bits:   [0x000001bd07f60000, 0x000001bd0fec0000)

Polling page: 0x000001bd5def0000

CodeCache: size=245760Kb used=19213Kb max_used=19667Kb free=226546Kb
 bounds [0x000001bd6b870000, 0x000001bd6cbe0000, 0x000001bd7a870000]
 total_blobs=6110 nmethods=5094 adapters=925
 compilation: enabled

Compilation events (10 events):
Event: 2460.351 Thread 0x000001bd7fa5a000 6116   !   3       java.awt.EventQueue::postEventPrivate (104 bytes)
Event: 2460.351 Thread 0x000001bd7fa5a000 nmethod 6116 0x000001bd6bb5a650 code [0x000001bd6bb5a860, 0x000001bd6bb5b130]
Event: 2460.707 Thread 0x000001bd7fa3f800 6117       3       java.awt.Component::dispatchEventImpl (921 bytes)
Event: 2460.710 Thread 0x000001bd7fa3f800 nmethod 6117 0x000001bd6cbcf510 code [0x000001bd6cbcff80, 0x000001bd6cbd8d80]
Event: 2460.832 Thread 0x000001bd7fa32800 6118   !   3       java.awt.KeyboardFocusManager::processCurrentLightweightRequests (345 bytes)
Event: 2460.834 Thread 0x000001bd7fa32800 nmethod 6118 0x000001bd6c1b7e50 code [0x000001bd6c1b8280, 0x000001bd6c1bac20]
Event: 2461.198 Thread 0x000001bd7fa2c000 6119       4       java.awt.EventQueue::coalesceEvent (86 bytes)
Event: 2461.199 Thread 0x000001bd7fa2c000 nmethod 6119 0x000001bd6c091790 code [0x000001bd6c091900, 0x000001bd6c091aa8]
Event: 2461.521 Thread 0x000001bd7fa36800 6120       3       java.lang.reflect.Method::setMethodAccessor (21 bytes)
Event: 2461.522 Thread 0x000001bd7fa36800 nmethod 6120 0x000001bd6c1b77d0 code [0x000001bd6c1b7940, 0x000001bd6c1b7d10]

GC Heap History (10 events):
Event: 869.301 GC heap before
{Heap before GC invocations=28 (full 2):
 PSYoungGen      total 285184K, used 284800K [0x0000000740a00000, 0x0000000753f80000, 0x00000007c0000000)
  eden space 284160K, 100% used [0x0000000740a00000,0x0000000751f80000,0x0000000751f80000)
  from space 1024K, 62% used [0x0000000752d00000,0x0000000752da0020,0x0000000752e00000)
  to   space 11264K, 0% used [0x0000000753480000,0x0000000753480000,0x0000000753f80000)
 ParOldGen       total 49152K, used 39113K [0x00000005c2800000, 0x00000005c5800000, 0x0000000740a00000)
  object space 49152K, 79% used [0x00000005c2800000,0x00000005c4e327b8,0x00000005c5800000)
 Metaspace       used 48764K, capacity 49262K, committed 49484K, reserved 1091584K
  class space    used 6294K, capacity 6452K, committed 6476K, reserved 1048576K
Event: 869.302 GC heap after
Heap after GC invocations=28 (full 2):
 PSYoungGen      total 272384K, used 672K [0x0000000740a00000, 0x0000000753580000, 0x00000007c0000000)
  eden space 271360K, 0% used [0x0000000740a00000,0x0000000740a00000,0x0000000751300000)
  from space 1024K, 65% used [0x0000000753480000,0x0000000753528020,0x0000000753580000)
  to   space 10752K, 0% used [0x0000000752080000,0x0000000752080000,0x0000000752b00000)
 ParOldGen       total 49152K, used 39121K [0x00000005c2800000, 0x00000005c5800000, 0x0000000740a00000)
  object space 49152K, 79% used [0x00000005c2800000,0x00000005c4e347b8,0x00000005c5800000)
 Metaspace       used 48764K, capacity 49262K, committed 49484K, reserved 1091584K
  class space    used 6294K, capacity 6452K, committed 6476K, reserved 1048576K
}
Event: 1570.007 GC heap before
{Heap before GC invocations=29 (full 2):
 PSYoungGen      total 272384K, used 272032K [0x0000000740a00000, 0x0000000753580000, 0x00000007c0000000)
  eden space 271360K, 100% used [0x0000000740a00000,0x0000000751300000,0x0000000751300000)
  from space 1024K, 65% used [0x0000000753480000,0x0000000753528020,0x0000000753580000)
  to   space 10752K, 0% used [0x0000000752080000,0x0000000752080000,0x0000000752b00000)
 ParOldGen       total 49152K, used 39121K [0x00000005c2800000, 0x00000005c5800000, 0x0000000740a00000)
  object space 49152K, 79% used [0x00000005c2800000,0x00000005c4e347b8,0x00000005c5800000)
 Metaspace       used 48766K, capacity 49262K, committed 49484K, reserved 1091584K
  class space    used 6294K, capacity 6452K, committed 6476K, reserved 1048576K
Event: 1570.008 GC heap after
Heap after GC invocations=29 (full 2):
 PSYoungGen      total 269824K, used 672K [0x0000000740a00000, 0x0000000753500000, 0x00000007c0000000)
  eden space 259072K, 0% used [0x0000000740a00000,0x0000000740a00000,0x0000000750700000)
  from space 10752K, 6% used [0x0000000752080000,0x0000000752128020,0x0000000752b00000)
  to   space 10240K, 0% used [0x0000000752b00000,0x0000000752b00000,0x0000000753500000)
 ParOldGen       total 49152K, used 39121K [0x00000005c2800000, 0x00000005c5800000, 0x0000000740a00000)
  object space 49152K, 79% used [0x00000005c2800000,0x00000005c4e347b8,0x00000005c5800000)
 Metaspace       used 48766K, capacity 49262K, committed 49484K, reserved 1091584K
  class space    used 6294K, capacity 6452K, committed 6476K, reserved 1048576K
}
Event: 1623.888 GC heap before
{Heap before GC invocations=30 (full 2):
 PSYoungGen      total 269824K, used 259744K [0x0000000740a00000, 0x0000000753500000, 0x00000007c0000000)
  eden space 259072K, 100% used [0x0000000740a00000,0x0000000750700000,0x0000000750700000)
  from space 10752K, 6% used [0x0000000752080000,0x0000000752128020,0x0000000752b00000)
  to   space 10240K, 0% used [0x0000000752b00000,0x0000000752b00000,0x0000000753500000)
 ParOldGen       total 49152K, used 39121K [0x00000005c2800000, 0x00000005c5800000, 0x0000000740a00000)
  object space 49152K, 79% used [0x00000005c2800000,0x00000005c4e347b8,0x00000005c5800000)
 Metaspace       used 48766K, capacity 49262K, committed 49484K, reserved 1091584K
  class space    used 6294K, capacity 6452K, committed 6476K, reserved 1048576K
Event: 1623.889 GC heap after
Heap after GC invocations=30 (full 2):
 PSYoungGen      total 248320K, used 640K [0x0000000740a00000, 0x0000000752c00000, 0x00000007c0000000)
  eden space 247296K, 0% used [0x0000000740a00000,0x0000000740a00000,0x000000074fb80000)
  from space 1024K, 62% used [0x0000000752b00000,0x0000000752ba0020,0x0000000752c00000)
  to   space 10240K, 0% used [0x0000000751800000,0x0000000751800000,0x0000000752200000)
 ParOldGen       total 49152K, used 39121K [0x00000005c2800000, 0x00000005c5800000, 0x0000000740a00000)
  object space 49152K, 79% used [0x00000005c2800000,0x00000005c4e347b8,0x00000005c5800000)
 Metaspace       used 48766K, capacity 49262K, committed 49484K, reserved 1091584K
  class space    used 6294K, capacity 6452K, committed 6476K, reserved 1048576K
}
Event: 1675.802 GC heap before
{Heap before GC invocations=31 (full 2):
 PSYoungGen      total 248320K, used 247936K [0x0000000740a00000, 0x0000000752c00000, 0x00000007c0000000)
  eden space 247296K, 100% used [0x0000000740a00000,0x000000074fb80000,0x000000074fb80000)
  from space 1024K, 62% used [0x0000000752b00000,0x0000000752ba0020,0x0000000752c00000)
  to   space 10240K, 0% used [0x0000000751800000,0x0000000751800000,0x0000000752200000)
 ParOldGen       total 49152K, used 39121K [0x00000005c2800000, 0x00000005c5800000, 0x0000000740a00000)
  object space 49152K, 79% used [0x00000005c2800000,0x00000005c4e347b8,0x00000005c5800000)
 Metaspace       used 48766K, capacity 49262K, committed 49484K, reserved 1091584K
  class space    used 6294K, capacity 6452K, committed 6476K, reserved 1048576K
Event: 1675.803 GC heap after
Heap after GC invocations=31 (full 2):
 PSYoungGen      total 246272K, used 672K [0x0000000740a00000, 0x0000000752b80000, 0x00000007c0000000)
  eden space 236032K, 0% used [0x0000000740a00000,0x0000000740a00000,0x000000074f080000)
  from space 10240K, 6% used [0x0000000751800000,0x00000007518a8020,0x0000000752200000)
  to   space 9728K, 0% used [0x0000000752200000,0x0000000752200000,0x0000000752b80000)
 ParOldGen       total 49152K, used 39129K [0x00000005c2800000, 0x00000005c5800000, 0x0000000740a00000)
  object space 49152K, 79% used [0x00000005c2800000,0x00000005c4e367b8,0x00000005c5800000)
 Metaspace       used 48766K, capacity 49262K, committed 49484K, reserved 1091584K
  class space    used 6294K, capacity 6452K, committed 6476K, reserved 1048576K
}
Event: 1725.432 GC heap before
{Heap before GC invocations=32 (full 2):
 PSYoungGen      total 246272K, used 236704K [0x0000000740a00000, 0x0000000752b80000, 0x00000007c0000000)
  eden space 236032K, 100% used [0x0000000740a00000,0x000000074f080000,0x000000074f080000)
  from space 10240K, 6% used [0x0000000751800000,0x00000007518a8020,0x0000000752200000)
  to   space 9728K, 0% used [0x0000000752200000,0x0000000752200000,0x0000000752b80000)
 ParOldGen       total 49152K, used 39130K [0x00000005c2800000, 0x00000005c5800000, 0x0000000740a00000)
  object space 49152K, 79% used [0x00000005c2800000,0x00000005c4e368b0,0x00000005c5800000)
 Metaspace       used 48766K, capacity 49262K, committed 49484K, reserved 1091584K
  class space    used 6294K, capacity 6452K, committed 6476K, reserved 1048576K
Event: 1725.434 GC heap after
Heap after GC invocations=32 (full 2):
 PSYoungGen      total 226304K, used 672K [0x0000000740a00000, 0x0000000752300000, 0x00000007c0000000)
  eden space 225280K, 0% used [0x0000000740a00000,0x0000000740a00000,0x000000074e600000)
  from space 1024K, 65% used [0x0000000752200000,0x00000007522a8020,0x0000000752300000)
  to   space 9216K, 0% used [0x0000000751100000,0x0000000751100000,0x0000000751a00000)
 ParOldGen       total 49152K, used 39130K [0x00000005c2800000, 0x00000005c5800000, 0x0000000740a00000)
  object space 49152K, 79% used [0x00000005c2800000,0x00000005c4e368b0,0x00000005c5800000)
 Metaspace       used 48766K, capacity 49262K, committed 49484K, reserved 1091584K
  class space    used 6294K, capacity 6452K, committed 6476K, reserved 1048576K
}

Deoptimization events (10 events):
Event: 2458.215 Thread 0x000001bd13c2f000 Uncommon trap: reason=unstable_if action=reinterpret pc=0x000001bd6cbb48c4 method=sun.awt.AWTAutoShutdown.notifyThreadBusy(Ljava/lang/Thread;)V @ 37
Event: 2458.321 Thread 0x000001bd6b792000 Uncommon trap: reason=unstable_if action=reinterpret pc=0x000001bd6ca1c4e0 method=com.mathworks.hg.util.HGPeerQueue.add(Lcom/mathworks/hg/util/HGPeerRunnable;)V @ 301
Event: 2458.340 Thread 0x000001bd13fff000 Uncommon trap: reason=unstable_if action=reinterpret pc=0x000001bd6cab15f8 method=java.awt.AWTEventMulticaster.removeInternal(Ljava/util/EventListener;Ljava/util/EventListener;)Ljava/util/EventListener; @ 2
Event: 2458.346 Thread 0x000001bd6b792000 Uncommon trap: reason=unstable_if action=reinterpret pc=0x000001bd6cad0ca4 method=java.util.Hashtable.getIterator(I)Ljava/util/Iterator; @ 4
Event: 2458.346 Thread 0x000001bd6b792000 Uncommon trap: reason=class_check action=maybe_recompile pc=0x000001bd6cb7c3d0 method=java.util.Hashtable.putAll(Ljava/util/Map;)V @ 13
Event: 2458.346 Thread 0x000001bd13fff000 Uncommon trap: reason=unstable_if action=reinterpret pc=0x000001bd6cb76390 method=com.mathworks.hg.util.HGPeerQueue$HGPeerRunnablesRunner.runit(Z[I)V @ 143
Event: 2458.347 Thread 0x000001bd13fff000 Uncommon trap: reason=unstable_if action=reinterpret pc=0x000001bd6c83ad54 method=javax.swing.SwingUtilities.getWindowAncestor(Ljava/awt/Component;)Ljava/awt/Window; @ 6
Event: 2458.347 Thread 0x000001bd13fff000 Uncommon trap: reason=class_check action=maybe_recompile pc=0x000001bd6cb9038c method=com.mathworks.hg.util.HGPeerQueue$HGPeerRunnablesRunner.run()V @ 79
Event: 2458.347 Thread 0x000001bd13fff000 Uncommon trap: reason=unstable_if action=reinterpret pc=0x000001bd6cabf438 method=com.mathworks.hg.peer.ui.UIContainerPeer.validateFigure()V @ 4
Event: 2461.523 Thread 0x000001bd13c2f000 Uncommon trap: reason=unstable_if action=reinterpret pc=0x000001bd6cb9f1e4 method=com.mathworks.util.Timer$TimerThread.run()V @ 64

Classes redefined (0 events):
No events

Internal exceptions (10 events):
Event: 2460.771 Thread 0x000001bd13fff000 Exception <a 'java/net/SocketTimeoutException': Receive timed out> (0x0000000743a18360) thrown at [C:\re\workspace\8-2-build-windows-amd64-cygwin\jdk8u202\12323\hotspot\src\share\vm\prims\jni.cpp, line 736]
Event: 2460.855 Thread 0x000001bd13fff000 Exception <a 'java/net/SocketTimeoutException': Receive timed out> (0x0000000743a18c60) thrown at [C:\re\workspace\8-2-build-windows-amd64-cygwin\jdk8u202\12323\hotspot\src\share\vm\prims\jni.cpp, line 736]
Event: 2460.939 Thread 0x000001bd13fff000 Exception <a 'java/net/SocketTimeoutException': Receive timed out> (0x0000000743a19560) thrown at [C:\re\workspace\8-2-build-windows-amd64-cygwin\jdk8u202\12323\hotspot\src\share\vm\prims\jni.cpp, line 736]
Event: 2461.023 Thread 0x000001bd13fff000 Exception <a 'java/net/SocketTimeoutException': Receive timed out> (0x0000000743a19e60) thrown at [C:\re\workspace\8-2-build-windows-amd64-cygwin\jdk8u202\12323\hotspot\src\share\vm\prims\jni.cpp, line 736]
Event: 2461.107 Thread 0x000001bd13fff000 Exception <a 'java/net/SocketTimeoutException': Receive timed out> (0x0000000743a1a760) thrown at [C:\re\workspace\8-2-build-windows-amd64-cygwin\jdk8u202\12323\hotspot\src\share\vm\prims\jni.cpp, line 736]
Event: 2461.190 Thread 0x000001bd13fff000 Exception <a 'java/net/SocketTimeoutException': Receive timed out> (0x0000000743a1b060) thrown at [C:\re\workspace\8-2-build-windows-amd64-cygwin\jdk8u202\12323\hotspot\src\share\vm\prims\jni.cpp, line 736]
Event: 2461.274 Thread 0x000001bd13fff000 Exception <a 'java/net/SocketTimeoutException': Receive timed out> (0x0000000743a1bf40) thrown at [C:\re\workspace\8-2-build-windows-amd64-cygwin\jdk8u202\12323\hotspot\src\share\vm\prims\jni.cpp, line 736]
Event: 2461.358 Thread 0x000001bd13fff000 Exception <a 'java/net/SocketTimeoutException': Receive timed out> (0x0000000743a1c840) thrown at [C:\re\workspace\8-2-build-windows-amd64-cygwin\jdk8u202\12323\hotspot\src\share\vm\prims\jni.cpp, line 736]
Event: 2461.442 Thread 0x000001bd13fff000 Exception <a 'java/net/SocketTimeoutException': Receive timed out> (0x0000000743a1d140) thrown at [C:\re\workspace\8-2-build-windows-amd64-cygwin\jdk8u202\12323\hotspot\src\share\vm\prims\jni.cpp, line 736]
Event: 2461.525 Thread 0x000001bd13fff000 Exception <a 'java/net/SocketTimeoutException': Receive timed out> (0x0000000743a1da40) thrown at [C:\re\workspace\8-2-build-windows-amd64-cygwin\jdk8u202\12323\hotspot\src\share\vm\prims\jni.cpp, line 736]

Events (10 events):
Event: 2461.536 loading class com/mathworks/widgets/BusyAffordance done
Event: 2461.536 loading class com/mathworks/widgets/ComponentBuilder
Event: 2461.536 loading class com/mathworks/widgets/ComponentBuilder done
Event: 2461.536 loading class com/mathworks/widgets/BusyAffordance$1
Event: 2461.536 loading class com/mathworks/widgets/BusyAffordance$1 done
Event: 2461.537 Thread 0x000001bd24a4b000 Thread exited: 0x000001bd24a4b000
Event: 2461.537 Executing VM operation: RevokeBias
Event: 2461.537 Executing VM operation: RevokeBias done
Event: 2461.537 loading class com/mathworks/util/Log$1
Event: 2461.537 loading class com/mathworks/util/Log$1 done


Dynamic libraries:
0x00007ff60c3b0000 - 0x00007ff60c3e3000 	C:\Program Files\MATLAB\R2020b\bin\win64\matlab.exe
0x00007fff77330000 - 0x00007fff77525000 	C:\WINDOWS\SYSTEM32\ntdll.dll
0x00007fff76450000 - 0x00007fff7650d000 	C:\WINDOWS\System32\KERNEL32.DLL
0x00007fff74a40000 - 0x00007fff74d0d000 	C:\WINDOWS\System32\KERNELBASE.dll
0x00007fff715a0000 - 0x00007fff71630000 	C:\WINDOWS\SYSTEM32\apphelp.dll
0x00007fff74d10000 - 0x00007fff74e10000 	C:\WINDOWS\System32\ucrtbase.dll
0x00007fff52ad0000 - 0x00007fff52cf9000 	C:\Program Files\MATLAB\R2020b\bin\win64\libmwi18n.dll
0x00007fff3af40000 - 0x00007fff3b7e3000 	C:\Program Files\MATLAB\R2020b\bin\win64\mlutil.dll
0x00007fff45d00000 - 0x00007fff461c0000 	C:\Program Files\MATLAB\R2020b\bin\win64\libmwservices.dll
0x00007fff526c0000 - 0x00007fff52acf000 	C:\Program Files\MATLAB\R2020b\bin\win64\mvm.dll
0x00007fff763a0000 - 0x00007fff7644e000 	C:\WINDOWS\System32\ADVAPI32.dll
0x00007fff765b0000 - 0x00007fff7664e000 	C:\WINDOWS\System32\msvcrt.dll
0x00007fff76650000 - 0x00007fff766ec000 	C:\WINDOWS\System32\sechost.dll
0x00007fff4c4b0000 - 0x00007fff4c755000 	C:\Program Files\MATLAB\R2020b\bin\win64\libmwfl.dll
0x00007fff74e10000 - 0x00007fff74e37000 	C:\WINDOWS\System32\bcrypt.dll
0x00007fff76ba0000 - 0x00007fff76d40000 	C:\WINDOWS\System32\USER32.dll
0x00007fff761f0000 - 0x00007fff76315000 	C:\WINDOWS\System32\RPCRT4.dll
0x00007fff76d40000 - 0x00007fff76dab000 	C:\WINDOWS\System32\WS2_32.dll
0x00007fff75350000 - 0x00007fff75372000 	C:\WINDOWS\System32\win32u.dll
0x00007fff75d40000 - 0x00007fff75d6a000 	C:\WINDOWS\System32\GDI32.dll
0x00007fff54af0000 - 0x00007fff54b8b000 	C:\Program Files\MATLAB\R2020b\bin\win64\MSVCP140.dll
0x00007fff74fe0000 - 0x00007fff750eb000 	C:\WINDOWS\System32\gdi32full.dll
0x00007fff72180000 - 0x00007fff72196000 	C:\Program Files\MATLAB\R2020b\bin\win64\VCRUNTIME140.dll
0x00007fff62900000 - 0x00007fff62909000 	C:\Program Files\MATLAB\R2020b\bin\win64\libmwresource_core.dll
0x00007fff74eb0000 - 0x00007fff74f4d000 	C:\WINDOWS\System32\msvcp_win.dll
0x00007fff71e00000 - 0x00007fff71e2a000 	C:\Program Files\MATLAB\R2020b\bin\win64\libmwfoundation_filesystem.dll
0x00007fff6b0d0000 - 0x00007fff6b0e8000 	C:\Program Files\MATLAB\R2020b\bin\win64\libmwcpp11compat.dll
0x00007fff5dd20000 - 0x00007fff5dd32000 	C:\Program Files\MATLAB\R2020b\bin\win64\mwboost_date_time-vc141-mt-x64-1_70.dll
0x00007fff754b0000 - 0x00007fff75bf4000 	C:\WINDOWS\System32\SHELL32.dll
0x00007fff629e0000 - 0x00007fff629fc000 	C:\Program Files\MATLAB\R2020b\bin\win64\mwboost_thread-vc141-mt-x64-1_70.dll
0x00007fff52630000 - 0x00007fff52650000 	C:\Program Files\MATLAB\R2020b\bin\win64\mwboost_filesystem-vc141-mt-x64-1_70.dll
0x00007fff4ddf0000 - 0x00007fff4de18000 	C:\Program Files\MATLAB\R2020b\bin\win64\libexpat.dll
0x00007fff3a0c0000 - 0x00007fff3a31d000 	C:\Program Files\MATLAB\R2020b\bin\win64\icuin64.dll
0x00007fff39f20000 - 0x00007fff3a0b1000 	C:\Program Files\MATLAB\R2020b\bin\win64\icuuc64.dll
0x00007fff5fb80000 - 0x00007fff5fb9f000 	C:\WINDOWS\SYSTEM32\MPR.dll
0x00007fff71e30000 - 0x00007fff71e44000 	C:\Program Files\MATLAB\R2020b\bin\win64\libmwcapabilities.dll
0x00007fff4bc40000 - 0x00007fff4bf8f000 	C:\Program Files\MATLAB\R2020b\bin\win64\libmwms.dll
0x00007fff4b780000 - 0x00007fff4b90f000 	C:\Program Files\MATLAB\R2020b\bin\win64\libmx.dll
0x00007fff4bb60000 - 0x00007fff4bc36000 	C:\Program Files\MATLAB\R2020b\bin\win64\libut.dll
0x00007fff4b5c0000 - 0x00007fff4b778000 	C:\Program Files\MATLAB\R2020b\bin\win64\libmwfoundation_matlabdata.dll
0x00007fff75380000 - 0x00007fff754aa000 	C:\WINDOWS\System32\ole32.dll
0x00007fff5de30000 - 0x00007fff5de71000 	C:\Program Files\MATLAB\R2020b\bin\win64\libmwfoundation_usm.dll
0x00007fff72170000 - 0x00007fff7217e000 	C:\Program Files\MATLAB\R2020b\bin\win64\libmwmatlabdata_boost_serialization.dll
0x00007fff76840000 - 0x00007fff76b94000 	C:\WINDOWS\System32\combase.dll
0x00007fff54a30000 - 0x00007fff54ae1000 	C:\Program Files\MATLAB\R2020b\bin\win64\mwboost_log-vc141-mt-x64-1_70.dll
0x00007fff39d80000 - 0x00007fff39f17000 	C:\Program Files\MATLAB\R2020b\bin\win64\libmwmst.dll
0x00007fff770a0000 - 0x00007fff7716d000 	C:\WINDOWS\System32\OLEAUT32.dll
0x00007fff464a0000 - 0x00007fff464d4000 	C:\Program Files\MATLAB\R2020b\bin\win64\libmwthreadpool.dll
0x00007fff52de0000 - 0x00007fff52e21000 	C:\Program Files\MATLAB\R2020b\bin\win64\mwboost_serialization-vc141-mt-x64-1_70.dll
0x00007fff52650000 - 0x00007fff526ba000 	C:\Program Files\MATLAB\R2020b\bin\win64\libmwlivecode.dll
0x00007fff4f180000 - 0x00007fff4f20b000 	C:\Program Files\MATLAB\R2020b\bin\win64\libmwcppmicroservices.dll
0x00007fff4b550000 - 0x00007fff4b5b6000 	C:\Program Files\MATLAB\R2020b\bin\win64\tbb.dll
0x00007fff74e40000 - 0x00007fff74ea8000 	C:\WINDOWS\System32\WINTRUST.dll
0x00007fff52d80000 - 0x00007fff52dd7000 	C:\Program Files\MATLAB\R2020b\bin\win64\libmwsearch_path_utilities.dll
0x00007fff750f0000 - 0x00007fff75246000 	C:\WINDOWS\System32\CRYPT32.dll
0x00007fff3ad90000 - 0x00007fff3af33000 	C:\Program Files\MATLAB\R2020b\bin\win64\libmwflstoragevfs.dll
0x00007fff48f80000 - 0x00007fff48ff0000 	C:\Program Files\MATLAB\R2020b\bin\win64\libmwcwf_interface.dll
0x00007fff71df0000 - 0x00007fff71dfe000 	C:\Program Files\MATLAB\R2020b\bin\win64\libmwmatlabstoragesystem.dll
0x00007fff3ac60000 - 0x00007fff3ad83000 	C:\Program Files\MATLAB\R2020b\bin\win64\libmwflstorageprovider.dll
0x00007fff629d0000 - 0x00007fff629df000 	C:\Program Files\MATLAB\R2020b\bin\win64\libmwflstorageutility.dll
0x00007fff51f60000 - 0x00007fff51f7c000 	C:\Program Files\MATLAB\R2020b\bin\win64\libmwstartupplugin.dll
0x00007fff4d4d0000 - 0x00007fff4d51c000 	C:\Program Files\MATLAB\R2020b\bin\win64\libmwrelease_info.dll
0x00007fff39c80000 - 0x00007fff39d7c000 	C:\Program Files\MATLAB\R2020b\bin\win64\libmwstartup_plugin_initializer.dll
0x00007fff62780000 - 0x00007fff6278f000 	C:\Program Files\MATLAB\R2020b\bin\win64\libmvmtransportapi.dll
0x00007fff3a710000 - 0x00007fff3ac60000 	C:\Program Files\MATLAB\R2020b\bin\win64\settingscore.dll
0x00007fff39b10000 - 0x00007fff39c7e000 	C:\Program Files\MATLAB\R2020b\bin\win64\matlab_toolbox_events.dll
0x00007fff47680000 - 0x00007fff476d5000 	C:\Program Files\MATLAB\R2020b\bin\win64\libmwsettings_in_matlab.dll
0x00007fff39870000 - 0x00007fff39b0a000 	C:\Program Files\MATLAB\R2020b\bin\win64\execution_events.dll
0x00007fff45760000 - 0x00007fff457ef000 	C:\Program Files\MATLAB\R2020b\bin\win64\opccore.dll
0x00007fff3a550000 - 0x00007fff3a70e000 	C:\Program Files\MATLAB\R2020b\bin\win64\opcmodel.dll
0x00007fff62090000 - 0x00007fff620cc000 	C:\Program Files\MATLAB\R2020b\bin\win64\opczippackage.dll
0x00007fff62520000 - 0x00007fff6252e000 	C:\Program Files\MATLAB\R2020b\bin\win64\mwboost_chrono-vc141-mt-x64-1_70.dll
0x00007fff61470000 - 0x00007fff614af000 	C:\Program Files\MATLAB\R2020b\bin\win64\string_matrix.dll
0x00007fff548e0000 - 0x00007fff548f8000 	C:\Program Files\MATLAB\R2020b\bin\win64\mwboost_iostreams-vc141-mt-x64-1_70.dll
0x00007fff3a450000 - 0x00007fff3a549000 	C:\Program Files\MATLAB\R2020b\bin\win64\mwboost_regex-vc141-mt-x64-1_70.dll
0x00007fff3a320000 - 0x00007fff3a44f000 	C:\Program Files\MATLAB\R2020b\bin\win64\CppMicroServices3.dll
0x00007fff741d0000 - 0x00007fff743b4000 	C:\WINDOWS\SYSTEM32\dbghelp.dll
0x00007fff766f0000 - 0x00007fff76745000 	C:\WINDOWS\System32\SHLWAPI.dll
0x00007fff748b0000 - 0x00007fff748fb000 	C:\WINDOWS\SYSTEM32\POWRPROF.dll
0x00007fff45cc0000 - 0x00007fff45cf7000 	C:\Program Files\MATLAB\R2020b\bin\win64\libmwmfl_permute.dll
0x00007fff4c420000 - 0x00007fff4c432000 	C:\Program Files\MATLAB\R2020b\bin\win64\libmwindexingapimethods.dll
0x00007fff45880000 - 0x00007fff458df000 	C:\Program Files\MATLAB\R2020b\bin\win64\tbbmalloc.dll
0x0000000054800000 - 0x000000005481a000 	C:\Program Files\MATLAB\R2020b\bin\win64\zlib1.dll
0x00007fff62030000 - 0x00007fff6203d000 	C:\Program Files\MATLAB\R2020b\bin\win64\libmwflstrings.dll
0x00007fff4cad0000 - 0x00007fff4cae1000 	C:\Program Files\MATLAB\R2020b\bin\win64\icuio64.dll
0x00007fff38b60000 - 0x00007fff38ba0000 	C:\Program Files\MATLAB\R2020b\bin\win64\libmwmsr.dll
0x00007fff73c20000 - 0x00007fff73c8a000 	C:\WINDOWS\SYSTEM32\MSWSOCK.dll
0x00007fff5d740000 - 0x00007fff5d74c000 	C:\WINDOWS\SYSTEM32\Secur32.dll
0x00007fff45320000 - 0x00007fff453c2000 	C:\Program Files\MATLAB\R2020b\bin\win64\opcmwservices.dll
0x00007fff39550000 - 0x00007fff3986a000 	C:\Program Files\MATLAB\R2020b\bin\win64\xerces-c_3_2.dll
0x00007fff49860000 - 0x00007fff49879000 	C:\Program Files\MATLAB\R2020b\bin\win64\libmwsearch_path_interfaces.dll
0x00007fff449e0000 - 0x00007fff44a86000 	C:\Program Files\MATLAB\R2020b\bin\win64\libmwstoragefilefolderobserver.dll
0x00007fff392a0000 - 0x00007fff39550000 	C:\Program Files\MATLAB\R2020b\bin\win64\libmwflnetwork.dll
0x00007fff48ef0000 - 0x00007fff48f0e000 	C:\Program Files\MATLAB\R2020b\bin\win64\libmwflstorageevents.dll
0x00007fff38dc0000 - 0x00007fff38e40000 	C:\Program Files\MATLAB\R2020b\bin\win64\xmlcore.dll
0x00007fff38cc0000 - 0x00007fff38db3000 	C:\Program Files\MATLAB\R2020b\bin\win64\libmwfoundation_matlabdata_standalone.dll
0x00007fff45660000 - 0x00007fff456b5000 	C:\Program Files\MATLAB\R2020b\bin\win64\libmwfoundation_json.dll
0x00007fff38ba0000 - 0x00007fff38cb5000 	C:\Program Files\MATLAB\R2020b\bin\win64\libmwfoundation_matlabdata_json.dll
0x00007fff404b0000 - 0x00007fff404d9000 	C:\Program Files\MATLAB\R2020b\bin\win64\libmwnativedialogs.dll
0x00007fff391b0000 - 0x00007fff39299000 	C:\Program Files\MATLAB\R2020b\bin\win64\libmwsearch_path_events.dll
0x00007fff39150000 - 0x00007fff391a2000 	C:\Program Files\MATLAB\R2020b\bin\win64\libmwflcrypto.dll
0x00007fff401a0000 - 0x00007fff401e0000 	C:\Program Files\MATLAB\R2020b\bin\win64\libmwflcryptoutils.dll
0x00007fff38f30000 - 0x00007fff3914f000 	C:\Program Files\MATLAB\R2020b\bin\win64\libmwflcryptocryptopp.dll
0x00007fff38ed0000 - 0x00007fff38f27000 	C:\Program Files\MATLAB\R2020b\bin\win64\libmwflcertificates.dll
0x00007fff38e40000 - 0x00007fff38ecb000 	C:\Program Files\MATLAB\R2020b\bin\win64\mcos.dll
0x00007fff48590000 - 0x00007fff485a1000 	C:\Program Files\MATLAB\R2020b\bin\win64\libminizip.dll
0x00007fff737a0000 - 0x00007fff737db000 	C:\WINDOWS\SYSTEM32\IPHLPAPI.DLL
0x00007fff5de20000 - 0x00007fff5de2e000 	C:\Program Files\MATLAB\R2020b\bin\win64\libmwfoundation_matlabjson_frontend.dll
0x00007fff47660000 - 0x00007fff47676000 	C:\Program Files\MATLAB\R2020b\bin\win64\libmwdtoa.dll
0x00007fff46500000 - 0x00007fff46520000 	C:\Program Files\MATLAB\R2020b\bin\win64\libmwmodule_descriptor_interfaces.dll
0x00007fff388a0000 - 0x00007fff38b5f000 	C:\Program Files\MATLAB\R2020b\bin\win64\libcrypto-1_1-x64.dll
0x00007fff387f0000 - 0x00007fff3889c000 	C:\Program Files\MATLAB\R2020b\bin\win64\libssl-1_1-x64.dll
0x00007fff74900000 - 0x00007fff74932000 	C:\WINDOWS\SYSTEM32\SSPICLI.DLL
0x000001bd59ae0000 - 0x000001bd5b524000 	C:\Program Files\MATLAB\R2020b\bin\win64\icudt64.dll
0x00007fff74890000 - 0x00007fff748a2000 	C:\WINDOWS\SYSTEM32\UMPDC.dll
0x00007fff77070000 - 0x00007fff770a0000 	C:\WINDOWS\System32\IMM32.DLL
0x00007fff74180000 - 0x00007fff74192000 	C:\WINDOWS\SYSTEM32\MSASN1.dll
0x00007fff73d10000 - 0x00007fff73d1c000 	C:\WINDOWS\SYSTEM32\CRYPTBASE.DLL
0x00007fff74f50000 - 0x00007fff74fd2000 	C:\WINDOWS\System32\bcryptPrimitives.dll
0x00007fff38740000 - 0x00007fff387e3000 	C:\Program Files\MATLAB\R2020b\bin\win64\DeclarativeServices1.dll
0x00007fff5ddf0000 - 0x00007fff5ddf9000 	C:\Program Files\MATLAB\R2020b\bin\win64\usLogService.dll
0x00007fff45ca0000 - 0x00007fff45cb3000 	C:\Program Files\MATLAB\R2020b\bin\win64\usServiceComponent.dll
0x00007fff45920000 - 0x00007fff4593b000 	C:\Program Files\MATLAB\R2020b\bin\win64\cppmicroservices_compendium\foundation\cppmicroservices\logserviceimpl\mwLogServiceImpl.dll
0x00007fff45860000 - 0x00007fff4587c000 	C:\Program Files\MATLAB\R2020b\bin\win64\matlab_startup_plugins\connector\openssl_initializer\libmwconnectoropensslinitializer.dll
0x00007fff38650000 - 0x00007fff3873d000 	C:\Program Files\MATLAB\R2020b\bin\win64\PocoNet64.dll
0x00007fff38610000 - 0x00007fff3864a000 	C:\Program Files\MATLAB\R2020b\bin\win64\PocoNetSSL64.dll
0x00007fff38470000 - 0x00007fff384a0000 	C:\Program Files\MATLAB\R2020b\bin\win64\PocoCrypto64.dll
0x00007fff384a0000 - 0x00007fff3860a000 	C:\Program Files\MATLAB\R2020b\bin\win64\PocoFoundation64.dll

VM Arguments:
jvm_args: -Xms64m -XX:NewRatio=3 -Xmx8152m -XX:MaxDirectMemorySize=2147400000 -Dsun.java2d.noddraw=true -Dsun.awt.nopixfmt=true -Xshare:off -Djava.ext.dirs=C:\Program Files\MATLAB\R2020b\sys\java\jre\win64\jre\lib\ext -Djogamp.gluegen.UseTempJarCache=false -Djogl.disable.opengles=1 -Djogl.windows.cpu_affinity_mode=0 -Xrs -Djava.library.path=C:\Program Files\MATLAB\R2020b\bin\win64;C:\Program Files\MATLAB\R2020b\sys\jxbrowser\win64\lib vfprintf -XX:ErrorFile=C:\Users\EXPERI~1\AppData\Local\Temp\hs_error_pid11212.log abort -Duser.language=en -Duser.country=GB -Dfile.encoding=Cp1252 -XX:ParallelGCThreads=6 
java_command: <unknown>
java_class_path (initial): C:\Program Files\MATLAB\R2020b\java\patch;C:\Program Files\MATLAB\R2020b\java\jar\jmi.jar;C:\Program Files\MATLAB\R2020b\java\jar\util.jar;C:\Program Files\MATLAB\R2020b\java\jar\mvm.jar;C:\Program Files\MATLAB\R2020b\java\jar\services.jar;C:\Program Files\MATLAB\R2020b\java\jarext\commons-io.jar;C:\Program Files\MATLAB\R2020b\java\jar\cfbutils.jar;C:\Program Files\MATLAB\R2020b\java\jar\capabilities.jar;C:\Program Files\MATLAB\R2020b\java\jar\mlwidgets.jar;C:\Program Files\MATLAB\R2020b\java\jar\html.jar;C:\Program Files\MATLAB\R2020b\java\jar\net.jar;C:\Program Files\MATLAB\R2020b\java\jar\ddux_api.jar;C:\Program Files\MATLAB\R2020b\java\jarext\log4j.jar;C:\Program Files\MATLAB\R2020b\java\jar\mwswing.jar;C:\Program Files\MATLAB\R2020b\java\jar\common.jar;C:\Program Files\MATLAB\R2020b\java\jarext\google-collect.jar;C:\Program Files\MATLAB\R2020b\java\jarext\commons-lang.jar;C:\Program Files\MATLAB\R2020b\java\jarext\jide\jide-common.jar;C:\Program Files\MATLAB\R2020b\java\jarext\jide\jide-dock.jar;C:\Program Files\MATLAB\R2020b\java\jarext\jide\jide-action.jar;C:\Program Files\MATLAB\R2020b\java\jarext\jide\jide-components.jar;C:\Program Files\MATLAB\R2020b\java\jarext\jide\jide-grids.jar;C:\Program Files\MATLAB\R2020b\java\jarext\jide\jide-dialogs.jar;C:\Program Files\MATLAB\R2020b\java\jarext\jide\jide-shortcut.jar;C:\Program Files\MATLAB\R2020b\java\jarext\jide\jide-charts.jar;C:\Program Files\MATLAB\R2020b\java\jar\toolstrip.jar;C:\Program Files\MATLAB\R2020b\java\jar\mlservices.jar;C:\Program Files\MATLAB\R2020b\java\jar\widgets.jar;C:\Program Files\MATLAB\R2020b\java\jar\mde.jar;C:\Program Files\MATLAB\R2020b\java\jar\explorer.jar;C:\Program Files\MATLAB\R2020b\java\jar\explorer_api.jar;C:\Program Files\MATLAB\R2020b\java\jar\desktop.jar;C:\Program Files\MATLAB\R2020b\java\jar\addons.jar;C:\Program Files\MATLAB\R2020b\java\jar\addons_common.jar;C:\Program Files\MATLAB\R2020b\java\jarext\connector_api\msscommon\msscommon.jar;C:\P
Launcher Type: generic

Environment Variables:
PATH=C:\Program Files\MATLAB\R2020b\toolbox\imaq\imaqextern\drivers\win64\genicam\GenICam_V3_1_0\bin\Win64_x64;C:\Program Files\MATLAB\R2020b\bin\win64;C:\WINDOWS\system32;C:\WINDOWS;C:\WINDOWS\System32\Wbem;C:\WINDOWS\System32\WindowsPowerShell\v1.0\;C:\WINDOWS\System32\OpenSSH\;C:\Program Files\MATLAB\R2020b\bin;C:\Program Files\Git\cmd;C:\Program Files\Point Grey Research\FlyCap2 Viewer\bin64;%FC2PATH\vs2013;C:\Program Files\Point Grey Research\FlyCap2 Viewer\bin64\vs2015;C:\Program Files\Point Grey Research\Spinnaker\bin64\vs2015;C:\Program Files\Point Grey Research\Spinnaker\bin\vs2015;C:\Users\Experiment\AppData\Local\Microsoft\WindowsApps;C:\Users\Experiment\anaconda3\condabin;C:\Users\Experiment\anaconda3\Scripts;
USERNAME=Experiment
OS=Windows_NT
PROCESSOR_IDENTIFIER=Intel64 Family 6 Model 165 Stepping 5, GenuineIntel



---------------  S Y S T E M  ---------------

OS: Windows 10.0 , 64 bit Build 19041 (10.0.19041.1706)

CPU:total 20 (initial active 20) (10 cores per cpu, 2 threads per core) family 6 model 165 stepping 5, cmov, cx8, fxsr, mmx, sse, sse2, sse3, ssse3, sse4.1, sse4.2, popcnt, avx, avx2, aes, clmul, erms, 3dnowpref, lzcnt, ht, tsc, tscinvbit, bmi1, bmi2, adx

Memory: 4k page, physical 33392416k(26032012k free), swap 38373152k(29845496k free)

vm_info: Java HotSpot(TM) 64-Bit Server VM (25.202-b08) for windows-amd64 JRE (1.8.0_202-b08), built on Dec 15 2018 19:54:30 by "java_re" with MS VC++ 10.0 (VS2010)

time: Tue May 24 12:45:28 2022
timezone: GMT Daylight Time
elapsed time: 2461 seconds (0d 0h 41m 1s)

