#
# A fatal error has been detected by the Java Runtime Environment:
#
#  EXCEPTION_UNCAUGHT_CXX_EXCEPTION (0xe06d7363) at pc=0x00007ff8a41f4f69, pid=2568, tid=0x0000000000002cd0
#
# JRE version: Java(TM) SE Runtime Environment (8.0_202-b08) (build 1.8.0_202-b08)
# Java VM: Java HotSpot(TM) 64-Bit Server VM (25.202-b08 mixed mode windows-amd64 compressed oops)
# Problematic frame:
# C  [KERNELBASE.dll+0x34f69]
#
# Failed to write core dump. Minidumps are not enabled by default on client versions of Windows
#
# If you would like to submit a bug report, please visit:
#   http://bugreport.java.com/bugreport/crash.jsp
# The crash happened outside the Java Virtual Machine in native code.
# See problematic frame for where to report the bug.
#

---------------  T H R E A D  ---------------

Current thread (0x00000216f6782000):  JavaThread "main" [_thread_in_native, id=11472, stack(0x000000e215400000,0x000000e219400000)]

siginfo: ExceptionCode=0xe06d7363, ExceptionInformation=0x0000000019930520 0x000000e2193e60a8 0x00007ff864e3c3a8 0x00007ff864ca0000 

Registers:
RAX=0x0000000000000000, RBX=0x000000e2193e3740, RCX=0x0000000000000000, RDX=0x0000000000000000
RSP=0x000000e2193e1140, RBP=0x000000e2193e17f0, RSI=0x000000e2193e1280, RDI=0x000000e2193e1f90
R8 =0x00000216f67a2cb0, R9 =0x0000000000000009, R10=0x0000000072b5a490, R11=0x0000000000000030
R12=0x000000e2193e25b8, R13=0x00007ff864f7f900, R14=0x0000000000000000, R15=0x0000000000000000
RIP=0x00007ff8a41f4f69, EFLAGS=0x0000000000000202

Top of Stack: (sp=0x000000e2193e1140)
0x000000e2193e1140:   fffffffffffffffe 000000e2193e3740
0x000000e2193e1150:   000000e2193e1280 0000000000000000
0x000000e2193e1160:   00000001e06d7363 0000000000000000
0x000000e2193e1170:   00007ff8a41f4f69 0000000000000004
0x000000e2193e1180:   0000000019930520 000000e2193e60a8
0x000000e2193e1190:   00007ff864e3c3a8 00007ff864ca0000
0x000000e2193e11a0:   000021a3938c6d84 000000e2193e25b8
0x000000e2193e11b0:   0000000000000004 00007ff89ef34685
0x000000e2193e11c0:   0000000000000000 00000216e90aa550
0x000000e2193e11d0:   000000e2193e1280 000000e2193e17f0
0x000000e2193e11e0:   000000e2193e1f90 00007ff89ef3470d
0x000000e2193e11f0:   000000e2193e3740 000000e2193e1280
0x000000e2193e1200:   00005e25758b8384 00000216fc918b18
0x000000e2193e1210:   000000e2193e3740 00007ff89ef31f74
0x000000e2193e1220:   00007ff864f7f900 000000e2193e25b8
0x000000e2193e1230:   0000000000000100 000000e2193e11e8 

Instructions: (pc=0x00007ff8a41f4f69)
0x00007ff8a41f4f49:   8b d1 44 0f 47 c0 44 89 44 24 38 49 c1 e0 03 e8
0x00007ff8a41f4f59:   fa d6 05 00 48 8d 4c 24 20 48 ff 15 1f 9f 18 00
0x00007ff8a41f4f69:   0f 1f 44 00 00 48 8b 8c 24 c0 00 00 00 48 33 cc
0x00007ff8a41f4f79:   e8 22 98 05 00 48 81 c4 d8 00 00 00 c3 cc 83 64 


Register to memory mapping:

RAX=0x0000000000000000 is an unknown value
RBX=0x000000e2193e3740 is pointing into the stack for thread: 0x00000216f6782000
RCX=0x0000000000000000 is an unknown value
RDX=0x0000000000000000 is an unknown value
RSP=0x000000e2193e1140 is pointing into the stack for thread: 0x00000216f6782000
RBP=0x000000e2193e17f0 is pointing into the stack for thread: 0x00000216f6782000
RSI=0x000000e2193e1280 is pointing into the stack for thread: 0x00000216f6782000
RDI=0x000000e2193e1f90 is pointing into the stack for thread: 0x00000216f6782000
R8 =0x00000216f67a2cb0 is an unknown value
R9 =0x0000000000000009 is an unknown value
R10=0x0000000072b5a490 is an unknown value
R11=0x0000000000000030 is an unknown value
R12=0x000000e2193e25b8 is pointing into the stack for thread: 0x00000216f6782000
R13=0x00007ff864f7f900 is an unknown value
R14=0x0000000000000000 is an unknown value
R15=0x0000000000000000 is an unknown value


Stack: [0x000000e215400000,0x000000e219400000],  sp=0x000000e2193e1140,  free space=65412k
Native frames: (J=compiled Java code, j=interpreted, Vv=VM code, C=native code)
C  [KERNELBASE.dll+0x34f69]
C  [VCRUNTIME140.dll+0x1f74]
C  [ntdll.dll+0xa1456]
C  0x00007ff864f17a3f
C  0x00007ff864ee7c42
C  0x00007ff864ee7421
C  0x00007ff864ee9313
C  [libmwservices.dll+0x29f923]
C  [libmwservices.dll+0x2a0f10]
C  [libmwservices.dll+0x2a1c0e]
C  0x00007ff856ed3e2a
C  0x0000021680019f2e

Java frames: (J=compiled Java code, j=interpreted, Vv=VM code)
j  com.mathworks.jmi.NativeMatlab.ProcessPendingEvents()Z+0
j  com.mathworks.jmi.NativeMatlab.processPendingEvents()Z+8
j  com.mathworks.jmi.Matlab$ProcessPendingEvents.callBooleanMethod(Ljava/lang/Object;)Z+0
j  com.mathworks.util.FactoryUtils.processPendingEvents()Z+12
j  com.mathworks.widgets.desk.Desktop.canClose()Z+38
j  com.mathworks.mde.desk.MLDesktop.canClose()Z+296
j  com.mathworks.mde.desk.MLDesktop$2.call()Ljava/lang/Boolean;+4
j  com.mathworks.mde.desk.MLDesktop$2.call()Ljava/lang/Object;+1
j  com.mathworks.jmi.Matlab.runPredicates(Ljava/util/List;Z)Z+59
j  com.mathworks.jmi.Matlab.isOkToExit()Z+4
v  ~StubRoutines::call_stub
j  com.mathworks.jmi.NativeMatlab.SendMatlabMessage(Ljava/lang/Object;)Ljava/lang/Object;+0
j  com.mathworks.jmi.NativeMatlab.sendMatlabMessage(Ljava/lang/Object;)Ljava/lang/Object;+22
j  com.mathworks.jmi.MatlabLooper.sendMatlabMessage(Lcom/mathworks/services/message/MWMessage;)Ljava/lang/Object;+20
j  com.mathworks.jmi.Matlab.mtFevalConsoleOutput(Ljava/lang/String;[Ljava/lang/Object;I)Ljava/lang/Object;+58
j  com.mathworks.toolbox.instrument.events.ActionQueue.run()V+130
v  ~StubRoutines::call_stub

---------------  P R O C E S S  ---------------

Java Threads: ( => current thread )
  0x00000216fe85f000 JavaThread "Installation Observer" daemon [_thread_blocked, id=9400, stack(0x000000e224f00000,0x000000e225000000)]
  0x00000216aeaf2000 JavaThread "Keep-Alive-SocketCleaner" daemon [_thread_blocked, id=13460, stack(0x000000e225700000,0x000000e225800000)]
  0x00000216fe863800 JavaThread "com.mathworks.addons_common.notificationframework.InstalledFolderRegistryObservers" daemon [_thread_blocked, id=9172, stack(0x000000e223f00000,0x000000e224000000)]
  0x00000216fe85f800 JavaThread "com.mathworks.addons_common.notificationframework.InstalledAddOnsCache" daemon [_thread_blocked, id=10008, stack(0x000000e222a00000,0x000000e222b00000)]
  0x00000216fb98a800 JavaThread "TimerQueue" daemon [_thread_blocked, id=720, stack(0x000000e221c00000,0x000000e221d00000)]
  0x00000216fb984000 JavaThread "AWT-EventQueue-0-SharedResourceRunner" daemon [_thread_blocked, id=13892, stack(0x000000e221600000,0x000000e221700000)]
  0x00000216fb988800 JavaThread "Thread-3" daemon [_thread_blocked, id=9388, stack(0x000000e220c00000,0x000000e220d00000)]
  0x00000216fee24800 JavaThread "AWT-EventQueue-0" [_thread_blocked, id=2752, stack(0x000000e220a00000,0x000000e220b00000)]
  0x00000216fdab2800 JavaThread "AWT-Shutdown" [_thread_blocked, id=8328, stack(0x000000e220600000,0x000000e220700000)]
  0x00000216fe4c5800 JavaThread "EventMgr Dispatcher" daemon [_thread_in_native, id=7976, stack(0x000000e220900000,0x000000e220a00000)]
  0x00000216fdab3800 JavaThread "AWT-Windows" daemon [_thread_in_native, id=11900, stack(0x000000e220700000,0x000000e220800000)]
  0x00000216fdc02800 JavaThread "Java2D Disposer" daemon [_thread_blocked, id=832, stack(0x000000e220500000,0x000000e220600000)]
  0x00000216fd593800 JavaThread "Settings Releaser" daemon [_thread_blocked, id=10196, stack(0x000000e220400000,0x000000e220500000)]
  0x00000216fdd71800 JavaThread "EventMgr Dispatcher" daemon [_thread_in_native, id=11996, stack(0x000000e220300000,0x000000e220400000)]
  0x00000216fba6b800 JavaThread "Service Thread" daemon [_thread_blocked, id=12940, stack(0x000000e220000000,0x000000e220100000)]
  0x00000216fb984800 JavaThread "C1 CompilerThread11" daemon [_thread_blocked, id=14264, stack(0x000000e21ff00000,0x000000e220000000)]
  0x00000216fb986000 JavaThread "C1 CompilerThread10" daemon [_thread_blocked, id=8704, stack(0x000000e21fe00000,0x000000e21ff00000)]
  0x00000216fb987800 JavaThread "C1 CompilerThread9" daemon [_thread_blocked, id=11296, stack(0x000000e21fd00000,0x000000e21fe00000)]
  0x00000216fb985800 JavaThread "C1 CompilerThread8" daemon [_thread_blocked, id=1080, stack(0x000000e21fc00000,0x000000e21fd00000)]
  0x00000216fb987000 JavaThread "C2 CompilerThread7" daemon [_thread_blocked, id=14072, stack(0x000000e21fb00000,0x000000e21fc00000)]
  0x00000216fb97f000 JavaThread "C2 CompilerThread6" daemon [_thread_blocked, id=2772, stack(0x000000e21fa00000,0x000000e21fb00000)]
  0x00000216fa1fd000 JavaThread "C2 CompilerThread5" daemon [_thread_blocked, id=3368, stack(0x000000e21f900000,0x000000e21fa00000)]
  0x00000216fa1fb800 JavaThread "C2 CompilerThread4" daemon [_thread_blocked, id=14132, stack(0x000000e21f800000,0x000000e21f900000)]
  0x00000216fa1f9800 JavaThread "C2 CompilerThread3" daemon [_thread_blocked, id=10296, stack(0x000000e21f700000,0x000000e21f800000)]
  0x00000216fa1f8800 JavaThread "C2 CompilerThread2" daemon [_thread_blocked, id=376, stack(0x000000e21f600000,0x000000e21f700000)]
  0x00000216fa1f7800 JavaThread "C2 CompilerThread1" daemon [_thread_blocked, id=12124, stack(0x000000e21f500000,0x000000e21f600000)]
  0x00000216fa1f3800 JavaThread "C2 CompilerThread0" daemon [_thread_blocked, id=10216, stack(0x000000e21f400000,0x000000e21f500000)]
  0x00000216fb978800 JavaThread "Attach Listener" daemon [_thread_blocked, id=12256, stack(0x000000e21f300000,0x000000e21f400000)]
  0x00000216fa1e9800 JavaThread "Finalizer" daemon [_thread_blocked, id=2792, stack(0x000000e21f200000,0x000000e21f300000)]
  0x00000216fa1e0800 JavaThread "Reference Handler" daemon [_thread_blocked, id=12192, stack(0x000000e21f100000,0x000000e21f200000)]
=>0x00000216f6782000 JavaThread "main" [_thread_in_native, id=11472, stack(0x000000e215400000,0x000000e219400000)]

Other Threads:
  0x00000216fa1ba800 VMThread [stack: 0x000000e21f000000,0x000000e21f100000] [id=9136]
  0x00000216fbb2a800 WatcherThread [stack: 0x000000e220100000,0x000000e220200000] [id=2024]

VM state:not at safepoint (normal execution)

VM Mutex/Monitor currently owned by a thread: None

heap address: 0x00000005c2800000, size: 8152 MB, Compressed Oops mode: Zero based, Oop shift amount: 3
Narrow klass base: 0x0000000000000000, Narrow klass shift: 3
Compressed class space size: 1073741824 Address: 0x00000007c0000000

Heap:
 PSYoungGen      total 130048K, used 89792K [0x0000000740a00000, 0x0000000749800000, 0x00000007c0000000)
  eden space 126976K, 70% used [0x0000000740a00000,0x00000007461181d0,0x0000000748600000)
  from space 3072K, 19% used [0x0000000749500000,0x0000000749598020,0x0000000749800000)
  to   space 9216K, 0% used [0x0000000748600000,0x0000000748600000,0x0000000748f00000)
 ParOldGen       total 49152K, used 34299K [0x00000005c2800000, 0x00000005c5800000, 0x0000000740a00000)
  object space 49152K, 69% used [0x00000005c2800000,0x00000005c497ec78,0x00000005c5800000)
 Metaspace       used 49231K, capacity 49698K, committed 50176K, reserved 1093632K
  class space    used 6442K, capacity 6578K, committed 6656K, reserved 1048576K

Card table byte_map: [0x00000216f6c20000,0x00000216f7c10000] byte_map_base: 0x00000216f3e0c000

Marking Bits: (ParMarkBitMap*) 0x0000000072b65ce0
 Begin Bits: [0x000002168f000000, 0x0000021696f60000)
 End Bits:   [0x0000021696f60000, 0x000002169eec0000)

Polling page: 0x00000216eabe0000

CodeCache: size=245760Kb used=18662Kb max_used=18926Kb free=227097Kb
 bounds [0x0000021680000000, 0x00000216812c0000, 0x000002168f000000]
 total_blobs=6062 nmethods=5046 adapters=925
 compilation: enabled

Compilation events (10 events):
Event: 1475.992 Thread 0x00000216fb984800 6039   !   3       java.awt.EventDispatchThread::pumpOneEventForFilters (190 bytes)
Event: 1475.993 Thread 0x00000216fb984800 nmethod 6039 0x0000021681279d90 code [0x000002168127a0a0, 0x000002168127b7b0]
Event: 1476.406 Thread 0x00000216fb987800 6040       3       java.awt.Component::eventTypeEnabled (487 bytes)
Event: 1476.407 Thread 0x00000216fb987800 nmethod 6040 0x00000216803aced0 code [0x00000216803ad080, 0x00000216803adb18]
Event: 1476.448 Thread 0x00000216fb986000 6041   !   3       java.awt.KeyboardFocusManager::processCurrentLightweightRequests (345 bytes)
Event: 1476.450 Thread 0x00000216fb986000 nmethod 6041 0x0000021680663650 code [0x0000021680663a80, 0x0000021680666420]
Event: 1478.520 Thread 0x00000216fb97f000 6042       4       java.util.HashSet::remove (20 bytes)
Event: 1478.521 Thread 0x00000216fb97f000 nmethod 6042 0x0000021680861990 code [0x0000021680861ae0, 0x0000021680861c48]
Event: 1478.673 Thread 0x00000216fb985800 6043       3       sun.misc.Resource::getByteBuffer (24 bytes)
Event: 1478.674 Thread 0x00000216fb985800 nmethod 6043 0x00000216803e7890 code [0x00000216803e7a40, 0x00000216803e81c0]

GC Heap History (10 events):
Event: 9.604 GC heap before
{Heap before GC invocations=32 (full 2):
 PSYoungGen      total 114176K, used 113979K [0x0000000740a00000, 0x0000000749700000, 0x00000007c0000000)
  eden space 105472K, 100% used [0x0000000740a00000,0x0000000747100000,0x0000000747100000)
  from space 8704K, 97% used [0x0000000747100000,0x000000074794ef28,0x0000000747980000)
  to   space 10240K, 0% used [0x0000000748d00000,0x0000000748d00000,0x0000000749700000)
 ParOldGen       total 49152K, used 29514K [0x00000005c2800000, 0x00000005c5800000, 0x0000000740a00000)
  object space 49152K, 60% used [0x00000005c2800000,0x00000005c44d2a78,0x00000005c5800000)
 Metaspace       used 48269K, capacity 48770K, committed 49280K, reserved 1091584K
  class space    used 6275K, capacity 6418K, committed 6528K, reserved 1048576K
Event: 9.609 GC heap after
Heap after GC invocations=32 (full 2):
 PSYoungGen      total 131072K, used 1085K [0x0000000740a00000, 0x0000000749580000, 0x00000007c0000000)
  eden space 122368K, 0% used [0x0000000740a00000,0x0000000740a00000,0x0000000748180000)
  from space 8704K, 12% used [0x0000000748d00000,0x0000000748e0f6f0,0x0000000749580000)
  to   space 10240K, 0% used [0x0000000748180000,0x0000000748180000,0x0000000748b80000)
 ParOldGen       total 49152K, used 34024K [0x00000005c2800000, 0x00000005c5800000, 0x0000000740a00000)
  object space 49152K, 69% used [0x00000005c2800000,0x00000005c493a068,0x00000005c5800000)
 Metaspace       used 48269K, capacity 48770K, committed 49280K, reserved 1091584K
  class space    used 6275K, capacity 6418K, committed 6528K, reserved 1048576K
}
Event: 14.715 GC heap before
{Heap before GC invocations=33 (full 2):
 PSYoungGen      total 131072K, used 123453K [0x0000000740a00000, 0x0000000749580000, 0x00000007c0000000)
  eden space 122368K, 100% used [0x0000000740a00000,0x0000000748180000,0x0000000748180000)
  from space 8704K, 12% used [0x0000000748d00000,0x0000000748e0f6f0,0x0000000749580000)
  to   space 10240K, 0% used [0x0000000748180000,0x0000000748180000,0x0000000748b80000)
 ParOldGen       total 49152K, used 34024K [0x00000005c2800000, 0x00000005c5800000, 0x0000000740a00000)
  object space 49152K, 69% used [0x00000005c2800000,0x00000005c493a068,0x00000005c5800000)
 Metaspace       used 48643K, capacity 49090K, committed 49536K, reserved 1091584K
  class space    used 6281K, capacity 6418K, committed 6528K, reserved 1048576K
Event: 14.716 GC heap after
Heap after GC invocations=33 (full 2):
 PSYoungGen      total 132608K, used 256K [0x0000000740a00000, 0x000000074a600000, 0x00000007c0000000)
  eden space 122368K, 0% used [0x0000000740a00000,0x0000000740a00000,0x0000000748180000)
  from space 10240K, 2% used [0x0000000748180000,0x00000007481c0000,0x0000000748b80000)
  to   space 10240K, 0% used [0x0000000749c00000,0x0000000749c00000,0x000000074a600000)
 ParOldGen       total 49152K, used 34283K [0x00000005c2800000, 0x00000005c5800000, 0x0000000740a00000)
  object space 49152K, 69% used [0x00000005c2800000,0x00000005c497ac78,0x00000005c5800000)
 Metaspace       used 48643K, capacity 49090K, committed 49536K, reserved 1091584K
  class space    used 6281K, capacity 6418K, committed 6528K, reserved 1048576K
}
Event: 15.019 GC heap before
{Heap before GC invocations=34 (full 2):
 PSYoungGen      total 132608K, used 122624K [0x0000000740a00000, 0x000000074a600000, 0x00000007c0000000)
  eden space 122368K, 100% used [0x0000000740a00000,0x0000000748180000,0x0000000748180000)
  from space 10240K, 2% used [0x0000000748180000,0x00000007481c0000,0x0000000748b80000)
  to   space 10240K, 0% used [0x0000000749c00000,0x0000000749c00000,0x000000074a600000)
 ParOldGen       total 49152K, used 34283K [0x00000005c2800000, 0x00000005c5800000, 0x0000000740a00000)
  object space 49152K, 69% used [0x00000005c2800000,0x00000005c497ac78,0x00000005c5800000)
 Metaspace       used 48665K, capacity 49186K, committed 49536K, reserved 1091584K
  class space    used 6285K, capacity 6450K, committed 6528K, reserved 1048576K
Event: 15.020 GC heap after
Heap after GC invocations=34 (full 2):
 PSYoungGen      total 146432K, used 512K [0x0000000740a00000, 0x000000074a400000, 0x00000007c0000000)
  eden space 138240K, 0% used [0x0000000740a00000,0x0000000740a00000,0x0000000749100000)
  from space 8192K, 6% used [0x0000000749c00000,0x0000000749c80020,0x000000074a400000)
  to   space 9728K, 0% used [0x0000000749100000,0x0000000749100000,0x0000000749a80000)
 ParOldGen       total 49152K, used 34291K [0x00000005c2800000, 0x00000005c5800000, 0x0000000740a00000)
  object space 49152K, 69% used [0x00000005c2800000,0x00000005c497cc78,0x00000005c5800000)
 Metaspace       used 48665K, capacity 49186K, committed 49536K, reserved 1091584K
  class space    used 6285K, capacity 6450K, committed 6528K, reserved 1048576K
}
Event: 699.071 GC heap before
{Heap before GC invocations=35 (full 2):
 PSYoungGen      total 146432K, used 138752K [0x0000000740a00000, 0x000000074a400000, 0x00000007c0000000)
  eden space 138240K, 100% used [0x0000000740a00000,0x0000000749100000,0x0000000749100000)
  from space 8192K, 6% used [0x0000000749c00000,0x0000000749c80020,0x000000074a400000)
  to   space 9728K, 0% used [0x0000000749100000,0x0000000749100000,0x0000000749a80000)
 ParOldGen       total 49152K, used 34291K [0x00000005c2800000, 0x00000005c5800000, 0x0000000740a00000)
  object space 49152K, 69% used [0x00000005c2800000,0x00000005c497cc78,0x00000005c5800000)
 Metaspace       used 48729K, capacity 49250K, committed 49536K, reserved 1091584K
  class space    used 6287K, capacity 6450K, committed 6528K, reserved 1048576K
Event: 699.073 GC heap after
Heap after GC invocations=35 (full 2):
 PSYoungGen      total 133632K, used 672K [0x0000000740a00000, 0x0000000749e80000, 0x00000007c0000000)
  eden space 132608K, 0% used [0x0000000740a00000,0x0000000740a00000,0x0000000748b80000)
  from space 1024K, 65% used [0x0000000749100000,0x00000007491a8030,0x0000000749200000)
  to   space 9728K, 0% used [0x0000000749500000,0x0000000749500000,0x0000000749e80000)
 ParOldGen       total 49152K, used 34291K [0x00000005c2800000, 0x00000005c5800000, 0x0000000740a00000)
  object space 49152K, 69% used [0x00000005c2800000,0x00000005c497cc78,0x00000005c5800000)
 Metaspace       used 48729K, capacity 49250K, committed 49536K, reserved 1091584K
  class space    used 6287K, capacity 6450K, committed 6528K, reserved 1048576K
}
Event: 743.994 GC heap before
{Heap before GC invocations=36 (full 2):
 PSYoungGen      total 133632K, used 133280K [0x0000000740a00000, 0x0000000749e80000, 0x00000007c0000000)
  eden space 132608K, 100% used [0x0000000740a00000,0x0000000748b80000,0x0000000748b80000)
  from space 1024K, 65% used [0x0000000749100000,0x00000007491a8030,0x0000000749200000)
  to   space 9728K, 0% used [0x0000000749500000,0x0000000749500000,0x0000000749e80000)
 ParOldGen       total 49152K, used 34291K [0x00000005c2800000, 0x00000005c5800000, 0x0000000740a00000)
  object space 49152K, 69% used [0x00000005c2800000,0x00000005c497cc78,0x00000005c5800000)
 Metaspace       used 48733K, capacity 49250K, committed 49536K, reserved 1091584K
  class space    used 6287K, capacity 6450K, committed 6528K, reserved 1048576K
Event: 743.995 GC heap after
Heap after GC invocations=36 (full 2):
 PSYoungGen      total 130048K, used 608K [0x0000000740a00000, 0x0000000749800000, 0x00000007c0000000)
  eden space 126976K, 0% used [0x0000000740a00000,0x0000000740a00000,0x0000000748600000)
  from space 3072K, 19% used [0x0000000749500000,0x0000000749598020,0x0000000749800000)
  to   space 9216K, 0% used [0x0000000748600000,0x0000000748600000,0x0000000748f00000)
 ParOldGen       total 49152K, used 34299K [0x00000005c2800000, 0x00000005c5800000, 0x0000000740a00000)
  object space 49152K, 69% used [0x00000005c2800000,0x00000005c497ec78,0x00000005c5800000)
 Metaspace       used 48733K, capacity 49250K, committed 49536K, reserved 1091584K
  class space    used 6287K, capacity 6450K, committed 6528K, reserved 1048576K
}

Deoptimization events (10 events):
Event: 1473.831 Thread 0x00000216fee24800 Uncommon trap: reason=unstable_if action=reinterpret pc=0x0000021681171404 method=java.awt.KeyboardFocusManager.processCurrentLightweightRequests()V @ 12
Event: 1473.831 Thread 0x00000216fee24800 Uncommon trap: reason=unstable_if action=reinterpret pc=0x00000216808fed28 method=javax.swing.JComponent.putClientProperty(Ljava/lang/Object;Ljava/lang/Object;)V @ 57
Event: 1473.836 Thread 0x00000216fee24800 Uncommon trap: reason=unstable_if action=reinterpret pc=0x0000021680f5dcf0 method=sun.awt.AWTAutoShutdown.notifyThreadFree(Ljava/lang/Thread;)V @ 34
Event: 1474.118 Thread 0x00000216f6782000 Uncommon trap: reason=unstable_if action=reinterpret pc=0x00000216811f0678 method=com.mathworks.hg.util.HGPeerQueue.add(Lcom/mathworks/hg/util/HGPeerRunnable;)V @ 301
Event: 1474.127 Thread 0x00000216fee24800 Uncommon trap: reason=unstable_if action=reinterpret pc=0x00000216806909f8 method=java.awt.AWTEventMulticaster.removeInternal(Ljava/util/EventListener;Ljava/util/EventListener;)Ljava/util/EventListener; @ 2
Event: 1474.131 Thread 0x00000216f6782000 Uncommon trap: reason=unstable_if action=reinterpret pc=0x000002168125788c method=java.util.Hashtable.getIterator(I)Ljava/util/Iterator; @ 4
Event: 1474.131 Thread 0x00000216fee24800 Uncommon trap: reason=unstable_if action=reinterpret pc=0x0000021681198a50 method=com.mathworks.hg.util.HGPeerQueue$HGPeerRunnablesRunner.runit(Z[I)V @ 143
Event: 1474.131 Thread 0x00000216fee24800 Uncommon trap: reason=unstable_if action=reinterpret pc=0x0000021680fcec94 method=javax.swing.SwingUtilities.getWindowAncestor(Ljava/awt/Component;)Ljava/awt/Window; @ 6
Event: 1474.132 Thread 0x00000216fee24800 Uncommon trap: reason=class_check action=maybe_recompile pc=0x0000021681273a0c method=com.mathworks.hg.util.HGPeerQueue$HGPeerRunnablesRunner.run()V @ 79
Event: 1474.132 Thread 0x00000216fee24800 Uncommon trap: reason=unstable_if action=reinterpret pc=0x0000021680630abc method=com.mathworks.hg.peer.ui.UIContainerPeer.validateFigure()V @ 4

Classes redefined (0 events):
No events

Internal exceptions (10 events):
Event: 1477.916 Thread 0x00000216fee24800 Exception <a 'java/net/SocketTimeoutException': Receive timed out> (0x00000007431d11f8) thrown at [C:\re\workspace\8-2-build-windows-amd64-cygwin\jdk8u202\12323\hotspot\src\share\vm\prims\jni.cpp, line 736]
Event: 1477.999 Thread 0x00000216fee24800 Exception <a 'java/net/SocketTimeoutException': Receive timed out> (0x00000007431d1af8) thrown at [C:\re\workspace\8-2-build-windows-amd64-cygwin\jdk8u202\12323\hotspot\src\share\vm\prims\jni.cpp, line 736]
Event: 1478.083 Thread 0x00000216fee24800 Exception <a 'java/net/SocketTimeoutException': Receive timed out> (0x00000007431d23f8) thrown at [C:\re\workspace\8-2-build-windows-amd64-cygwin\jdk8u202\12323\hotspot\src\share\vm\prims\jni.cpp, line 736]
Event: 1478.167 Thread 0x00000216fee24800 Exception <a 'java/net/SocketTimeoutException': Receive timed out> (0x00000007431d2cf8) thrown at [C:\re\workspace\8-2-build-windows-amd64-cygwin\jdk8u202\12323\hotspot\src\share\vm\prims\jni.cpp, line 736]
Event: 1478.251 Thread 0x00000216fee24800 Exception <a 'java/net/SocketTimeoutException': Receive timed out> (0x00000007431d35f8) thrown at [C:\re\workspace\8-2-build-windows-amd64-cygwin\jdk8u202\12323\hotspot\src\share\vm\prims\jni.cpp, line 736]
Event: 1478.334 Thread 0x00000216fee24800 Exception <a 'java/net/SocketTimeoutException': Receive timed out> (0x00000007431d3ef8) thrown at [C:\re\workspace\8-2-build-windows-amd64-cygwin\jdk8u202\12323\hotspot\src\share\vm\prims\jni.cpp, line 736]
Event: 1478.417 Thread 0x00000216fee24800 Exception <a 'java/net/SocketTimeoutException': Receive timed out> (0x00000007431d4db8) thrown at [C:\re\workspace\8-2-build-windows-amd64-cygwin\jdk8u202\12323\hotspot\src\share\vm\prims\jni.cpp, line 736]
Event: 1478.501 Thread 0x00000216fee24800 Exception <a 'java/net/SocketTimeoutException': Receive timed out> (0x00000007431d56b8) thrown at [C:\re\workspace\8-2-build-windows-amd64-cygwin\jdk8u202\12323\hotspot\src\share\vm\prims\jni.cpp, line 736]
Event: 1478.583 Thread 0x00000216fee24800 Exception <a 'java/net/SocketTimeoutException': Receive timed out> (0x00000007431d5fb8) thrown at [C:\re\workspace\8-2-build-windows-amd64-cygwin\jdk8u202\12323\hotspot\src\share\vm\prims\jni.cpp, line 736]
Event: 1478.667 Thread 0x00000216fee24800 Exception <a 'java/net/SocketTimeoutException': Receive timed out> (0x00000007431d68b8) thrown at [C:\re\workspace\8-2-build-windows-amd64-cygwin\jdk8u202\12323\hotspot\src\share\vm\prims\jni.cpp, line 736]

Events (10 events):
Event: 1478.683 loading class com/mathworks/widgets/BusyAffordance done
Event: 1478.683 loading class com/mathworks/widgets/ComponentBuilder
Event: 1478.683 loading class com/mathworks/widgets/ComponentBuilder done
Event: 1478.683 loading class com/mathworks/widgets/BusyAffordance$1
Event: 1478.683 loading class com/mathworks/widgets/BusyAffordance$1 done
Event: 1478.683 Thread 0x00000216fe860800 Thread exited: 0x00000216fe860800
Event: 1478.683 Executing VM operation: RevokeBias
Event: 1478.683 Executing VM operation: RevokeBias done
Event: 1478.684 loading class com/mathworks/util/Log$1
Event: 1478.684 loading class com/mathworks/util/Log$1 done


Dynamic libraries:
0x00007ff6ea590000 - 0x00007ff6ea5c3000 	C:\Program Files\MATLAB\R2020b\bin\win64\matlab.exe
0x00007ff8a6830000 - 0x00007ff8a6a25000 	C:\WINDOWS\SYSTEM32\ntdll.dll
0x00007ff8a4c70000 - 0x00007ff8a4d2e000 	C:\WINDOWS\System32\KERNEL32.DLL
0x00007ff8a41c0000 - 0x00007ff8a4488000 	C:\WINDOWS\System32\KERNELBASE.dll
0x00007ff8a17d0000 - 0x00007ff8a1860000 	C:\WINDOWS\SYSTEM32\apphelp.dll
0x00007ff8a45c0000 - 0x00007ff8a46c0000 	C:\WINDOWS\System32\ucrtbase.dll
0x00007ff885ff0000 - 0x00007ff886219000 	C:\Program Files\MATLAB\R2020b\bin\win64\libmwi18n.dll
0x00007ff8683f0000 - 0x00007ff868c93000 	C:\Program Files\MATLAB\R2020b\bin\win64\mlutil.dll
0x00007ff8693e0000 - 0x00007ff8697ef000 	C:\Program Files\MATLAB\R2020b\bin\win64\mvm.dll
0x00007ff867f30000 - 0x00007ff8683f0000 	C:\Program Files\MATLAB\R2020b\bin\win64\libmwservices.dll
0x00007ff8a5300000 - 0x00007ff8a53ae000 	C:\WINDOWS\System32\ADVAPI32.dll
0x00007ff8a46c0000 - 0x00007ff8a46e7000 	C:\WINDOWS\System32\bcrypt.dll
0x00007ff8a4970000 - 0x00007ff8a4b10000 	C:\WINDOWS\System32\USER32.dll
0x00007ff8a60b0000 - 0x00007ff8a614e000 	C:\WINDOWS\System32\msvcrt.dll
0x00007ff87e800000 - 0x00007ff87eaa5000 	C:\Program Files\MATLAB\R2020b\bin\win64\libmwfl.dll
0x00007ff8a5480000 - 0x00007ff8a54eb000 	C:\WINDOWS\System32\WS2_32.dll
0x00007ff8a46f0000 - 0x00007ff8a4712000 	C:\WINDOWS\System32\win32u.dll
0x00007ff8a5e00000 - 0x00007ff8a5e9c000 	C:\WINDOWS\System32\sechost.dll
0x00007ff8a51b0000 - 0x00007ff8a52d5000 	C:\WINDOWS\System32\RPCRT4.dll
0x00007ff8a5db0000 - 0x00007ff8a5dda000 	C:\WINDOWS\System32\GDI32.dll
0x00007ff8a40b0000 - 0x00007ff8a41bb000 	C:\WINDOWS\System32\gdi32full.dll
0x00007ff899130000 - 0x00007ff8991cb000 	C:\Program Files\MATLAB\R2020b\bin\win64\MSVCP140.dll
0x00007ff8a4490000 - 0x00007ff8a452d000 	C:\WINDOWS\System32\msvcp_win.dll
0x00007ff89ef30000 - 0x00007ff89ef46000 	C:\Program Files\MATLAB\R2020b\bin\win64\VCRUNTIME140.dll
0x00007ff8a5500000 - 0x00007ff8a5c44000 	C:\WINDOWS\System32\SHELL32.dll
0x00007ff89eec0000 - 0x00007ff89eeea000 	C:\Program Files\MATLAB\R2020b\bin\win64\libmwfoundation_filesystem.dll
0x00007ff89e570000 - 0x00007ff89e584000 	C:\Program Files\MATLAB\R2020b\bin\win64\libmwcapabilities.dll
0x00007ff89ef20000 - 0x00007ff89ef29000 	C:\Program Files\MATLAB\R2020b\bin\win64\libmwresource_core.dll
0x00007ff89ef00000 - 0x00007ff89ef18000 	C:\Program Files\MATLAB\R2020b\bin\win64\libmwcpp11compat.dll
0x00007ff89eea0000 - 0x00007ff89eeb2000 	C:\Program Files\MATLAB\R2020b\bin\win64\mwboost_date_time-vc141-mt-x64-1_70.dll
0x00007ff8668b0000 - 0x00007ff866bff000 	C:\Program Files\MATLAB\R2020b\bin\win64\libmwms.dll
0x00007ff89ee70000 - 0x00007ff89ee90000 	C:\Program Files\MATLAB\R2020b\bin\win64\mwboost_filesystem-vc141-mt-x64-1_70.dll
0x00007ff89ee50000 - 0x00007ff89ee6c000 	C:\Program Files\MATLAB\R2020b\bin\win64\mwboost_thread-vc141-mt-x64-1_70.dll
0x00007ff8691a0000 - 0x00007ff86932f000 	C:\Program Files\MATLAB\R2020b\bin\win64\libmx.dll
0x00007ff889230000 - 0x00007ff889306000 	C:\Program Files\MATLAB\R2020b\bin\win64\libut.dll
0x00007ff8a5c50000 - 0x00007ff8a5d7a000 	C:\WINDOWS\System32\ole32.dll
0x00007ff89ee20000 - 0x00007ff89ee48000 	C:\Program Files\MATLAB\R2020b\bin\win64\libexpat.dll
0x00007ff8a4df0000 - 0x00007ff8a5144000 	C:\WINDOWS\System32\combase.dll
0x00007ff879ba0000 - 0x00007ff879dfd000 	C:\Program Files\MATLAB\R2020b\bin\win64\icuin64.dll
0x00007ff867d70000 - 0x00007ff867f28000 	C:\Program Files\MATLAB\R2020b\bin\win64\libmwfoundation_matlabdata.dll
0x00007ff8a53b0000 - 0x00007ff8a547d000 	C:\WINDOWS\System32\OLEAUT32.dll
0x00007ff8990e0000 - 0x00007ff899121000 	C:\Program Files\MATLAB\R2020b\bin\win64\libmwfoundation_usm.dll
0x00007ff8893b0000 - 0x00007ff889541000 	C:\Program Files\MATLAB\R2020b\bin\win64\icuuc64.dll
0x00007ff896fc0000 - 0x00007ff896fce000 	C:\Program Files\MATLAB\R2020b\bin\win64\libmwmatlabdata_boost_serialization.dll
0x00007ff89ab30000 - 0x00007ff89ab4f000 	C:\WINDOWS\SYSTEM32\MPR.dll
0x00007ff893520000 - 0x00007ff8935d1000 	C:\Program Files\MATLAB\R2020b\bin\win64\mwboost_log-vc141-mt-x64-1_70.dll
0x00007ff896dd0000 - 0x00007ff896e11000 	C:\Program Files\MATLAB\R2020b\bin\win64\mwboost_serialization-vc141-mt-x64-1_70.dll
0x00007ff896550000 - 0x00007ff8965b6000 	C:\Program Files\MATLAB\R2020b\bin\win64\tbb.dll
0x00007ff8891c0000 - 0x00007ff88922a000 	C:\Program Files\MATLAB\R2020b\bin\win64\libmwlivecode.dll
0x00007ff885f60000 - 0x00007ff885feb000 	C:\Program Files\MATLAB\R2020b\bin\win64\libmwcppmicroservices.dll
0x00007ff885750000 - 0x00007ff8857a7000 	C:\Program Files\MATLAB\R2020b\bin\win64\libmwsearch_path_utilities.dll
0x00007ff8a4720000 - 0x00007ff8a4788000 	C:\WINDOWS\System32\WINTRUST.dll
0x00007ff866460000 - 0x00007ff866603000 	C:\Program Files\MATLAB\R2020b\bin\win64\libmwflstoragevfs.dll
0x00007ff8856e0000 - 0x00007ff885750000 	C:\Program Files\MATLAB\R2020b\bin\win64\libmwcwf_interface.dll
0x00007ff8a3f50000 - 0x00007ff8a40a6000 	C:\WINDOWS\System32\CRYPT32.dll
0x00007ff8990a0000 - 0x00007ff8990ae000 	C:\Program Files\MATLAB\R2020b\bin\win64\libmwmatlabstoragesystem.dll
0x00007ff882e00000 - 0x00007ff882f97000 	C:\Program Files\MATLAB\R2020b\bin\win64\libmwmst.dll
0x00007ff87fec0000 - 0x00007ff87ffe3000 	C:\Program Files\MATLAB\R2020b\bin\win64\libmwflstorageprovider.dll
0x00007ff89ad80000 - 0x00007ff89adb4000 	C:\Program Files\MATLAB\R2020b\bin\win64\libmwthreadpool.dll
0x00007ff899090000 - 0x00007ff89909f000 	C:\Program Files\MATLAB\R2020b\bin\win64\libmwflstorageutility.dll
0x00007ff891a40000 - 0x00007ff891a8c000 	C:\Program Files\MATLAB\R2020b\bin\win64\libmwrelease_info.dll
0x00007ff865f10000 - 0x00007ff866460000 	C:\Program Files\MATLAB\R2020b\bin\win64\settingscore.dll
0x00007ff885510000 - 0x00007ff885565000 	C:\Program Files\MATLAB\R2020b\bin\win64\libmwsettings_in_matlab.dll
0x00007ff8990c0000 - 0x00007ff8990dc000 	C:\Program Files\MATLAB\R2020b\bin\win64\libmwstartupplugin.dll
0x00007ff885d60000 - 0x00007ff885e5c000 	C:\Program Files\MATLAB\R2020b\bin\win64\libmwstartup_plugin_initializer.dll
0x00007ff880510000 - 0x00007ff88059f000 	C:\Program Files\MATLAB\R2020b\bin\win64\opccore.dll
0x00007ff89eb50000 - 0x00007ff89eb5f000 	C:\Program Files\MATLAB\R2020b\bin\win64\libmvmtransportapi.dll
0x00007ff865d50000 - 0x00007ff865f0e000 	C:\Program Files\MATLAB\R2020b\bin\win64\opcmodel.dll
0x00007ff882b80000 - 0x00007ff882cee000 	C:\Program Files\MATLAB\R2020b\bin\win64\matlab_toolbox_events.dll
0x00007ff866610000 - 0x00007ff8668aa000 	C:\Program Files\MATLAB\R2020b\bin\win64\execution_events.dll
0x00007ff891fd0000 - 0x00007ff89200c000 	C:\Program Files\MATLAB\R2020b\bin\win64\opczippackage.dll
0x00007ff8990b0000 - 0x00007ff8990be000 	C:\Program Files\MATLAB\R2020b\bin\win64\mwboost_chrono-vc141-mt-x64-1_70.dll
0x00007ff889370000 - 0x00007ff8893af000 	C:\Program Files\MATLAB\R2020b\bin\win64\string_matrix.dll
0x00007ff899070000 - 0x00007ff899088000 	C:\Program Files\MATLAB\R2020b\bin\win64\mwboost_iostreams-vc141-mt-x64-1_70.dll
0x00007ff87c1a0000 - 0x00007ff87c299000 	C:\Program Files\MATLAB\R2020b\bin\win64\mwboost_regex-vc141-mt-x64-1_70.dll
0x00007ff86e670000 - 0x00007ff86e79f000 	C:\Program Files\MATLAB\R2020b\bin\win64\CppMicroServices3.dll
0x00007ff89e910000 - 0x00007ff89eaf4000 	C:\WINDOWS\SYSTEM32\dbghelp.dll
0x00007ff8a5ea0000 - 0x00007ff8a5ef5000 	C:\WINDOWS\System32\SHLWAPI.dll
0x00007ff8a3dc0000 - 0x00007ff8a3e0b000 	C:\WINDOWS\SYSTEM32\POWRPROF.dll
0x00007ff8864a0000 - 0x00007ff8864d7000 	C:\Program Files\MATLAB\R2020b\bin\win64\libmwmfl_permute.dll
0x00007ff8932b0000 - 0x00007ff8932c2000 	C:\Program Files\MATLAB\R2020b\bin\win64\libmwindexingapimethods.dll
0x0000000072bf0000 - 0x0000000072c0a000 	C:\Program Files\MATLAB\R2020b\bin\win64\zlib1.dll
0x00007ff883de0000 - 0x00007ff883e3f000 	C:\Program Files\MATLAB\R2020b\bin\win64\tbbmalloc.dll
0x00007ff896fb0000 - 0x00007ff896fbd000 	C:\Program Files\MATLAB\R2020b\bin\win64\libmwflstrings.dll
0x00007ff896530000 - 0x00007ff896541000 	C:\Program Files\MATLAB\R2020b\bin\win64\icuio64.dll
0x00007ff89a4c0000 - 0x00007ff89a4cc000 	C:\WINDOWS\SYSTEM32\Secur32.dll
0x00007ff8801b0000 - 0x00007ff880252000 	C:\Program Files\MATLAB\R2020b\bin\win64\opcmwservices.dll
0x00007ff865a30000 - 0x00007ff865d4a000 	C:\Program Files\MATLAB\R2020b\bin\win64\xerces-c_3_2.dll
0x00007ff865780000 - 0x00007ff865a30000 	C:\Program Files\MATLAB\R2020b\bin\win64\libmwflnetwork.dll
0x00007ff8891a0000 - 0x00007ff8891b9000 	C:\Program Files\MATLAB\R2020b\bin\win64\libmwsearch_path_interfaces.dll
0x00007ff888ce0000 - 0x00007ff888cfe000 	C:\Program Files\MATLAB\R2020b\bin\win64\libmwflstorageevents.dll
0x00007ff87fce0000 - 0x00007ff87fd86000 	C:\Program Files\MATLAB\R2020b\bin\win64\libmwstoragefilefolderobserver.dll
0x00007ff888bd0000 - 0x00007ff888c10000 	C:\Program Files\MATLAB\R2020b\bin\win64\libmwmsr.dll
0x00007ff8a3650000 - 0x00007ff8a36ba000 	C:\WINDOWS\SYSTEM32\MSWSOCK.dll
0x00007ff87fa40000 - 0x00007ff87fac0000 	C:\Program Files\MATLAB\R2020b\bin\win64\xmlcore.dll
0x00007ff879f40000 - 0x00007ff87a033000 	C:\Program Files\MATLAB\R2020b\bin\win64\libmwfoundation_matlabdata_standalone.dll
0x00007ff883d20000 - 0x00007ff883d75000 	C:\Program Files\MATLAB\R2020b\bin\win64\libmwfoundation_json.dll
0x00007ff867c50000 - 0x00007ff867d65000 	C:\Program Files\MATLAB\R2020b\bin\win64\libmwfoundation_matlabdata_json.dll
0x00007ff8809a0000 - 0x00007ff8809c9000 	C:\Program Files\MATLAB\R2020b\bin\win64\libmwnativedialogs.dll
0x00007ff87a870000 - 0x00007ff87a959000 	C:\Program Files\MATLAB\R2020b\bin\win64\libmwsearch_path_events.dll
0x00007ff882d40000 - 0x00007ff882d92000 	C:\Program Files\MATLAB\R2020b\bin\win64\libmwflcrypto.dll
0x00007ff883140000 - 0x00007ff883180000 	C:\Program Files\MATLAB\R2020b\bin\win64\libmwflcryptoutils.dll
0x00007ff880d10000 - 0x00007ff880d67000 	C:\Program Files\MATLAB\R2020b\bin\win64\libmwflcertificates.dll
0x00007ff865560000 - 0x00007ff86577f000 	C:\Program Files\MATLAB\R2020b\bin\win64\libmwflcryptocryptopp.dll
0x00007ff883d00000 - 0x00007ff883d11000 	C:\Program Files\MATLAB\R2020b\bin\win64\libminizip.dll
0x00007ff87fb30000 - 0x00007ff87fbbb000 	C:\Program Files\MATLAB\R2020b\bin\win64\mcos.dll
0x00007ff8a3340000 - 0x00007ff8a337b000 	C:\WINDOWS\SYSTEM32\IPHLPAPI.DLL
0x00007ff883730000 - 0x00007ff883746000 	C:\Program Files\MATLAB\R2020b\bin\win64\libmwdtoa.dll
0x00007ff896fa0000 - 0x00007ff896fae000 	C:\Program Files\MATLAB\R2020b\bin\win64\libmwfoundation_matlabjson_frontend.dll
0x00007ff880440000 - 0x00007ff880460000 	C:\Program Files\MATLAB\R2020b\bin\win64\libmwmodule_descriptor_interfaces.dll
0x00007ff8652a0000 - 0x00007ff86555f000 	C:\Program Files\MATLAB\R2020b\bin\win64\libcrypto-1_1-x64.dll
0x00007ff87aa80000 - 0x00007ff87ab2c000 	C:\Program Files\MATLAB\R2020b\bin\win64\libssl-1_1-x64.dll
0x00007ff8a3e10000 - 0x00007ff8a3e42000 	C:\WINDOWS\SYSTEM32\SSPICLI.DLL
0x00000216e4a40000 - 0x00000216e6484000 	C:\Program Files\MATLAB\R2020b\bin\win64\icudt64.dll
0x00007ff8a3da0000 - 0x00007ff8a3db2000 	C:\WINDOWS\SYSTEM32\UMPDC.dll
0x00007ff8a5d80000 - 0x00007ff8a5db0000 	C:\WINDOWS\System32\IMM32.DLL
0x00007ff8a3a70000 - 0x00007ff8a3a82000 	C:\WINDOWS\SYSTEM32\MSASN1.dll
0x00007ff8a3860000 - 0x00007ff8a386c000 	C:\WINDOWS\SYSTEM32\CRYPTBASE.DLL
0x00007ff8a4530000 - 0x00007ff8a45b2000 	C:\WINDOWS\System32\bcryptPrimitives.dll
0x00007ff879e60000 - 0x00007ff879f03000 	C:\Program Files\MATLAB\R2020b\bin\win64\DeclarativeServices1.dll
0x00007ff896dc0000 - 0x00007ff896dc9000 	C:\Program Files\MATLAB\R2020b\bin\win64\usLogService.dll
0x00007ff880190000 - 0x00007ff8801a3000 	C:\Program Files\MATLAB\R2020b\bin\win64\usServiceComponent.dll
0x00007ff8800f0000 - 0x00007ff88010b000 	C:\Program Files\MATLAB\R2020b\bin\win64\cppmicroservices_compendium\foundation\cppmicroservices\logserviceimpl\mwLogServiceImpl.dll
0x00007ff8800d0000 - 0x00007ff8800ec000 	C:\Program Files\MATLAB\R2020b\bin\win64\matlab_startup_plugins\connector\openssl_initializer\libmwconnectoropensslinitializer.dll
0x00007ff879ab0000 - 0x00007ff879b9d000 	C:\Program Files\MATLAB\R2020b\bin\win64\PocoNet64.dll
0x00007ff87fe80000 - 0x00007ff87feba000 	C:\Program Files\MATLAB\R2020b\bin\win64\PocoNetSSL64.dll
0x00007ff865130000 - 0x00007ff86529a000 	C:\Program Files\MATLAB\R2020b\bin\win64\PocoFoundation64.dll
0x00007ff87fb00000 - 0x00007ff87fb30000 	C:\Program Files\MATLAB\R2020b\bin\win64\PocoCrypto64.dll

VM Arguments:
jvm_args: -Xms64m -XX:NewRatio=3 -Xmx8152m -XX:MaxDirectMemorySize=2147400000 -Dsun.java2d.noddraw=true -Dsun.awt.nopixfmt=true -Xshare:off -Djava.ext.dirs=C:\Program Files\MATLAB\R2020b\sys\java\jre\win64\jre\lib\ext -Djogamp.gluegen.UseTempJarCache=false -Djogl.disable.opengles=1 -Djogl.windows.cpu_affinity_mode=0 -Xrs -Djava.library.path=C:\Program Files\MATLAB\R2020b\bin\win64;C:\Program Files\MATLAB\R2020b\sys\jxbrowser\win64\lib vfprintf -XX:ErrorFile=C:\Users\EXPERI~1\AppData\Local\Temp\hs_error_pid2568.log abort -Duser.language=en -Duser.country=GB -Dfile.encoding=Cp1252 -XX:ParallelGCThreads=6 
java_command: <unknown>
java_class_path (initial): C:\Program Files\MATLAB\R2020b\java\patch;C:\Program Files\MATLAB\R2020b\java\jar\jmi.jar;C:\Program Files\MATLAB\R2020b\java\jar\util.jar;C:\Program Files\MATLAB\R2020b\java\jar\mvm.jar;C:\Program Files\MATLAB\R2020b\java\jar\services.jar;C:\Program Files\MATLAB\R2020b\java\jarext\commons-io.jar;C:\Program Files\MATLAB\R2020b\java\jar\cfbutils.jar;C:\Program Files\MATLAB\R2020b\java\jar\capabilities.jar;C:\Program Files\MATLAB\R2020b\java\jar\mlwidgets.jar;C:\Program Files\MATLAB\R2020b\java\jar\html.jar;C:\Program Files\MATLAB\R2020b\java\jar\net.jar;C:\Program Files\MATLAB\R2020b\java\jar\ddux_api.jar;C:\Program Files\MATLAB\R2020b\java\jarext\log4j.jar;C:\Program Files\MATLAB\R2020b\java\jar\mwswing.jar;C:\Program Files\MATLAB\R2020b\java\jar\common.jar;C:\Program Files\MATLAB\R2020b\java\jarext\google-collect.jar;C:\Program Files\MATLAB\R2020b\java\jarext\commons-lang.jar;C:\Program Files\MATLAB\R2020b\java\jarext\jide\jide-common.jar;C:\Program Files\MATLAB\R2020b\java\jarext\jide\jide-dock.jar;C:\Program Files\MATLAB\R2020b\java\jarext\jide\jide-action.jar;C:\Program Files\MATLAB\R2020b\java\jarext\jide\jide-components.jar;C:\Program Files\MATLAB\R2020b\java\jarext\jide\jide-grids.jar;C:\Program Files\MATLAB\R2020b\java\jarext\jide\jide-dialogs.jar;C:\Program Files\MATLAB\R2020b\java\jarext\jide\jide-shortcut.jar;C:\Program Files\MATLAB\R2020b\java\jarext\jide\jide-charts.jar;C:\Program Files\MATLAB\R2020b\java\jar\toolstrip.jar;C:\Program Files\MATLAB\R2020b\java\jar\mlservices.jar;C:\Program Files\MATLAB\R2020b\java\jar\widgets.jar;C:\Program Files\MATLAB\R2020b\java\jar\mde.jar;C:\Program Files\MATLAB\R2020b\java\jar\explorer.jar;C:\Program Files\MATLAB\R2020b\java\jar\explorer_api.jar;C:\Program Files\MATLAB\R2020b\java\jar\desktop.jar;C:\Program Files\MATLAB\R2020b\java\jar\addons.jar;C:\Program Files\MATLAB\R2020b\java\jar\addons_common.jar;C:\Program Files\MATLAB\R2020b\java\jarext\connector_api\msscommon\msscommon.jar;C:\P
Launcher Type: generic

Environment Variables:
PATH=C:\Program Files\MATLAB\R2020b\toolbox\imaq\imaqextern\drivers\win64\genicam\GenICam_V3_1_0\bin\Win64_x64;C:\Program Files\MATLAB\R2020b\bin\win64;C:\WINDOWS\system32;C:\WINDOWS;C:\WINDOWS\System32\Wbem;C:\WINDOWS\System32\WindowsPowerShell\v1.0\;C:\WINDOWS\System32\OpenSSH\;C:\Program Files\MATLAB\R2020b\bin;C:\Program Files\Git\cmd;C:\Program Files\Point Grey Research\FlyCap2 Viewer\bin64;%FC2PATH\vs2013;C:\Program Files\Point Grey Research\FlyCap2 Viewer\bin64\vs2015;C:\Program Files\Point Grey Research\Spinnaker\bin64\vs2015;C:\Program Files\Point Grey Research\Spinnaker\bin\vs2015;C:\Users\Experiment\AppData\Local\Microsoft\WindowsApps;C:\Users\Experiment\anaconda3\condabin;C:\Users\Experiment\anaconda3\Scripts;
USERNAME=Experiment
OS=Windows_NT
PROCESSOR_IDENTIFIER=Intel64 Family 6 Model 165 Stepping 5, GenuineIntel



---------------  S Y S T E M  ---------------

OS: Windows 10.0 , 64 bit Build 19041 (10.0.19041.1645)

CPU:total 20 (initial active 20) (10 cores per cpu, 2 threads per core) family 6 model 165 stepping 5, cmov, cx8, fxsr, mmx, sse, sse2, sse3, ssse3, sse4.1, sse4.2, popcnt, avx, avx2, aes, clmul, erms, 3dnowpref, lzcnt, ht, tsc, tscinvbit, bmi1, bmi2, adx

Memory: 4k page, physical 33392416k(27716164k free), swap 45186588k(38070404k free)

vm_info: Java HotSpot(TM) 64-Bit Server VM (25.202-b08) for windows-amd64 JRE (1.8.0_202-b08), built on Dec 15 2018 19:54:30 by "java_re" with MS VC++ 10.0 (VS2010)

time: Wed Apr 20 18:07:49 2022
timezone: GMT Daylight Time
elapsed time: 1478 seconds (0d 0h 24m 38s)

