#
# A fatal error has been detected by the Java Runtime Environment:
#
#  EXCEPTION_UNCAUGHT_CXX_EXCEPTION (0xe06d7363) at pc=0x00007fff74a74fd9, pid=12840, tid=0x000000000000110c
#
# JRE version: Java(TM) SE Runtime Environment (8.0_202-b08) (build 1.8.0_202-b08)
# Java VM: Java HotSpot(TM) 64-Bit Server VM (25.202-b08 mixed mode windows-amd64 compressed oops)
# Problematic frame:
# C  [KERNELBASE.dll+0x34fd9]
#
# Failed to write core dump. Minidumps are not enabled by default on client versions of Windows
#
# If you would like to submit a bug report, please visit:
#   http://bugreport.java.com/bugreport/crash.jsp
# The crash happened outside the Java Virtual Machine in native code.
# See problematic frame for where to report the bug.
#

---------------  T H R E A D  ---------------

Current thread (0x0000020032892000):  JavaThread "main" [_thread_in_native, id=4364, stack(0x000000fb93200000,0x000000fb97200000)]

siginfo: ExceptionCode=0xe06d7363, ExceptionInformation=0x0000000019930520 0x000000fb971e5f48 0x00007fff37edc3a8 0x00007fff37d40000 

Registers:
RAX=0x0000000000000000, RBX=0x000000fb971e35e0, RCX=0x0000000000000000, RDX=0x0000000000000000
RSP=0x000000fb971e0fe0, RBP=0x000000fb971e1690, RSI=0x000000fb971e1120, RDI=0x000000fb971e1e30
R8 =0x00000200328b1f60, R9 =0x0000000000000009, R10=0x0000000054020812, R11=0x0000020015e5f720
R12=0x000000fb971e2458, R13=0x00007fff3801f900, R14=0x0000000000000000, R15=0x0000000000000000
RIP=0x00007fff74a74fd9, EFLAGS=0x0000000000000206

Top of Stack: (sp=0x000000fb971e0fe0)
0x000000fb971e0fe0:   fffffffffffffffe 000000fb971e35e0
0x000000fb971e0ff0:   000000fb971e1120 0000000000000000
0x000000fb971e1000:   00000001e06d7363 0000000000000000
0x000000fb971e1010:   00007fff74a74fd9 0000000000000004
0x000000fb971e1020:   0000000019930520 000000fb971e5f48
0x000000fb971e1030:   00007fff37edc3a8 00007fff37d40000
0x000000fb971e1040:   000069e403f45501 000000fb971e2458
0x000000fb971e1050:   0000000000000004 00007fff72184685
0x000000fb971e1060:   0000000000000000 0000020025b71800
0x000000fb971e1070:   000000fb971e1120 000000fb971e1690
0x000000fb971e1080:   000000fb971e1e30 00007fff7218470d
0x000000fb971e1090:   000000fb971e35e0 000000fb971e1120
0x000000fb971e10a0:   000017cce84420a5 0000020076d404c8
0x000000fb971e10b0:   000000fb971e35e0 00007fff72181f74
0x000000fb971e10c0:   00007fff3801f900 000000fb971e2458
0x000000fb971e10d0:   0000000000000100 000000fb971e1088 

Instructions: (pc=0x00007fff74a74fd9)
0x00007fff74a74fb9:   8b d1 44 0f 47 c0 44 89 44 24 38 49 c1 e0 03 e8
0x00007fff74a74fc9:   da 1c 06 00 48 8d 4c 24 20 48 ff 15 57 e1 18 00
0x00007fff74a74fd9:   0f 1f 44 00 00 48 8b 8c 24 c0 00 00 00 48 33 cc
0x00007fff74a74fe9:   e8 52 96 05 00 48 81 c4 d8 00 00 00 c3 cc 83 64 


Register to memory mapping:

RAX=0x0000000000000000 is an unknown value
RBX=0x000000fb971e35e0 is pointing into the stack for thread: 0x0000020032892000
RCX=0x0000000000000000 is an unknown value
RDX=0x0000000000000000 is an unknown value
RSP=0x000000fb971e0fe0 is pointing into the stack for thread: 0x0000020032892000
RBP=0x000000fb971e1690 is pointing into the stack for thread: 0x0000020032892000
RSI=0x000000fb971e1120 is pointing into the stack for thread: 0x0000020032892000
RDI=0x000000fb971e1e30 is pointing into the stack for thread: 0x0000020032892000
R8 =0x00000200328b1f60 is an unknown value
R9 =0x0000000000000009 is an unknown value
R10=0x0000000054020812 is an unknown value
R11=0x0000020015e5f720 is pointing into metadata
R12=0x000000fb971e2458 is pointing into the stack for thread: 0x0000020032892000
R13=0x00007fff3801f900 is an unknown value
R14=0x0000000000000000 is an unknown value
R15=0x0000000000000000 is an unknown value


Stack: [0x000000fb93200000,0x000000fb97200000],  sp=0x000000fb971e0fe0,  free space=65411k
Native frames: (J=compiled Java code, j=interpreted, Vv=VM code, C=native code)
C  [KERNELBASE.dll+0x34fd9]
C  [VCRUNTIME140.dll+0x1f74]
C  [ntdll.dll+0xa1426]
C  0x00007fff37fb7a3f
C  0x00007fff37f87c42
C  0x00007fff37f87421
C  0x00007fff37f89313
C  [libmwservices.dll+0x29f923]
C  [libmwservices.dll+0x2a0f10]
C  [libmwservices.dll+0x2a1c0e]
C  0x00007fff2f2c3e2a
C  0x0000020032989f2e

Java frames: (J=compiled Java code, j=interpreted, Vv=VM code)
j  com.mathworks.jmi.NativeMatlab.ProcessPendingEvents()Z+0
j  com.mathworks.jmi.NativeMatlab.processPendingEvents()Z+8
j  com.mathworks.jmi.Matlab$ProcessPendingEvents.callBooleanMethod(Ljava/lang/Object;)Z+0
j  com.mathworks.util.FactoryUtils.processPendingEvents()Z+12
j  com.mathworks.widgets.desk.Desktop.canClose()Z+38
j  com.mathworks.mde.desk.MLDesktop.canClose()Z+296
j  com.mathworks.mde.desk.MLDesktop$2.call()Ljava/lang/Boolean;+4
j  com.mathworks.mde.desk.MLDesktop$2.call()Ljava/lang/Object;+1
j  com.mathworks.jmi.Matlab.runPredicates(Ljava/util/List;Z)Z+59
j  com.mathworks.jmi.Matlab.isOkToExit()Z+4
v  ~StubRoutines::call_stub
j  com.mathworks.jmi.NativeMatlab.SendMatlabMessage(Ljava/lang/Object;)Ljava/lang/Object;+0
j  com.mathworks.jmi.NativeMatlab.sendMatlabMessage(Ljava/lang/Object;)Ljava/lang/Object;+22
j  com.mathworks.jmi.MatlabLooper.sendMatlabMessage(Lcom/mathworks/services/message/MWMessage;)Ljava/lang/Object;+20
j  com.mathworks.jmi.Matlab.mtFevalConsoleOutput(Ljava/lang/String;[Ljava/lang/Object;I)Ljava/lang/Object;+58
j  com.mathworks.toolbox.instrument.events.ActionQueue.run()V+130
v  ~StubRoutines::call_stub

---------------  P R O C E S S  ---------------

Java Threads: ( => current thread )
  0x000002007584a800 JavaThread "Installation Observer" daemon [_thread_blocked, id=11812, stack(0x000000fba2d00000,0x000000fba2e00000)]
  0x00000200572ed000 JavaThread "Keep-Alive-SocketCleaner" daemon [_thread_blocked, id=4372, stack(0x000000fba1d00000,0x000000fba1e00000)]
  0x0000020075844800 JavaThread "com.mathworks.addons_common.notificationframework.InstalledFolderRegistryObservers" daemon [_thread_blocked, id=3068, stack(0x000000fba1b00000,0x000000fba1c00000)]
  0x0000020059574800 JavaThread "com.mathworks.addons_common.notificationframework.InstalledAddOnsCache" daemon [_thread_blocked, id=11596, stack(0x000000fba0600000,0x000000fba0700000)]
  0x0000020059575800 JavaThread "TimerQueue" daemon [_thread_blocked, id=3752, stack(0x000000fb9f800000,0x000000fb9f900000)]
  0x0000020059574000 JavaThread "AWT-EventQueue-0-SharedResourceRunner" daemon [_thread_blocked, id=2288, stack(0x000000fb9ea00000,0x000000fb9eb00000)]
  0x0000020059577000 JavaThread "Thread-3" daemon [_thread_blocked, id=7232, stack(0x000000fb9e800000,0x000000fb9e900000)]
  0x000002005a18c000 JavaThread "AWT-EventQueue-0" [_thread_blocked, id=4560, stack(0x000000fb9e600000,0x000000fb9e700000)]
  0x0000020059665800 JavaThread "EventMgr Dispatcher" daemon [_thread_in_native, id=9864, stack(0x000000fb9e500000,0x000000fb9e600000)]
  0x00000200599f7000 JavaThread "AWT-Windows" daemon [_thread_in_native, id=9840, stack(0x000000fb9e300000,0x000000fb9e400000)]
  0x00000200599f6000 JavaThread "AWT-Shutdown" [_thread_blocked, id=7404, stack(0x000000fb9e200000,0x000000fb9e300000)]
  0x0000020058be5800 JavaThread "Java2D Disposer" daemon [_thread_blocked, id=5956, stack(0x000000fb9e100000,0x000000fb9e200000)]
  0x00000200593dc000 JavaThread "Settings Releaser" daemon [_thread_blocked, id=9256, stack(0x000000fb9e000000,0x000000fb9e100000)]
  0x0000020059550800 JavaThread "EventMgr Dispatcher" daemon [_thread_in_native, id=13284, stack(0x000000fb9df00000,0x000000fb9e000000)]
  0x0000020056ab1800 JavaThread "Service Thread" daemon [_thread_blocked, id=2788, stack(0x000000fb9dc00000,0x000000fb9dd00000)]
  0x00000200569f9000 JavaThread "C1 CompilerThread11" daemon [_thread_blocked, id=8296, stack(0x000000fb9db00000,0x000000fb9dc00000)]
  0x00000200569f6000 JavaThread "C1 CompilerThread10" daemon [_thread_blocked, id=10952, stack(0x000000fb9da00000,0x000000fb9db00000)]
  0x00000200569f2000 JavaThread "C1 CompilerThread9" daemon [_thread_blocked, id=11132, stack(0x000000fb9d900000,0x000000fb9da00000)]
  0x00000200569ee000 JavaThread "C1 CompilerThread8" daemon [_thread_blocked, id=220, stack(0x000000fb9d800000,0x000000fb9d900000)]
  0x00000200569ed000 JavaThread "C2 CompilerThread7" daemon [_thread_blocked, id=4332, stack(0x000000fb9d700000,0x000000fb9d800000)]
  0x000002005526e800 JavaThread "C2 CompilerThread6" daemon [_thread_blocked, id=3900, stack(0x000000fb9d600000,0x000000fb9d700000)]
  0x000002005526a800 JavaThread "C2 CompilerThread5" daemon [_thread_blocked, id=11372, stack(0x000000fb9d500000,0x000000fb9d600000)]
  0x0000020055269800 JavaThread "C2 CompilerThread4" daemon [_thread_blocked, id=2844, stack(0x000000fb9d400000,0x000000fb9d500000)]
  0x0000020055267800 JavaThread "C2 CompilerThread3" daemon [_thread_blocked, id=11644, stack(0x000000fb9d300000,0x000000fb9d400000)]
  0x0000020055266800 JavaThread "C2 CompilerThread2" daemon [_thread_blocked, id=3872, stack(0x000000fb9d200000,0x000000fb9d300000)]
  0x0000020055265800 JavaThread "C2 CompilerThread1" daemon [_thread_blocked, id=4284, stack(0x000000fb9d100000,0x000000fb9d200000)]
  0x0000020055261800 JavaThread "C2 CompilerThread0" daemon [_thread_blocked, id=6348, stack(0x000000fb9d000000,0x000000fb9d100000)]
  0x000002005525e800 JavaThread "Attach Listener" daemon [_thread_blocked, id=9072, stack(0x000000fb9cf00000,0x000000fb9d000000)]
  0x0000020055259800 JavaThread "Finalizer" daemon [_thread_blocked, id=932, stack(0x000000fb9ce00000,0x000000fb9cf00000)]
  0x0000020055250800 JavaThread "Reference Handler" daemon [_thread_blocked, id=9028, stack(0x000000fb9cd00000,0x000000fb9ce00000)]
=>0x0000020032892000 JavaThread "main" [_thread_in_native, id=4364, stack(0x000000fb93200000,0x000000fb97200000)]

Other Threads:
  0x000002005522a800 VMThread [stack: 0x000000fb9cc00000,0x000000fb9cd00000] [id=9576]
  0x0000020056acf000 WatcherThread [stack: 0x000000fb9dd00000,0x000000fb9de00000] [id=11040]

VM state:not at safepoint (normal execution)

VM Mutex/Monitor currently owned by a thread: None

heap address: 0x00000005c2800000, size: 8152 MB, Compressed Oops mode: Zero based, Oop shift amount: 3
Narrow klass base: 0x0000000000000000, Narrow klass shift: 3
Compressed class space size: 1073741824 Address: 0x00000007c0000000

Heap:
 PSYoungGen      total 70656K, used 21036K [0x0000000740a00000, 0x0000000746a80000, 0x00000007c0000000)
  eden space 66048K, 31% used [0x0000000740a00000,0x0000000741e532d8,0x0000000744a80000)
  from space 4608K, 4% used [0x0000000746180000,0x00000007461b8000,0x0000000746600000)
  to   space 4096K, 0% used [0x0000000746680000,0x0000000746680000,0x0000000746a80000)
 ParOldGen       total 52224K, used 35022K [0x00000005c2800000, 0x00000005c5b00000, 0x0000000740a00000)
  object space 52224K, 67% used [0x00000005c2800000,0x00000005c4a33a30,0x00000005c5b00000)
 Metaspace       used 49298K, capacity 49804K, committed 50176K, reserved 1093632K
  class space    used 6447K, capacity 6585K, committed 6656K, reserved 1048576K

Card table byte_map: [0x0000020041d30000,0x0000020042d20000] byte_map_base: 0x000002003ef1c000

Marking Bits: (ParMarkBitMap*) 0x0000000054775ce0
 Begin Bits: [0x0000020043920000, 0x000002004b880000)
 End Bits:   [0x000002004b880000, 0x00000200537e0000)

Polling page: 0x0000020026e80000

CodeCache: size=245760Kb used=18877Kb max_used=19201Kb free=226882Kb
 bounds [0x0000020032970000, 0x0000020033c70000, 0x0000020041970000]
 total_blobs=6101 nmethods=5085 adapters=925
 compilation: enabled

Compilation events (10 events):
Event: 773.307 Thread 0x00000200569f6000 nmethod 6063 0x00000200332fa5d0 code [0x00000200332fa720, 0x00000200332fa838]
Event: 773.307 Thread 0x00000200569ee000 nmethod 6064 0x0000020032d2cb10 code [0x0000020032d2cc80, 0x0000020032d2d050]
Event: 774.036 Thread 0x00000200569f2000 6065       3       java.lang.Object::wait (6 bytes)
Event: 774.037 Thread 0x00000200569f2000 nmethod 6065 0x00000200335cf010 code [0x00000200335cf180, 0x00000200335cf390]
Event: 774.877 Thread 0x00000200569f9000 6066   !   3       java.awt.EventDispatchThread::pumpOneEventForFilters (190 bytes)
Event: 774.878 Thread 0x00000200569f9000 nmethod 6066 0x00000200334f8850 code [0x00000200334f8b60, 0x00000200334fa270]
Event: 775.342 Thread 0x0000020055267800 6067       4       java.util.IdentityHashMap::maskNull (12 bytes)
Event: 775.343 Thread 0x0000020055267800 nmethod 6067 0x0000020033bdffd0 code [0x0000020033be0100, 0x0000020033be0158]
Event: 775.355 Thread 0x00000200569f6000 6068       3       java.util.concurrent.ThreadPoolExecutor::workerCountOf (5 bytes)
Event: 775.355 Thread 0x00000200569f6000 nmethod 6068 0x0000020033377b10 code [0x0000020033377c60, 0x0000020033377d98]

GC Heap History (10 events):
Event: 576.992 GC heap before
{Heap before GC invocations=47 (full 2):
 PSYoungGen      total 78848K, used 78496K [0x0000000740a00000, 0x0000000747300000, 0x00000007c0000000)
  eden space 78336K, 100% used [0x0000000740a00000,0x0000000745680000,0x0000000745680000)
  from space 512K, 31% used [0x0000000747280000,0x00000007472a8000,0x0000000747300000)
  to   space 5632K, 0% used [0x0000000746800000,0x0000000746800000,0x0000000746d80000)
 ParOldGen       total 52224K, used 34926K [0x00000005c2800000, 0x00000005c5b00000, 0x0000000740a00000)
  object space 52224K, 66% used [0x00000005c2800000,0x00000005c4a1ba30,0x00000005c5b00000)
 Metaspace       used 48786K, capacity 49292K, committed 49536K, reserved 1091584K
  class space    used 6292K, capacity 6457K, committed 6528K, reserved 1048576K
Event: 576.993 GC heap after
Heap after GC invocations=47 (full 2):
 PSYoungGen      total 81408K, used 160K [0x0000000740a00000, 0x0000000747300000, 0x00000007c0000000)
  eden space 75776K, 0% used [0x0000000740a00000,0x0000000740a00000,0x0000000745400000)
  from space 5632K, 2% used [0x0000000746800000,0x0000000746828000,0x0000000746d80000)
  to   space 5120K, 0% used [0x0000000746e00000,0x0000000746e00000,0x0000000747300000)
 ParOldGen       total 52224K, used 34982K [0x00000005c2800000, 0x00000005c5b00000, 0x0000000740a00000)
  object space 52224K, 66% used [0x00000005c2800000,0x00000005c4a29a30,0x00000005c5b00000)
 Metaspace       used 48786K, capacity 49292K, committed 49536K, reserved 1091584K
  class space    used 6292K, capacity 6457K, committed 6528K, reserved 1048576K
}
Event: 599.927 GC heap before
{Heap before GC invocations=48 (full 2):
 PSYoungGen      total 81408K, used 75936K [0x0000000740a00000, 0x0000000747300000, 0x00000007c0000000)
  eden space 75776K, 100% used [0x0000000740a00000,0x0000000745400000,0x0000000745400000)
  from space 5632K, 2% used [0x0000000746800000,0x0000000746828000,0x0000000746d80000)
  to   space 5120K, 0% used [0x0000000746e00000,0x0000000746e00000,0x0000000747300000)
 ParOldGen       total 52224K, used 34982K [0x00000005c2800000, 0x00000005c5b00000, 0x0000000740a00000)
  object space 52224K, 66% used [0x00000005c2800000,0x00000005c4a29a30,0x00000005c5b00000)
 Metaspace       used 48786K, capacity 49292K, committed 49536K, reserved 1091584K
  class space    used 6292K, capacity 6457K, committed 6528K, reserved 1048576K
Event: 599.929 GC heap after
Heap after GC invocations=48 (full 2):
 PSYoungGen      total 73728K, used 160K [0x0000000740a00000, 0x0000000746e80000, 0x00000007c0000000)
  eden space 73216K, 0% used [0x0000000740a00000,0x0000000740a00000,0x0000000745180000)
  from space 512K, 31% used [0x0000000746e00000,0x0000000746e28000,0x0000000746e80000)
  to   space 5120K, 0% used [0x0000000746480000,0x0000000746480000,0x0000000746980000)
 ParOldGen       total 52224K, used 35006K [0x00000005c2800000, 0x00000005c5b00000, 0x0000000740a00000)
  object space 52224K, 67% used [0x00000005c2800000,0x00000005c4a2fa30,0x00000005c5b00000)
 Metaspace       used 48786K, capacity 49292K, committed 49536K, reserved 1091584K
  class space    used 6292K, capacity 6457K, committed 6528K, reserved 1048576K
}
Event: 622.085 GC heap before
{Heap before GC invocations=49 (full 2):
 PSYoungGen      total 73728K, used 73376K [0x0000000740a00000, 0x0000000746e80000, 0x00000007c0000000)
  eden space 73216K, 100% used [0x0000000740a00000,0x0000000745180000,0x0000000745180000)
  from space 512K, 31% used [0x0000000746e00000,0x0000000746e28000,0x0000000746e80000)
  to   space 5120K, 0% used [0x0000000746480000,0x0000000746480000,0x0000000746980000)
 ParOldGen       total 52224K, used 35006K [0x00000005c2800000, 0x00000005c5b00000, 0x0000000740a00000)
  object space 52224K, 67% used [0x00000005c2800000,0x00000005c4a2fa30,0x00000005c5b00000)
 Metaspace       used 48786K, capacity 49292K, committed 49536K, reserved 1091584K
  class space    used 6292K, capacity 6457K, committed 6528K, reserved 1048576K
Event: 622.087 GC heap after
Heap after GC invocations=49 (full 2):
 PSYoungGen      total 75776K, used 192K [0x0000000740a00000, 0x0000000746e80000, 0x00000007c0000000)
  eden space 70656K, 0% used [0x0000000740a00000,0x0000000740a00000,0x0000000744f00000)
  from space 5120K, 3% used [0x0000000746480000,0x00000007464b0000,0x0000000746980000)
  to   space 4608K, 0% used [0x0000000746a00000,0x0000000746a00000,0x0000000746e80000)
 ParOldGen       total 52224K, used 35022K [0x00000005c2800000, 0x00000005c5b00000, 0x0000000740a00000)
  object space 52224K, 67% used [0x00000005c2800000,0x00000005c4a33a30,0x00000005c5b00000)
 Metaspace       used 48786K, capacity 49292K, committed 49536K, reserved 1091584K
  class space    used 6292K, capacity 6457K, committed 6528K, reserved 1048576K
}
Event: 643.391 GC heap before
{Heap before GC invocations=50 (full 2):
 PSYoungGen      total 75776K, used 70848K [0x0000000740a00000, 0x0000000746e80000, 0x00000007c0000000)
  eden space 70656K, 100% used [0x0000000740a00000,0x0000000744f00000,0x0000000744f00000)
  from space 5120K, 3% used [0x0000000746480000,0x00000007464b0000,0x0000000746980000)
  to   space 4608K, 0% used [0x0000000746a00000,0x0000000746a00000,0x0000000746e80000)
 ParOldGen       total 52224K, used 35022K [0x00000005c2800000, 0x00000005c5b00000, 0x0000000740a00000)
  object space 52224K, 67% used [0x00000005c2800000,0x00000005c4a33a30,0x00000005c5b00000)
 Metaspace       used 48786K, capacity 49292K, committed 49536K, reserved 1091584K
  class space    used 6292K, capacity 6457K, committed 6528K, reserved 1048576K
Event: 643.393 GC heap after
Heap after GC invocations=50 (full 2):
 PSYoungGen      total 68608K, used 128K [0x0000000740a00000, 0x0000000746a80000, 0x00000007c0000000)
  eden space 68096K, 0% used [0x0000000740a00000,0x0000000740a00000,0x0000000744c80000)
  from space 512K, 25% used [0x0000000746a00000,0x0000000746a20000,0x0000000746a80000)
  to   space 4608K, 0% used [0x0000000746180000,0x0000000746180000,0x0000000746600000)
 ParOldGen       total 52224K, used 35022K [0x00000005c2800000, 0x00000005c5b00000, 0x0000000740a00000)
  object space 52224K, 67% used [0x00000005c2800000,0x00000005c4a33a30,0x00000005c5b00000)
 Metaspace       used 48786K, capacity 49292K, committed 49536K, reserved 1091584K
  class space    used 6292K, capacity 6457K, committed 6528K, reserved 1048576K
}
Event: 768.620 GC heap before
{Heap before GC invocations=51 (full 2):
 PSYoungGen      total 68608K, used 68224K [0x0000000740a00000, 0x0000000746a80000, 0x00000007c0000000)
  eden space 68096K, 100% used [0x0000000740a00000,0x0000000744c80000,0x0000000744c80000)
  from space 512K, 25% used [0x0000000746a00000,0x0000000746a20000,0x0000000746a80000)
  to   space 4608K, 0% used [0x0000000746180000,0x0000000746180000,0x0000000746600000)
 ParOldGen       total 52224K, used 35022K [0x00000005c2800000, 0x00000005c5b00000, 0x0000000740a00000)
  object space 52224K, 67% used [0x00000005c2800000,0x00000005c4a33a30,0x00000005c5b00000)
 Metaspace       used 48802K, capacity 49292K, committed 49536K, reserved 1091584K
  class space    used 6295K, capacity 6457K, committed 6528K, reserved 1048576K
Event: 768.622 GC heap after
Heap after GC invocations=51 (full 2):
 PSYoungGen      total 70656K, used 224K [0x0000000740a00000, 0x0000000746a80000, 0x00000007c0000000)
  eden space 66048K, 0% used [0x0000000740a00000,0x0000000740a00000,0x0000000744a80000)
  from space 4608K, 4% used [0x0000000746180000,0x00000007461b8000,0x0000000746600000)
  to   space 4096K, 0% used [0x0000000746680000,0x0000000746680000,0x0000000746a80000)
 ParOldGen       total 52224K, used 35022K [0x00000005c2800000, 0x00000005c5b00000, 0x0000000740a00000)
  object space 52224K, 67% used [0x00000005c2800000,0x00000005c4a33a30,0x00000005c5b00000)
 Metaspace       used 48802K, capacity 49292K, committed 49536K, reserved 1091584K
  class space    used 6295K, capacity 6457K, committed 6528K, reserved 1048576K
}

Deoptimization events (10 events):
Event: 773.068 Thread 0x000002005a18c000 Uncommon trap: reason=class_check action=maybe_recompile pc=0x0000020033becac8 method=com.mathworks.hg.peer.UIComponentManager.validateFigure()V @ 54
Event: 773.068 Thread 0x000002005a18c000 Uncommon trap: reason=class_check action=maybe_recompile pc=0x0000020032d5c330 method=com.mathworks.hg.peer.UIComponentManager.validateFigure()V @ 54
Event: 773.068 Thread 0x000002005a18c000 Uncommon trap: reason=class_check action=maybe_recompile pc=0x0000020032d5c330 method=com.mathworks.hg.peer.UIComponentManager.validateFigure()V @ 54
Event: 773.118 Thread 0x0000020032892000 Uncommon trap: reason=unstable_if action=reinterpret pc=0x0000020033b42a18 method=com.mathworks.hg.util.HGPeerQueue.add(Lcom/mathworks/hg/util/HGPeerRunnable;)V @ 301
Event: 773.295 Thread 0x000002005a18c000 Uncommon trap: reason=unstable_if action=reinterpret pc=0x0000020033bcdd78 method=java.awt.AWTEventMulticaster.removeInternal(Ljava/util/EventListener;Ljava/util/EventListener;)Ljava/util/EventListener; @ 2
Event: 773.303 Thread 0x0000020032892000 Uncommon trap: reason=unstable_if action=reinterpret pc=0x0000020033beeaa4 method=java.util.Hashtable.getIterator(I)Ljava/util/Iterator; @ 4
Event: 773.303 Thread 0x0000020032892000 Uncommon trap: reason=class_check action=maybe_recompile pc=0x0000020033b9373c method=java.util.Hashtable.putAll(Ljava/util/Map;)V @ 13
Event: 773.303 Thread 0x000002005a18c000 Uncommon trap: reason=unstable_if action=reinterpret pc=0x0000020033ae0dd8 method=com.mathworks.hg.util.HGPeerQueue$HGPeerRunnablesRunner.runit(Z[I)V @ 115
Event: 773.305 Thread 0x000002005a18c000 Uncommon trap: reason=unstable_if action=reinterpret pc=0x0000020033becc6c method=com.mathworks.hg.peer.ui.UIContainerPeer.validateFigure()V @ 4
Event: 773.306 Thread 0x000002005a18c000 Uncommon trap: reason=unstable_if action=reinterpret pc=0x0000020032d5c4b8 method=com.mathworks.hg.peer.ui.UIContainerPeer.validateFigure()V @ 4

Classes redefined (0 events):
No events

Internal exceptions (10 events):
Event: 774.543 Thread 0x000002005a18c000 Exception <a 'java/net/SocketTimeoutException': Receive timed out> (0x00000007410efe60) thrown at [C:\re\workspace\8-2-build-windows-amd64-cygwin\jdk8u202\12323\hotspot\src\share\vm\prims\jni.cpp, line 736]
Event: 774.627 Thread 0x000002005a18c000 Exception <a 'java/net/SocketTimeoutException': Receive timed out> (0x00000007410f0760) thrown at [C:\re\workspace\8-2-build-windows-amd64-cygwin\jdk8u202\12323\hotspot\src\share\vm\prims\jni.cpp, line 736]
Event: 774.710 Thread 0x000002005a18c000 Exception <a 'java/net/SocketTimeoutException': Receive timed out> (0x00000007410f1060) thrown at [C:\re\workspace\8-2-build-windows-amd64-cygwin\jdk8u202\12323\hotspot\src\share\vm\prims\jni.cpp, line 736]
Event: 774.794 Thread 0x000002005a18c000 Exception <a 'java/net/SocketTimeoutException': Receive timed out> (0x00000007410f1960) thrown at [C:\re\workspace\8-2-build-windows-amd64-cygwin\jdk8u202\12323\hotspot\src\share\vm\prims\jni.cpp, line 736]
Event: 774.877 Thread 0x000002005a18c000 Exception <a 'java/net/SocketTimeoutException': Receive timed out> (0x00000007410f2260) thrown at [C:\re\workspace\8-2-build-windows-amd64-cygwin\jdk8u202\12323\hotspot\src\share\vm\prims\jni.cpp, line 736]
Event: 774.961 Thread 0x000002005a18c000 Exception <a 'java/net/SocketTimeoutException': Receive timed out> (0x00000007410f2b60) thrown at [C:\re\workspace\8-2-build-windows-amd64-cygwin\jdk8u202\12323\hotspot\src\share\vm\prims\jni.cpp, line 736]
Event: 775.044 Thread 0x000002005a18c000 Exception <a 'java/net/SocketTimeoutException': Receive timed out> (0x00000007410f3a20) thrown at [C:\re\workspace\8-2-build-windows-amd64-cygwin\jdk8u202\12323\hotspot\src\share\vm\prims\jni.cpp, line 736]
Event: 775.128 Thread 0x000002005a18c000 Exception <a 'java/net/SocketTimeoutException': Receive timed out> (0x00000007410f4320) thrown at [C:\re\workspace\8-2-build-windows-amd64-cygwin\jdk8u202\12323\hotspot\src\share\vm\prims\jni.cpp, line 736]
Event: 775.212 Thread 0x000002005a18c000 Exception <a 'java/net/SocketTimeoutException': Receive timed out> (0x00000007410f4c20) thrown at [C:\re\workspace\8-2-build-windows-amd64-cygwin\jdk8u202\12323\hotspot\src\share\vm\prims\jni.cpp, line 736]
Event: 775.296 Thread 0x000002005a18c000 Exception <a 'java/net/SocketTimeoutException': Receive timed out> (0x00000007410f5520) thrown at [C:\re\workspace\8-2-build-windows-amd64-cygwin\jdk8u202\12323\hotspot\src\share\vm\prims\jni.cpp, line 736]

Events (10 events):
Event: 775.354 loading class com/mathworks/widgets/BusyAffordance done
Event: 775.354 loading class com/mathworks/widgets/ComponentBuilder
Event: 775.354 loading class com/mathworks/widgets/ComponentBuilder done
Event: 775.354 loading class com/mathworks/widgets/BusyAffordance$1
Event: 775.354 loading class com/mathworks/widgets/BusyAffordance$1 done
Event: 775.355 Thread 0x0000020075846800 Thread exited: 0x0000020075846800
Event: 775.355 Executing VM operation: RevokeBias
Event: 775.355 Executing VM operation: RevokeBias done
Event: 775.355 loading class com/mathworks/util/Log$1
Event: 775.355 loading class com/mathworks/util/Log$1 done


Dynamic libraries:
0x00007ff60c3b0000 - 0x00007ff60c3e3000 	C:\Program Files\MATLAB\R2020b\bin\win64\matlab.exe
0x00007fff77330000 - 0x00007fff77525000 	C:\WINDOWS\SYSTEM32\ntdll.dll
0x00007fff76450000 - 0x00007fff7650d000 	C:\WINDOWS\System32\KERNEL32.DLL
0x00007fff74a40000 - 0x00007fff74d0d000 	C:\WINDOWS\System32\KERNELBASE.dll
0x00007fff715a0000 - 0x00007fff71630000 	C:\WINDOWS\SYSTEM32\apphelp.dll
0x00007fff74d10000 - 0x00007fff74e10000 	C:\WINDOWS\System32\ucrtbase.dll
0x00007fff45d00000 - 0x00007fff461c0000 	C:\Program Files\MATLAB\R2020b\bin\win64\libmwservices.dll
0x00007fff52ad0000 - 0x00007fff52cf9000 	C:\Program Files\MATLAB\R2020b\bin\win64\libmwi18n.dll
0x00007fff3af40000 - 0x00007fff3b7e3000 	C:\Program Files\MATLAB\R2020b\bin\win64\mlutil.dll
0x00007fff526c0000 - 0x00007fff52acf000 	C:\Program Files\MATLAB\R2020b\bin\win64\mvm.dll
0x00007fff763a0000 - 0x00007fff7644e000 	C:\WINDOWS\System32\ADVAPI32.dll
0x00007fff74e10000 - 0x00007fff74e37000 	C:\WINDOWS\System32\bcrypt.dll
0x00007fff76ba0000 - 0x00007fff76d40000 	C:\WINDOWS\System32\USER32.dll
0x00007fff765b0000 - 0x00007fff7664e000 	C:\WINDOWS\System32\msvcrt.dll
0x00007fff76d40000 - 0x00007fff76dab000 	C:\WINDOWS\System32\WS2_32.dll
0x00007fff4c4b0000 - 0x00007fff4c755000 	C:\Program Files\MATLAB\R2020b\bin\win64\libmwfl.dll
0x00007fff75350000 - 0x00007fff75372000 	C:\WINDOWS\System32\win32u.dll
0x00007fff76650000 - 0x00007fff766ec000 	C:\WINDOWS\System32\sechost.dll
0x00007fff761f0000 - 0x00007fff76315000 	C:\WINDOWS\System32\RPCRT4.dll
0x00007fff75d40000 - 0x00007fff75d6a000 	C:\WINDOWS\System32\GDI32.dll
0x00007fff74fe0000 - 0x00007fff750eb000 	C:\WINDOWS\System32\gdi32full.dll
0x00007fff54af0000 - 0x00007fff54b8b000 	C:\Program Files\MATLAB\R2020b\bin\win64\MSVCP140.dll
0x00007fff74eb0000 - 0x00007fff74f4d000 	C:\WINDOWS\System32\msvcp_win.dll
0x00007fff72180000 - 0x00007fff72196000 	C:\Program Files\MATLAB\R2020b\bin\win64\VCRUNTIME140.dll
0x00007fff71e30000 - 0x00007fff71e44000 	C:\Program Files\MATLAB\R2020b\bin\win64\libmwcapabilities.dll
0x00007fff754b0000 - 0x00007fff75bf4000 	C:\WINDOWS\System32\SHELL32.dll
0x00007fff71e00000 - 0x00007fff71e2a000 	C:\Program Files\MATLAB\R2020b\bin\win64\libmwfoundation_filesystem.dll
0x00007fff4bb60000 - 0x00007fff4bc36000 	C:\Program Files\MATLAB\R2020b\bin\win64\libut.dll
0x00007fff75380000 - 0x00007fff754aa000 	C:\WINDOWS\System32\ole32.dll
0x00007fff4b780000 - 0x00007fff4b90f000 	C:\Program Files\MATLAB\R2020b\bin\win64\libmx.dll
0x00007fff52650000 - 0x00007fff526ba000 	C:\Program Files\MATLAB\R2020b\bin\win64\libmwlivecode.dll
0x00007fff62900000 - 0x00007fff62909000 	C:\Program Files\MATLAB\R2020b\bin\win64\libmwresource_core.dll
0x00007fff76840000 - 0x00007fff76b94000 	C:\WINDOWS\System32\combase.dll
0x00007fff4f180000 - 0x00007fff4f20b000 	C:\Program Files\MATLAB\R2020b\bin\win64\libmwcppmicroservices.dll
0x00007fff52d80000 - 0x00007fff52dd7000 	C:\Program Files\MATLAB\R2020b\bin\win64\libmwsearch_path_utilities.dll
0x00007fff770a0000 - 0x00007fff7716d000 	C:\WINDOWS\System32\OLEAUT32.dll
0x00007fff6b0d0000 - 0x00007fff6b0e8000 	C:\Program Files\MATLAB\R2020b\bin\win64\libmwcpp11compat.dll
0x00007fff74e40000 - 0x00007fff74ea8000 	C:\WINDOWS\System32\WINTRUST.dll
0x00007fff5dd20000 - 0x00007fff5dd32000 	C:\Program Files\MATLAB\R2020b\bin\win64\mwboost_date_time-vc141-mt-x64-1_70.dll
0x00007fff750f0000 - 0x00007fff75246000 	C:\WINDOWS\System32\CRYPT32.dll
0x00007fff3ad90000 - 0x00007fff3af33000 	C:\Program Files\MATLAB\R2020b\bin\win64\libmwflstoragevfs.dll
0x00007fff48f80000 - 0x00007fff48ff0000 	C:\Program Files\MATLAB\R2020b\bin\win64\libmwcwf_interface.dll
0x00007fff71df0000 - 0x00007fff71dfe000 	C:\Program Files\MATLAB\R2020b\bin\win64\libmwmatlabstoragesystem.dll
0x00007fff52630000 - 0x00007fff52650000 	C:\Program Files\MATLAB\R2020b\bin\win64\mwboost_filesystem-vc141-mt-x64-1_70.dll
0x00007fff3ac60000 - 0x00007fff3ad83000 	C:\Program Files\MATLAB\R2020b\bin\win64\libmwflstorageprovider.dll
0x00007fff629e0000 - 0x00007fff629fc000 	C:\Program Files\MATLAB\R2020b\bin\win64\mwboost_thread-vc141-mt-x64-1_70.dll
0x00007fff629d0000 - 0x00007fff629df000 	C:\Program Files\MATLAB\R2020b\bin\win64\libmwflstorageutility.dll
0x00007fff4d4d0000 - 0x00007fff4d51c000 	C:\Program Files\MATLAB\R2020b\bin\win64\libmwrelease_info.dll
0x00007fff4ddf0000 - 0x00007fff4de18000 	C:\Program Files\MATLAB\R2020b\bin\win64\libexpat.dll
0x00007fff3a710000 - 0x00007fff3ac60000 	C:\Program Files\MATLAB\R2020b\bin\win64\settingscore.dll
0x00007fff4bc40000 - 0x00007fff4bf8f000 	C:\Program Files\MATLAB\R2020b\bin\win64\libmwms.dll
0x00007fff3a0c0000 - 0x00007fff3a31d000 	C:\Program Files\MATLAB\R2020b\bin\win64\icuin64.dll
0x00007fff47680000 - 0x00007fff476d5000 	C:\Program Files\MATLAB\R2020b\bin\win64\libmwsettings_in_matlab.dll
0x00007fff39d80000 - 0x00007fff39f17000 	C:\Program Files\MATLAB\R2020b\bin\win64\libmwmst.dll
0x00007fff39f20000 - 0x00007fff3a0b1000 	C:\Program Files\MATLAB\R2020b\bin\win64\icuuc64.dll
0x00007fff464a0000 - 0x00007fff464d4000 	C:\Program Files\MATLAB\R2020b\bin\win64\libmwthreadpool.dll
0x00007fff5fb80000 - 0x00007fff5fb9f000 	C:\WINDOWS\SYSTEM32\MPR.dll
0x00007fff45760000 - 0x00007fff457ef000 	C:\Program Files\MATLAB\R2020b\bin\win64\opccore.dll
0x00007fff3a550000 - 0x00007fff3a70e000 	C:\Program Files\MATLAB\R2020b\bin\win64\opcmodel.dll
0x00007fff5de30000 - 0x00007fff5de71000 	C:\Program Files\MATLAB\R2020b\bin\win64\libmwfoundation_usm.dll
0x00007fff4b5c0000 - 0x00007fff4b778000 	C:\Program Files\MATLAB\R2020b\bin\win64\libmwfoundation_matlabdata.dll
0x00007fff51f60000 - 0x00007fff51f7c000 	C:\Program Files\MATLAB\R2020b\bin\win64\libmwstartupplugin.dll
0x00007fff39c80000 - 0x00007fff39d7c000 	C:\Program Files\MATLAB\R2020b\bin\win64\libmwstartup_plugin_initializer.dll
0x00007fff62780000 - 0x00007fff6278f000 	C:\Program Files\MATLAB\R2020b\bin\win64\libmvmtransportapi.dll
0x00007fff39b10000 - 0x00007fff39c7e000 	C:\Program Files\MATLAB\R2020b\bin\win64\matlab_toolbox_events.dll
0x00007fff39870000 - 0x00007fff39b0a000 	C:\Program Files\MATLAB\R2020b\bin\win64\execution_events.dll
0x00007fff62090000 - 0x00007fff620cc000 	C:\Program Files\MATLAB\R2020b\bin\win64\opczippackage.dll
0x00007fff62520000 - 0x00007fff6252e000 	C:\Program Files\MATLAB\R2020b\bin\win64\mwboost_chrono-vc141-mt-x64-1_70.dll
0x00007fff61470000 - 0x00007fff614af000 	C:\Program Files\MATLAB\R2020b\bin\win64\string_matrix.dll
0x00007fff54a30000 - 0x00007fff54ae1000 	C:\Program Files\MATLAB\R2020b\bin\win64\mwboost_log-vc141-mt-x64-1_70.dll
0x00007fff72170000 - 0x00007fff7217e000 	C:\Program Files\MATLAB\R2020b\bin\win64\libmwmatlabdata_boost_serialization.dll
0x00007fff52de0000 - 0x00007fff52e21000 	C:\Program Files\MATLAB\R2020b\bin\win64\mwboost_serialization-vc141-mt-x64-1_70.dll
0x00007fff548e0000 - 0x00007fff548f8000 	C:\Program Files\MATLAB\R2020b\bin\win64\mwboost_iostreams-vc141-mt-x64-1_70.dll
0x00007fff4b550000 - 0x00007fff4b5b6000 	C:\Program Files\MATLAB\R2020b\bin\win64\tbb.dll
0x00007fff3a450000 - 0x00007fff3a549000 	C:\Program Files\MATLAB\R2020b\bin\win64\mwboost_regex-vc141-mt-x64-1_70.dll
0x00007fff3a320000 - 0x00007fff3a44f000 	C:\Program Files\MATLAB\R2020b\bin\win64\CppMicroServices3.dll
0x00007fff741d0000 - 0x00007fff743b4000 	C:\WINDOWS\SYSTEM32\dbghelp.dll
0x00007fff766f0000 - 0x00007fff76745000 	C:\WINDOWS\System32\SHLWAPI.dll
0x00007fff748b0000 - 0x00007fff748fb000 	C:\WINDOWS\SYSTEM32\POWRPROF.dll
0x00007fff62030000 - 0x00007fff6203d000 	C:\Program Files\MATLAB\R2020b\bin\win64\libmwflstrings.dll
0x00007fff4cad0000 - 0x00007fff4cae1000 	C:\Program Files\MATLAB\R2020b\bin\win64\icuio64.dll
0x00007fff45cc0000 - 0x00007fff45cf7000 	C:\Program Files\MATLAB\R2020b\bin\win64\libmwmfl_permute.dll
0x00007fff4c420000 - 0x00007fff4c432000 	C:\Program Files\MATLAB\R2020b\bin\win64\libmwindexingapimethods.dll
0x00007fff45880000 - 0x00007fff458df000 	C:\Program Files\MATLAB\R2020b\bin\win64\tbbmalloc.dll
0x0000000054800000 - 0x000000005481a000 	C:\Program Files\MATLAB\R2020b\bin\win64\zlib1.dll
0x00007fff45320000 - 0x00007fff453c2000 	C:\Program Files\MATLAB\R2020b\bin\win64\opcmwservices.dll
0x00007fff39550000 - 0x00007fff3986a000 	C:\Program Files\MATLAB\R2020b\bin\win64\xerces-c_3_2.dll
0x00007fff49860000 - 0x00007fff49879000 	C:\Program Files\MATLAB\R2020b\bin\win64\libmwsearch_path_interfaces.dll
0x00007fff449e0000 - 0x00007fff44a86000 	C:\Program Files\MATLAB\R2020b\bin\win64\libmwstoragefilefolderobserver.dll
0x00007fff392a0000 - 0x00007fff39550000 	C:\Program Files\MATLAB\R2020b\bin\win64\libmwflnetwork.dll
0x00007fff48ef0000 - 0x00007fff48f0e000 	C:\Program Files\MATLAB\R2020b\bin\win64\libmwflstorageevents.dll
0x00007fff38dc0000 - 0x00007fff38e40000 	C:\Program Files\MATLAB\R2020b\bin\win64\xmlcore.dll
0x00007fff38cc0000 - 0x00007fff38db3000 	C:\Program Files\MATLAB\R2020b\bin\win64\libmwfoundation_matlabdata_standalone.dll
0x00007fff38ba0000 - 0x00007fff38cb5000 	C:\Program Files\MATLAB\R2020b\bin\win64\libmwfoundation_matlabdata_json.dll
0x00007fff45660000 - 0x00007fff456b5000 	C:\Program Files\MATLAB\R2020b\bin\win64\libmwfoundation_json.dll
0x00007fff404b0000 - 0x00007fff404d9000 	C:\Program Files\MATLAB\R2020b\bin\win64\libmwnativedialogs.dll
0x00007fff391b0000 - 0x00007fff39299000 	C:\Program Files\MATLAB\R2020b\bin\win64\libmwsearch_path_events.dll
0x00007fff38b60000 - 0x00007fff38ba0000 	C:\Program Files\MATLAB\R2020b\bin\win64\libmwmsr.dll
0x00007fff73c20000 - 0x00007fff73c8a000 	C:\WINDOWS\SYSTEM32\MSWSOCK.dll
0x00007fff39150000 - 0x00007fff391a2000 	C:\Program Files\MATLAB\R2020b\bin\win64\libmwflcrypto.dll
0x00007fff401a0000 - 0x00007fff401e0000 	C:\Program Files\MATLAB\R2020b\bin\win64\libmwflcryptoutils.dll
0x00007fff38f30000 - 0x00007fff3914f000 	C:\Program Files\MATLAB\R2020b\bin\win64\libmwflcryptocryptopp.dll
0x00007fff38ed0000 - 0x00007fff38f27000 	C:\Program Files\MATLAB\R2020b\bin\win64\libmwflcertificates.dll
0x00007fff48590000 - 0x00007fff485a1000 	C:\Program Files\MATLAB\R2020b\bin\win64\libminizip.dll
0x00007fff38e40000 - 0x00007fff38ecb000 	C:\Program Files\MATLAB\R2020b\bin\win64\mcos.dll
0x00007fff5d740000 - 0x00007fff5d74c000 	C:\WINDOWS\SYSTEM32\Secur32.dll
0x00007fff737a0000 - 0x00007fff737db000 	C:\WINDOWS\SYSTEM32\IPHLPAPI.DLL
0x00007fff47660000 - 0x00007fff47676000 	C:\Program Files\MATLAB\R2020b\bin\win64\libmwdtoa.dll
0x00007fff5de20000 - 0x00007fff5de2e000 	C:\Program Files\MATLAB\R2020b\bin\win64\libmwfoundation_matlabjson_frontend.dll
0x00007fff46500000 - 0x00007fff46520000 	C:\Program Files\MATLAB\R2020b\bin\win64\libmwmodule_descriptor_interfaces.dll
0x00007fff388a0000 - 0x00007fff38b5f000 	C:\Program Files\MATLAB\R2020b\bin\win64\libcrypto-1_1-x64.dll
0x00007fff387f0000 - 0x00007fff3889c000 	C:\Program Files\MATLAB\R2020b\bin\win64\libssl-1_1-x64.dll
0x00007fff74900000 - 0x00007fff74932000 	C:\WINDOWS\SYSTEM32\SSPICLI.DLL
0x0000020020c10000 - 0x0000020022654000 	C:\Program Files\MATLAB\R2020b\bin\win64\icudt64.dll
0x00007fff74890000 - 0x00007fff748a2000 	C:\WINDOWS\SYSTEM32\UMPDC.dll
0x00007fff77070000 - 0x00007fff770a0000 	C:\WINDOWS\System32\IMM32.DLL
0x00007fff74180000 - 0x00007fff74192000 	C:\WINDOWS\SYSTEM32\MSASN1.dll
0x00007fff73d10000 - 0x00007fff73d1c000 	C:\WINDOWS\SYSTEM32\CRYPTBASE.DLL
0x00007fff74f50000 - 0x00007fff74fd2000 	C:\WINDOWS\System32\bcryptPrimitives.dll
0x00007fff38740000 - 0x00007fff387e3000 	C:\Program Files\MATLAB\R2020b\bin\win64\DeclarativeServices1.dll
0x00007fff5ddf0000 - 0x00007fff5ddf9000 	C:\Program Files\MATLAB\R2020b\bin\win64\usLogService.dll
0x00007fff45ca0000 - 0x00007fff45cb3000 	C:\Program Files\MATLAB\R2020b\bin\win64\usServiceComponent.dll
0x00007fff45920000 - 0x00007fff4593b000 	C:\Program Files\MATLAB\R2020b\bin\win64\cppmicroservices_compendium\foundation\cppmicroservices\logserviceimpl\mwLogServiceImpl.dll
0x00007fff45860000 - 0x00007fff4587c000 	C:\Program Files\MATLAB\R2020b\bin\win64\matlab_startup_plugins\connector\openssl_initializer\libmwconnectoropensslinitializer.dll
0x00007fff38650000 - 0x00007fff3873d000 	C:\Program Files\MATLAB\R2020b\bin\win64\PocoNet64.dll
0x00007fff38610000 - 0x00007fff3864a000 	C:\Program Files\MATLAB\R2020b\bin\win64\PocoNetSSL64.dll
0x00007fff384a0000 - 0x00007fff3860a000 	C:\Program Files\MATLAB\R2020b\bin\win64\PocoFoundation64.dll
0x00007fff38470000 - 0x00007fff384a0000 	C:\Program Files\MATLAB\R2020b\bin\win64\PocoCrypto64.dll

VM Arguments:
jvm_args: -Xms64m -XX:NewRatio=3 -Xmx8152m -XX:MaxDirectMemorySize=2147400000 -Dsun.java2d.noddraw=true -Dsun.awt.nopixfmt=true -Xshare:off -Djava.ext.dirs=C:\Program Files\MATLAB\R2020b\sys\java\jre\win64\jre\lib\ext -Djogamp.gluegen.UseTempJarCache=false -Djogl.disable.opengles=1 -Djogl.windows.cpu_affinity_mode=0 -Xrs -Djava.library.path=C:\Program Files\MATLAB\R2020b\bin\win64;C:\Program Files\MATLAB\R2020b\sys\jxbrowser\win64\lib vfprintf -XX:ErrorFile=C:\Users\EXPERI~1\AppData\Local\Temp\hs_error_pid12840.log abort -Duser.language=en -Duser.country=GB -Dfile.encoding=Cp1252 -XX:ParallelGCThreads=6 
java_command: <unknown>
java_class_path (initial): C:\Program Files\MATLAB\R2020b\java\patch;C:\Program Files\MATLAB\R2020b\java\jar\jmi.jar;C:\Program Files\MATLAB\R2020b\java\jar\util.jar;C:\Program Files\MATLAB\R2020b\java\jar\mvm.jar;C:\Program Files\MATLAB\R2020b\java\jar\services.jar;C:\Program Files\MATLAB\R2020b\java\jarext\commons-io.jar;C:\Program Files\MATLAB\R2020b\java\jar\cfbutils.jar;C:\Program Files\MATLAB\R2020b\java\jar\capabilities.jar;C:\Program Files\MATLAB\R2020b\java\jar\mlwidgets.jar;C:\Program Files\MATLAB\R2020b\java\jar\html.jar;C:\Program Files\MATLAB\R2020b\java\jar\net.jar;C:\Program Files\MATLAB\R2020b\java\jar\ddux_api.jar;C:\Program Files\MATLAB\R2020b\java\jarext\log4j.jar;C:\Program Files\MATLAB\R2020b\java\jar\mwswing.jar;C:\Program Files\MATLAB\R2020b\java\jar\common.jar;C:\Program Files\MATLAB\R2020b\java\jarext\google-collect.jar;C:\Program Files\MATLAB\R2020b\java\jarext\commons-lang.jar;C:\Program Files\MATLAB\R2020b\java\jarext\jide\jide-common.jar;C:\Program Files\MATLAB\R2020b\java\jarext\jide\jide-dock.jar;C:\Program Files\MATLAB\R2020b\java\jarext\jide\jide-action.jar;C:\Program Files\MATLAB\R2020b\java\jarext\jide\jide-components.jar;C:\Program Files\MATLAB\R2020b\java\jarext\jide\jide-grids.jar;C:\Program Files\MATLAB\R2020b\java\jarext\jide\jide-dialogs.jar;C:\Program Files\MATLAB\R2020b\java\jarext\jide\jide-shortcut.jar;C:\Program Files\MATLAB\R2020b\java\jarext\jide\jide-charts.jar;C:\Program Files\MATLAB\R2020b\java\jar\toolstrip.jar;C:\Program Files\MATLAB\R2020b\java\jar\mlservices.jar;C:\Program Files\MATLAB\R2020b\java\jar\widgets.jar;C:\Program Files\MATLAB\R2020b\java\jar\mde.jar;C:\Program Files\MATLAB\R2020b\java\jar\explorer.jar;C:\Program Files\MATLAB\R2020b\java\jar\explorer_api.jar;C:\Program Files\MATLAB\R2020b\java\jar\desktop.jar;C:\Program Files\MATLAB\R2020b\java\jar\addons.jar;C:\Program Files\MATLAB\R2020b\java\jar\addons_common.jar;C:\Program Files\MATLAB\R2020b\java\jarext\connector_api\msscommon\msscommon.jar;C:\P
Launcher Type: generic

Environment Variables:
PATH=C:\Program Files\MATLAB\R2020b\toolbox\imaq\imaqextern\drivers\win64\genicam\GenICam_V3_1_0\bin\Win64_x64;C:\Program Files\MATLAB\R2020b\bin\win64;C:\WINDOWS\system32;C:\WINDOWS;C:\WINDOWS\System32\Wbem;C:\WINDOWS\System32\WindowsPowerShell\v1.0\;C:\WINDOWS\System32\OpenSSH\;C:\Program Files\MATLAB\R2020b\bin;C:\Program Files\Git\cmd;C:\Program Files\Point Grey Research\FlyCap2 Viewer\bin64;%FC2PATH\vs2013;C:\Program Files\Point Grey Research\FlyCap2 Viewer\bin64\vs2015;C:\Program Files\Point Grey Research\Spinnaker\bin64\vs2015;C:\Program Files\Point Grey Research\Spinnaker\bin\vs2015;C:\Users\Experiment\AppData\Local\Microsoft\WindowsApps;C:\Users\Experiment\anaconda3\condabin;C:\Users\Experiment\anaconda3\Scripts;
USERNAME=Experiment
OS=Windows_NT
PROCESSOR_IDENTIFIER=Intel64 Family 6 Model 165 Stepping 5, GenuineIntel



---------------  S Y S T E M  ---------------

OS: Windows 10.0 , 64 bit Build 19041 (10.0.19041.1706)

CPU:total 20 (initial active 20) (10 cores per cpu, 2 threads per core) family 6 model 165 stepping 5, cmov, cx8, fxsr, mmx, sse, sse2, sse3, ssse3, sse4.1, sse4.2, popcnt, avx, avx2, aes, clmul, erms, 3dnowpref, lzcnt, ht, tsc, tscinvbit, bmi1, bmi2, adx

Memory: 4k page, physical 33392416k(20824172k free), swap 38373152k(24228920k free)

vm_info: Java HotSpot(TM) 64-Bit Server VM (25.202-b08) for windows-amd64 JRE (1.8.0_202-b08), built on Dec 15 2018 19:54:30 by "java_re" with MS VC++ 10.0 (VS2010)

time: Tue May 24 11:50:26 2022
timezone: GMT Daylight Time
elapsed time: 775 seconds (0d 0h 12m 55s)

