#
# A fatal error has been detected by the Java Runtime Environment:
#
#  EXCEPTION_UNCAUGHT_CXX_EXCEPTION (0xe06d7363) at pc=0x00007ffc55f64fd9, pid=3012, tid=0x0000000000002fec
#
# JRE version: Java(TM) SE Runtime Environment (8.0_202-b08) (build 1.8.0_202-b08)
# Java VM: Java HotSpot(TM) 64-Bit Server VM (25.202-b08 mixed mode windows-amd64 compressed oops)
# Problematic frame:
# C  [KERNELBASE.dll+0x34fd9]
#
# Failed to write core dump. Minidumps are not enabled by default on client versions of Windows
#
# If you would like to submit a bug report, please visit:
#   http://bugreport.java.com/bugreport/crash.jsp
# The crash happened outside the Java Virtual Machine in native code.
# See problematic frame for where to report the bug.
#

---------------  T H R E A D  ---------------

Current thread (0x000001c16a712000):  JavaThread "main" [_thread_in_native, id=12268, stack(0x000000bbb9b00000,0x000000bbbdb00000)]

siginfo: ExceptionCode=0xe06d7363, ExceptionInformation=0x0000000019930520 0x000000bbbdae6058 0x00007ffc14f9c3a8 0x00007ffc14e00000 

Registers:
RAX=0x0000000058cbeb32, RBX=0x000000bbbdae36f0, RCX=0x000001c100000000, RDX=0x0000000058cb7ebd
RSP=0x000000bbbdae10f0, RBP=0x000000bbbdae17a0, RSI=0x000000bbbdae1230, RDI=0x000000bbbdae1f40
R8 =0x0000000058cbeb32, R9 =0x000001c11222f3b0, R10=0x0000000058cb7ebd, R11=0x000000bbbdae0da8
R12=0x000000bbbdae2568, R13=0x00007ffc150df900, R14=0x0000000000000000, R15=0x0000000000000000
RIP=0x00007ffc55f64fd9, EFLAGS=0x0000000000000206

Top of Stack: (sp=0x000000bbbdae10f0)
0x000000bbbdae10f0:   fffffffffffffffe 000000bbbdae36f0
0x000000bbbdae1100:   000000bbbdae1230 0000000000000000
0x000000bbbdae1110:   00000001e06d7363 0000000000000000
0x000000bbbdae1120:   00007ffc55f64fd9 0000000000000004
0x000000bbbdae1130:   0000000019930520 000000bbbdae6058
0x000000bbbdae1140:   00007ffc14f9c3a8 00007ffc14e00000
0x000000bbbdae1150:   000032ad6899ae45 000000bbbdae2568
0x000000bbbdae1160:   0000000000000004 00007ffc504b4685
0x000000bbbdae1170:   0000000000000000 000001c15e9ae650
0x000000bbbdae1180:   000000bbbdae1230 000000bbbdae17a0
0x000000bbbdae1190:   000000bbbdae1f40 00007ffc504b470d
0x000000bbbdae11a0:   000000bbbdae36f0 000000bbbdae1230
0x000000bbbdae11b0:   0000479f49d9602a 000001c17ddecd00
0x000000bbbdae11c0:   000000bbbdae36f0 00007ffc504b1f74
0x000000bbbdae11d0:   00007ffc150df900 000000bbbdae2568
0x000000bbbdae11e0:   0000000000000100 0000000046d6ed0c 

Instructions: (pc=0x00007ffc55f64fd9)
0x00007ffc55f64fb9:   8b d1 44 0f 47 c0 44 89 44 24 38 49 c1 e0 03 e8
0x00007ffc55f64fc9:   da 1c 06 00 48 8d 4c 24 20 48 ff 15 57 e1 18 00
0x00007ffc55f64fd9:   0f 1f 44 00 00 48 8b 8c 24 c0 00 00 00 48 33 cc
0x00007ffc55f64fe9:   e8 52 96 05 00 48 81 c4 d8 00 00 00 c3 cc 83 64 


Register to memory mapping:

RAX=0x0000000058cbeb32 is an unknown value
RBX=0x000000bbbdae36f0 is pointing into the stack for thread: 0x000001c16a712000
RCX=0x000001c100000000 is an unknown value
RDX=0x0000000058cb7ebd is an unknown value
RSP=0x000000bbbdae10f0 is pointing into the stack for thread: 0x000001c16a712000
RBP=0x000000bbbdae17a0 is pointing into the stack for thread: 0x000001c16a712000
RSI=0x000000bbbdae1230 is pointing into the stack for thread: 0x000001c16a712000
RDI=0x000000bbbdae1f40 is pointing into the stack for thread: 0x000001c16a712000
R8 =0x0000000058cbeb32 is an unknown value
R9 =0x000001c11222f3b0 is an unknown value
R10=0x0000000058cb7ebd is an unknown value
R11=0x000000bbbdae0da8 is pointing into the stack for thread: 0x000001c16a712000
R12=0x000000bbbdae2568 is pointing into the stack for thread: 0x000001c16a712000
R13=0x00007ffc150df900 is an unknown value
R14=0x0000000000000000 is an unknown value
R15=0x0000000000000000 is an unknown value


Stack: [0x000000bbb9b00000,0x000000bbbdb00000],  sp=0x000000bbbdae10f0,  free space=65412k
Native frames: (J=compiled Java code, j=interpreted, Vv=VM code, C=native code)
C  [KERNELBASE.dll+0x34fd9]
C  [VCRUNTIME140.dll+0x1f74]
C  [ntdll.dll+0xa1426]
C  0x00007ffc15077a3f
C  0x00007ffc15047c42
C  0x00007ffc15047421
C  0x00007ffc15049313
C  [libmwservices.dll+0x29f923]
C  [libmwservices.dll+0x2a0f10]
C  [libmwservices.dll+0x2a1c0e]
C  0x00007ffc0c5c3e2a
C  0x000001c16a809f2e

Java frames: (J=compiled Java code, j=interpreted, Vv=VM code)
j  com.mathworks.jmi.NativeMatlab.ProcessPendingEvents()Z+0
j  com.mathworks.jmi.NativeMatlab.processPendingEvents()Z+8
j  com.mathworks.jmi.Matlab$ProcessPendingEvents.callBooleanMethod(Ljava/lang/Object;)Z+0
j  com.mathworks.util.FactoryUtils.processPendingEvents()Z+12
j  com.mathworks.widgets.desk.Desktop.canClose()Z+38
j  com.mathworks.mde.desk.MLDesktop.canClose()Z+296
j  com.mathworks.mde.desk.MLDesktop$2.call()Ljava/lang/Boolean;+4
j  com.mathworks.mde.desk.MLDesktop$2.call()Ljava/lang/Object;+1
j  com.mathworks.jmi.Matlab.runPredicates(Ljava/util/List;Z)Z+59
j  com.mathworks.jmi.Matlab.isOkToExit()Z+4
v  ~StubRoutines::call_stub
j  com.mathworks.jmi.NativeMatlab.SendMatlabMessage(Ljava/lang/Object;)Ljava/lang/Object;+0
j  com.mathworks.jmi.NativeMatlab.sendMatlabMessage(Ljava/lang/Object;)Ljava/lang/Object;+22
j  com.mathworks.jmi.MatlabLooper.sendMatlabMessage(Lcom/mathworks/services/message/MWMessage;)Ljava/lang/Object;+20
j  com.mathworks.jmi.Matlab.mtFevalConsoleOutput(Ljava/lang/String;[Ljava/lang/Object;I)Ljava/lang/Object;+58
j  com.mathworks.toolbox.instrument.events.ActionQueue.run()V+130
v  ~StubRoutines::call_stub

---------------  P R O C E S S  ---------------

Java Threads: ( => current thread )
  0x000001c104188800 JavaThread "Installation Observer" daemon [_thread_blocked, id=3516, stack(0x000000bbc7500000,0x000000bbc7600000)]
  0x000001c1123e0800 JavaThread "Keep-Alive-SocketCleaner" daemon [_thread_blocked, id=8996, stack(0x000000bbc7700000,0x000000bbc7800000)]
  0x000001c10418a800 JavaThread "com.mathworks.addons_common.notificationframework.InstalledFolderRegistryObservers" daemon [_thread_blocked, id=8916, stack(0x000000bbc8800000,0x000000bbc8900000)]
  0x000001c104181800 JavaThread "com.mathworks.addons_common.notificationframework.InstalledAddOnsCache" daemon [_thread_blocked, id=10312, stack(0x000000bbc7000000,0x000000bbc7100000)]
  0x000001c104185800 JavaThread "TimerQueue" daemon [_thread_blocked, id=312, stack(0x000000bbc6200000,0x000000bbc6300000)]
  0x000001c104184800 JavaThread "AWT-EventQueue-0-SharedResourceRunner" daemon [_thread_blocked, id=3756, stack(0x000000bbc5e00000,0x000000bbc5f00000)]
  0x000001c104183000 JavaThread "Thread-3" daemon [_thread_blocked, id=6344, stack(0x000000bbc5300000,0x000000bbc5400000)]
  0x000001c17f86e000 JavaThread "AWT-EventQueue-0" [_thread_blocked, id=6108, stack(0x000000bbc5100000,0x000000bbc5200000)]
  0x000001c17f869800 JavaThread "AWT-Shutdown" [_thread_blocked, id=11360, stack(0x000000bbc4d00000,0x000000bbc4e00000)]
  0x000001c17f869000 JavaThread "EventMgr Dispatcher" daemon [_thread_in_native, id=9492, stack(0x000000bbc5000000,0x000000bbc5100000)]
  0x000001c17f86f000 JavaThread "AWT-Windows" daemon [_thread_in_native, id=11804, stack(0x000000bbc4e00000,0x000000bbc4f00000)]
  0x000001c17f86d800 JavaThread "Java2D Disposer" daemon [_thread_blocked, id=2116, stack(0x000000bbc4c00000,0x000000bbc4d00000)]
  0x000001c17f86c800 JavaThread "Settings Releaser" daemon [_thread_blocked, id=4204, stack(0x000000bbc4b00000,0x000000bbc4c00000)]
  0x000001c17f86b000 JavaThread "EventMgr Dispatcher" daemon [_thread_in_native, id=1956, stack(0x000000bbc4a00000,0x000000bbc4b00000)]
  0x000001c17f64d800 JavaThread "Service Thread" daemon [_thread_blocked, id=8280, stack(0x000000bbc4700000,0x000000bbc4800000)]
  0x000001c17f589800 JavaThread "C1 CompilerThread11" daemon [_thread_blocked, id=6468, stack(0x000000bbc4600000,0x000000bbc4700000)]
  0x000001c17f582800 JavaThread "C1 CompilerThread10" daemon [_thread_blocked, id=8248, stack(0x000000bbc4500000,0x000000bbc4600000)]
  0x000001c17f581800 JavaThread "C1 CompilerThread9" daemon [_thread_blocked, id=8216, stack(0x000000bbc4400000,0x000000bbc4500000)]
  0x000001c17f57e000 JavaThread "C1 CompilerThread8" daemon [_thread_blocked, id=2084, stack(0x000000bbc4300000,0x000000bbc4400000)]
  0x000001c17f57d000 JavaThread "C2 CompilerThread7" daemon [_thread_blocked, id=7632, stack(0x000000bbc4200000,0x000000bbc4300000)]
  0x000001c17ddfe800 JavaThread "C2 CompilerThread6" daemon [_thread_blocked, id=4288, stack(0x000000bbc4100000,0x000000bbc4200000)]
  0x000001c17ddfa000 JavaThread "C2 CompilerThread5" daemon [_thread_blocked, id=9332, stack(0x000000bbc4000000,0x000000bbc4100000)]
  0x000001c17ddf9000 JavaThread "C2 CompilerThread4" daemon [_thread_blocked, id=2108, stack(0x000000bbc3f00000,0x000000bbc4000000)]
  0x000001c17ddf6800 JavaThread "C2 CompilerThread3" daemon [_thread_blocked, id=4824, stack(0x000000bbc3e00000,0x000000bbc3f00000)]
  0x000001c17ddf5800 JavaThread "C2 CompilerThread2" daemon [_thread_blocked, id=5536, stack(0x000000bbc3d00000,0x000000bbc3e00000)]
  0x000001c17ddf5000 JavaThread "C2 CompilerThread1" daemon [_thread_blocked, id=9184, stack(0x000000bbc3c00000,0x000000bbc3d00000)]
  0x000001c17ddf0800 JavaThread "C2 CompilerThread0" daemon [_thread_blocked, id=1960, stack(0x000000bbc3b00000,0x000000bbc3c00000)]
  0x000001c17ddee000 JavaThread "Attach Listener" daemon [_thread_blocked, id=7176, stack(0x000000bbc3a00000,0x000000bbc3b00000)]
  0x000001c17ddea000 JavaThread "Finalizer" daemon [_thread_blocked, id=11328, stack(0x000000bbc3900000,0x000000bbc3a00000)]
  0x000001c17dde1000 JavaThread "Reference Handler" daemon [_thread_blocked, id=6984, stack(0x000000bbc3800000,0x000000bbc3900000)]
=>0x000001c16a712000 JavaThread "main" [_thread_in_native, id=12268, stack(0x000000bbb9b00000,0x000000bbbdb00000)]

Other Threads:
  0x000001c17ddbb800 VMThread [stack: 0x000000bbc3700000,0x000000bbc3800000] [id=10684]
  0x000001c17f65b000 WatcherThread [stack: 0x000000bbc4800000,0x000000bbc4900000] [id=10884]

VM state:not at safepoint (normal execution)

VM Mutex/Monitor currently owned by a thread: None

heap address: 0x00000000a0000000, size: 1536 MB, Compressed Oops mode: 32-bit
Narrow klass base: 0x0000000000000000, Narrow klass shift: 3
Compressed class space size: 1073741824 Address: 0x0000000100000000

Heap:
 PSYoungGen      total 301056K, used 82333K [0x00000000e8000000, 0x00000000fe800000, 0x0000000100000000)
  eden space 287744K, 28% used [0x00000000e8000000,0x00000000ecfcf538,0x00000000f9900000)
  from space 13312K, 4% used [0x00000000f9900000,0x00000000f9998020,0x00000000fa600000)
  to   space 13312K, 0% used [0x00000000fdb00000,0x00000000fdb00000,0x00000000fe800000)
 ParOldGen       total 49664K, used 38889K [0x00000000a0000000, 0x00000000a3080000, 0x00000000e8000000)
  object space 49664K, 78% used [0x00000000a0000000,0x00000000a25fa7e8,0x00000000a3080000)
 Metaspace       used 49334K, capacity 49904K, committed 50176K, reserved 1093632K
  class space    used 6443K, capacity 6591K, committed 6656K, reserved 1048576K

Card table byte_map: [0x000001c179bb0000,0x000001c179ec0000] byte_map_base: 0x000001c1796b0000

Marking Bits: (ParMarkBitMap*) 0x00000000592c5ce0
 Begin Bits: [0x000001c17a100000, 0x000001c17b900000)
 End Bits:   [0x000001c17b900000, 0x000001c17d100000)

Polling page: 0x000001c15cd90000

CodeCache: size=245760Kb used=18550Kb max_used=18564Kb free=227209Kb
 bounds [0x000001c16a7f0000, 0x000001c16ba50000, 0x000001c1797f0000]
 total_blobs=6049 nmethods=5035 adapters=923
 compilation: enabled

Compilation events (10 events):
Event: 2082.307 Thread 0x000001c17ddf0800 nmethod 5913 0x000001c16b9c3450 code [0x000001c16b9c3580, 0x000001c16b9c3658]
Event: 2082.515 Thread 0x000001c17f57e000 5914       3       java.awt.Component::dispatchEventImpl (921 bytes)
Event: 2082.519 Thread 0x000001c17f57e000 nmethod 5914 0x000001c16ba345d0 code [0x000001c16ba35040, 0x000001c16ba3ddc0]
Event: 2087.991 Thread 0x000001c17f581800 5915       3       com.mathworks.hg.util.HGUtils::flushHGPeerQueue (30 bytes)
Event: 2087.991 Thread 0x000001c17f581800 nmethod 5915 0x000001c16aaa94d0 code [0x000001c16aaa9640, 0x000001c16aaa9800]
Event: 2101.385 Thread 0x000001c17f57d000 5916       4       java.awt.Component::eventEnabled (9 bytes)
Event: 2101.386 Thread 0x000001c17f57d000 nmethod 5916 0x000001c16b9d5fd0 code [0x000001c16b9d6120, 0x000001c16b9d61b8]
Event: 2125.883 Thread 0x000001c17f57e000 5917       3       sun.misc.Resource::getByteBuffer (24 bytes)
Event: 2125.883 Thread 0x000001c17f57e000 nmethod 5917 0x000001c16b220e90 code [0x000001c16b221040, 0x000001c16b2217c0]
Event: 2125.889 Thread 0x000001c17ddf5800 5918   !   4       java.util.concurrent.ConcurrentHashMap::putVal (362 bytes)

GC Heap History (10 events):
Event: 10.579 GC heap before
{Heap before GC invocations=15 (full 1):
 PSYoungGen      total 153088K, used 52385K [0x00000000e8000000, 0x00000000f6780000, 0x0000000100000000)
  eden space 145408K, 30% used [0x00000000e8000000,0x00000000eabae478,0x00000000f0e00000)
  from space 7680K, 99% used [0x00000000f0e00000,0x00000000f157a040,0x00000000f1580000)
  to   space 10240K, 0% used [0x00000000f5d80000,0x00000000f5d80000,0x00000000f6780000)
 ParOldGen       total 49152K, used 19598K [0x00000000a0000000, 0x00000000a3000000, 0x00000000e8000000)
  object space 49152K, 39% used [0x00000000a0000000,0x00000000a1323af8,0x00000000a3000000)
 Metaspace       used 34940K, capacity 35182K, committed 35416K, reserved 1079296K
  class space    used 4710K, capacity 4824K, committed 4864K, reserved 1048576K
Event: 10.583 GC heap after
Heap after GC invocations=15 (full 1):
 PSYoungGen      total 227328K, used 2874K [0x00000000e8000000, 0x00000000f6780000, 0x0000000100000000)
  eden space 217088K, 0% used [0x00000000e8000000,0x00000000e8000000,0x00000000f5400000)
  from space 10240K, 28% used [0x00000000f5d80000,0x00000000f604e8a0,0x00000000f6780000)
  to   space 9728K, 0% used [0x00000000f5400000,0x00000000f5400000,0x00000000f5d80000)
 ParOldGen       total 49152K, used 27192K [0x00000000a0000000, 0x00000000a3000000, 0x00000000e8000000)
  object space 49152K, 55% used [0x00000000a0000000,0x00000000a1a8e218,0x00000000a3000000)
 Metaspace       used 34940K, capacity 35182K, committed 35416K, reserved 1079296K
  class space    used 4710K, capacity 4824K, committed 4864K, reserved 1048576K
}
Event: 10.583 GC heap before
{Heap before GC invocations=16 (full 2):
 PSYoungGen      total 227328K, used 2874K [0x00000000e8000000, 0x00000000f6780000, 0x0000000100000000)
  eden space 217088K, 0% used [0x00000000e8000000,0x00000000e8000000,0x00000000f5400000)
  from space 10240K, 28% used [0x00000000f5d80000,0x00000000f604e8a0,0x00000000f6780000)
  to   space 9728K, 0% used [0x00000000f5400000,0x00000000f5400000,0x00000000f5d80000)
 ParOldGen       total 49152K, used 27192K [0x00000000a0000000, 0x00000000a3000000, 0x00000000e8000000)
  object space 49152K, 55% used [0x00000000a0000000,0x00000000a1a8e218,0x00000000a3000000)
 Metaspace       used 34940K, capacity 35182K, committed 35416K, reserved 1079296K
  class space    used 4710K, capacity 4824K, committed 4864K, reserved 1048576K
Event: 10.624 GC heap after
Heap after GC invocations=16 (full 2):
 PSYoungGen      total 227328K, used 0K [0x00000000e8000000, 0x00000000f6780000, 0x0000000100000000)
  eden space 217088K, 0% used [0x00000000e8000000,0x00000000e8000000,0x00000000f5400000)
  from space 10240K, 0% used [0x00000000f5d80000,0x00000000f5d80000,0x00000000f6780000)
  to   space 9728K, 0% used [0x00000000f5400000,0x00000000f5400000,0x00000000f5d80000)
 ParOldGen       total 49664K, used 22712K [0x00000000a0000000, 0x00000000a3080000, 0x00000000e8000000)
  object space 49664K, 45% used [0x00000000a0000000,0x00000000a162e3c8,0x00000000a3080000)
 Metaspace       used 34940K, capacity 35182K, committed 35416K, reserved 1079296K
  class space    used 4710K, capacity 4824K, committed 4864K, reserved 1048576K
}
Event: 11.336 GC heap before
{Heap before GC invocations=17 (full 2):
 PSYoungGen      total 227328K, used 217088K [0x00000000e8000000, 0x00000000f6780000, 0x0000000100000000)
  eden space 217088K, 100% used [0x00000000e8000000,0x00000000f5400000,0x00000000f5400000)
  from space 10240K, 0% used [0x00000000f5d80000,0x00000000f5d80000,0x00000000f6780000)
  to   space 9728K, 0% used [0x00000000f5400000,0x00000000f5400000,0x00000000f5d80000)
 ParOldGen       total 49664K, used 22712K [0x00000000a0000000, 0x00000000a3080000, 0x00000000e8000000)
  object space 49664K, 45% used [0x00000000a0000000,0x00000000a162e3c8,0x00000000a3080000)
 Metaspace       used 43513K, capacity 43960K, committed 44288K, reserved 1087488K
  class space    used 5686K, capacity 5845K, committed 5888K, reserved 1048576K
Event: 11.344 GC heap after
Heap after GC invocations=17 (full 2):
 PSYoungGen      total 226816K, used 9714K [0x00000000e8000000, 0x00000000fb680000, 0x0000000100000000)
  eden space 217088K, 0% used [0x00000000e8000000,0x00000000e8000000,0x00000000f5400000)
  from space 9728K, 99% used [0x00000000f5400000,0x00000000f5d7c9d0,0x00000000f5d80000)
  to   space 12800K, 0% used [0x00000000faa00000,0x00000000faa00000,0x00000000fb680000)
 ParOldGen       total 49664K, used 26335K [0x00000000a0000000, 0x00000000a3080000, 0x00000000e8000000)
  object space 49664K, 53% used [0x00000000a0000000,0x00000000a19b7fa8,0x00000000a3080000)
 Metaspace       used 43513K, capacity 43960K, committed 44288K, reserved 1087488K
  class space    used 5686K, capacity 5845K, committed 5888K, reserved 1048576K
}
Event: 12.674 GC heap before
{Heap before GC invocations=18 (full 2):
 PSYoungGen      total 226816K, used 226802K [0x00000000e8000000, 0x00000000fb680000, 0x0000000100000000)
  eden space 217088K, 100% used [0x00000000e8000000,0x00000000f5400000,0x00000000f5400000)
  from space 9728K, 99% used [0x00000000f5400000,0x00000000f5d7c9d0,0x00000000f5d80000)
  to   space 12800K, 0% used [0x00000000faa00000,0x00000000faa00000,0x00000000fb680000)
 ParOldGen       total 49664K, used 26335K [0x00000000a0000000, 0x00000000a3080000, 0x00000000e8000000)
  object space 49664K, 53% used [0x00000000a0000000,0x00000000a19b7fa8,0x00000000a3080000)
 Metaspace       used 48361K, capacity 48848K, committed 49024K, reserved 1091584K
  class space    used 6283K, capacity 6431K, committed 6528K, reserved 1048576K
Event: 12.682 GC heap after
Heap after GC invocations=18 (full 2):
 PSYoungGen      total 296960K, used 9190K [0x00000000e8000000, 0x00000000fb300000, 0x0000000100000000)
  eden space 287744K, 0% used [0x00000000e8000000,0x00000000e8000000,0x00000000f9900000)
  from space 9216K, 99% used [0x00000000faa00000,0x00000000fb2f9930,0x00000000fb300000)
  to   space 13312K, 0% used [0x00000000f9900000,0x00000000f9900000,0x00000000fa600000)
 ParOldGen       total 49664K, used 34357K [0x00000000a0000000, 0x00000000a3080000, 0x00000000e8000000)
  object space 49664K, 69% used [0x00000000a0000000,0x00000000a218d618,0x00000000a3080000)
 Metaspace       used 48361K, capacity 48848K, committed 49024K, reserved 1091584K
  class space    used 6283K, capacity 6431K, committed 6528K, reserved 1048576K
}
Event: 33.607 GC heap before
{Heap before GC invocations=19 (full 2):
 PSYoungGen      total 296960K, used 296934K [0x00000000e8000000, 0x00000000fb300000, 0x0000000100000000)
  eden space 287744K, 100% used [0x00000000e8000000,0x00000000f9900000,0x00000000f9900000)
  from space 9216K, 99% used [0x00000000faa00000,0x00000000fb2f9930,0x00000000fb300000)
  to   space 13312K, 0% used [0x00000000f9900000,0x00000000f9900000,0x00000000fa600000)
 ParOldGen       total 49664K, used 34357K [0x00000000a0000000, 0x00000000a3080000, 0x00000000e8000000)
  object space 49664K, 69% used [0x00000000a0000000,0x00000000a218d618,0x00000000a3080000)
 Metaspace       used 48838K, capacity 49392K, committed 49536K, reserved 1091584K
  class space    used 6294K, capacity 6463K, committed 6528K, reserved 1048576K
Event: 33.610 GC heap after
Heap after GC invocations=19 (full 2):
 PSYoungGen      total 301056K, used 608K [0x00000000e8000000, 0x00000000fe800000, 0x0000000100000000)
  eden space 287744K, 0% used [0x00000000e8000000,0x00000000e8000000,0x00000000f9900000)
  from space 13312K, 4% used [0x00000000f9900000,0x00000000f9998020,0x00000000fa600000)
  to   space 13312K, 0% used [0x00000000fdb00000,0x00000000fdb00000,0x00000000fe800000)
 ParOldGen       total 49664K, used 38889K [0x00000000a0000000, 0x00000000a3080000, 0x00000000e8000000)
  object space 49664K, 78% used [0x00000000a0000000,0x00000000a25fa7e8,0x00000000a3080000)
 Metaspace       used 48838K, capacity 49392K, committed 49536K, reserved 1091584K
  class space    used 6294K, capacity 6463K, committed 6528K, reserved 1048576K
}

Deoptimization events (10 events):
Event: 1961.893 Thread 0x000001c17f86e000 Uncommon trap: reason=unstable_if action=reinterpret pc=0x000001c16b9b7768 method=sun.awt.AWTAutoShutdown.isReadyToShutdown()Z @ 4
Event: 1961.895 Thread 0x000001c17f86e000 Uncommon trap: reason=unstable_if action=reinterpret pc=0x000001c16b97f4cc method=sun.awt.AWTAutoShutdown.isReadyToShutdown()Z @ 4
Event: 2080.059 Thread 0x000001c17f86e000 Uncommon trap: reason=unstable_if action=reinterpret pc=0x000001c16ba012c4 method=java.awt.Component.dispatchEventImpl(Ljava/awt/AWTEvent;)V @ 134
Event: 2080.062 Thread 0x000001c17f86e000 Uncommon trap: reason=unstable_if action=reinterpret pc=0x000001c16b3544c0 method=java.awt.AWTEventMulticaster.removeInternal(Ljava/util/EventListener;Ljava/util/EventListener;)Ljava/util/EventListener; @ 15
Event: 2080.071 Thread 0x000001c17f86e000 Uncommon trap: reason=unstable_if action=reinterpret pc=0x000001c16b7eaf98 method=java.awt.Component.isShowing()Z @ 11
Event: 2080.082 Thread 0x000001c17f86e000 Uncommon trap: reason=unstable_if action=reinterpret pc=0x000001c16ba022c8 method=java.awt.Component.dispatchEventImpl(Ljava/awt/AWTEvent;)V @ 759
Event: 2080.472 Thread 0x000001c16a712000 Uncommon trap: reason=unstable_if action=reinterpret pc=0x000001c16b356664 method=com.mathworks.hg.util.HGPeerQueue.add(Lcom/mathworks/hg/util/HGPeerRunnable;)V @ 301
Event: 2080.493 Thread 0x000001c16a712000 Uncommon trap: reason=unstable_if action=reinterpret pc=0x000001c16b9f2734 method=com.mathworks.hg.util.HGPeerQueue.flush(Z)V @ 61
Event: 2080.493 Thread 0x000001c17f86e000 Uncommon trap: reason=unstable_if action=reinterpret pc=0x000001c16b943e68 method=com.mathworks.hg.util.HGPeerQueue$HGPeerRunnablesRunner.runit(Z[I)V @ 115
Event: 2080.494 Thread 0x000001c17f86e000 Uncommon trap: reason=unstable_if action=reinterpret pc=0x000001c16b87c254 method=javax.swing.SwingUtilities.getWindowAncestor(Ljava/awt/Component;)Ljava/awt/Window; @ 6

Classes redefined (0 events):
No events

Internal exceptions (10 events):
Event: 2125.117 Thread 0x000001c17f86e000 Exception <a 'java/net/SocketTimeoutException': Receive timed out> (0x00000000ec76fbf0) thrown at [C:\re\workspace\8-2-build-windows-amd64-cygwin\jdk8u202\12323\hotspot\src\share\vm\prims\jni.cpp, line 736]
Event: 2125.200 Thread 0x000001c17f86e000 Exception <a 'java/net/SocketTimeoutException': Receive timed out> (0x00000000ec7704f0) thrown at [C:\re\workspace\8-2-build-windows-amd64-cygwin\jdk8u202\12323\hotspot\src\share\vm\prims\jni.cpp, line 736]
Event: 2125.284 Thread 0x000001c17f86e000 Exception <a 'java/net/SocketTimeoutException': Receive timed out> (0x00000000ec770df0) thrown at [C:\re\workspace\8-2-build-windows-amd64-cygwin\jdk8u202\12323\hotspot\src\share\vm\prims\jni.cpp, line 736]
Event: 2125.368 Thread 0x000001c17f86e000 Exception <a 'java/net/SocketTimeoutException': Receive timed out> (0x00000000ec7716f0) thrown at [C:\re\workspace\8-2-build-windows-amd64-cygwin\jdk8u202\12323\hotspot\src\share\vm\prims\jni.cpp, line 736]
Event: 2125.452 Thread 0x000001c17f86e000 Exception <a 'java/net/SocketTimeoutException': Receive timed out> (0x00000000ec771ff0) thrown at [C:\re\workspace\8-2-build-windows-amd64-cygwin\jdk8u202\12323\hotspot\src\share\vm\prims\jni.cpp, line 736]
Event: 2125.536 Thread 0x000001c17f86e000 Exception <a 'java/net/SocketTimeoutException': Receive timed out> (0x00000000ec7728f0) thrown at [C:\re\workspace\8-2-build-windows-amd64-cygwin\jdk8u202\12323\hotspot\src\share\vm\prims\jni.cpp, line 736]
Event: 2125.619 Thread 0x000001c17f86e000 Exception <a 'java/net/SocketTimeoutException': Receive timed out> (0x00000000ec7737b0) thrown at [C:\re\workspace\8-2-build-windows-amd64-cygwin\jdk8u202\12323\hotspot\src\share\vm\prims\jni.cpp, line 736]
Event: 2125.703 Thread 0x000001c17f86e000 Exception <a 'java/net/SocketTimeoutException': Receive timed out> (0x00000000ec7740b0) thrown at [C:\re\workspace\8-2-build-windows-amd64-cygwin\jdk8u202\12323\hotspot\src\share\vm\prims\jni.cpp, line 736]
Event: 2125.787 Thread 0x000001c17f86e000 Exception <a 'java/net/SocketTimeoutException': Receive timed out> (0x00000000ec7749b0) thrown at [C:\re\workspace\8-2-build-windows-amd64-cygwin\jdk8u202\12323\hotspot\src\share\vm\prims\jni.cpp, line 736]
Event: 2125.871 Thread 0x000001c17f86e000 Exception <a 'java/net/SocketTimeoutException': Receive timed out> (0x00000000ec7752b0) thrown at [C:\re\workspace\8-2-build-windows-amd64-cygwin\jdk8u202\12323\hotspot\src\share\vm\prims\jni.cpp, line 736]

Events (10 events):
Event: 2125.890 Thread 0x000001c104183800 Thread exited: 0x000001c104183800
Event: 2125.890 Thread 0x000001c17f86e000 DEOPT PACKING pc=0x000001c16b284fbb sp=0x000000bbc51fed70
Event: 2125.890 Thread 0x000001c17f86e000 DEOPT UNPACKING pc=0x000001c16a837898 sp=0x000000bbc51feb10 mode 0
Event: 2125.890 loading class com/mathworks/widgets/BusyAffordance$1
Event: 2125.890 loading class com/mathworks/widgets/BusyAffordance$1 done
Event: 2125.890 Thread 0x000001c104186000 Thread exited: 0x000001c104186000
Event: 2125.890 Executing VM operation: RevokeBias
Event: 2125.890 Executing VM operation: RevokeBias done
Event: 2125.890 loading class com/mathworks/util/Log$1
Event: 2125.890 loading class com/mathworks/util/Log$1 done


Dynamic libraries:
0x00007ff6315b0000 - 0x00007ff6315e3000 	C:\Program Files\MATLAB\R2020b\bin\win64\matlab.exe
0x00007ffc58530000 - 0x00007ffc58727000 	C:\WINDOWS\SYSTEM32\ntdll.dll
0x00007ffc57140000 - 0x00007ffc571fd000 	C:\WINDOWS\System32\KERNEL32.DLL
0x00007ffc55f30000 - 0x00007ffc561fd000 	C:\WINDOWS\System32\KERNELBASE.dll
0x00007ffc534f0000 - 0x00007ffc53580000 	C:\WINDOWS\SYSTEM32\apphelp.dll
0x00007ffc55d20000 - 0x00007ffc55e20000 	C:\WINDOWS\System32\ucrtbase.dll
0x00007ffc3dd50000 - 0x00007ffc3df79000 	C:\Program Files\MATLAB\R2020b\bin\win64\libmwi18n.dll
0x00007ffc1a420000 - 0x00007ffc1acc3000 	C:\Program Files\MATLAB\R2020b\bin\win64\mlutil.dll
0x00007ffc1f910000 - 0x00007ffc1fd1f000 	C:\Program Files\MATLAB\R2020b\bin\win64\mvm.dll
0x00007ffc19f60000 - 0x00007ffc1a420000 	C:\Program Files\MATLAB\R2020b\bin\win64\libmwservices.dll
0x00007ffc56af0000 - 0x00007ffc56b9e000 	C:\WINDOWS\System32\ADVAPI32.dll
0x00007ffc56590000 - 0x00007ffc5662e000 	C:\WINDOWS\System32\msvcrt.dll
0x00007ffc56560000 - 0x00007ffc56587000 	C:\WINDOWS\System32\bcrypt.dll
0x00007ffc56ba0000 - 0x00007ffc56d40000 	C:\WINDOWS\System32\USER32.dll
0x00007ffc35700000 - 0x00007ffc359a5000 	C:\Program Files\MATLAB\R2020b\bin\win64\libmwfl.dll
0x00007ffc567e0000 - 0x00007ffc5687c000 	C:\WINDOWS\System32\sechost.dll
0x00007ffc570d0000 - 0x00007ffc5713b000 	C:\WINDOWS\System32\WS2_32.dll
0x00007ffc55cf0000 - 0x00007ffc55d12000 	C:\WINDOWS\System32\win32u.dll
0x00007ffc583c0000 - 0x00007ffc584e5000 	C:\WINDOWS\System32\RPCRT4.dll
0x00007ffc56750000 - 0x00007ffc5677a000 	C:\WINDOWS\System32\GDI32.dll
0x00007ffc44f60000 - 0x00007ffc44ffb000 	C:\Program Files\MATLAB\R2020b\bin\win64\MSVCP140.dll
0x00007ffc55e20000 - 0x00007ffc55f2b000 	C:\WINDOWS\System32\gdi32full.dll
0x00007ffc504b0000 - 0x00007ffc504c6000 	C:\Program Files\MATLAB\R2020b\bin\win64\VCRUNTIME140.dll
0x00007ffc55c50000 - 0x00007ffc55ced000 	C:\WINDOWS\System32\msvcp_win.dll
0x00007ffc485d0000 - 0x00007ffc485d9000 	C:\Program Files\MATLAB\R2020b\bin\win64\libmwresource_core.dll
0x00007ffc47370000 - 0x00007ffc4739a000 	C:\Program Files\MATLAB\R2020b\bin\win64\libmwfoundation_filesystem.dll
0x00007ffc47350000 - 0x00007ffc47368000 	C:\Program Files\MATLAB\R2020b\bin\win64\libmwcpp11compat.dll
0x00007ffc574f0000 - 0x00007ffc57c34000 	C:\WINDOWS\System32\SHELL32.dll
0x00007ffc44760000 - 0x00007ffc44772000 	C:\Program Files\MATLAB\R2020b\bin\win64\mwboost_date_time-vc141-mt-x64-1_70.dll
0x00007ffc445c0000 - 0x00007ffc445e0000 	C:\Program Files\MATLAB\R2020b\bin\win64\mwboost_filesystem-vc141-mt-x64-1_70.dll
0x00007ffc4f3c0000 - 0x00007ffc4f3d4000 	C:\Program Files\MATLAB\R2020b\bin\win64\libmwcapabilities.dll
0x00007ffc458f0000 - 0x00007ffc4590c000 	C:\Program Files\MATLAB\R2020b\bin\win64\mwboost_thread-vc141-mt-x64-1_70.dll
0x00007ffc3dfe0000 - 0x00007ffc3e008000 	C:\Program Files\MATLAB\R2020b\bin\win64\libexpat.dll
0x00007ffc2af60000 - 0x00007ffc2b2af000 	C:\Program Files\MATLAB\R2020b\bin\win64\libmwms.dll
0x00007ffc44340000 - 0x00007ffc444cf000 	C:\Program Files\MATLAB\R2020b\bin\win64\libmx.dll
0x00007ffc445e0000 - 0x00007ffc446b6000 	C:\Program Files\MATLAB\R2020b\bin\win64\libut.dll
0x00007ffc2c030000 - 0x00007ffc2c28d000 	C:\Program Files\MATLAB\R2020b\bin\win64\icuin64.dll
0x00007ffc38d10000 - 0x00007ffc38ea7000 	C:\Program Files\MATLAB\R2020b\bin\win64\libmwmst.dll
0x00007ffc569c0000 - 0x00007ffc56aea000 	C:\WINDOWS\System32\ole32.dll
0x00007ffc2b6f0000 - 0x00007ffc2b881000 	C:\Program Files\MATLAB\R2020b\bin\win64\icuuc64.dll
0x00007ffc56d40000 - 0x00007ffc57094000 	C:\WINDOWS\System32\combase.dll
0x00007ffc37760000 - 0x00007ffc37918000 	C:\Program Files\MATLAB\R2020b\bin\win64\libmwfoundation_matlabdata.dll
0x00007ffc56890000 - 0x00007ffc5695d000 	C:\WINDOWS\System32\OLEAUT32.dll
0x00007ffc446c0000 - 0x00007ffc446f4000 	C:\Program Files\MATLAB\R2020b\bin\win64\libmwthreadpool.dll
0x00007ffc3dd00000 - 0x00007ffc3dd41000 	C:\Program Files\MATLAB\R2020b\bin\win64\libmwfoundation_usm.dll
0x00007ffc4bbf0000 - 0x00007ffc4bc0f000 	C:\WINDOWS\SYSTEM32\MPR.dll
0x00007ffc4e5d0000 - 0x00007ffc4e5de000 	C:\Program Files\MATLAB\R2020b\bin\win64\libmwmatlabdata_boost_serialization.dll
0x00007ffc37370000 - 0x00007ffc37421000 	C:\Program Files\MATLAB\R2020b\bin\win64\mwboost_log-vc141-mt-x64-1_70.dll
0x00007ffc3dcb0000 - 0x00007ffc3dcf1000 	C:\Program Files\MATLAB\R2020b\bin\win64\mwboost_serialization-vc141-mt-x64-1_70.dll
0x00007ffc48810000 - 0x00007ffc4882c000 	C:\Program Files\MATLAB\R2020b\bin\win64\libmwstartupplugin.dll
0x00007ffc38c60000 - 0x00007ffc38cca000 	C:\Program Files\MATLAB\R2020b\bin\win64\libmwlivecode.dll
0x00007ffc376d0000 - 0x00007ffc3775b000 	C:\Program Files\MATLAB\R2020b\bin\win64\libmwcppmicroservices.dll
0x00007ffc38b20000 - 0x00007ffc38b77000 	C:\Program Files\MATLAB\R2020b\bin\win64\libmwsearch_path_utilities.dll
0x00007ffc56250000 - 0x00007ffc562b7000 	C:\WINDOWS\System32\WINTRUST.dll
0x00007ffc36f30000 - 0x00007ffc370d3000 	C:\Program Files\MATLAB\R2020b\bin\win64\libmwflstoragevfs.dll
0x00007ffc3a720000 - 0x00007ffc3a786000 	C:\Program Files\MATLAB\R2020b\bin\win64\tbb.dll
0x00007ffc37480000 - 0x00007ffc374f0000 	C:\Program Files\MATLAB\R2020b\bin\win64\libmwcwf_interface.dll
0x00007ffc56350000 - 0x00007ffc564a6000 	C:\WINDOWS\System32\CRYPT32.dll
0x00007ffc44f50000 - 0x00007ffc44f5e000 	C:\Program Files\MATLAB\R2020b\bin\win64\libmwmatlabstoragesystem.dll
0x00007ffc3a570000 - 0x00007ffc3a66c000 	C:\Program Files\MATLAB\R2020b\bin\win64\libmwstartup_plugin_initializer.dll
0x00007ffc36540000 - 0x00007ffc36663000 	C:\Program Files\MATLAB\R2020b\bin\win64\libmwflstorageprovider.dll
0x00007ffc504a0000 - 0x00007ffc504af000 	C:\Program Files\MATLAB\R2020b\bin\win64\libmvmtransportapi.dll
0x00007ffc44f40000 - 0x00007ffc44f4f000 	C:\Program Files\MATLAB\R2020b\bin\win64\libmwflstorageutility.dll
0x00007ffc3a3a0000 - 0x00007ffc3a50e000 	C:\Program Files\MATLAB\R2020b\bin\win64\matlab_toolbox_events.dll
0x00007ffc38bd0000 - 0x00007ffc38c1c000 	C:\Program Files\MATLAB\R2020b\bin\win64\libmwrelease_info.dll
0x00007ffc1f670000 - 0x00007ffc1f90a000 	C:\Program Files\MATLAB\R2020b\bin\win64\execution_events.dll
0x00007ffc15e50000 - 0x00007ffc163a0000 	C:\Program Files\MATLAB\R2020b\bin\win64\settingscore.dll
0x00007ffc48660000 - 0x00007ffc4866e000 	C:\Program Files\MATLAB\R2020b\bin\win64\mwboost_chrono-vc141-mt-x64-1_70.dll
0x00007ffc37240000 - 0x00007ffc37295000 	C:\Program Files\MATLAB\R2020b\bin\win64\libmwsettings_in_matlab.dll
0x00007ffc36e10000 - 0x00007ffc36e9f000 	C:\Program Files\MATLAB\R2020b\bin\win64\opccore.dll
0x00007ffc2f750000 - 0x00007ffc2f90e000 	C:\Program Files\MATLAB\R2020b\bin\win64\opcmodel.dll
0x00007ffc3d860000 - 0x00007ffc3d89c000 	C:\Program Files\MATLAB\R2020b\bin\win64\opczippackage.dll
0x00007ffc3a6e0000 - 0x00007ffc3a71f000 	C:\Program Files\MATLAB\R2020b\bin\win64\string_matrix.dll
0x00007ffc38b00000 - 0x00007ffc38b18000 	C:\Program Files\MATLAB\R2020b\bin\win64\mwboost_iostreams-vc141-mt-x64-1_70.dll
0x00007ffc320a0000 - 0x00007ffc32199000 	C:\Program Files\MATLAB\R2020b\bin\win64\mwboost_regex-vc141-mt-x64-1_70.dll
0x00007ffc1f540000 - 0x00007ffc1f66f000 	C:\Program Files\MATLAB\R2020b\bin\win64\CppMicroServices3.dll
0x00007ffc4f840000 - 0x00007ffc4fa24000 	C:\WINDOWS\SYSTEM32\dbghelp.dll
0x00007ffc56780000 - 0x00007ffc567d5000 	C:\WINDOWS\System32\SHLWAPI.dll
0x00007ffc55ac0000 - 0x00007ffc55b0b000 	C:\WINDOWS\SYSTEM32\POWRPROF.dll
0x00007ffc36c80000 - 0x00007ffc36cb7000 	C:\Program Files\MATLAB\R2020b\bin\win64\libmwmfl_permute.dll
0x00007ffc37350000 - 0x00007ffc37362000 	C:\Program Files\MATLAB\R2020b\bin\win64\libmwindexingapimethods.dll
0x00007ffc36490000 - 0x00007ffc364ef000 	C:\Program Files\MATLAB\R2020b\bin\win64\tbbmalloc.dll
0x0000000059350000 - 0x000000005936a000 	C:\Program Files\MATLAB\R2020b\bin\win64\zlib1.dll
0x00007ffc44df0000 - 0x00007ffc44dfd000 	C:\Program Files\MATLAB\R2020b\bin\win64\libmwflstrings.dll
0x00007ffc389f0000 - 0x00007ffc38a01000 	C:\Program Files\MATLAB\R2020b\bin\win64\icuio64.dll
0x00007ffc37200000 - 0x00007ffc37240000 	C:\Program Files\MATLAB\R2020b\bin\win64\libmwmsr.dll
0x00007ffc55340000 - 0x00007ffc553aa000 	C:\WINDOWS\SYSTEM32\MSWSOCK.dll
0x00007ffc352c0000 - 0x00007ffc35362000 	C:\Program Files\MATLAB\R2020b\bin\win64\opcmwservices.dll
0x00007ffc15b30000 - 0x00007ffc15e4a000 	C:\Program Files\MATLAB\R2020b\bin\win64\xerces-c_3_2.dll
0x00007ffc4a5f0000 - 0x00007ffc4a5fc000 	C:\WINDOWS\SYSTEM32\Secur32.dll
0x00007ffc36f10000 - 0x00007ffc36f29000 	C:\Program Files\MATLAB\R2020b\bin\win64\libmwsearch_path_interfaces.dll
0x00007ffc31cd0000 - 0x00007ffc31d76000 	C:\Program Files\MATLAB\R2020b\bin\win64\libmwstoragefilefolderobserver.dll
0x00007ffc15880000 - 0x00007ffc15b30000 	C:\Program Files\MATLAB\R2020b\bin\win64\libmwflnetwork.dll
0x00007ffc36df0000 - 0x00007ffc36e0e000 	C:\Program Files\MATLAB\R2020b\bin\win64\libmwflstorageevents.dll
0x00007ffc36150000 - 0x00007ffc361a5000 	C:\Program Files\MATLAB\R2020b\bin\win64\libmwfoundation_json.dll
0x00007ffc35f90000 - 0x00007ffc36010000 	C:\Program Files\MATLAB\R2020b\bin\win64\xmlcore.dll
0x00007ffc1af70000 - 0x00007ffc1b063000 	C:\Program Files\MATLAB\R2020b\bin\win64\libmwfoundation_matlabdata_standalone.dll
0x00007ffc19e40000 - 0x00007ffc19f55000 	C:\Program Files\MATLAB\R2020b\bin\win64\libmwfoundation_matlabdata_json.dll
0x00007ffc36c50000 - 0x00007ffc36c79000 	C:\Program Files\MATLAB\R2020b\bin\win64\libmwnativedialogs.dll
0x00007ffc2eaa0000 - 0x00007ffc2eb89000 	C:\Program Files\MATLAB\R2020b\bin\win64\libmwsearch_path_events.dll
0x00007ffc360f0000 - 0x00007ffc36142000 	C:\Program Files\MATLAB\R2020b\bin\win64\libmwflcrypto.dll
0x00007ffc35ee0000 - 0x00007ffc35f20000 	C:\Program Files\MATLAB\R2020b\bin\win64\libmwflcryptoutils.dll
0x00007ffc15660000 - 0x00007ffc1587f000 	C:\Program Files\MATLAB\R2020b\bin\win64\libmwflcryptocryptopp.dll
0x00007ffc35010000 - 0x00007ffc35067000 	C:\Program Files\MATLAB\R2020b\bin\win64\libmwflcertificates.dll
0x00007ffc36520000 - 0x00007ffc36531000 	C:\Program Files\MATLAB\R2020b\bin\win64\libminizip.dll
0x00007ffc34e20000 - 0x00007ffc34eab000 	C:\Program Files\MATLAB\R2020b\bin\win64\mcos.dll
0x00007ffc55030000 - 0x00007ffc5506b000 	C:\WINDOWS\SYSTEM32\IPHLPAPI.DLL
0x00007ffc36470000 - 0x00007ffc36486000 	C:\Program Files\MATLAB\R2020b\bin\win64\libmwdtoa.dll
0x00007ffc3dfd0000 - 0x00007ffc3dfde000 	C:\Program Files\MATLAB\R2020b\bin\win64\libmwfoundation_matlabjson_frontend.dll
0x00007ffc36060000 - 0x00007ffc36080000 	C:\Program Files\MATLAB\R2020b\bin\win64\libmwmodule_descriptor_interfaces.dll
0x00007ffc153a0000 - 0x00007ffc1565f000 	C:\Program Files\MATLAB\R2020b\bin\win64\libcrypto-1_1-x64.dll
0x00007ffc31160000 - 0x00007ffc3120c000 	C:\Program Files\MATLAB\R2020b\bin\win64\libssl-1_1-x64.dll
0x00007ffc55b40000 - 0x00007ffc55b72000 	C:\WINDOWS\SYSTEM32\SSPICLI.DLL
0x000001c158a70000 - 0x000001c15a4b4000 	C:\Program Files\MATLAB\R2020b\bin\win64\icudt64.dll
0x00007ffc55aa0000 - 0x00007ffc55ab2000 	C:\WINDOWS\SYSTEM32\UMPDC.dll
0x00007ffc57430000 - 0x00007ffc57460000 	C:\WINDOWS\System32\IMM32.DLL
0x00007ffc55770000 - 0x00007ffc55782000 	C:\WINDOWS\SYSTEM32\MSASN1.dll
0x00007ffc55550000 - 0x00007ffc5555c000 	C:\WINDOWS\SYSTEM32\CRYPTBASE.DLL
0x00007ffc562c0000 - 0x00007ffc56342000 	C:\WINDOWS\System32\bcryptPrimitives.dll
0x00007ffc21100000 - 0x00007ffc211a3000 	C:\Program Files\MATLAB\R2020b\bin\win64\DeclarativeServices1.dll
0x00007ffc3dc80000 - 0x00007ffc3dc89000 	C:\Program Files\MATLAB\R2020b\bin\win64\usLogService.dll
0x00007ffc35ec0000 - 0x00007ffc35ed3000 	C:\Program Files\MATLAB\R2020b\bin\win64\usServiceComponent.dll
0x00007ffc35ea0000 - 0x00007ffc35ebb000 	C:\Program Files\MATLAB\R2020b\bin\win64\cppmicroservices_compendium\foundation\cppmicroservices\logserviceimpl\mwLogServiceImpl.dll
0x00007ffc356e0000 - 0x00007ffc356fc000 	C:\Program Files\MATLAB\R2020b\bin\win64\matlab_startup_plugins\connector\openssl_initializer\libmwconnectoropensslinitializer.dll
0x00007ffc1f2f0000 - 0x00007ffc1f3dd000 	C:\Program Files\MATLAB\R2020b\bin\win64\PocoNet64.dll
0x00007ffc34d30000 - 0x00007ffc34d6a000 	C:\Program Files\MATLAB\R2020b\bin\win64\PocoNetSSL64.dll
0x00007ffc19cd0000 - 0x00007ffc19e3a000 	C:\Program Files\MATLAB\R2020b\bin\win64\PocoFoundation64.dll
0x00007ffc34d00000 - 0x00007ffc34d30000 	C:\Program Files\MATLAB\R2020b\bin\win64\PocoCrypto64.dll

VM Arguments:
jvm_args: -Xms64m -XX:NewRatio=3 -Xmx1536m -XX:MaxDirectMemorySize=2147400000 -Dsun.java2d.noddraw=true -Dsun.awt.nopixfmt=true -Xshare:off -Djava.ext.dirs=C:\Program Files\MATLAB\R2020b\sys\java\jre\win64\jre\lib\ext -Djogamp.gluegen.UseTempJarCache=false -Djogl.disable.opengles=1 -Djogl.windows.cpu_affinity_mode=0 -Xrs -Djava.library.path=C:\Program Files\MATLAB\R2020b\bin\win64;C:\Program Files\MATLAB\R2020b\sys\jxbrowser\win64\lib vfprintf -XX:ErrorFile=C:\Users\EXPERI~1\AppData\Local\Temp\hs_error_pid3012.log abort -Duser.language=en -Duser.country=GB -Dfile.encoding=Cp1252 -XX:ParallelGCThreads=6 
java_command: <unknown>
java_class_path (initial): C:\Program Files\MATLAB\R2020b\java\patch;C:\Program Files\MATLAB\R2020b\java\jar\jmi.jar;C:\Program Files\MATLAB\R2020b\java\jar\util.jar;C:\Program Files\MATLAB\R2020b\java\jar\mvm.jar;C:\Program Files\MATLAB\R2020b\java\jar\services.jar;C:\Program Files\MATLAB\R2020b\java\jarext\commons-io.jar;C:\Program Files\MATLAB\R2020b\java\jar\cfbutils.jar;C:\Program Files\MATLAB\R2020b\java\jar\capabilities.jar;C:\Program Files\MATLAB\R2020b\java\jar\mlwidgets.jar;C:\Program Files\MATLAB\R2020b\java\jar\html.jar;C:\Program Files\MATLAB\R2020b\java\jar\net.jar;C:\Program Files\MATLAB\R2020b\java\jar\ddux_api.jar;C:\Program Files\MATLAB\R2020b\java\jarext\log4j.jar;C:\Program Files\MATLAB\R2020b\java\jar\mwswing.jar;C:\Program Files\MATLAB\R2020b\java\jar\common.jar;C:\Program Files\MATLAB\R2020b\java\jarext\google-collect.jar;C:\Program Files\MATLAB\R2020b\java\jarext\commons-lang.jar;C:\Program Files\MATLAB\R2020b\java\jarext\jide\jide-common.jar;C:\Program Files\MATLAB\R2020b\java\jarext\jide\jide-dock.jar;C:\Program Files\MATLAB\R2020b\java\jarext\jide\jide-action.jar;C:\Program Files\MATLAB\R2020b\java\jarext\jide\jide-components.jar;C:\Program Files\MATLAB\R2020b\java\jarext\jide\jide-grids.jar;C:\Program Files\MATLAB\R2020b\java\jarext\jide\jide-dialogs.jar;C:\Program Files\MATLAB\R2020b\java\jarext\jide\jide-shortcut.jar;C:\Program Files\MATLAB\R2020b\java\jarext\jide\jide-charts.jar;C:\Program Files\MATLAB\R2020b\java\jar\toolstrip.jar;C:\Program Files\MATLAB\R2020b\java\jar\mlservices.jar;C:\Program Files\MATLAB\R2020b\java\jar\widgets.jar;C:\Program Files\MATLAB\R2020b\java\jar\mde.jar;C:\Program Files\MATLAB\R2020b\java\jar\explorer.jar;C:\Program Files\MATLAB\R2020b\java\jar\explorer_api.jar;C:\Program Files\MATLAB\R2020b\java\jar\desktop.jar;C:\Program Files\MATLAB\R2020b\java\jar\addons.jar;C:\Program Files\MATLAB\R2020b\java\jar\addons_common.jar;C:\Program Files\MATLAB\R2020b\java\jarext\connector_api\msscommon\msscommon.jar;C:\P
Launcher Type: generic

Environment Variables:
PATH=C:\Program Files\MATLAB\R2020b\toolbox\imaq\imaqextern\drivers\win64\genicam\GenICam_V3_1_0\bin\Win64_x64;C:\Program Files\MATLAB\R2020b\bin\win64;C:\WINDOWS\system32;C:\WINDOWS;C:\WINDOWS\System32\Wbem;C:\WINDOWS\System32\WindowsPowerShell\v1.0\;C:\WINDOWS\System32\OpenSSH\;C:\Program Files\MATLAB\R2020b\bin;C:\Program Files\SlikSvn\bin;C:\Program Files\Git\cmd;C:\Program Files\Point Grey Research\Spinnaker\bin64\vs2015;C:\Program Files\Point Grey Research\Spinnaker\bin\vs2015;C:\Program Files\Point Grey Research\FlyCap2 Viewer\bin64;%FC2PATH\vs2013;C:\Program Files\Point Grey Research\FlyCap2 Viewer\bin64\vs2015;C:\Users\Experiment\AppData\Local\Microsoft\WindowsApps;C:\Users\Experiment\anaconda3\condabin;C:\Users\Experiment\anaconda3\Scripts;
USERNAME=Experiment
OS=Windows_NT
PROCESSOR_IDENTIFIER=Intel64 Family 6 Model 165 Stepping 5, GenuineIntel



---------------  S Y S T E M  ---------------

OS: Windows 10.0 , 64 bit Build 19041 (10.0.19041.1741)

CPU:total 20 (initial active 20) (10 cores per cpu, 2 threads per core) family 6 model 165 stepping 5, cmov, cx8, fxsr, mmx, sse, sse2, sse3, ssse3, sse4.1, sse4.2, popcnt, avx, avx2, aes, clmul, erms, 3dnowpref, lzcnt, ht, tsc, tscinvbit, bmi1, bmi2, adx

Memory: 4k page, physical 33392400k(25930816k free), swap 39473784k(31190920k free)

vm_info: Java HotSpot(TM) 64-Bit Server VM (25.202-b08) for windows-amd64 JRE (1.8.0_202-b08), built on Dec 15 2018 19:54:30 by "java_re" with MS VC++ 10.0 (VS2010)

time: Thu Jun 16 15:45:36 2022
timezone: GMT Daylight Time
elapsed time: 2125 seconds (0d 0h 35m 25s)

