#
# A fatal error has been detected by the Java Runtime Environment:
#
#  EXCEPTION_UNCAUGHT_CXX_EXCEPTION (0xe06d7363) at pc=0x00007ffa6b814f69, pid=6700, tid=0x0000000000001c18
#
# JRE version: Java(TM) SE Runtime Environment (8.0_202-b08) (build 1.8.0_202-b08)
# Java VM: Java HotSpot(TM) 64-Bit Server VM (25.202-b08 mixed mode windows-amd64 compressed oops)
# Problematic frame:
# C  [KERNELBASE.dll+0x34f69]
#
# Failed to write core dump. Minidumps are not enabled by default on client versions of Windows
#
# If you would like to submit a bug report, please visit:
#   http://bugreport.java.com/bugreport/crash.jsp
# The crash happened outside the Java Virtual Machine in native code.
# See problematic frame for where to report the bug.
#

---------------  T H R E A D  ---------------

Current thread (0x0000020ebb722000):  JavaThread "main" [_thread_in_native, id=7192, stack(0x000000c155500000,0x000000c159500000)]

siginfo: ExceptionCode=0xe06d7363, ExceptionInformation=0x0000000019930520 0x000000c1594e61c8 0x00007ffa2b89c3a8 0x00007ffa2b700000 

Registers:
RAX=0x0000000000000000, RBX=0x000000c1594e3860, RCX=0x0000000000000000, RDX=0x0000000000000000
RSP=0x000000c1594e1260, RBP=0x000000c1594e1910, RSI=0x000000c1594e13a0, RDI=0x000000c1594e20b0
R8 =0x0000020ebb7423d0, R9 =0x0000000000000009, R10=0x000000006ec6a490, R11=0x0000000000000030
R12=0x000000c1594e26d8, R13=0x00007ffa2b64f900, R14=0x0000000000000000, R15=0x0000000000000000
RIP=0x00007ffa6b814f69, EFLAGS=0x0000000000000202

Top of Stack: (sp=0x000000c1594e1260)
0x000000c1594e1260:   fffffffffffffffe 000000c1594e3860
0x000000c1594e1270:   000000c1594e13a0 0000000000000000
0x000000c1594e1280:   00000001e06d7363 0000000000000000
0x000000c1594e1290:   00007ffa6b814f69 0000000000000004
0x000000c1594e12a0:   0000000019930520 000000c1594e61c8
0x000000c1594e12b0:   00007ffa2b89c3a8 00007ffa2b700000
0x000000c1594e12c0:   0000c45a7ab61928 000000c1594e26d8
0x000000c1594e12d0:   0000000000000004 00007ffa60544685
0x000000c1594e12e0:   0000000000000000 0000020eaee57da0
0x000000c1594e12f0:   000000c1594e13a0 000000c1594e1910
0x000000c1594e1300:   000000c1594e20b0 00007ffa6054470d
0x000000c1594e1310:   000000c1594e3860 000000c1594e13a0
0x000000c1594e1320:   000032d705967cd3 0000020ee6f52038
0x000000c1594e1330:   000000c1594e3860 00007ffa60541f74
0x000000c1594e1340:   00007ffa2b64f900 000000c1594e26d8
0x000000c1594e1350:   0000000000000100 000000c1594e1308 

Instructions: (pc=0x00007ffa6b814f69)
0x00007ffa6b814f49:   8b d1 44 0f 47 c0 44 89 44 24 38 49 c1 e0 03 e8
0x00007ffa6b814f59:   0a d7 05 00 48 8d 4c 24 20 48 ff 15 0f 9f 18 00
0x00007ffa6b814f69:   0f 1f 44 00 00 48 8b 8c 24 c0 00 00 00 48 33 cc
0x00007ffa6b814f79:   e8 32 98 05 00 48 81 c4 d8 00 00 00 c3 cc 83 64 


Register to memory mapping:

RAX=0x0000000000000000 is an unknown value
RBX=0x000000c1594e3860 is pointing into the stack for thread: 0x0000020ebb722000
RCX=0x0000000000000000 is an unknown value
RDX=0x0000000000000000 is an unknown value
RSP=0x000000c1594e1260 is pointing into the stack for thread: 0x0000020ebb722000
RBP=0x000000c1594e1910 is pointing into the stack for thread: 0x0000020ebb722000
RSI=0x000000c1594e13a0 is pointing into the stack for thread: 0x0000020ebb722000
RDI=0x000000c1594e20b0 is pointing into the stack for thread: 0x0000020ebb722000
R8 =0x0000020ebb7423d0 is an unknown value
R9 =0x0000000000000009 is an unknown value
R10=0x000000006ec6a490 is an unknown value
R11=0x0000000000000030 is an unknown value
R12=0x000000c1594e26d8 is pointing into the stack for thread: 0x0000020ebb722000
R13=0x00007ffa2b64f900 is an unknown value
R14=0x0000000000000000 is an unknown value
R15=0x0000000000000000 is an unknown value


Stack: [0x000000c155500000,0x000000c159500000],  sp=0x000000c1594e1260,  free space=65412k
Native frames: (J=compiled Java code, j=interpreted, Vv=VM code, C=native code)
C  [KERNELBASE.dll+0x34f69]
C  [VCRUNTIME140.dll+0x1f74]
C  [ntdll.dll+0xa1456]
C  0x00007ffa2b5e7a3f
C  0x00007ffa2b5b7c42
C  0x00007ffa2b5b7421
C  0x00007ffa2b5b9313
C  [libmwservices.dll+0x29f923]
C  [libmwservices.dll+0x2a0f10]
C  [libmwservices.dll+0x2a1c0e]
C  0x00007ffa1dbc3e2a
C  0x0000020ebc7e9f2e

Java frames: (J=compiled Java code, j=interpreted, Vv=VM code)
j  com.mathworks.jmi.NativeMatlab.ProcessPendingEvents()Z+0
j  com.mathworks.jmi.NativeMatlab.processPendingEvents()Z+8
j  com.mathworks.jmi.Matlab$ProcessPendingEvents.callBooleanMethod(Ljava/lang/Object;)Z+0
j  com.mathworks.util.FactoryUtils.processPendingEvents()Z+12
j  com.mathworks.widgets.desk.Desktop.canClose()Z+38
j  com.mathworks.mde.desk.MLDesktop.canClose()Z+296
j  com.mathworks.mde.desk.MLDesktop$2.call()Ljava/lang/Boolean;+4
j  com.mathworks.mde.desk.MLDesktop$2.call()Ljava/lang/Object;+1
j  com.mathworks.jmi.Matlab.runPredicates(Ljava/util/List;Z)Z+59
j  com.mathworks.jmi.Matlab.isOkToExit()Z+4
v  ~StubRoutines::call_stub
j  com.mathworks.jmi.NativeMatlab.SendMatlabMessage(Ljava/lang/Object;)Ljava/lang/Object;+0
j  com.mathworks.jmi.NativeMatlab.sendMatlabMessage(Ljava/lang/Object;)Ljava/lang/Object;+22
j  com.mathworks.jmi.MatlabLooper.sendMatlabMessage(Lcom/mathworks/services/message/MWMessage;)Ljava/lang/Object;+20
j  com.mathworks.jmi.Matlab.mtFevalConsoleOutput(Ljava/lang/String;[Ljava/lang/Object;I)Ljava/lang/Object;+58
j  com.mathworks.toolbox.instrument.events.ActionQueue.run()V+130
v  ~StubRoutines::call_stub

---------------  P R O C E S S  ---------------

Java Threads: ( => current thread )
  0x0000020e8e4f4000 JavaThread "Installation Observer" daemon [_thread_blocked, id=12836, stack(0x000000c162c00000,0x000000c162d00000)]
  0x0000020ee6c3a000 JavaThread "Keep-Alive-SocketCleaner" daemon [_thread_blocked, id=428, stack(0x000000c165a00000,0x000000c165b00000)]
  0x0000020e8e4fa800 JavaThread "com.mathworks.addons_common.notificationframework.InstalledFolderRegistryObservers" daemon [_thread_blocked, id=12672, stack(0x000000c163f00000,0x000000c164000000)]
  0x0000020ed4c69000 JavaThread "com.mathworks.addons_common.notificationframework.InstalledAddOnsCache" daemon [_thread_blocked, id=10836, stack(0x000000c162a00000,0x000000c162b00000)]
  0x0000020ed4c68000 JavaThread "TimerQueue" daemon [_thread_blocked, id=9608, stack(0x000000c161c00000,0x000000c161d00000)]
  0x0000020ed4c6f000 JavaThread "AWT-EventQueue-0-SharedResourceRunner" daemon [_thread_blocked, id=1032, stack(0x000000c161700000,0x000000c161800000)]
  0x0000020ed4c6e000 JavaThread "Thread-3" daemon [_thread_blocked, id=9728, stack(0x000000c160d00000,0x000000c160e00000)]
  0x0000020ed4a18000 JavaThread "AWT-EventQueue-0" [_thread_blocked, id=12380, stack(0x000000c160b00000,0x000000c160c00000)]
  0x0000020ed4101000 JavaThread "AWT-Shutdown" [_thread_blocked, id=2732, stack(0x000000c160700000,0x000000c160800000)]
  0x0000020ed4967000 JavaThread "EventMgr Dispatcher" daemon [_thread_in_native, id=2356, stack(0x000000c160a00000,0x000000c160b00000)]
  0x0000020ed3657000 JavaThread "AWT-Windows" daemon [_thread_in_native, id=3944, stack(0x000000c160800000,0x000000c160900000)]
  0x0000020ed3648800 JavaThread "Java2D Disposer" daemon [_thread_blocked, id=6392, stack(0x000000c160600000,0x000000c160700000)]
  0x0000020ed432c000 JavaThread "Settings Releaser" daemon [_thread_blocked, id=1836, stack(0x000000c160500000,0x000000c160600000)]
  0x0000020ed3fdf800 JavaThread "EventMgr Dispatcher" daemon [_thread_in_native, id=6548, stack(0x000000c160400000,0x000000c160500000)]
  0x0000020ed1620000 JavaThread "Service Thread" daemon [_thread_blocked, id=6572, stack(0x000000c160100000,0x000000c160200000)]
  0x0000020ed1578000 JavaThread "C1 CompilerThread11" daemon [_thread_blocked, id=7856, stack(0x000000c160000000,0x000000c160100000)]
  0x0000020ed1571000 JavaThread "C1 CompilerThread10" daemon [_thread_blocked, id=7912, stack(0x000000c15ff00000,0x000000c160000000)]
  0x0000020ed1570800 JavaThread "C1 CompilerThread9" daemon [_thread_blocked, id=9040, stack(0x000000c15fe00000,0x000000c15ff00000)]
  0x0000020ed156e800 JavaThread "C1 CompilerThread8" daemon [_thread_blocked, id=11204, stack(0x000000c15fd00000,0x000000c15fe00000)]
  0x0000020ed156e000 JavaThread "C2 CompilerThread7" daemon [_thread_blocked, id=6856, stack(0x000000c15fc00000,0x000000c15fd00000)]
  0x0000020ed1569000 JavaThread "C2 CompilerThread6" daemon [_thread_blocked, id=9848, stack(0x000000c15fb00000,0x000000c15fc00000)]
  0x0000020ecfdda800 JavaThread "C2 CompilerThread5" daemon [_thread_blocked, id=12696, stack(0x000000c15fa00000,0x000000c15fb00000)]
  0x0000020ecfdd9800 JavaThread "C2 CompilerThread4" daemon [_thread_blocked, id=8160, stack(0x000000c15f900000,0x000000c15fa00000)]
  0x0000020ecfdd7000 JavaThread "C2 CompilerThread3" daemon [_thread_blocked, id=12044, stack(0x000000c15f800000,0x000000c15f900000)]
  0x0000020ecfdd6000 JavaThread "C2 CompilerThread2" daemon [_thread_blocked, id=9224, stack(0x000000c15f700000,0x000000c15f800000)]
  0x0000020ecfdd5800 JavaThread "C2 CompilerThread1" daemon [_thread_blocked, id=548, stack(0x000000c15f600000,0x000000c15f700000)]
  0x0000020ecfdd0800 JavaThread "C2 CompilerThread0" daemon [_thread_blocked, id=6596, stack(0x000000c15f500000,0x000000c15f600000)]
  0x0000020ecfdce000 JavaThread "Attach Listener" daemon [_thread_blocked, id=13220, stack(0x000000c15f400000,0x000000c15f500000)]
  0x0000020ecfdca000 JavaThread "Finalizer" daemon [_thread_blocked, id=2968, stack(0x000000c15f300000,0x000000c15f400000)]
  0x0000020ecfdc1000 JavaThread "Reference Handler" daemon [_thread_blocked, id=4952, stack(0x000000c15f200000,0x000000c15f300000)]
=>0x0000020ebb722000 JavaThread "main" [_thread_in_native, id=7192, stack(0x000000c155500000,0x000000c159500000)]

Other Threads:
  0x0000020ecfd9b800 VMThread [stack: 0x000000c15f100000,0x000000c15f200000] [id=9772]
  0x0000020ed1721000 WatcherThread [stack: 0x000000c160200000,0x000000c160300000] [id=928]

VM state:not at safepoint (normal execution)

VM Mutex/Monitor currently owned by a thread: None

heap address: 0x00000000a0000000, size: 1536 MB, Compressed Oops mode: 32-bit
Narrow klass base: 0x0000000000000000, Narrow klass shift: 3
Compressed class space size: 1073741824 Address: 0x0000000100000000

Heap:
 PSYoungGen      total 115200K, used 106190K [0x00000000e8000000, 0x00000000f0300000, 0x0000000100000000)
  eden space 110080K, 92% used [0x00000000e8000000,0x00000000ee300c10,0x00000000eeb80000)
  from space 5120K, 93% used [0x00000000ef680000,0x00000000efb32de0,0x00000000efb80000)
  to   space 7680K, 0% used [0x00000000efb80000,0x00000000efb80000,0x00000000f0300000)
 ParOldGen       total 53248K, used 33166K [0x00000000a0000000, 0x00000000a3400000, 0x00000000e8000000)
  object space 53248K, 62% used [0x00000000a0000000,0x00000000a20638a8,0x00000000a3400000)
 Metaspace       used 49687K, capacity 50250K, committed 50432K, reserved 1093632K
  class space    used 6471K, capacity 6622K, committed 6656K, reserved 1048576K

Card table byte_map: [0x0000020ecbb90000,0x0000020ecbea0000] byte_map_base: 0x0000020ecb690000

Marking Bits: (ParMarkBitMap*) 0x000000006ec75ce0
 Begin Bits: [0x0000020ecc0e0000, 0x0000020ecd8e0000)
 End Bits:   [0x0000020ecd8e0000, 0x0000020ecf0e0000)

Polling page: 0x0000020eafd60000

CodeCache: size=245760Kb used=19518Kb max_used=19642Kb free=226241Kb
 bounds [0x0000020ebc7d0000, 0x0000020ebdb60000, 0x0000020ecb7d0000]
 total_blobs=6302 nmethods=5285 adapters=925
 compilation: enabled

Compilation events (10 events):
Event: 4232.281 Thread 0x0000020ecfdd5800 nmethod 6322 0x0000020ebd1fe250 code [0x0000020ebd1fe3a0, 0x0000020ebd1fe5d8]
Event: 4233.861 Thread 0x0000020ecfdd9800 6323   !   4       com.mathworks.util.QueueEvent$QueueTarget::processEvent (44 bytes)
Event: 4233.945 Thread 0x0000020ecfdd7000 6324       4       com.mathworks.util.Timer$TimerEvent::dispatch (18 bytes)
Event: 4233.945 Thread 0x0000020ed1569000 6325   !   4       com.mathworks.toolbox.instrument.Poller::actionPerformed (136 bytes)
Event: 4234.015 Thread 0x0000020ecfdd9800 nmethod 6323 0x0000020ebd310810 code [0x0000020ebd310b20, 0x0000020ebd3153b8]
Event: 4234.045 Thread 0x0000020ed1569000 nmethod 6325 0x0000020ebd62c210 code [0x0000020ebd62c500, 0x0000020ebd6306a0]
Event: 4234.051 Thread 0x0000020ecfdd7000 nmethod 6324 0x0000020ebdb3e110 code [0x0000020ebdb3e400, 0x0000020ebdb42b20]
Event: 4234.447 Thread 0x0000020ed1578000 6326       3       java.awt.Component::dispatchEventImpl (921 bytes)
Event: 4234.451 Thread 0x0000020ed1578000 nmethod 6326 0x0000020ebdb46450 code [0x0000020ebdb46ec0, 0x0000020ebdb4fc40]
Event: 4238.596 Thread 0x0000020ed156e000 6327   !   4       java.util.zip.ZipFile::getInputStream (304 bytes)

GC Heap History (10 events):
Event: 316.659 GC heap before
{Heap before GC invocations=33 (full 2):
 PSYoungGen      total 140288K, used 140103K [0x00000000e8000000, 0x00000000f1900000, 0x0000000100000000)
  eden space 135168K, 100% used [0x00000000e8000000,0x00000000f0400000,0x00000000f0400000)
  from space 5120K, 96% used [0x00000000f1400000,0x00000000f18d1e20,0x00000000f1900000)
  to   space 10240K, 0% used [0x00000000f0500000,0x00000000f0500000,0x00000000f0f00000)
 ParOldGen       total 53248K, used 33142K [0x00000000a0000000, 0x00000000a3400000, 0x00000000e8000000)
  object space 53248K, 62% used [0x00000000a0000000,0x00000000a205d8a8,0x00000000a3400000)
 Metaspace       used 49161K, capacity 49642K, committed 50048K, reserved 1093632K
  class space    used 6318K, capacity 6462K, committed 6528K, reserved 1048576K
Event: 316.663 GC heap after
Heap after GC invocations=33 (full 2):
 PSYoungGen      total 134656K, used 4619K [0x00000000e8000000, 0x00000000f1480000, 0x0000000100000000)
  eden space 129536K, 0% used [0x00000000e8000000,0x00000000e8000000,0x00000000efe80000)
  from space 5120K, 90% used [0x00000000f0500000,0x00000000f0982db0,0x00000000f0a00000)
  to   space 9728K, 0% used [0x00000000f0b00000,0x00000000f0b00000,0x00000000f1480000)
 ParOldGen       total 53248K, used 33150K [0x00000000a0000000, 0x00000000a3400000, 0x00000000e8000000)
  object space 53248K, 62% used [0x00000000a0000000,0x00000000a205f8a8,0x00000000a3400000)
 Metaspace       used 49161K, capacity 49642K, committed 50048K, reserved 1093632K
  class space    used 6318K, capacity 6462K, committed 6528K, reserved 1048576K
}
Event: 380.091 GC heap before
{Heap before GC invocations=34 (full 2):
 PSYoungGen      total 134656K, used 134155K [0x00000000e8000000, 0x00000000f1480000, 0x0000000100000000)
  eden space 129536K, 100% used [0x00000000e8000000,0x00000000efe80000,0x00000000efe80000)
  from space 5120K, 90% used [0x00000000f0500000,0x00000000f0982db0,0x00000000f0a00000)
  to   space 9728K, 0% used [0x00000000f0b00000,0x00000000f0b00000,0x00000000f1480000)
 ParOldGen       total 53248K, used 33150K [0x00000000a0000000, 0x00000000a3400000, 0x00000000e8000000)
  object space 53248K, 62% used [0x00000000a0000000,0x00000000a205f8a8,0x00000000a3400000)
 Metaspace       used 49161K, capacity 49642K, committed 50048K, reserved 1093632K
  class space    used 6318K, capacity 6462K, committed 6528K, reserved 1048576K
Event: 380.095 GC heap after
Heap after GC invocations=34 (full 2):
 PSYoungGen      total 129024K, used 4587K [0x00000000e8000000, 0x00000000f0f80000, 0x0000000100000000)
  eden space 124416K, 0% used [0x00000000e8000000,0x00000000e8000000,0x00000000ef980000)
  from space 4608K, 99% used [0x00000000f0b00000,0x00000000f0f7aff0,0x00000000f0f80000)
  to   space 9728K, 0% used [0x00000000efc80000,0x00000000efc80000,0x00000000f0600000)
 ParOldGen       total 53248K, used 33150K [0x00000000a0000000, 0x00000000a3400000, 0x00000000e8000000)
  object space 53248K, 62% used [0x00000000a0000000,0x00000000a205f8a8,0x00000000a3400000)
 Metaspace       used 49161K, capacity 49642K, committed 50048K, reserved 1093632K
  class space    used 6318K, capacity 6462K, committed 6528K, reserved 1048576K
}
Event: 441.100 GC heap before
{Heap before GC invocations=35 (full 2):
 PSYoungGen      total 129024K, used 129003K [0x00000000e8000000, 0x00000000f0f80000, 0x0000000100000000)
  eden space 124416K, 100% used [0x00000000e8000000,0x00000000ef980000,0x00000000ef980000)
  from space 4608K, 99% used [0x00000000f0b00000,0x00000000f0f7aff0,0x00000000f0f80000)
  to   space 9728K, 0% used [0x00000000efc80000,0x00000000efc80000,0x00000000f0600000)
 ParOldGen       total 53248K, used 33150K [0x00000000a0000000, 0x00000000a3400000, 0x00000000e8000000)
  object space 53248K, 62% used [0x00000000a0000000,0x00000000a205f8a8,0x00000000a3400000)
 Metaspace       used 49161K, capacity 49642K, committed 50048K, reserved 1093632K
  class space    used 6318K, capacity 6462K, committed 6528K, reserved 1048576K
Event: 441.103 GC heap after
Heap after GC invocations=35 (full 2):
 PSYoungGen      total 124416K, used 4651K [0x00000000e8000000, 0x00000000f0b80000, 0x0000000100000000)
  eden space 119296K, 0% used [0x00000000e8000000,0x00000000e8000000,0x00000000ef480000)
  from space 5120K, 90% used [0x00000000efc80000,0x00000000f010aff0,0x00000000f0180000)
  to   space 9216K, 0% used [0x00000000f0280000,0x00000000f0280000,0x00000000f0b80000)
 ParOldGen       total 53248K, used 33158K [0x00000000a0000000, 0x00000000a3400000, 0x00000000e8000000)
  object space 53248K, 62% used [0x00000000a0000000,0x00000000a20618a8,0x00000000a3400000)
 Metaspace       used 49161K, capacity 49642K, committed 50048K, reserved 1093632K
  class space    used 6318K, capacity 6462K, committed 6528K, reserved 1048576K
}
Event: 499.650 GC heap before
{Heap before GC invocations=36 (full 2):
 PSYoungGen      total 124416K, used 123947K [0x00000000e8000000, 0x00000000f0b80000, 0x0000000100000000)
  eden space 119296K, 100% used [0x00000000e8000000,0x00000000ef480000,0x00000000ef480000)
  from space 5120K, 90% used [0x00000000efc80000,0x00000000f010aff0,0x00000000f0180000)
  to   space 9216K, 0% used [0x00000000f0280000,0x00000000f0280000,0x00000000f0b80000)
 ParOldGen       total 53248K, used 33158K [0x00000000a0000000, 0x00000000a3400000, 0x00000000e8000000)
  object space 53248K, 62% used [0x00000000a0000000,0x00000000a20618a8,0x00000000a3400000)
 Metaspace       used 49161K, capacity 49642K, committed 50048K, reserved 1093632K
  class space    used 6318K, capacity 6462K, committed 6528K, reserved 1048576K
Event: 499.653 GC heap after
Heap after GC invocations=36 (full 2):
 PSYoungGen      total 119808K, used 4667K [0x00000000e8000000, 0x00000000f0780000, 0x0000000100000000)
  eden space 114688K, 0% used [0x00000000e8000000,0x00000000e8000000,0x00000000ef000000)
  from space 5120K, 91% used [0x00000000f0280000,0x00000000f070edc0,0x00000000f0780000)
  to   space 8704K, 0% used [0x00000000ef680000,0x00000000ef680000,0x00000000eff00000)
 ParOldGen       total 53248K, used 33166K [0x00000000a0000000, 0x00000000a3400000, 0x00000000e8000000)
  object space 53248K, 62% used [0x00000000a0000000,0x00000000a20638a8,0x00000000a3400000)
 Metaspace       used 49161K, capacity 49642K, committed 50048K, reserved 1093632K
  class space    used 6318K, capacity 6462K, committed 6528K, reserved 1048576K
}
Event: 1219.308 GC heap before
{Heap before GC invocations=37 (full 2):
 PSYoungGen      total 119808K, used 119355K [0x00000000e8000000, 0x00000000f0780000, 0x0000000100000000)
  eden space 114688K, 100% used [0x00000000e8000000,0x00000000ef000000,0x00000000ef000000)
  from space 5120K, 91% used [0x00000000f0280000,0x00000000f070edc0,0x00000000f0780000)
  to   space 8704K, 0% used [0x00000000ef680000,0x00000000ef680000,0x00000000eff00000)
 ParOldGen       total 53248K, used 33166K [0x00000000a0000000, 0x00000000a3400000, 0x00000000e8000000)
  object space 53248K, 62% used [0x00000000a0000000,0x00000000a20638a8,0x00000000a3400000)
 Metaspace       used 49200K, capacity 49706K, committed 50048K, reserved 1093632K
  class space    used 6324K, capacity 6462K, committed 6528K, reserved 1048576K
Event: 1219.312 GC heap after
Heap after GC invocations=37 (full 2):
 PSYoungGen      total 115200K, used 4811K [0x00000000e8000000, 0x00000000f0300000, 0x0000000100000000)
  eden space 110080K, 0% used [0x00000000e8000000,0x00000000e8000000,0x00000000eeb80000)
  from space 5120K, 93% used [0x00000000ef680000,0x00000000efb32de0,0x00000000efb80000)
  to   space 7680K, 0% used [0x00000000efb80000,0x00000000efb80000,0x00000000f0300000)
 ParOldGen       total 53248K, used 33166K [0x00000000a0000000, 0x00000000a3400000, 0x00000000e8000000)
  object space 53248K, 62% used [0x00000000a0000000,0x00000000a20638a8,0x00000000a3400000)
 Metaspace       used 49200K, capacity 49706K, committed 50048K, reserved 1093632K
  class space    used 6324K, capacity 6462K, committed 6528K, reserved 1048576K
}

Deoptimization events (10 events):
Event: 4231.260 Thread 0x0000020ed4a18000 Uncommon trap: reason=unstable_if action=reinterpret pc=0x0000020ebcc88e88 method=javax.swing.RepaintManager.paintDirtyRegions(Ljava/util/Map;)V @ 6
Event: 4231.261 Thread 0x0000020ed4a18000 Uncommon trap: reason=unstable_if action=reinterpret pc=0x0000020ebdad2db0 method=javax.swing.JComponent.putClientProperty(Ljava/lang/Object;Ljava/lang/Object;)V @ 57
Event: 4231.728 Thread 0x0000020ebb722000 Uncommon trap: reason=unstable_if action=reinterpret pc=0x0000020ebda80398 method=com.mathworks.hg.util.HGPeerQueue.add(Lcom/mathworks/hg/util/HGPeerRunnable;)V @ 301
Event: 4231.749 Thread 0x0000020ed4a18000 Uncommon trap: reason=unstable_if action=reinterpret pc=0x0000020ebd3a77ec method=java.awt.AWTEventMulticaster.removeInternal(Ljava/util/EventListener;Ljava/util/EventListener;)Ljava/util/EventListener; @ 2
Event: 4231.763 Thread 0x0000020ebb722000 Uncommon trap: reason=unstable_if action=reinterpret pc=0x0000020ebd5fe820 method=java.util.Hashtable.getIterator(I)Ljava/util/Iterator; @ 4
Event: 4231.763 Thread 0x0000020ebb722000 Uncommon trap: reason=class_check action=maybe_recompile pc=0x0000020ebdaceebc method=java.util.Hashtable.putAll(Ljava/util/Map;)V @ 13
Event: 4231.763 Thread 0x0000020ed4a18000 Uncommon trap: reason=unstable_if action=reinterpret pc=0x0000020ebda1c060 method=com.mathworks.hg.util.HGPeerQueue$HGPeerRunnablesRunner.runit(Z[I)V @ 115
Event: 4231.764 Thread 0x0000020ed4a18000 Uncommon trap: reason=unstable_if action=reinterpret pc=0x0000020ebd8f1c14 method=javax.swing.SwingUtilities.getWindowAncestor(Ljava/awt/Component;)Ljava/awt/Window; @ 6
Event: 4231.767 Thread 0x0000020ed4a18000 Uncommon trap: reason=unstable_if action=reinterpret pc=0x0000020ebdae69c8 method=com.mathworks.hg.peer.ui.UIContainerPeer.validateFigure()V @ 4
Event: 4231.767 Thread 0x0000020ed4a18000 Uncommon trap: reason=unstable_if action=reinterpret pc=0x0000020ebce09df8 method=com.mathworks.hg.peer.ui.UIContainerPeer.validateFigure()V @ 4

Classes redefined (0 events):
No events

Internal exceptions (10 events):
Event: 4237.805 Thread 0x0000020ed4a18000 Exception <a 'java/net/SocketTimeoutException': Receive timed out> (0x00000000ed894bb0) thrown at [C:\re\workspace\8-2-build-windows-amd64-cygwin\jdk8u202\12323\hotspot\src\share\vm\prims\jni.cpp, line 736]
Event: 4237.888 Thread 0x0000020ed4a18000 Exception <a 'java/net/SocketTimeoutException': Receive timed out> (0x00000000ed8954b0) thrown at [C:\re\workspace\8-2-build-windows-amd64-cygwin\jdk8u202\12323\hotspot\src\share\vm\prims\jni.cpp, line 736]
Event: 4237.972 Thread 0x0000020ed4a18000 Exception <a 'java/net/SocketTimeoutException': Receive timed out> (0x00000000ed895db0) thrown at [C:\re\workspace\8-2-build-windows-amd64-cygwin\jdk8u202\12323\hotspot\src\share\vm\prims\jni.cpp, line 736]
Event: 4238.056 Thread 0x0000020ed4a18000 Exception <a 'java/net/SocketTimeoutException': Receive timed out> (0x00000000ed8966b0) thrown at [C:\re\workspace\8-2-build-windows-amd64-cygwin\jdk8u202\12323\hotspot\src\share\vm\prims\jni.cpp, line 736]
Event: 4238.140 Thread 0x0000020ed4a18000 Exception <a 'java/net/SocketTimeoutException': Receive timed out> (0x00000000ed896fb0) thrown at [C:\re\workspace\8-2-build-windows-amd64-cygwin\jdk8u202\12323\hotspot\src\share\vm\prims\jni.cpp, line 736]
Event: 4238.223 Thread 0x0000020ed4a18000 Exception <a 'java/net/SocketTimeoutException': Receive timed out> (0x00000000ed897e90) thrown at [C:\re\workspace\8-2-build-windows-amd64-cygwin\jdk8u202\12323\hotspot\src\share\vm\prims\jni.cpp, line 736]
Event: 4238.307 Thread 0x0000020ed4a18000 Exception <a 'java/net/SocketTimeoutException': Receive timed out> (0x00000000ed898790) thrown at [C:\re\workspace\8-2-build-windows-amd64-cygwin\jdk8u202\12323\hotspot\src\share\vm\prims\jni.cpp, line 736]
Event: 4238.391 Thread 0x0000020ed4a18000 Exception <a 'java/net/SocketTimeoutException': Receive timed out> (0x00000000ed899090) thrown at [C:\re\workspace\8-2-build-windows-amd64-cygwin\jdk8u202\12323\hotspot\src\share\vm\prims\jni.cpp, line 736]
Event: 4238.475 Thread 0x0000020ed4a18000 Exception <a 'java/net/SocketTimeoutException': Receive timed out> (0x00000000ed899990) thrown at [C:\re\workspace\8-2-build-windows-amd64-cygwin\jdk8u202\12323\hotspot\src\share\vm\prims\jni.cpp, line 736]
Event: 4238.559 Thread 0x0000020ed4a18000 Exception <a 'java/net/SocketTimeoutException': Receive timed out> (0x00000000ed89a290) thrown at [C:\re\workspace\8-2-build-windows-amd64-cygwin\jdk8u202\12323\hotspot\src\share\vm\prims\jni.cpp, line 736]

Events (10 events):
Event: 4238.595 loading class com/mathworks/widgets/BusyAffordance done
Event: 4238.596 loading class com/mathworks/widgets/ComponentBuilder
Event: 4238.596 loading class com/mathworks/widgets/ComponentBuilder done
Event: 4238.596 loading class com/mathworks/widgets/BusyAffordance$1
Event: 4238.596 loading class com/mathworks/widgets/BusyAffordance$1 done
Event: 4238.597 Thread 0x0000020e8e4f9000 Thread exited: 0x0000020e8e4f9000
Event: 4238.597 Executing VM operation: RevokeBias
Event: 4238.597 Executing VM operation: RevokeBias done
Event: 4238.597 loading class com/mathworks/util/Log$1
Event: 4238.597 loading class com/mathworks/util/Log$1 done


Dynamic libraries:
0x00007ff68e1b0000 - 0x00007ff68e1e3000 	C:\Program Files\MATLAB\R2020b\bin\win64\matlab.exe
0x00007ffa6dbf0000 - 0x00007ffa6dde5000 	C:\WINDOWS\SYSTEM32\ntdll.dll
0x00007ffa6c700000 - 0x00007ffa6c7be000 	C:\WINDOWS\System32\KERNEL32.DLL
0x00007ffa6b7e0000 - 0x00007ffa6baa8000 	C:\WINDOWS\System32\KERNELBASE.dll
0x00007ffa67dc0000 - 0x00007ffa67e50000 	C:\WINDOWS\SYSTEM32\apphelp.dll
0x00007ffa6b3a0000 - 0x00007ffa6b4a0000 	C:\WINDOWS\System32\ucrtbase.dll
0x00007ffa4c230000 - 0x00007ffa4c459000 	C:\Program Files\MATLAB\R2020b\bin\win64\libmwi18n.dll
0x00007ffa4bbb0000 - 0x00007ffa4bfbf000 	C:\Program Files\MATLAB\R2020b\bin\win64\mvm.dll
0x00007ffa2e660000 - 0x00007ffa2ef03000 	C:\Program Files\MATLAB\R2020b\bin\win64\mlutil.dll
0x00007ffa45b80000 - 0x00007ffa46040000 	C:\Program Files\MATLAB\R2020b\bin\win64\libmwservices.dll
0x00007ffa6d960000 - 0x00007ffa6da0e000 	C:\WINDOWS\System32\ADVAPI32.dll
0x00007ffa6bf80000 - 0x00007ffa6c01e000 	C:\WINDOWS\System32\msvcrt.dll
0x00007ffa6b7b0000 - 0x00007ffa6b7d7000 	C:\WINDOWS\System32\bcrypt.dll
0x00007ffa6da10000 - 0x00007ffa6dbb0000 	C:\WINDOWS\System32\USER32.dll
0x00007ffa6bee0000 - 0x00007ffa6bf7c000 	C:\WINDOWS\System32\sechost.dll
0x00007ffa6c850000 - 0x00007ffa6c8bb000 	C:\WINDOWS\System32\WS2_32.dll
0x00007ffa4b900000 - 0x00007ffa4bba5000 	C:\Program Files\MATLAB\R2020b\bin\win64\libmwfl.dll
0x00007ffa6b780000 - 0x00007ffa6b7a2000 	C:\WINDOWS\System32\win32u.dll
0x00007ffa6c5d0000 - 0x00007ffa6c6f5000 	C:\WINDOWS\System32\RPCRT4.dll
0x00007ffa6c430000 - 0x00007ffa6c45b000 	C:\WINDOWS\System32\GDI32.dll
0x00007ffa6b4a0000 - 0x00007ffa6b5ab000 	C:\WINDOWS\System32\gdi32full.dll
0x00007ffa55e50000 - 0x00007ffa55eeb000 	C:\Program Files\MATLAB\R2020b\bin\win64\MSVCP140.dll
0x00007ffa60540000 - 0x00007ffa60556000 	C:\Program Files\MATLAB\R2020b\bin\win64\VCRUNTIME140.dll
0x00007ffa6bb00000 - 0x00007ffa6bb9d000 	C:\WINDOWS\System32\msvcp_win.dll
0x00007ffa60580000 - 0x00007ffa60589000 	C:\Program Files\MATLAB\R2020b\bin\win64\libmwresource_core.dll
0x00007ffa604f0000 - 0x00007ffa6051a000 	C:\Program Files\MATLAB\R2020b\bin\win64\libmwfoundation_filesystem.dll
0x00007ffa597b0000 - 0x00007ffa597c8000 	C:\Program Files\MATLAB\R2020b\bin\win64\libmwcpp11compat.dll
0x00007ffa6cfb0000 - 0x00007ffa6d6f4000 	C:\WINDOWS\System32\SHELL32.dll
0x00007ffa55d30000 - 0x00007ffa55d42000 	C:\Program Files\MATLAB\R2020b\bin\win64\mwboost_date_time-vc141-mt-x64-1_70.dll
0x00007ffa551a0000 - 0x00007ffa551c0000 	C:\Program Files\MATLAB\R2020b\bin\win64\mwboost_filesystem-vc141-mt-x64-1_70.dll
0x00007ffa55180000 - 0x00007ffa5519c000 	C:\Program Files\MATLAB\R2020b\bin\win64\mwboost_thread-vc141-mt-x64-1_70.dll
0x00007ffa4f660000 - 0x00007ffa4f688000 	C:\Program Files\MATLAB\R2020b\bin\win64\libexpat.dll
0x00007ffa45920000 - 0x00007ffa45b7d000 	C:\Program Files\MATLAB\R2020b\bin\win64\icuin64.dll
0x00007ffa43b70000 - 0x00007ffa43d01000 	C:\Program Files\MATLAB\R2020b\bin\win64\icuuc64.dll
0x00007ffa58c20000 - 0x00007ffa58c34000 	C:\Program Files\MATLAB\R2020b\bin\win64\libmwcapabilities.dll
0x00007ffa61b90000 - 0x00007ffa61baf000 	C:\WINDOWS\SYSTEM32\MPR.dll
0x00007ffa2de30000 - 0x00007ffa2e17f000 	C:\Program Files\MATLAB\R2020b\bin\win64\libmwms.dll
0x00007ffa4c030000 - 0x00007ffa4c1c7000 	C:\Program Files\MATLAB\R2020b\bin\win64\libmwmst.dll
0x00007ffa4f380000 - 0x00007ffa4f3b4000 	C:\Program Files\MATLAB\R2020b\bin\win64\libmwthreadpool.dll
0x00007ffa4cef0000 - 0x00007ffa4cfc6000 	C:\Program Files\MATLAB\R2020b\bin\win64\libut.dll
0x00007ffa2e4d0000 - 0x00007ffa2e65f000 	C:\Program Files\MATLAB\R2020b\bin\win64\libmx.dll
0x00007ffa6ce80000 - 0x00007ffa6cfaa000 	C:\WINDOWS\System32\ole32.dll
0x00007ffa2dc70000 - 0x00007ffa2de28000 	C:\Program Files\MATLAB\R2020b\bin\win64\libmwfoundation_matlabdata.dll
0x00007ffa6c020000 - 0x00007ffa6c374000 	C:\WINDOWS\System32\combase.dll
0x00007ffa4cea0000 - 0x00007ffa4cee1000 	C:\Program Files\MATLAB\R2020b\bin\win64\libmwfoundation_usm.dll
0x00007ffa6cdb0000 - 0x00007ffa6ce7d000 	C:\WINDOWS\System32\OLEAUT32.dll
0x00007ffa55160000 - 0x00007ffa5517c000 	C:\Program Files\MATLAB\R2020b\bin\win64\libmwstartupplugin.dll
0x00007ffa4b890000 - 0x00007ffa4b8fa000 	C:\Program Files\MATLAB\R2020b\bin\win64\libmwlivecode.dll
0x00007ffa5eb20000 - 0x00007ffa5eb2e000 	C:\Program Files\MATLAB\R2020b\bin\win64\libmwmatlabdata_boost_serialization.dll
0x00007ffa4c6d0000 - 0x00007ffa4c7cc000 	C:\Program Files\MATLAB\R2020b\bin\win64\libmwstartup_plugin_initializer.dll
0x00007ffa49ca0000 - 0x00007ffa49d2b000 	C:\Program Files\MATLAB\R2020b\bin\win64\libmwcppmicroservices.dll
0x00007ffa60530000 - 0x00007ffa6053f000 	C:\Program Files\MATLAB\R2020b\bin\win64\libmvmtransportapi.dll
0x00007ffa4ce40000 - 0x00007ffa4ce97000 	C:\Program Files\MATLAB\R2020b\bin\win64\libmwsearch_path_utilities.dll
0x00007ffa6b710000 - 0x00007ffa6b778000 	C:\WINDOWS\System32\WINTRUST.dll
0x00007ffa3ea90000 - 0x00007ffa3ebfe000 	C:\Program Files\MATLAB\R2020b\bin\win64\matlab_toolbox_events.dll
0x00007ffa47630000 - 0x00007ffa476e1000 	C:\Program Files\MATLAB\R2020b\bin\win64\mwboost_log-vc141-mt-x64-1_70.dll
0x00007ffa6b5b0000 - 0x00007ffa6b706000 	C:\WINDOWS\System32\CRYPT32.dll
0x00007ffa2d820000 - 0x00007ffa2d9c3000 	C:\Program Files\MATLAB\R2020b\bin\win64\libmwflstoragevfs.dll
0x00007ffa2d9d0000 - 0x00007ffa2dc6a000 	C:\Program Files\MATLAB\R2020b\bin\win64\execution_events.dll
0x00007ffa47fb0000 - 0x00007ffa48020000 	C:\Program Files\MATLAB\R2020b\bin\win64\libmwcwf_interface.dll
0x00007ffa5f300000 - 0x00007ffa5f30e000 	C:\Program Files\MATLAB\R2020b\bin\win64\libmwmatlabstoragesystem.dll
0x00007ffa4bfe0000 - 0x00007ffa4c021000 	C:\Program Files\MATLAB\R2020b\bin\win64\mwboost_serialization-vc141-mt-x64-1_70.dll
0x00007ffa30f80000 - 0x00007ffa310a3000 	C:\Program Files\MATLAB\R2020b\bin\win64\libmwflstorageprovider.dll
0x00007ffa58c60000 - 0x00007ffa58c6f000 	C:\Program Files\MATLAB\R2020b\bin\win64\libmwflstorageutility.dll
0x00007ffa474b0000 - 0x00007ffa474fc000 	C:\Program Files\MATLAB\R2020b\bin\win64\libmwrelease_info.dll
0x00007ffa60450000 - 0x00007ffa6045e000 	C:\Program Files\MATLAB\R2020b\bin\win64\mwboost_chrono-vc141-mt-x64-1_70.dll
0x00007ffa2d2d0000 - 0x00007ffa2d820000 	C:\Program Files\MATLAB\R2020b\bin\win64\settingscore.dll
0x00007ffa475c0000 - 0x00007ffa47626000 	C:\Program Files\MATLAB\R2020b\bin\win64\tbb.dll
0x00007ffa47340000 - 0x00007ffa47395000 	C:\Program Files\MATLAB\R2020b\bin\win64\libmwsettings_in_matlab.dll
0x00007ffa46e00000 - 0x00007ffa46e8f000 	C:\Program Files\MATLAB\R2020b\bin\win64\opccore.dll
0x00007ffa2d110000 - 0x00007ffa2d2ce000 	C:\Program Files\MATLAB\R2020b\bin\win64\opcmodel.dll
0x00007ffa4c1f0000 - 0x00007ffa4c22c000 	C:\Program Files\MATLAB\R2020b\bin\win64\opczippackage.dll
0x00007ffa49430000 - 0x00007ffa4946f000 	C:\Program Files\MATLAB\R2020b\bin\win64\string_matrix.dll
0x00007ffa54f00000 - 0x00007ffa54f18000 	C:\Program Files\MATLAB\R2020b\bin\win64\mwboost_iostreams-vc141-mt-x64-1_70.dll
0x00007ffa3b840000 - 0x00007ffa3b939000 	C:\Program Files\MATLAB\R2020b\bin\win64\mwboost_regex-vc141-mt-x64-1_70.dll
0x00007ffa2e3a0000 - 0x00007ffa2e4cf000 	C:\Program Files\MATLAB\R2020b\bin\win64\CppMicroServices3.dll
0x00007ffa6bd70000 - 0x00007ffa6bdc5000 	C:\WINDOWS\System32\SHLWAPI.dll
0x00007ffa655b0000 - 0x00007ffa65794000 	C:\WINDOWS\SYSTEM32\dbghelp.dll
0x00007ffa6b180000 - 0x00007ffa6b1cb000 	C:\WINDOWS\SYSTEM32\POWRPROF.dll
0x00007ffa48670000 - 0x00007ffa486b0000 	C:\Program Files\MATLAB\R2020b\bin\win64\libmwmsr.dll
0x00007ffa6aa00000 - 0x00007ffa6aa6a000 	C:\WINDOWS\SYSTEM32\MSWSOCK.dll
0x00007ffa55d20000 - 0x00007ffa55d2d000 	C:\Program Files\MATLAB\R2020b\bin\win64\libmwflstrings.dll
0x00007ffa47470000 - 0x00007ffa474a7000 	C:\Program Files\MATLAB\R2020b\bin\win64\libmwmfl_permute.dll
0x00007ffa4d140000 - 0x00007ffa4d151000 	C:\Program Files\MATLAB\R2020b\bin\win64\icuio64.dll
0x00007ffa4c800000 - 0x00007ffa4c812000 	C:\Program Files\MATLAB\R2020b\bin\win64\libmwindexingapimethods.dll
0x00007ffa472e0000 - 0x00007ffa4733f000 	C:\Program Files\MATLAB\R2020b\bin\win64\tbbmalloc.dll
0x000000006ed00000 - 0x000000006ed1a000 	C:\Program Files\MATLAB\R2020b\bin\win64\zlib1.dll
0x00007ffa43da0000 - 0x00007ffa43e42000 	C:\Program Files\MATLAB\R2020b\bin\win64\opcmwservices.dll
0x00007ffa2cdf0000 - 0x00007ffa2d10a000 	C:\Program Files\MATLAB\R2020b\bin\win64\xerces-c_3_2.dll
0x00007ffa4c6b0000 - 0x00007ffa4c6c9000 	C:\Program Files\MATLAB\R2020b\bin\win64\libmwsearch_path_interfaces.dll
0x00007ffa43ac0000 - 0x00007ffa43b66000 	C:\Program Files\MATLAB\R2020b\bin\win64\libmwstoragefilefolderobserver.dll
0x00007ffa2cb40000 - 0x00007ffa2cdf0000 	C:\Program Files\MATLAB\R2020b\bin\win64\libmwflnetwork.dll
0x00007ffa4b870000 - 0x00007ffa4b88e000 	C:\Program Files\MATLAB\R2020b\bin\win64\libmwflstorageevents.dll
0x00007ffa47000000 - 0x00007ffa47055000 	C:\Program Files\MATLAB\R2020b\bin\win64\libmwfoundation_json.dll
0x00007ffa60200000 - 0x00007ffa6020c000 	C:\WINDOWS\SYSTEM32\Secur32.dll
0x00007ffa3f100000 - 0x00007ffa3f180000 	C:\Program Files\MATLAB\R2020b\bin\win64\xmlcore.dll
0x00007ffa2c540000 - 0x00007ffa2c633000 	C:\Program Files\MATLAB\R2020b\bin\win64\libmwfoundation_matlabdata_standalone.dll
0x00007ffa2c0a0000 - 0x00007ffa2c1b5000 	C:\Program Files\MATLAB\R2020b\bin\win64\libmwfoundation_matlabdata_json.dll
0x00007ffa4b280000 - 0x00007ffa4b2a9000 	C:\Program Files\MATLAB\R2020b\bin\win64\libmwnativedialogs.dll
0x00007ffa3ef00000 - 0x00007ffa3efe9000 	C:\Program Files\MATLAB\R2020b\bin\win64\libmwsearch_path_events.dll
0x00007ffa46f70000 - 0x00007ffa46fc2000 	C:\Program Files\MATLAB\R2020b\bin\win64\libmwflcrypto.dll
0x00007ffa2c640000 - 0x00007ffa2c85f000 	C:\Program Files\MATLAB\R2020b\bin\win64\libmwflcryptocryptopp.dll
0x00007ffa46be0000 - 0x00007ffa46c20000 	C:\Program Files\MATLAB\R2020b\bin\win64\libmwflcryptoutils.dll
0x00007ffa4b830000 - 0x00007ffa4b841000 	C:\Program Files\MATLAB\R2020b\bin\win64\libminizip.dll
0x00007ffa46930000 - 0x00007ffa46987000 	C:\Program Files\MATLAB\R2020b\bin\win64\libmwflcertificates.dll
0x00007ffa3f2c0000 - 0x00007ffa3f34b000 	C:\Program Files\MATLAB\R2020b\bin\win64\mcos.dll
0x00007ffa4b100000 - 0x00007ffa4b116000 	C:\Program Files\MATLAB\R2020b\bin\win64\libmwdtoa.dll
0x00007ffa6a6f0000 - 0x00007ffa6a72b000 	C:\WINDOWS\SYSTEM32\IPHLPAPI.DLL
0x00007ffa55ba0000 - 0x00007ffa55bae000 	C:\Program Files\MATLAB\R2020b\bin\win64\libmwfoundation_matlabjson_frontend.dll
0x00007ffa48990000 - 0x00007ffa489b0000 	C:\Program Files\MATLAB\R2020b\bin\win64\libmwmodule_descriptor_interfaces.dll
0x00007ffa2bde0000 - 0x00007ffa2c09f000 	C:\Program Files\MATLAB\R2020b\bin\win64\libcrypto-1_1-x64.dll
0x00007ffa35680000 - 0x00007ffa3572c000 	C:\Program Files\MATLAB\R2020b\bin\win64\libssl-1_1-x64.dll
0x00007ffa6b200000 - 0x00007ffa6b232000 	C:\WINDOWS\SYSTEM32\SSPICLI.DLL
0x0000020ea9b00000 - 0x0000020eab544000 	C:\Program Files\MATLAB\R2020b\bin\win64\icudt64.dll
0x00007ffa6b160000 - 0x00007ffa6b172000 	C:\WINDOWS\SYSTEM32\UMPDC.dll
0x00007ffa6c380000 - 0x00007ffa6c3b0000 	C:\WINDOWS\System32\IMM32.DLL
0x00007ffa6ae20000 - 0x00007ffa6ae32000 	C:\WINDOWS\SYSTEM32\MSASN1.dll
0x00007ffa6ac10000 - 0x00007ffa6ac1c000 	C:\WINDOWS\SYSTEM32\CRYPTBASE.DLL
0x00007ffa6b310000 - 0x00007ffa6b392000 	C:\WINDOWS\System32\bcryptPrimitives.dll
0x00007ffa2c900000 - 0x00007ffa2c9a3000 	C:\Program Files\MATLAB\R2020b\bin\win64\DeclarativeServices1.dll
0x00007ffa55040000 - 0x00007ffa55049000 	C:\Program Files\MATLAB\R2020b\bin\win64\usLogService.dll
0x00007ffa47f90000 - 0x00007ffa47fa3000 	C:\Program Files\MATLAB\R2020b\bin\win64\usServiceComponent.dll
0x00007ffa46de0000 - 0x00007ffa46dfb000 	C:\Program Files\MATLAB\R2020b\bin\win64\cppmicroservices_compendium\foundation\cppmicroservices\logserviceimpl\mwLogServiceImpl.dll
0x00007ffa468a0000 - 0x00007ffa468bc000 	C:\Program Files\MATLAB\R2020b\bin\win64\matlab_startup_plugins\connector\openssl_initializer\libmwconnectoropensslinitializer.dll
0x00007ffa43d30000 - 0x00007ffa43d6a000 	C:\Program Files\MATLAB\R2020b\bin\win64\PocoNetSSL64.dll
0x00007ffa2bcf0000 - 0x00007ffa2bddd000 	C:\Program Files\MATLAB\R2020b\bin\win64\PocoNet64.dll
0x00007ffa2bb80000 - 0x00007ffa2bcea000 	C:\Program Files\MATLAB\R2020b\bin\win64\PocoFoundation64.dll
0x00007ffa43a90000 - 0x00007ffa43ac0000 	C:\Program Files\MATLAB\R2020b\bin\win64\PocoCrypto64.dll

VM Arguments:
jvm_args: -Xms64m -XX:NewRatio=3 -Xmx1536m -XX:MaxDirectMemorySize=2147400000 -Dsun.java2d.noddraw=true -Dsun.awt.nopixfmt=true -Xshare:off -Djava.ext.dirs=C:\Program Files\MATLAB\R2020b\sys\java\jre\win64\jre\lib\ext -Djogamp.gluegen.UseTempJarCache=false -Djogl.disable.opengles=1 -Djogl.windows.cpu_affinity_mode=0 -Xrs -Djava.library.path=C:\Program Files\MATLAB\R2020b\bin\win64;C:\Program Files\MATLAB\R2020b\sys\jxbrowser\win64\lib vfprintf -XX:ErrorFile=C:\Users\EXPERI~1\AppData\Local\Temp\hs_error_pid6700.log abort -Duser.language=en -Duser.country=GB -Dfile.encoding=Cp1252 -XX:ParallelGCThreads=6 
java_command: <unknown>
java_class_path (initial): C:\Program Files\MATLAB\R2020b\java\patch;C:\Program Files\MATLAB\R2020b\java\jar\jmi.jar;C:\Program Files\MATLAB\R2020b\java\jar\util.jar;C:\Program Files\MATLAB\R2020b\java\jar\mvm.jar;C:\Program Files\MATLAB\R2020b\java\jar\services.jar;C:\Program Files\MATLAB\R2020b\java\jarext\commons-io.jar;C:\Program Files\MATLAB\R2020b\java\jar\cfbutils.jar;C:\Program Files\MATLAB\R2020b\java\jar\capabilities.jar;C:\Program Files\MATLAB\R2020b\java\jar\mlwidgets.jar;C:\Program Files\MATLAB\R2020b\java\jar\html.jar;C:\Program Files\MATLAB\R2020b\java\jar\net.jar;C:\Program Files\MATLAB\R2020b\java\jar\ddux_api.jar;C:\Program Files\MATLAB\R2020b\java\jarext\log4j.jar;C:\Program Files\MATLAB\R2020b\java\jar\mwswing.jar;C:\Program Files\MATLAB\R2020b\java\jar\common.jar;C:\Program Files\MATLAB\R2020b\java\jarext\google-collect.jar;C:\Program Files\MATLAB\R2020b\java\jarext\commons-lang.jar;C:\Program Files\MATLAB\R2020b\java\jarext\jide\jide-common.jar;C:\Program Files\MATLAB\R2020b\java\jarext\jide\jide-dock.jar;C:\Program Files\MATLAB\R2020b\java\jarext\jide\jide-action.jar;C:\Program Files\MATLAB\R2020b\java\jarext\jide\jide-components.jar;C:\Program Files\MATLAB\R2020b\java\jarext\jide\jide-grids.jar;C:\Program Files\MATLAB\R2020b\java\jarext\jide\jide-dialogs.jar;C:\Program Files\MATLAB\R2020b\java\jarext\jide\jide-shortcut.jar;C:\Program Files\MATLAB\R2020b\java\jarext\jide\jide-charts.jar;C:\Program Files\MATLAB\R2020b\java\jar\toolstrip.jar;C:\Program Files\MATLAB\R2020b\java\jar\mlservices.jar;C:\Program Files\MATLAB\R2020b\java\jar\widgets.jar;C:\Program Files\MATLAB\R2020b\java\jar\mde.jar;C:\Program Files\MATLAB\R2020b\java\jar\explorer.jar;C:\Program Files\MATLAB\R2020b\java\jar\explorer_api.jar;C:\Program Files\MATLAB\R2020b\java\jar\desktop.jar;C:\Program Files\MATLAB\R2020b\java\jar\addons.jar;C:\Program Files\MATLAB\R2020b\java\jar\addons_common.jar;C:\Program Files\MATLAB\R2020b\java\jarext\connector_api\msscommon\msscommon.jar;C:\P
Launcher Type: generic

Environment Variables:
PATH=C:\Program Files\MATLAB\R2020b\toolbox\imaq\imaqextern\drivers\win64\genicam\GenICam_V3_1_0\bin\Win64_x64;C:\Program Files\MATLAB\R2020b\bin\win64;C:\WINDOWS\system32;C:\WINDOWS;C:\WINDOWS\System32\Wbem;C:\WINDOWS\System32\WindowsPowerShell\v1.0\;C:\WINDOWS\System32\OpenSSH\;C:\Program Files\MATLAB\R2020b\bin;C:\Program Files\SlikSvn\bin;C:\Program Files\Git\cmd;C:\Program Files\Point Grey Research\Spinnaker\bin64\vs2015;C:\Program Files\Point Grey Research\Spinnaker\bin\vs2015;C:\Program Files\Point Grey Research\FlyCap2 Viewer\bin64;%FC2PATH\vs2013;C:\Program Files\Point Grey Research\FlyCap2 Viewer\bin64\vs2015;C:\Users\Experiment\AppData\Local\Microsoft\WindowsApps;C:\Users\Experiment\anaconda3\condabin;C:\Users\Experiment\anaconda3\Scripts;
USERNAME=Experiment
OS=Windows_NT
PROCESSOR_IDENTIFIER=Intel64 Family 6 Model 165 Stepping 5, GenuineIntel



---------------  S Y S T E M  ---------------

OS: Windows 10.0 , 64 bit Build 19041 (10.0.19041.1566)

CPU:total 20 (initial active 20) (10 cores per cpu, 2 threads per core) family 6 model 165 stepping 5, cmov, cx8, fxsr, mmx, sse, sse2, sse3, ssse3, sse4.1, sse4.2, popcnt, avx, avx2, aes, clmul, erms, 3dnowpref, lzcnt, ht, tsc, tscinvbit, bmi1, bmi2, adx

Memory: 4k page, physical 33392400k(16872836k free), swap 45047528k(27544280k free)

vm_info: Java HotSpot(TM) 64-Bit Server VM (25.202-b08) for windows-amd64 JRE (1.8.0_202-b08), built on Dec 15 2018 19:54:30 by "java_re" with MS VC++ 10.0 (VS2010)

time: Tue Mar 15 17:40:49 2022
timezone: GMT Standard Time
elapsed time: 4238 seconds (0d 1h 10m 38s)

