#
# A fatal error has been detected by the Java Runtime Environment:
#
#  EXCEPTION_UNCAUGHT_CXX_EXCEPTION (0xe06d7363) at pc=0x00007ffc09f94fd9, pid=12076, tid=0x0000000000002394
#
# JRE version: Java(TM) SE Runtime Environment (8.0_202-b08) (build 1.8.0_202-b08)
# Java VM: Java HotSpot(TM) 64-Bit Server VM (25.202-b08 mixed mode windows-amd64 compressed oops)
# Problematic frame:
# C  [KERNELBASE.dll+0x34fd9]
#
# Failed to write core dump. Minidumps are not enabled by default on client versions of Windows
#
# If you would like to submit a bug report, please visit:
#   http://bugreport.java.com/bugreport/crash.jsp
# The crash happened outside the Java Virtual Machine in native code.
# See problematic frame for where to report the bug.
#

---------------  T H R E A D  ---------------

Current thread (0x0000014c49752000):  JavaThread "main" [_thread_in_native, id=9108, stack(0x0000001c3af00000,0x0000001c3ef00000)]

siginfo: ExceptionCode=0xe06d7363, ExceptionInformation=0x0000000019930520 0x0000001c3eee61b8 0x00007ffbc51fc3a8 0x00007ffbc5060000 

Registers:
RAX=0x0000000000000000, RBX=0x0000001c3eee3850, RCX=0x0000000000000000, RDX=0x0000000000000000
RSP=0x0000001c3eee1250, RBP=0x0000001c3eee1900, RSI=0x0000001c3eee1390, RDI=0x0000001c3eee20a0
R8 =0x0000014c49771e60, R9 =0x0000000000000009, R10=0x000000006a37a490, R11=0x0000000000000030
R12=0x0000001c3eee26c8, R13=0x00007ffbc533f900, R14=0x0000000000000000, R15=0x0000000000000000
RIP=0x00007ffc09f94fd9, EFLAGS=0x0000000000000206

Top of Stack: (sp=0x0000001c3eee1250)
0x0000001c3eee1250:   fffffffffffffffe 0000001c3eee3850
0x0000001c3eee1260:   0000001c3eee1390 0000000000000000
0x0000001c3eee1270:   00000001e06d7363 0000000000000000
0x0000001c3eee1280:   00007ffc09f94fd9 0000000000000004
0x0000001c3eee1290:   0000000019930520 0000001c3eee61b8
0x0000001c3eee12a0:   00007ffbc51fc3a8 00007ffbc5060000
0x0000001c3eee12b0:   0000abd9bf9ea96e 0000001c3eee26c8
0x0000001c3eee12c0:   0000000000000004 00007ffc03c74685
0x0000001c3eee12d0:   0000000000000000 0000014c3cafd980
0x0000001c3eee12e0:   0000001c3eee1390 0000001c3eee1900
0x0000001c3eee12f0:   0000001c3eee20a0 00007ffc03c7470d
0x0000001c3eee1300:   0000001c3eee3850 0000001c3eee1390
0x0000001c3eee1310:   0000121004c2d993 0000014c6fa3ab48
0x0000001c3eee1320:   0000001c3eee3850 00007ffc03c71f74
0x0000001c3eee1330:   00007ffbc533f900 0000001c3eee26c8
0x0000001c3eee1340:   0000000000000100 0000001c3eee12f8 

Instructions: (pc=0x00007ffc09f94fd9)
0x00007ffc09f94fb9:   8b d1 44 0f 47 c0 44 89 44 24 38 49 c1 e0 03 e8
0x00007ffc09f94fc9:   da 1c 06 00 48 8d 4c 24 20 48 ff 15 57 e1 18 00
0x00007ffc09f94fd9:   0f 1f 44 00 00 48 8b 8c 24 c0 00 00 00 48 33 cc
0x00007ffc09f94fe9:   e8 52 96 05 00 48 81 c4 d8 00 00 00 c3 cc 83 64 


Register to memory mapping:

RAX=0x0000000000000000 is an unknown value
RBX=0x0000001c3eee3850 is pointing into the stack for thread: 0x0000014c49752000
RCX=0x0000000000000000 is an unknown value
RDX=0x0000000000000000 is an unknown value
RSP=0x0000001c3eee1250 is pointing into the stack for thread: 0x0000014c49752000
RBP=0x0000001c3eee1900 is pointing into the stack for thread: 0x0000014c49752000
RSI=0x0000001c3eee1390 is pointing into the stack for thread: 0x0000014c49752000
RDI=0x0000001c3eee20a0 is pointing into the stack for thread: 0x0000014c49752000
R8 =0x0000014c49771e60 is an unknown value
R9 =0x0000000000000009 is an unknown value
R10=0x000000006a37a490 is an unknown value
R11=0x0000000000000030 is an unknown value
R12=0x0000001c3eee26c8 is pointing into the stack for thread: 0x0000014c49752000
R13=0x00007ffbc533f900 is an unknown value
R14=0x0000000000000000 is an unknown value
R15=0x0000000000000000 is an unknown value


Stack: [0x0000001c3af00000,0x0000001c3ef00000],  sp=0x0000001c3eee1250,  free space=65412k
Native frames: (J=compiled Java code, j=interpreted, Vv=VM code, C=native code)
C  [KERNELBASE.dll+0x34fd9]
C  [VCRUNTIME140.dll+0x1f74]
C  [ntdll.dll+0xa1426]
C  0x00007ffbc52d7a3f
C  0x00007ffbc52a7c42
C  0x00007ffbc52a7421
C  0x00007ffbc52a9313
C  [libmwservices.dll+0x29f923]
C  [libmwservices.dll+0x2a0f10]
C  [libmwservices.dll+0x2a1c0e]
C  0x00007ffbbcd53e2a
C  0x0000014c49849f2e

Java frames: (J=compiled Java code, j=interpreted, Vv=VM code)
j  com.mathworks.jmi.NativeMatlab.ProcessPendingEvents()Z+0
j  com.mathworks.jmi.NativeMatlab.processPendingEvents()Z+8
j  com.mathworks.jmi.Matlab$ProcessPendingEvents.callBooleanMethod(Ljava/lang/Object;)Z+0
j  com.mathworks.util.FactoryUtils.processPendingEvents()Z+12
j  com.mathworks.widgets.desk.Desktop.canClose()Z+38
j  com.mathworks.mde.desk.MLDesktop.canClose()Z+296
j  com.mathworks.mde.desk.MLDesktop$2.call()Ljava/lang/Boolean;+4
j  com.mathworks.mde.desk.MLDesktop$2.call()Ljava/lang/Object;+1
j  com.mathworks.jmi.Matlab.runPredicates(Ljava/util/List;Z)Z+59
j  com.mathworks.jmi.Matlab.isOkToExit()Z+4
v  ~StubRoutines::call_stub
j  com.mathworks.jmi.NativeMatlab.SendMatlabMessage(Ljava/lang/Object;)Ljava/lang/Object;+0
j  com.mathworks.jmi.NativeMatlab.sendMatlabMessage(Ljava/lang/Object;)Ljava/lang/Object;+22
j  com.mathworks.jmi.MatlabLooper.sendMatlabMessage(Lcom/mathworks/services/message/MWMessage;)Ljava/lang/Object;+20
j  com.mathworks.jmi.Matlab.mtFevalConsoleOutput(Ljava/lang/String;[Ljava/lang/Object;I)Ljava/lang/Object;+58
j  com.mathworks.toolbox.instrument.events.ActionQueue.run()V+130
v  ~StubRoutines::call_stub

---------------  P R O C E S S  ---------------

Java Threads: ( => current thread )
  0x0000014c0e6c4000 JavaThread "Installation Observer" daemon [_thread_blocked, id=4840, stack(0x0000001c4a900000,0x0000001c4aa00000)]
  0x0000014c0e6c0800 JavaThread "com.mathworks.addons_common.notificationframework.InstalledFolderRegistryObservers" daemon [_thread_blocked, id=13932, stack(0x0000001c49500000,0x0000001c49600000)]
  0x0000014c72393000 JavaThread "com.mathworks.addons_common.notificationframework.InstalledAddOnsCache" daemon [_thread_blocked, id=9052, stack(0x0000001c48300000,0x0000001c48400000)]
  0x0000014c72397000 JavaThread "TimerQueue" daemon [_thread_blocked, id=3220, stack(0x0000001c47500000,0x0000001c47600000)]
  0x0000014c72391000 JavaThread "AWT-EventQueue-0-SharedResourceRunner" daemon [_thread_blocked, id=3280, stack(0x0000001c46700000,0x0000001c46800000)]
  0x0000014c72390000 JavaThread "Thread-3" daemon [_thread_blocked, id=13440, stack(0x0000001c46500000,0x0000001c46600000)]
  0x0000014c721a4000 JavaThread "AWT-EventQueue-0" [_thread_blocked, id=7932, stack(0x0000001c46300000,0x0000001c46400000)]
  0x0000014c71c67800 JavaThread "EventMgr Dispatcher" daemon [_thread_in_native, id=8884, stack(0x0000001c46200000,0x0000001c46300000)]
  0x0000014c71c2d000 JavaThread "AWT-Windows" daemon [_thread_in_native, id=8444, stack(0x0000001c46000000,0x0000001c46100000)]
  0x0000014c71c2c800 JavaThread "AWT-Shutdown" [_thread_blocked, id=12824, stack(0x0000001c45f00000,0x0000001c46000000)]
  0x0000014c70a44800 JavaThread "Java2D Disposer" daemon [_thread_blocked, id=14184, stack(0x0000001c45e00000,0x0000001c45f00000)]
  0x0000014c71c39800 JavaThread "Settings Releaser" daemon [_thread_blocked, id=2340, stack(0x0000001c45d00000,0x0000001c45e00000)]
  0x0000014c711d6800 JavaThread "EventMgr Dispatcher" daemon [_thread_in_native, id=13160, stack(0x0000001c45c00000,0x0000001c45d00000)]
  0x0000014c6d976000 JavaThread "Service Thread" daemon [_thread_blocked, id=12652, stack(0x0000001c45900000,0x0000001c45a00000)]
  0x0000014c6d8aa800 JavaThread "C1 CompilerThread11" daemon [_thread_blocked, id=4896, stack(0x0000001c45800000,0x0000001c45900000)]
  0x0000014c6d8a7800 JavaThread "C1 CompilerThread10" daemon [_thread_blocked, id=10392, stack(0x0000001c45700000,0x0000001c45800000)]
  0x0000014c6d8a3800 JavaThread "C1 CompilerThread9" daemon [_thread_blocked, id=2172, stack(0x0000001c45600000,0x0000001c45700000)]
  0x0000014c6d8a0000 JavaThread "C1 CompilerThread8" daemon [_thread_blocked, id=8836, stack(0x0000001c45500000,0x0000001c45600000)]
  0x0000014c6c12e000 JavaThread "C2 CompilerThread7" daemon [_thread_blocked, id=3916, stack(0x0000001c45400000,0x0000001c45500000)]
  0x0000014c6c12d800 JavaThread "C2 CompilerThread6" daemon [_thread_blocked, id=14392, stack(0x0000001c45300000,0x0000001c45400000)]
  0x0000014c6c12b800 JavaThread "C2 CompilerThread5" daemon [_thread_blocked, id=10540, stack(0x0000001c45200000,0x0000001c45300000)]
  0x0000014c6c12a000 JavaThread "C2 CompilerThread4" daemon [_thread_blocked, id=6352, stack(0x0000001c45100000,0x0000001c45200000)]
  0x0000014c6c128000 JavaThread "C2 CompilerThread3" daemon [_thread_blocked, id=9096, stack(0x0000001c45000000,0x0000001c45100000)]
  0x0000014c6c127000 JavaThread "C2 CompilerThread2" daemon [_thread_blocked, id=14808, stack(0x0000001c44f00000,0x0000001c45000000)]
  0x0000014c6c126000 JavaThread "C2 CompilerThread1" daemon [_thread_blocked, id=2888, stack(0x0000001c44e00000,0x0000001c44f00000)]
  0x0000014c6c122000 JavaThread "C2 CompilerThread0" daemon [_thread_blocked, id=7492, stack(0x0000001c44d00000,0x0000001c44e00000)]
  0x0000014c6c11f800 JavaThread "Attach Listener" daemon [_thread_blocked, id=14628, stack(0x0000001c44c00000,0x0000001c44d00000)]
  0x0000014c6c11a800 JavaThread "Finalizer" daemon [_thread_blocked, id=3284, stack(0x0000001c44b00000,0x0000001c44c00000)]
  0x0000014c6c110800 JavaThread "Reference Handler" daemon [_thread_blocked, id=2056, stack(0x0000001c44a00000,0x0000001c44b00000)]
=>0x0000014c49752000 JavaThread "main" [_thread_in_native, id=9108, stack(0x0000001c3af00000,0x0000001c3ef00000)]

Other Threads:
  0x0000014c6c0ea800 VMThread [stack: 0x0000001c44900000,0x0000001c44a00000] [id=12760]
  0x0000014c6d987800 WatcherThread [stack: 0x0000001c45a00000,0x0000001c45b00000] [id=7024]

VM state:not at safepoint (normal execution)

VM Mutex/Monitor currently owned by a thread: None

heap address: 0x00000005c2800000, size: 8152 MB, Compressed Oops mode: Zero based, Oop shift amount: 3
Narrow klass base: 0x0000000000000000, Narrow klass shift: 3
Compressed class space size: 1073741824 Address: 0x00000007c0000000

Heap:
 PSYoungGen      total 22528K, used 16938K [0x0000000740a00000, 0x0000000745900000, 0x00000007c0000000)
  eden space 22016K, 76% used [0x0000000740a00000,0x0000000741a62ac0,0x0000000741f80000)
  from space 512K, 31% used [0x0000000745880000,0x00000007458a8000,0x0000000745900000)
  to   space 512K, 0% used [0x0000000745800000,0x0000000745800000,0x0000000745880000)
 ParOldGen       total 51712K, used 38360K [0x00000005c2800000, 0x00000005c5a80000, 0x0000000740a00000)
  object space 51712K, 74% used [0x00000005c2800000,0x00000005c4d76118,0x00000005c5a80000)
 Metaspace       used 49257K, capacity 49692K, committed 49920K, reserved 1093632K
  class space    used 6439K, capacity 6577K, committed 6656K, reserved 1048576K

Card table byte_map: [0x0000014c58bf0000,0x0000014c59be0000] byte_map_base: 0x0000014c55ddc000

Marking Bits: (ParMarkBitMap*) 0x000000006a385ce0
 Begin Bits: [0x0000014c5a7e0000, 0x0000014c62740000)
 End Bits:   [0x0000014c62740000, 0x0000014c6a6a0000)

Polling page: 0x0000014c3bf80000

CodeCache: size=245760Kb used=18436Kb max_used=18937Kb free=227323Kb
 bounds [0x0000014c49830000, 0x0000014c4ab10000, 0x0000014c58830000]
 total_blobs=5966 nmethods=4952 adapters=923
 compilation: enabled

Compilation events (10 events):
Event: 2493.058 Thread 0x0000014c6c122000 6085   !   4       com.mathworks.util.QueueEvent$QueueTarget::processEvent (44 bytes)
Event: 2493.079 Thread 0x0000014c6d8a3800 6086       3       java.awt.Component::eventTypeEnabled (487 bytes)
Event: 2493.079 Thread 0x0000014c6d8a3800 nmethod 6086 0x0000014c49b14450 code [0x0000014c49b14600, 0x0000014c49b15098]
Event: 2493.099 Thread 0x0000014c6c122000 nmethod 6085 0x0000014c4a4420d0 code [0x0000014c4a4423a0, 0x0000014c4a446440]
Event: 2493.120 Thread 0x0000014c6d8a7800 6087   !   3       java.awt.KeyboardFocusManager::processCurrentLightweightRequests (345 bytes)
Event: 2493.122 Thread 0x0000014c6d8a7800 nmethod 6087 0x0000014c4a4abbd0 code [0x0000014c4a4ac000, 0x0000014c4a4ae9a0]
Event: 2495.869 Thread 0x0000014c6d8aa800 6088       3       sun.misc.Resource::getByteBuffer (24 bytes)
Event: 2495.869 Thread 0x0000014c6d8aa800 nmethod 6088 0x0000014c49f72e10 code [0x0000014c49f72fc0, 0x0000014c49f73740]
Event: 2495.870 Thread 0x0000014c6c126000 6089   !   4       java.util.concurrent.ConcurrentHashMap::putVal (362 bytes)
Event: 2495.878 Thread 0x0000014c6d8a0000 6090       3       java.util.concurrent.ThreadPoolExecutor::workerCountOf (5 bytes)

GC Heap History (10 events):
Event: 2366.527 GC heap before
{Heap before GC invocations=242 (full 2):
 PSYoungGen      total 22528K, used 22176K [0x0000000740a00000, 0x0000000745900000, 0x00000007c0000000)
  eden space 22016K, 100% used [0x0000000740a00000,0x0000000741f80000,0x0000000741f80000)
  from space 512K, 31% used [0x0000000745800000,0x0000000745828000,0x0000000745880000)
  to   space 512K, 0% used [0x0000000745880000,0x0000000745880000,0x0000000745900000)
 ParOldGen       total 51712K, used 38352K [0x00000005c2800000, 0x00000005c5a80000, 0x0000000740a00000)
  object space 51712K, 74% used [0x00000005c2800000,0x00000005c4d740e8,0x00000005c5a80000)
 Metaspace       used 48763K, capacity 49244K, committed 49536K, reserved 1091584K
  class space    used 6287K, capacity 6449K, committed 6528K, reserved 1048576K
Event: 2366.528 GC heap after
Heap after GC invocations=242 (full 2):
 PSYoungGen      total 22528K, used 128K [0x0000000740a00000, 0x0000000745900000, 0x00000007c0000000)
  eden space 22016K, 0% used [0x0000000740a00000,0x0000000740a00000,0x0000000741f80000)
  from space 512K, 25% used [0x0000000745880000,0x00000007458a0000,0x0000000745900000)
  to   space 512K, 0% used [0x0000000745800000,0x0000000745800000,0x0000000745880000)
 ParOldGen       total 51712K, used 38352K [0x00000005c2800000, 0x00000005c5a80000, 0x0000000740a00000)
  object space 51712K, 74% used [0x00000005c2800000,0x00000005c4d740e8,0x00000005c5a80000)
 Metaspace       used 48763K, capacity 49244K, committed 49536K, reserved 1091584K
  class space    used 6287K, capacity 6449K, committed 6528K, reserved 1048576K
}
Event: 2373.177 GC heap before
{Heap before GC invocations=243 (full 2):
 PSYoungGen      total 22528K, used 22144K [0x0000000740a00000, 0x0000000745900000, 0x00000007c0000000)
  eden space 22016K, 100% used [0x0000000740a00000,0x0000000741f80000,0x0000000741f80000)
  from space 512K, 25% used [0x0000000745880000,0x00000007458a0000,0x0000000745900000)
  to   space 512K, 0% used [0x0000000745800000,0x0000000745800000,0x0000000745880000)
 ParOldGen       total 51712K, used 38352K [0x00000005c2800000, 0x00000005c5a80000, 0x0000000740a00000)
  object space 51712K, 74% used [0x00000005c2800000,0x00000005c4d740e8,0x00000005c5a80000)
 Metaspace       used 48763K, capacity 49244K, committed 49536K, reserved 1091584K
  class space    used 6287K, capacity 6449K, committed 6528K, reserved 1048576K
Event: 2373.178 GC heap after
Heap after GC invocations=243 (full 2):
 PSYoungGen      total 22528K, used 160K [0x0000000740a00000, 0x0000000745900000, 0x00000007c0000000)
  eden space 22016K, 0% used [0x0000000740a00000,0x0000000740a00000,0x0000000741f80000)
  from space 512K, 31% used [0x0000000745800000,0x0000000745828000,0x0000000745880000)
  to   space 512K, 0% used [0x0000000745880000,0x0000000745880000,0x0000000745900000)
 ParOldGen       total 51712K, used 38352K [0x00000005c2800000, 0x00000005c5a80000, 0x0000000740a00000)
  object space 51712K, 74% used [0x00000005c2800000,0x00000005c4d740e8,0x00000005c5a80000)
 Metaspace       used 48763K, capacity 49244K, committed 49536K, reserved 1091584K
  class space    used 6287K, capacity 6449K, committed 6528K, reserved 1048576K
}
Event: 2379.726 GC heap before
{Heap before GC invocations=244 (full 2):
 PSYoungGen      total 22528K, used 22176K [0x0000000740a00000, 0x0000000745900000, 0x00000007c0000000)
  eden space 22016K, 100% used [0x0000000740a00000,0x0000000741f80000,0x0000000741f80000)
  from space 512K, 31% used [0x0000000745800000,0x0000000745828000,0x0000000745880000)
  to   space 512K, 0% used [0x0000000745880000,0x0000000745880000,0x0000000745900000)
 ParOldGen       total 51712K, used 38356K [0x00000005c2800000, 0x00000005c5a80000, 0x0000000740a00000)
  object space 51712K, 74% used [0x00000005c2800000,0x00000005c4d75098,0x00000005c5a80000)
 Metaspace       used 48763K, capacity 49244K, committed 49536K, reserved 1091584K
  class space    used 6287K, capacity 6449K, committed 6528K, reserved 1048576K
Event: 2379.727 GC heap after
Heap after GC invocations=244 (full 2):
 PSYoungGen      total 22528K, used 224K [0x0000000740a00000, 0x0000000745900000, 0x00000007c0000000)
  eden space 22016K, 0% used [0x0000000740a00000,0x0000000740a00000,0x0000000741f80000)
  from space 512K, 43% used [0x0000000745880000,0x00000007458b8000,0x0000000745900000)
  to   space 512K, 0% used [0x0000000745800000,0x0000000745800000,0x0000000745880000)
 ParOldGen       total 51712K, used 38356K [0x00000005c2800000, 0x00000005c5a80000, 0x0000000740a00000)
  object space 51712K, 74% used [0x00000005c2800000,0x00000005c4d75098,0x00000005c5a80000)
 Metaspace       used 48763K, capacity 49244K, committed 49536K, reserved 1091584K
  class space    used 6287K, capacity 6449K, committed 6528K, reserved 1048576K
}
Event: 2386.226 GC heap before
{Heap before GC invocations=245 (full 2):
 PSYoungGen      total 22528K, used 22240K [0x0000000740a00000, 0x0000000745900000, 0x00000007c0000000)
  eden space 22016K, 100% used [0x0000000740a00000,0x0000000741f80000,0x0000000741f80000)
  from space 512K, 43% used [0x0000000745880000,0x00000007458b8000,0x0000000745900000)
  to   space 512K, 0% used [0x0000000745800000,0x0000000745800000,0x0000000745880000)
 ParOldGen       total 51712K, used 38360K [0x00000005c2800000, 0x00000005c5a80000, 0x0000000740a00000)
  object space 51712K, 74% used [0x00000005c2800000,0x00000005c4d76118,0x00000005c5a80000)
 Metaspace       used 48763K, capacity 49244K, committed 49536K, reserved 1091584K
  class space    used 6287K, capacity 6449K, committed 6528K, reserved 1048576K
Event: 2386.228 GC heap after
Heap after GC invocations=245 (full 2):
 PSYoungGen      total 22528K, used 192K [0x0000000740a00000, 0x0000000745900000, 0x00000007c0000000)
  eden space 22016K, 0% used [0x0000000740a00000,0x0000000740a00000,0x0000000741f80000)
  from space 512K, 37% used [0x0000000745800000,0x0000000745830000,0x0000000745880000)
  to   space 512K, 0% used [0x0000000745880000,0x0000000745880000,0x0000000745900000)
 ParOldGen       total 51712K, used 38360K [0x00000005c2800000, 0x00000005c5a80000, 0x0000000740a00000)
  object space 51712K, 74% used [0x00000005c2800000,0x00000005c4d76118,0x00000005c5a80000)
 Metaspace       used 48763K, capacity 49244K, committed 49536K, reserved 1091584K
  class space    used 6287K, capacity 6449K, committed 6528K, reserved 1048576K
}
Event: 2392.793 GC heap before
{Heap before GC invocations=246 (full 2):
 PSYoungGen      total 22528K, used 22208K [0x0000000740a00000, 0x0000000745900000, 0x00000007c0000000)
  eden space 22016K, 100% used [0x0000000740a00000,0x0000000741f80000,0x0000000741f80000)
  from space 512K, 37% used [0x0000000745800000,0x0000000745830000,0x0000000745880000)
  to   space 512K, 0% used [0x0000000745880000,0x0000000745880000,0x0000000745900000)
 ParOldGen       total 51712K, used 38360K [0x00000005c2800000, 0x00000005c5a80000, 0x0000000740a00000)
  object space 51712K, 74% used [0x00000005c2800000,0x00000005c4d76118,0x00000005c5a80000)
 Metaspace       used 48763K, capacity 49244K, committed 49536K, reserved 1091584K
  class space    used 6287K, capacity 6449K, committed 6528K, reserved 1048576K
Event: 2392.794 GC heap after
Heap after GC invocations=246 (full 2):
 PSYoungGen      total 22528K, used 160K [0x0000000740a00000, 0x0000000745900000, 0x00000007c0000000)
  eden space 22016K, 0% used [0x0000000740a00000,0x0000000740a00000,0x0000000741f80000)
  from space 512K, 31% used [0x0000000745880000,0x00000007458a8000,0x0000000745900000)
  to   space 512K, 0% used [0x0000000745800000,0x0000000745800000,0x0000000745880000)
 ParOldGen       total 51712K, used 38360K [0x00000005c2800000, 0x00000005c5a80000, 0x0000000740a00000)
  object space 51712K, 74% used [0x00000005c2800000,0x00000005c4d76118,0x00000005c5a80000)
 Metaspace       used 48763K, capacity 49244K, committed 49536K, reserved 1091584K
  class space    used 6287K, capacity 6449K, committed 6528K, reserved 1048576K
}

Deoptimization events (10 events):
Event: 2491.046 Thread 0x0000014c721a4000 Uncommon trap: reason=class_check action=maybe_recompile pc=0x0000014c4a1a59c8 method=com.mathworks.hg.peer.UIComponentManager.validateFigure()V @ 54
Event: 2491.046 Thread 0x0000014c721a4000 Uncommon trap: reason=class_check action=maybe_recompile pc=0x0000014c4a3abbb0 method=com.mathworks.hg.peer.UIComponentManager.validateFigure()V @ 54
Event: 2491.046 Thread 0x0000014c721a4000 Uncommon trap: reason=class_check action=maybe_recompile pc=0x0000014c4a3abbb0 method=com.mathworks.hg.peer.UIComponentManager.validateFigure()V @ 54
Event: 2491.053 Thread 0x0000014c49752000 Uncommon trap: reason=unstable_if action=reinterpret pc=0x0000014c4aa0aad8 method=com.mathworks.hg.util.HGPeerQueue.add(Lcom/mathworks/hg/util/HGPeerRunnable;)V @ 301
Event: 2491.155 Thread 0x0000014c721a4000 Uncommon trap: reason=unstable_if action=reinterpret pc=0x0000014c4aaa4078 method=java.awt.AWTEventMulticaster.removeInternal(Ljava/util/EventListener;Ljava/util/EventListener;)Ljava/util/EventListener; @ 2
Event: 2491.157 Thread 0x0000014c49752000 Uncommon trap: reason=unstable_if action=reinterpret pc=0x0000014c4a389fa4 method=java.util.Hashtable.getIterator(I)Ljava/util/Iterator; @ 4
Event: 2491.157 Thread 0x0000014c49752000 Uncommon trap: reason=class_check action=maybe_recompile pc=0x0000014c4aac6ce4 method=java.util.Hashtable.putAll(Ljava/util/Map;)V @ 13
Event: 2491.157 Thread 0x0000014c721a4000 Uncommon trap: reason=unstable_if action=reinterpret pc=0x0000014c4a997758 method=com.mathworks.hg.util.HGPeerQueue$HGPeerRunnablesRunner.runit(Z[I)V @ 115
Event: 2491.158 Thread 0x0000014c721a4000 Uncommon trap: reason=unstable_if action=reinterpret pc=0x0000014c4a1a5bfc method=com.mathworks.hg.peer.ui.UIContainerPeer.validateFigure()V @ 4
Event: 2491.158 Thread 0x0000014c721a4000 Uncommon trap: reason=unstable_if action=reinterpret pc=0x0000014c4a3abd38 method=com.mathworks.hg.peer.ui.UIContainerPeer.validateFigure()V @ 4

Classes redefined (0 events):
No events

Internal exceptions (10 events):
Event: 2495.088 Thread 0x0000014c721a4000 Exception <a 'java/net/SocketTimeoutException': Receive timed out> (0x00000007411a4540) thrown at [C:\re\workspace\8-2-build-windows-amd64-cygwin\jdk8u202\12323\hotspot\src\share\vm\prims\jni.cpp, line 736]
Event: 2495.172 Thread 0x0000014c721a4000 Exception <a 'java/net/SocketTimeoutException': Receive timed out> (0x00000007411a4e40) thrown at [C:\re\workspace\8-2-build-windows-amd64-cygwin\jdk8u202\12323\hotspot\src\share\vm\prims\jni.cpp, line 736]
Event: 2495.256 Thread 0x0000014c721a4000 Exception <a 'java/net/SocketTimeoutException': Receive timed out> (0x00000007411a5740) thrown at [C:\re\workspace\8-2-build-windows-amd64-cygwin\jdk8u202\12323\hotspot\src\share\vm\prims\jni.cpp, line 736]
Event: 2495.340 Thread 0x0000014c721a4000 Exception <a 'java/net/SocketTimeoutException': Receive timed out> (0x00000007411a6040) thrown at [C:\re\workspace\8-2-build-windows-amd64-cygwin\jdk8u202\12323\hotspot\src\share\vm\prims\jni.cpp, line 736]
Event: 2495.423 Thread 0x0000014c721a4000 Exception <a 'java/net/SocketTimeoutException': Receive timed out> (0x00000007411a6940) thrown at [C:\re\workspace\8-2-build-windows-amd64-cygwin\jdk8u202\12323\hotspot\src\share\vm\prims\jni.cpp, line 736]
Event: 2495.506 Thread 0x0000014c721a4000 Exception <a 'java/net/SocketTimeoutException': Receive timed out> (0x00000007411a7240) thrown at [C:\re\workspace\8-2-build-windows-amd64-cygwin\jdk8u202\12323\hotspot\src\share\vm\prims\jni.cpp, line 736]
Event: 2495.591 Thread 0x0000014c721a4000 Exception <a 'java/net/SocketTimeoutException': Receive timed out> (0x00000007411a8100) thrown at [C:\re\workspace\8-2-build-windows-amd64-cygwin\jdk8u202\12323\hotspot\src\share\vm\prims\jni.cpp, line 736]
Event: 2495.674 Thread 0x0000014c721a4000 Exception <a 'java/net/SocketTimeoutException': Receive timed out> (0x00000007411a8a00) thrown at [C:\re\workspace\8-2-build-windows-amd64-cygwin\jdk8u202\12323\hotspot\src\share\vm\prims\jni.cpp, line 736]
Event: 2495.757 Thread 0x0000014c721a4000 Exception <a 'java/net/SocketTimeoutException': Receive timed out> (0x00000007411a9300) thrown at [C:\re\workspace\8-2-build-windows-amd64-cygwin\jdk8u202\12323\hotspot\src\share\vm\prims\jni.cpp, line 736]
Event: 2495.842 Thread 0x0000014c721a4000 Exception <a 'java/net/SocketTimeoutException': Receive timed out> (0x00000007411a9c00) thrown at [C:\re\workspace\8-2-build-windows-amd64-cygwin\jdk8u202\12323\hotspot\src\share\vm\prims\jni.cpp, line 736]

Events (10 events):
Event: 2495.876 loading class com/mathworks/widgets/BusyAffordance done
Event: 2495.876 loading class com/mathworks/widgets/ComponentBuilder
Event: 2495.876 loading class com/mathworks/widgets/ComponentBuilder done
Event: 2495.877 loading class com/mathworks/widgets/BusyAffordance$1
Event: 2495.877 loading class com/mathworks/widgets/BusyAffordance$1 done
Event: 2495.877 Thread 0x0000014c0e6c2800 Thread exited: 0x0000014c0e6c2800
Event: 2495.877 Executing VM operation: RevokeBias
Event: 2495.877 Executing VM operation: RevokeBias done
Event: 2495.877 loading class com/mathworks/util/Log$1
Event: 2495.877 loading class com/mathworks/util/Log$1 done


Dynamic libraries:
0x00007ff7c8a90000 - 0x00007ff7c8ac3000 	C:\Program Files\MATLAB\R2020b\bin\win64\matlab.exe
0x00007ffc0c750000 - 0x00007ffc0c947000 	C:\WINDOWS\SYSTEM32\ntdll.dll
0x00007ffc0c4c0000 - 0x00007ffc0c57d000 	C:\WINDOWS\System32\KERNEL32.DLL
0x00007ffc09f60000 - 0x00007ffc0a22d000 	C:\WINDOWS\System32\KERNELBASE.dll
0x00007ffc076d0000 - 0x00007ffc07760000 	C:\WINDOWS\SYSTEM32\apphelp.dll
0x00007ffc0a380000 - 0x00007ffc0a480000 	C:\WINDOWS\System32\ucrtbase.dll
0x00007ffbef600000 - 0x00007ffbef829000 	C:\Program Files\MATLAB\R2020b\bin\win64\libmwi18n.dll
0x00007ffbec040000 - 0x00007ffbec500000 	C:\Program Files\MATLAB\R2020b\bin\win64\libmwservices.dll
0x00007ffbeaa40000 - 0x00007ffbeb2e3000 	C:\Program Files\MATLAB\R2020b\bin\win64\mlutil.dll
0x00007ffbeeb10000 - 0x00007ffbeef1f000 	C:\Program Files\MATLAB\R2020b\bin\win64\mvm.dll
0x00007ffc0c580000 - 0x00007ffc0c62e000 	C:\WINDOWS\System32\ADVAPI32.dll
0x00007ffc0aa10000 - 0x00007ffc0aaae000 	C:\WINDOWS\System32\msvcrt.dll
0x00007ffc0a510000 - 0x00007ffc0a537000 	C:\WINDOWS\System32\bcrypt.dll
0x00007ffc0a7c0000 - 0x00007ffc0a960000 	C:\WINDOWS\System32\USER32.dll
0x00007ffc0b120000 - 0x00007ffc0b1bc000 	C:\WINDOWS\System32\sechost.dll
0x00007ffbea790000 - 0x00007ffbeaa35000 	C:\Program Files\MATLAB\R2020b\bin\win64\libmwfl.dll
0x00007ffc0c240000 - 0x00007ffc0c2ab000 	C:\WINDOWS\System32\WS2_32.dll
0x00007ffc0a350000 - 0x00007ffc0a372000 	C:\WINDOWS\System32\win32u.dll
0x00007ffc0b630000 - 0x00007ffc0b755000 	C:\WINDOWS\System32\RPCRT4.dll
0x00007ffc0c3d0000 - 0x00007ffc0c3fa000 	C:\WINDOWS\System32\GDI32.dll
0x00007ffbf26c0000 - 0x00007ffbf275b000 	C:\Program Files\MATLAB\R2020b\bin\win64\MSVCP140.dll
0x00007ffc0a6a0000 - 0x00007ffc0a7ab000 	C:\WINDOWS\System32\gdi32full.dll
0x00007ffc03c70000 - 0x00007ffc03c86000 	C:\Program Files\MATLAB\R2020b\bin\win64\VCRUNTIME140.dll
0x00007ffc09ec0000 - 0x00007ffc09f5d000 	C:\WINDOWS\System32\msvcp_win.dll
0x00007ffbfbb10000 - 0x00007ffbfbb3a000 	C:\Program Files\MATLAB\R2020b\bin\win64\libmwfoundation_filesystem.dll
0x00007ffbff740000 - 0x00007ffbff749000 	C:\Program Files\MATLAB\R2020b\bin\win64\libmwresource_core.dll
0x00007ffbfc4c0000 - 0x00007ffbfc4d8000 	C:\Program Files\MATLAB\R2020b\bin\win64\libmwcpp11compat.dll
0x00007ffc0b9c0000 - 0x00007ffc0c104000 	C:\WINDOWS\System32\SHELL32.dll
0x00007ffbfbaf0000 - 0x00007ffbfbb02000 	C:\Program Files\MATLAB\R2020b\bin\win64\mwboost_date_time-vc141-mt-x64-1_70.dll
0x00007ffbef370000 - 0x00007ffbef390000 	C:\Program Files\MATLAB\R2020b\bin\win64\mwboost_filesystem-vc141-mt-x64-1_70.dll
0x00007ffbf2250000 - 0x00007ffbf226c000 	C:\Program Files\MATLAB\R2020b\bin\win64\mwboost_thread-vc141-mt-x64-1_70.dll
0x00007ffbed6a0000 - 0x00007ffbed6c8000 	C:\Program Files\MATLAB\R2020b\bin\win64\libexpat.dll
0x00007ffbff760000 - 0x00007ffbff774000 	C:\Program Files\MATLAB\R2020b\bin\win64\libmwcapabilities.dll
0x00007ffbd3da0000 - 0x00007ffbd3ffd000 	C:\Program Files\MATLAB\R2020b\bin\win64\icuin64.dll
0x00007ffbd6d10000 - 0x00007ffbd6ea1000 	C:\Program Files\MATLAB\R2020b\bin\win64\icuuc64.dll
0x00007ffbfffd0000 - 0x00007ffbfffef000 	C:\WINDOWS\SYSTEM32\MPR.dll
0x00007ffbf2270000 - 0x00007ffbf2346000 	C:\Program Files\MATLAB\R2020b\bin\win64\libut.dll
0x00007ffc0aff0000 - 0x00007ffc0b11a000 	C:\WINDOWS\System32\ole32.dll
0x00007ffbdfc00000 - 0x00007ffbdff4f000 	C:\Program Files\MATLAB\R2020b\bin\win64\libmwms.dll
0x00007ffbee980000 - 0x00007ffbeeb0f000 	C:\Program Files\MATLAB\R2020b\bin\win64\libmx.dll
0x00007ffc0aab0000 - 0x00007ffc0ae04000 	C:\WINDOWS\System32\combase.dll
0x00007ffbf9ad0000 - 0x00007ffbf9b3a000 	C:\Program Files\MATLAB\R2020b\bin\win64\libmwlivecode.dll
0x00007ffbf2460000 - 0x00007ffbf24eb000 	C:\Program Files\MATLAB\R2020b\bin\win64\libmwcppmicroservices.dll
0x00007ffc0c170000 - 0x00007ffc0c23d000 	C:\WINDOWS\System32\OLEAUT32.dll
0x00007ffbf2950000 - 0x00007ffbf29a7000 	C:\Program Files\MATLAB\R2020b\bin\win64\libmwsearch_path_utilities.dll
0x00007ffc0a230000 - 0x00007ffc0a297000 	C:\WINDOWS\System32\WINTRUST.dll
0x00007ffbc7bc0000 - 0x00007ffbc7d78000 	C:\Program Files\MATLAB\R2020b\bin\win64\libmwfoundation_matlabdata.dll
0x00007ffc0a540000 - 0x00007ffc0a696000 	C:\WINDOWS\System32\CRYPT32.dll
0x00007ffbe5b20000 - 0x00007ffbe5cc3000 	C:\Program Files\MATLAB\R2020b\bin\win64\libmwflstoragevfs.dll
0x00007ffbebff0000 - 0x00007ffbec031000 	C:\Program Files\MATLAB\R2020b\bin\win64\libmwfoundation_usm.dll
0x00007ffbef3d0000 - 0x00007ffbef440000 	C:\Program Files\MATLAB\R2020b\bin\win64\libmwcwf_interface.dll
0x00007ffbc7d80000 - 0x00007ffbc7f17000 	C:\Program Files\MATLAB\R2020b\bin\win64\libmwmst.dll
0x00007ffc02b40000 - 0x00007ffc02b4e000 	C:\Program Files\MATLAB\R2020b\bin\win64\libmwmatlabstoragesystem.dll
0x00007ffbebf70000 - 0x00007ffbebfa4000 	C:\Program Files\MATLAB\R2020b\bin\win64\libmwthreadpool.dll
0x00007ffbebe20000 - 0x00007ffbebf43000 	C:\Program Files\MATLAB\R2020b\bin\win64\libmwflstorageprovider.dll
0x00007ffbff750000 - 0x00007ffbff75f000 	C:\Program Files\MATLAB\R2020b\bin\win64\libmwflstorageutility.dll
0x00007ffbf2670000 - 0x00007ffbf26bc000 	C:\Program Files\MATLAB\R2020b\bin\win64\libmwrelease_info.dll
0x00007ffbfb9f0000 - 0x00007ffbfb9fe000 	C:\Program Files\MATLAB\R2020b\bin\win64\libmwmatlabdata_boost_serialization.dll
0x00007ffbe55d0000 - 0x00007ffbe5b20000 	C:\Program Files\MATLAB\R2020b\bin\win64\settingscore.dll
0x00007ffbea6d0000 - 0x00007ffbea781000 	C:\Program Files\MATLAB\R2020b\bin\win64\mwboost_log-vc141-mt-x64-1_70.dll
0x00007ffbf2140000 - 0x00007ffbf2195000 	C:\Program Files\MATLAB\R2020b\bin\win64\libmwsettings_in_matlab.dll
0x00007ffbebdd0000 - 0x00007ffbebe11000 	C:\Program Files\MATLAB\R2020b\bin\win64\mwboost_serialization-vc141-mt-x64-1_70.dll
0x00007ffbed190000 - 0x00007ffbed1ac000 	C:\Program Files\MATLAB\R2020b\bin\win64\libmwstartupplugin.dll
0x00007ffbebbd0000 - 0x00007ffbebc36000 	C:\Program Files\MATLAB\R2020b\bin\win64\tbb.dll
0x00007ffbd7050000 - 0x00007ffbd714c000 	C:\Program Files\MATLAB\R2020b\bin\win64\libmwstartup_plugin_initializer.dll
0x00007ffbed510000 - 0x00007ffbed59f000 	C:\Program Files\MATLAB\R2020b\bin\win64\opccore.dll
0x00007ffbfd140000 - 0x00007ffbfd14f000 	C:\Program Files\MATLAB\R2020b\bin\win64\libmvmtransportapi.dll
0x00007ffbde380000 - 0x00007ffbde53e000 	C:\Program Files\MATLAB\R2020b\bin\win64\opcmodel.dll
0x00007ffbef390000 - 0x00007ffbef3cc000 	C:\Program Files\MATLAB\R2020b\bin\win64\opczippackage.dll
0x00007ffbd3c30000 - 0x00007ffbd3d9e000 	C:\Program Files\MATLAB\R2020b\bin\win64\matlab_toolbox_events.dll
0x00007ffbebfb0000 - 0x00007ffbebfef000 	C:\Program Files\MATLAB\R2020b\bin\win64\string_matrix.dll
0x00007ffbc7920000 - 0x00007ffbc7bba000 	C:\Program Files\MATLAB\R2020b\bin\win64\execution_events.dll
0x00007ffbfba80000 - 0x00007ffbfba98000 	C:\Program Files\MATLAB\R2020b\bin\win64\mwboost_iostreams-vc141-mt-x64-1_70.dll
0x00007ffbfba70000 - 0x00007ffbfba7e000 	C:\Program Files\MATLAB\R2020b\bin\win64\mwboost_chrono-vc141-mt-x64-1_70.dll
0x00007ffbe6f90000 - 0x00007ffbe7089000 	C:\Program Files\MATLAB\R2020b\bin\win64\mwboost_regex-vc141-mt-x64-1_70.dll
0x00007ffbde250000 - 0x00007ffbde37f000 	C:\Program Files\MATLAB\R2020b\bin\win64\CppMicroServices3.dll
0x00007ffc04030000 - 0x00007ffc04214000 	C:\WINDOWS\SYSTEM32\dbghelp.dll
0x00007ffc0c630000 - 0x00007ffc0c685000 	C:\WINDOWS\System32\SHLWAPI.dll
0x00007ffc09ce0000 - 0x00007ffc09d2b000 	C:\WINDOWS\SYSTEM32\POWRPROF.dll
0x00007ffbfb9c0000 - 0x00007ffbfb9cd000 	C:\Program Files\MATLAB\R2020b\bin\win64\libmwflstrings.dll
0x00007ffbebdb0000 - 0x00007ffbebdc1000 	C:\Program Files\MATLAB\R2020b\bin\win64\icuio64.dll
0x00007ffbebd40000 - 0x00007ffbebd77000 	C:\Program Files\MATLAB\R2020b\bin\win64\libmwmfl_permute.dll
0x00007ffbebbb0000 - 0x00007ffbebbc2000 	C:\Program Files\MATLAB\R2020b\bin\win64\libmwindexingapimethods.dll
0x00007ffbebb40000 - 0x00007ffbebb9f000 	C:\Program Files\MATLAB\R2020b\bin\win64\tbbmalloc.dll
0x000000006a410000 - 0x000000006a42a000 	C:\Program Files\MATLAB\R2020b\bin\win64\zlib1.dll
0x00007ffbe6a70000 - 0x00007ffbe6b12000 	C:\Program Files\MATLAB\R2020b\bin\win64\opcmwservices.dll
0x00007ffbc7600000 - 0x00007ffbc791a000 	C:\Program Files\MATLAB\R2020b\bin\win64\xerces-c_3_2.dll
0x00007ffbebb10000 - 0x00007ffbebb29000 	C:\Program Files\MATLAB\R2020b\bin\win64\libmwsearch_path_interfaces.dll
0x00007ffbe62e0000 - 0x00007ffbe6386000 	C:\Program Files\MATLAB\R2020b\bin\win64\libmwstoragefilefolderobserver.dll
0x00007ffbc7350000 - 0x00007ffbc7600000 	C:\Program Files\MATLAB\R2020b\bin\win64\libmwflnetwork.dll
0x00007ffbebaf0000 - 0x00007ffbebb0e000 	C:\Program Files\MATLAB\R2020b\bin\win64\libmwflstorageevents.dll
0x00007ffbe77d0000 - 0x00007ffbe7810000 	C:\Program Files\MATLAB\R2020b\bin\win64\libmwmsr.dll
0x00007ffc09560000 - 0x00007ffc095ca000 	C:\WINDOWS\SYSTEM32\MSWSOCK.dll
0x00007ffbeb660000 - 0x00007ffbeb6e0000 	C:\Program Files\MATLAB\R2020b\bin\win64\xmlcore.dll
0x00007ffbeb710000 - 0x00007ffbeb765000 	C:\Program Files\MATLAB\R2020b\bin\win64\libmwfoundation_json.dll
0x00007ffbd6630000 - 0x00007ffbd6723000 	C:\Program Files\MATLAB\R2020b\bin\win64\libmwfoundation_matlabdata_standalone.dll
0x00007ffbc7230000 - 0x00007ffbc7345000 	C:\Program Files\MATLAB\R2020b\bin\win64\libmwfoundation_matlabdata_json.dll
0x00007ffbebac0000 - 0x00007ffbebae9000 	C:\Program Files\MATLAB\R2020b\bin\win64\libmwnativedialogs.dll
0x00007ffbdeb00000 - 0x00007ffbdebe9000 	C:\Program Files\MATLAB\R2020b\bin\win64\libmwsearch_path_events.dll
0x00007ffc00200000 - 0x00007ffc0020c000 	C:\WINDOWS\SYSTEM32\Secur32.dll
0x00007ffbea670000 - 0x00007ffbea6c2000 	C:\Program Files\MATLAB\R2020b\bin\win64\libmwflcrypto.dll
0x00007ffbe8550000 - 0x00007ffbe8590000 	C:\Program Files\MATLAB\R2020b\bin\win64\libmwflcryptoutils.dll
0x00007ffbc5920000 - 0x00007ffbc5b3f000 	C:\Program Files\MATLAB\R2020b\bin\win64\libmwflcryptocryptopp.dll
0x00007ffbe84f0000 - 0x00007ffbe8547000 	C:\Program Files\MATLAB\R2020b\bin\win64\libmwflcertificates.dll
0x00007ffbea650000 - 0x00007ffbea661000 	C:\Program Files\MATLAB\R2020b\bin\win64\libminizip.dll
0x00007ffbdfb70000 - 0x00007ffbdfbfb000 	C:\Program Files\MATLAB\R2020b\bin\win64\mcos.dll
0x00007ffc09250000 - 0x00007ffc0928b000 	C:\WINDOWS\SYSTEM32\IPHLPAPI.DLL
0x00007ffbe8e30000 - 0x00007ffbe8e46000 	C:\Program Files\MATLAB\R2020b\bin\win64\libmwdtoa.dll
0x00007ffbf9ac0000 - 0x00007ffbf9ace000 	C:\Program Files\MATLAB\R2020b\bin\win64\libmwfoundation_matlabjson_frontend.dll
0x00007ffbe77b0000 - 0x00007ffbe77d0000 	C:\Program Files\MATLAB\R2020b\bin\win64\libmwmodule_descriptor_interfaces.dll
0x00007ffbc5660000 - 0x00007ffbc591f000 	C:\Program Files\MATLAB\R2020b\bin\win64\libcrypto-1_1-x64.dll
0x00007ffbdecd0000 - 0x00007ffbded7c000 	C:\Program Files\MATLAB\R2020b\bin\win64\libssl-1_1-x64.dll
0x00007ffc09d30000 - 0x00007ffc09d62000 	C:\WINDOWS\SYSTEM32\SSPICLI.DLL
0x0000014c37aa0000 - 0x0000014c394e4000 	C:\Program Files\MATLAB\R2020b\bin\win64\icudt64.dll
0x00007ffc09cc0000 - 0x00007ffc09cd2000 	C:\WINDOWS\SYSTEM32\UMPDC.dll
0x00007ffc0ae10000 - 0x00007ffc0ae40000 	C:\WINDOWS\System32\IMM32.DLL
0x00007ffc09990000 - 0x00007ffc099a2000 	C:\WINDOWS\SYSTEM32\MSASN1.dll
0x00007ffc09770000 - 0x00007ffc0977c000 	C:\WINDOWS\SYSTEM32\CRYPTBASE.DLL
0x00007ffc0a480000 - 0x00007ffc0a502000 	C:\WINDOWS\System32\bcryptPrimitives.dll
0x00007ffbdb500000 - 0x00007ffbdb5a3000 	C:\Program Files\MATLAB\R2020b\bin\win64\DeclarativeServices1.dll
0x00007ffbf9480000 - 0x00007ffbf9489000 	C:\Program Files\MATLAB\R2020b\bin\win64\usLogService.dll
0x00007ffbe7150000 - 0x00007ffbe7163000 	C:\Program Files\MATLAB\R2020b\bin\win64\usServiceComponent.dll
0x00007ffbe7130000 - 0x00007ffbe714b000 	C:\Program Files\MATLAB\R2020b\bin\win64\cppmicroservices_compendium\foundation\cppmicroservices\logserviceimpl\mwLogServiceImpl.dll
0x00007ffbe6f70000 - 0x00007ffbe6f8c000 	C:\Program Files\MATLAB\R2020b\bin\win64\matlab_startup_plugins\connector\openssl_initializer\libmwconnectoropensslinitializer.dll
0x00007ffbd2110000 - 0x00007ffbd21fd000 	C:\Program Files\MATLAB\R2020b\bin\win64\PocoNet64.dll
0x00007ffbe6f30000 - 0x00007ffbe6f6a000 	C:\Program Files\MATLAB\R2020b\bin\win64\PocoNetSSL64.dll
0x00007ffbc54f0000 - 0x00007ffbc565a000 	C:\Program Files\MATLAB\R2020b\bin\win64\PocoFoundation64.dll
0x00007ffbe2de0000 - 0x00007ffbe2e45000 	C:\Program Files\MATLAB\R2020b\bin\win64\PocoUtil64.dll

VM Arguments:
jvm_args: -Xms64m -XX:NewRatio=3 -Xmx8152m -XX:MaxDirectMemorySize=2147400000 -Dsun.java2d.noddraw=true -Dsun.awt.nopixfmt=true -Xshare:off -Djava.ext.dirs=C:\Program Files\MATLAB\R2020b\sys\java\jre\win64\jre\lib\ext -Djogamp.gluegen.UseTempJarCache=false -Djogl.disable.opengles=1 -Djogl.windows.cpu_affinity_mode=0 -Xrs -Djava.library.path=C:\Program Files\MATLAB\R2020b\bin\win64;C:\Program Files\MATLAB\R2020b\sys\jxbrowser\win64\lib vfprintf -XX:ErrorFile=C:\Users\EXPERI~1\AppData\Local\Temp\hs_error_pid12076.log abort -Duser.language=en -Duser.country=GB -Dfile.encoding=Cp1252 -XX:ParallelGCThreads=6 
java_command: <unknown>
java_class_path (initial): C:\Program Files\MATLAB\R2020b\java\patch;C:\Program Files\MATLAB\R2020b\java\jar\jmi.jar;C:\Program Files\MATLAB\R2020b\java\jar\util.jar;C:\Program Files\MATLAB\R2020b\java\jar\mvm.jar;C:\Program Files\MATLAB\R2020b\java\jar\services.jar;C:\Program Files\MATLAB\R2020b\java\jarext\commons-io.jar;C:\Program Files\MATLAB\R2020b\java\jar\cfbutils.jar;C:\Program Files\MATLAB\R2020b\java\jar\capabilities.jar;C:\Program Files\MATLAB\R2020b\java\jar\mlwidgets.jar;C:\Program Files\MATLAB\R2020b\java\jar\html.jar;C:\Program Files\MATLAB\R2020b\java\jar\net.jar;C:\Program Files\MATLAB\R2020b\java\jar\ddux_api.jar;C:\Program Files\MATLAB\R2020b\java\jarext\log4j.jar;C:\Program Files\MATLAB\R2020b\java\jar\mwswing.jar;C:\Program Files\MATLAB\R2020b\java\jar\common.jar;C:\Program Files\MATLAB\R2020b\java\jarext\google-collect.jar;C:\Program Files\MATLAB\R2020b\java\jarext\commons-lang.jar;C:\Program Files\MATLAB\R2020b\java\jarext\jide\jide-common.jar;C:\Program Files\MATLAB\R2020b\java\jarext\jide\jide-dock.jar;C:\Program Files\MATLAB\R2020b\java\jarext\jide\jide-action.jar;C:\Program Files\MATLAB\R2020b\java\jarext\jide\jide-components.jar;C:\Program Files\MATLAB\R2020b\java\jarext\jide\jide-grids.jar;C:\Program Files\MATLAB\R2020b\java\jarext\jide\jide-dialogs.jar;C:\Program Files\MATLAB\R2020b\java\jarext\jide\jide-shortcut.jar;C:\Program Files\MATLAB\R2020b\java\jarext\jide\jide-charts.jar;C:\Program Files\MATLAB\R2020b\java\jar\toolstrip.jar;C:\Program Files\MATLAB\R2020b\java\jar\mlservices.jar;C:\Program Files\MATLAB\R2020b\java\jar\widgets.jar;C:\Program Files\MATLAB\R2020b\java\jar\mde.jar;C:\Program Files\MATLAB\R2020b\java\jar\explorer.jar;C:\Program Files\MATLAB\R2020b\java\jar\explorer_api.jar;C:\Program Files\MATLAB\R2020b\java\jar\desktop.jar;C:\Program Files\MATLAB\R2020b\java\jar\addons.jar;C:\Program Files\MATLAB\R2020b\java\jar\addons_common.jar;C:\Program Files\MATLAB\R2020b\java\jarext\connector_api\msscommon\msscommon.jar;C:\P
Launcher Type: generic

Environment Variables:
PATH=C:\Program Files\MATLAB\R2020b\toolbox\imaq\imaqextern\drivers\win64\genicam\GenICam_V3_1_0\bin\Win64_x64;C:\Program Files\MATLAB\R2020b\bin\win64;C:\WINDOWS\system32;C:\WINDOWS;C:\WINDOWS\System32\Wbem;C:\WINDOWS\System32\WindowsPowerShell\v1.0\;C:\WINDOWS\System32\OpenSSH\;C:\Program Files\MATLAB\R2020b\bin;C:\Program Files\Git\cmd;C:\Program Files\Point Grey Research\FlyCap2 Viewer\bin64;%FC2PATH\vs2013;C:\Program Files\Point Grey Research\FlyCap2 Viewer\bin64\vs2015;C:\Program Files\Point Grey Research\Spinnaker\bin64\vs2015;C:\Program Files\Point Grey Research\Spinnaker\bin\vs2015;C:\Users\Experiment\AppData\Local\Microsoft\WindowsApps;C:\Users\Experiment\anaconda3\condabin;C:\Users\Experiment\anaconda3\Scripts;
USERNAME=Experiment
OS=Windows_NT
PROCESSOR_IDENTIFIER=Intel64 Family 6 Model 165 Stepping 5, GenuineIntel



---------------  S Y S T E M  ---------------

OS: Windows 10.0 , 64 bit Build 19041 (10.0.19041.1741)

CPU:total 20 (initial active 20) (10 cores per cpu, 2 threads per core) family 6 model 165 stepping 5, cmov, cx8, fxsr, mmx, sse, sse2, sse3, ssse3, sse4.1, sse4.2, popcnt, avx, avx2, aes, clmul, erms, 3dnowpref, lzcnt, ht, tsc, tscinvbit, bmi1, bmi2, adx

Memory: 4k page, physical 33392416k(24158684k free), swap 44329608k(29928076k free)

vm_info: Java HotSpot(TM) 64-Bit Server VM (25.202-b08) for windows-amd64 JRE (1.8.0_202-b08), built on Dec 15 2018 19:54:30 by "java_re" with MS VC++ 10.0 (VS2010)

time: Mon Jun 27 13:02:30 2022
timezone: GMT Daylight Time
elapsed time: 2495 seconds (0d 0h 41m 35s)

