#
# A fatal error has been detected by the Java Runtime Environment:
#
#  EXCEPTION_UNCAUGHT_CXX_EXCEPTION (0xe06d7363) at pc=0x00007ff87b654fd9, pid=9868, tid=0x0000000000002a88
#
# JRE version: Java(TM) SE Runtime Environment (8.0_202-b08) (build 1.8.0_202-b08)
# Java VM: Java HotSpot(TM) 64-Bit Server VM (25.202-b08 mixed mode windows-amd64 compressed oops)
# Problematic frame:
# C  [KERNELBASE.dll+0x34fd9]
#
# Failed to write core dump. Minidumps are not enabled by default on client versions of Windows
#
# If you would like to submit a bug report, please visit:
#   http://bugreport.java.com/bugreport/crash.jsp
# The crash happened outside the Java Virtual Machine in native code.
# See problematic frame for where to report the bug.
#

---------------  T H R E A D  ---------------

Current thread (0x0000025aa4852000):  JavaThread "main" [_thread_in_native, id=10888, stack(0x000000a41d900000,0x000000a421900000)]

siginfo: ExceptionCode=0xe06d7363, ExceptionInformation=0x0000000019930520 0x000000a4218e5da8 0x00007ff83dfac3a8 0x00007ff83de10000 

Registers:
RAX=0x0000000000000000, RBX=0x000000a4218e3440, RCX=0x0000000000000000, RDX=0x0000000000000000
RSP=0x000000a4218e0e40, RBP=0x000000a4218e14f0, RSI=0x000000a4218e0f80, RDI=0x000000a4218e1c90
R8 =0x0000025aa4872610, R9 =0x0000000000000009, R10=0x00000000716ca490, R11=0x0000000000000030
R12=0x000000a4218e22b8, R13=0x00007ff83e0ef900, R14=0x0000000000000000, R15=0x0000000000000000
RIP=0x00007ff87b654fd9, EFLAGS=0x0000000000000202

Top of Stack: (sp=0x000000a4218e0e40)
0x000000a4218e0e40:   fffffffffffffffe 000000a4218e3440
0x000000a4218e0e50:   000000a4218e0f80 0000000000000000
0x000000a4218e0e60:   00000001e06d7363 0000000000000000
0x000000a4218e0e70:   00007ff87b654fd9 0000000000000004
0x000000a4218e0e80:   0000000019930520 000000a4218e5da8
0x000000a4218e0e90:   00007ff83dfac3a8 00007ff83de10000
0x000000a4218e0ea0:   0000a19001a7790f 000000a4218e22b8
0x000000a4218e0eb0:   0000000000000004 00007ff8735d4685
0x000000a4218e0ec0:   0000000000000000 0000025a979004e0
0x000000a4218e0ed0:   000000a4218e0f80 000000a4218e14f0
0x000000a4218e0ee0:   000000a4218e1c90 00007ff8735d470d
0x000000a4218e0ef0:   000000a4218e3440 000000a4218e0f80
0x000000a4218e0f00:   00002f95c97197d1 0000025abb6e4a38
0x000000a4218e0f10:   000000a4218e3440 00007ff8735d1f74
0x000000a4218e0f20:   00007ff83e0ef900 000000a4218e22b8
0x000000a4218e0f30:   0000000000000100 000000a4218e0ee8 

Instructions: (pc=0x00007ff87b654fd9)
0x00007ff87b654fb9:   8b d1 44 0f 47 c0 44 89 44 24 38 49 c1 e0 03 e8
0x00007ff87b654fc9:   da 1c 06 00 48 8d 4c 24 20 48 ff 15 57 e1 18 00
0x00007ff87b654fd9:   0f 1f 44 00 00 48 8b 8c 24 c0 00 00 00 48 33 cc
0x00007ff87b654fe9:   e8 52 96 05 00 48 81 c4 d8 00 00 00 c3 cc 83 64 


Register to memory mapping:

RAX=0x0000000000000000 is an unknown value
RBX=0x000000a4218e3440 is pointing into the stack for thread: 0x0000025aa4852000
RCX=0x0000000000000000 is an unknown value
RDX=0x0000000000000000 is an unknown value
RSP=0x000000a4218e0e40 is pointing into the stack for thread: 0x0000025aa4852000
RBP=0x000000a4218e14f0 is pointing into the stack for thread: 0x0000025aa4852000
RSI=0x000000a4218e0f80 is pointing into the stack for thread: 0x0000025aa4852000
RDI=0x000000a4218e1c90 is pointing into the stack for thread: 0x0000025aa4852000
R8 =0x0000025aa4872610 is an unknown value
R9 =0x0000000000000009 is an unknown value
R10=0x00000000716ca490 is an unknown value
R11=0x0000000000000030 is an unknown value
R12=0x000000a4218e22b8 is pointing into the stack for thread: 0x0000025aa4852000
R13=0x00007ff83e0ef900 is an unknown value
R14=0x0000000000000000 is an unknown value
R15=0x0000000000000000 is an unknown value


Stack: [0x000000a41d900000,0x000000a421900000],  sp=0x000000a4218e0e40,  free space=65411k
Native frames: (J=compiled Java code, j=interpreted, Vv=VM code, C=native code)
C  [KERNELBASE.dll+0x34fd9]
C  [VCRUNTIME140.dll+0x1f74]
C  [ntdll.dll+0xa1426]
C  0x00007ff83e087a3f
C  0x00007ff83e057c42
C  0x00007ff83e057421
C  0x00007ff83e059313
C  [libmwservices.dll+0x29f923]
C  [libmwservices.dll+0x2a0f10]
C  [libmwservices.dll+0x2a1c0e]
C  0x00007ff8353b3e2a
C  0x0000025aa4949f2e

Java frames: (J=compiled Java code, j=interpreted, Vv=VM code)
j  com.mathworks.jmi.NativeMatlab.ProcessPendingEvents()Z+0
j  com.mathworks.jmi.NativeMatlab.processPendingEvents()Z+8
j  com.mathworks.jmi.Matlab$ProcessPendingEvents.callBooleanMethod(Ljava/lang/Object;)Z+0
j  com.mathworks.util.FactoryUtils.processPendingEvents()Z+12
j  com.mathworks.widgets.desk.Desktop.canClose()Z+38
j  com.mathworks.mde.desk.MLDesktop.canClose()Z+296
j  com.mathworks.mde.desk.MLDesktop$2.call()Ljava/lang/Boolean;+4
j  com.mathworks.mde.desk.MLDesktop$2.call()Ljava/lang/Object;+1
j  com.mathworks.jmi.Matlab.runPredicates(Ljava/util/List;Z)Z+59
j  com.mathworks.jmi.Matlab.isOkToExit()Z+4
v  ~StubRoutines::call_stub
j  com.mathworks.jmi.NativeMatlab.SendMatlabMessage(Ljava/lang/Object;)Ljava/lang/Object;+0
j  com.mathworks.jmi.NativeMatlab.sendMatlabMessage(Ljava/lang/Object;)Ljava/lang/Object;+22
j  com.mathworks.jmi.MatlabLooper.sendMatlabMessage(Lcom/mathworks/services/message/MWMessage;)Ljava/lang/Object;+20
j  com.mathworks.jmi.Matlab.mtFevalConsoleOutput(Ljava/lang/String;[Ljava/lang/Object;I)Ljava/lang/Object;+58
j  com.mathworks.toolbox.instrument.events.ActionQueue.run()V+130
v  ~StubRoutines::call_stub

---------------  P R O C E S S  ---------------

Java Threads: ( => current thread )
  0x0000025abb463000 JavaThread "Installation Observer" daemon [_thread_blocked, id=10308, stack(0x000000a42b000000,0x000000a42b100000)]
  0x0000025abe2e0800 JavaThread "Keep-Alive-SocketCleaner" daemon [_thread_blocked, id=10160, stack(0x000000a42de00000,0x000000a42df00000)]
  0x0000025abb466000 JavaThread "com.mathworks.addons_common.notificationframework.InstalledFolderRegistryObservers" daemon [_thread_blocked, id=11424, stack(0x000000a42c300000,0x000000a42c400000)]
  0x0000025abddfc800 JavaThread "com.mathworks.addons_common.notificationframework.InstalledAddOnsCache" daemon [_thread_blocked, id=6236, stack(0x000000a42a900000,0x000000a42aa00000)]
  0x0000025abddf8000 JavaThread "TimerQueue" daemon [_thread_blocked, id=8316, stack(0x000000a42a000000,0x000000a42a100000)]
  0x0000025abddf7800 JavaThread "AWT-EventQueue-0-SharedResourceRunner" daemon [_thread_blocked, id=4612, stack(0x000000a428d00000,0x000000a428e00000)]
  0x0000025abddf9800 JavaThread "Thread-3" daemon [_thread_blocked, id=10840, stack(0x000000a429100000,0x000000a429200000)]
  0x0000025abc73a000 JavaThread "AWT-EventQueue-0" [_thread_blocked, id=11548, stack(0x000000a428f00000,0x000000a429000000)]
  0x0000025abda69000 JavaThread "AWT-Shutdown" [_thread_blocked, id=3408, stack(0x000000a428b00000,0x000000a428c00000)]
  0x0000025abdea5800 JavaThread "EventMgr Dispatcher" daemon [_thread_in_native, id=7324, stack(0x000000a428e00000,0x000000a428f00000)]
  0x0000025abc985800 JavaThread "AWT-Windows" daemon [_thread_in_native, id=10096, stack(0x000000a428c00000,0x000000a428d00000)]
  0x0000025abc97a000 JavaThread "Java2D Disposer" daemon [_thread_blocked, id=11872, stack(0x000000a428a00000,0x000000a428b00000)]
  0x0000025abd0ac000 JavaThread "Settings Releaser" daemon [_thread_blocked, id=6624, stack(0x000000a428900000,0x000000a428a00000)]
  0x0000025abd1b7800 JavaThread "EventMgr Dispatcher" daemon [_thread_in_native, id=1200, stack(0x000000a428800000,0x000000a428900000)]
  0x0000025ab9780800 JavaThread "Service Thread" daemon [_thread_blocked, id=7420, stack(0x000000a428500000,0x000000a428600000)]
  0x0000025ab96da800 JavaThread "C1 CompilerThread11" daemon [_thread_blocked, id=11672, stack(0x000000a428400000,0x000000a428500000)]
  0x0000025ab96d3800 JavaThread "C1 CompilerThread10" daemon [_thread_blocked, id=3128, stack(0x000000a428300000,0x000000a428400000)]
  0x0000025ab96d3000 JavaThread "C1 CompilerThread9" daemon [_thread_blocked, id=9608, stack(0x000000a428200000,0x000000a428300000)]
  0x0000025ab96cf000 JavaThread "C1 CompilerThread8" daemon [_thread_blocked, id=8432, stack(0x000000a428100000,0x000000a428200000)]
  0x0000025ab96ce800 JavaThread "C2 CompilerThread7" daemon [_thread_blocked, id=5108, stack(0x000000a428000000,0x000000a428100000)]
  0x0000025ab96c9800 JavaThread "C2 CompilerThread6" daemon [_thread_blocked, id=940, stack(0x000000a427f00000,0x000000a428000000)]
  0x0000025ab7f3b000 JavaThread "C2 CompilerThread5" daemon [_thread_blocked, id=11272, stack(0x000000a427e00000,0x000000a427f00000)]
  0x0000025ab7f3a000 JavaThread "C2 CompilerThread4" daemon [_thread_blocked, id=12276, stack(0x000000a427d00000,0x000000a427e00000)]
  0x0000025ab7f37800 JavaThread "C2 CompilerThread3" daemon [_thread_blocked, id=10740, stack(0x000000a427c00000,0x000000a427d00000)]
  0x0000025ab7f36800 JavaThread "C2 CompilerThread2" daemon [_thread_blocked, id=6364, stack(0x000000a427b00000,0x000000a427c00000)]
  0x0000025ab7f36000 JavaThread "C2 CompilerThread1" daemon [_thread_blocked, id=1972, stack(0x000000a427a00000,0x000000a427b00000)]
  0x0000025ab7f30800 JavaThread "C2 CompilerThread0" daemon [_thread_blocked, id=8388, stack(0x000000a427900000,0x000000a427a00000)]
  0x0000025ab96c8000 JavaThread "Attach Listener" daemon [_thread_blocked, id=11484, stack(0x000000a427800000,0x000000a427900000)]
  0x0000025ab7f2a000 JavaThread "Finalizer" daemon [_thread_blocked, id=8572, stack(0x000000a427700000,0x000000a427800000)]
  0x0000025ab7f21000 JavaThread "Reference Handler" daemon [_thread_blocked, id=8996, stack(0x000000a427600000,0x000000a427700000)]
=>0x0000025aa4852000 JavaThread "main" [_thread_in_native, id=10888, stack(0x000000a41d900000,0x000000a421900000)]

Other Threads:
  0x0000025ab7efb800 VMThread [stack: 0x000000a427500000,0x000000a427600000] [id=10960]
  0x0000025ab985a800 WatcherThread [stack: 0x000000a428600000,0x000000a428700000] [id=5220]

VM state:not at safepoint (normal execution)

VM Mutex/Monitor currently owned by a thread: None

heap address: 0x00000000a0000000, size: 1536 MB, Compressed Oops mode: 32-bit
Narrow klass base: 0x0000000000000000, Narrow klass shift: 3
Compressed class space size: 1073741824 Address: 0x0000000100000000

Heap:
 PSYoungGen      total 290304K, used 238079K [0x00000000e8000000, 0x00000000fd580000, 0x0000000100000000)
  eden space 289792K, 81% used [0x00000000e8000000,0x00000000f6807c80,0x00000000f9b00000)
  from space 512K, 93% used [0x00000000fd500000,0x00000000fd578020,0x00000000fd580000)
  to   space 10752K, 0% used [0x00000000fc080000,0x00000000fc080000,0x00000000fcb00000)
 ParOldGen       total 54272K, used 44994K [0x00000000a0000000, 0x00000000a3500000, 0x00000000e8000000)
  object space 54272K, 82% used [0x00000000a0000000,0x00000000a2bf0af0,0x00000000a3500000)
 Metaspace       used 49317K, capacity 49798K, committed 50176K, reserved 1093632K
  class space    used 6445K, capacity 6584K, committed 6656K, reserved 1048576K

Card table byte_map: [0x0000025ab3cf0000,0x0000025ab4000000] byte_map_base: 0x0000025ab37f0000

Marking Bits: (ParMarkBitMap*) 0x00000000716d5ce0
 Begin Bits: [0x0000025ab4240000, 0x0000025ab5a40000)
 End Bits:   [0x0000025ab5a40000, 0x0000025ab7240000)

Polling page: 0x0000025a96d60000

CodeCache: size=245760Kb used=18545Kb max_used=18888Kb free=227214Kb
 bounds [0x0000025aa4930000, 0x0000025aa5be0000, 0x0000025ab3930000]
 total_blobs=6043 nmethods=5027 adapters=925
 compilation: enabled

Compilation events (10 events):
Event: 5086.381 Thread 0x0000025ab7f37800 6072       4       com.mathworks.hg.util.HGPeerQueue$HGPeerRunnablesRunner::runThese (7 bytes)
Event: 5086.381 Thread 0x0000025ab96cf000 6073       3       java.lang.reflect.Method::setMethodAccessor (21 bytes)
Event: 5086.381 Thread 0x0000025ab96da800 6074       1       java.lang.reflect.Method::getMethodAccessor (5 bytes)
Event: 5086.381 Thread 0x0000025ab96da800 nmethod 6074 0x0000025aa56b9890 code [0x0000025aa56b99e0, 0x0000025aa56b9af8]
Event: 5086.381 Thread 0x0000025ab96cf000 nmethod 6073 0x0000025aa4c40e10 code [0x0000025aa4c40f80, 0x0000025aa4c41330]
Event: 5086.419 Thread 0x0000025ab7f37800 nmethod 6072 0x0000025aa4dad090 code [0x0000025aa4dad2c0, 0x0000025aa4daee00]
Event: 5086.797 Thread 0x0000025ab96d3000 6075       3       sun.awt.AWTAutoShutdown::isReadyToShutdown (37 bytes)
Event: 5086.798 Thread 0x0000025ab96d3000 nmethod 6075 0x0000025aa50aa1d0 code [0x0000025aa50aa360, 0x0000025aa50aa720]
Event: 5091.537 Thread 0x0000025ab96ce800 6076       4       java.util.concurrent.locks.ReentrantLock$NonfairSync::tryAcquire (6 bytes)
Event: 5091.538 Thread 0x0000025ab96ce800 nmethod 6076 0x0000025aa5913e10 code [0x0000025aa5913f40, 0x0000025aa5914018]

GC Heap History (10 events):
Event: 381.194 GC heap before
{Heap before GC invocations=26 (full 2):
 PSYoungGen      total 309760K, used 297184K [0x00000000e8000000, 0x00000000ff680000, 0x0000000100000000)
  eden space 296960K, 100% used [0x00000000e8000000,0x00000000fa200000,0x00000000fa200000)
  from space 12800K, 1% used [0x00000000fa200000,0x00000000fa238000,0x00000000fae80000)
  to   space 12288K, 0% used [0x00000000fea80000,0x00000000fea80000,0x00000000ff680000)
 ParOldGen       total 54272K, used 44922K [0x00000000a0000000, 0x00000000a3500000, 0x00000000e8000000)
  object space 54272K, 82% used [0x00000000a0000000,0x00000000a2bdeaf0,0x00000000a3500000)
 Metaspace       used 48744K, capacity 49254K, committed 49536K, reserved 1091584K
  class space    used 6280K, capacity 6424K, committed 6528K, reserved 1048576K
Event: 381.196 GC heap after
Heap after GC invocations=26 (full 2):
 PSYoungGen      total 353792K, used 128K [0x00000000e8000000, 0x00000000fee00000, 0x0000000100000000)
  eden space 350208K, 0% used [0x00000000e8000000,0x00000000e8000000,0x00000000fd600000)
  from space 3584K, 3% used [0x00000000fea80000,0x00000000feaa0000,0x00000000fee00000)
  to   space 12288K, 0% used [0x00000000fd600000,0x00000000fd600000,0x00000000fe200000)
 ParOldGen       total 54272K, used 44994K [0x00000000a0000000, 0x00000000a3500000, 0x00000000e8000000)
  object space 54272K, 82% used [0x00000000a0000000,0x00000000a2bf0af0,0x00000000a3500000)
 Metaspace       used 48744K, capacity 49254K, committed 49536K, reserved 1091584K
  class space    used 6280K, capacity 6424K, committed 6528K, reserved 1048576K
}
Event: 553.391 GC heap before
{Heap before GC invocations=27 (full 2):
 PSYoungGen      total 353792K, used 350336K [0x00000000e8000000, 0x00000000fee00000, 0x0000000100000000)
  eden space 350208K, 100% used [0x00000000e8000000,0x00000000fd600000,0x00000000fd600000)
  from space 3584K, 3% used [0x00000000fea80000,0x00000000feaa0000,0x00000000fee00000)
  to   space 12288K, 0% used [0x00000000fd600000,0x00000000fd600000,0x00000000fe200000)
 ParOldGen       total 54272K, used 44994K [0x00000000a0000000, 0x00000000a3500000, 0x00000000e8000000)
  object space 54272K, 82% used [0x00000000a0000000,0x00000000a2bf0af0,0x00000000a3500000)
 Metaspace       used 48744K, capacity 49254K, committed 49536K, reserved 1091584K
  class space    used 6280K, capacity 6424K, committed 6528K, reserved 1048576K
Event: 553.393 GC heap after
Heap after GC invocations=27 (full 2):
 PSYoungGen      total 334336K, used 160K [0x00000000e8000000, 0x00000000feb00000, 0x0000000100000000)
  eden space 333824K, 0% used [0x00000000e8000000,0x00000000e8000000,0x00000000fc600000)
  from space 512K, 31% used [0x00000000fd600000,0x00000000fd628000,0x00000000fd680000)
  to   space 11776K, 0% used [0x00000000fdf80000,0x00000000fdf80000,0x00000000feb00000)
 ParOldGen       total 54272K, used 44994K [0x00000000a0000000, 0x00000000a3500000, 0x00000000e8000000)
  object space 54272K, 82% used [0x00000000a0000000,0x00000000a2bf0af0,0x00000000a3500000)
 Metaspace       used 48744K, capacity 49254K, committed 49536K, reserved 1091584K
  class space    used 6280K, capacity 6424K, committed 6528K, reserved 1048576K
}
Event: 716.334 GC heap before
{Heap before GC invocations=28 (full 2):
 PSYoungGen      total 334336K, used 333984K [0x00000000e8000000, 0x00000000feb00000, 0x0000000100000000)
  eden space 333824K, 100% used [0x00000000e8000000,0x00000000fc600000,0x00000000fc600000)
  from space 512K, 31% used [0x00000000fd600000,0x00000000fd628000,0x00000000fd680000)
  to   space 11776K, 0% used [0x00000000fdf80000,0x00000000fdf80000,0x00000000feb00000)
 ParOldGen       total 54272K, used 44994K [0x00000000a0000000, 0x00000000a3500000, 0x00000000e8000000)
  object space 54272K, 82% used [0x00000000a0000000,0x00000000a2bf0af0,0x00000000a3500000)
 Metaspace       used 48744K, capacity 49254K, committed 49536K, reserved 1091584K
  class space    used 6280K, capacity 6424K, committed 6528K, reserved 1048576K
Event: 716.336 GC heap after
Heap after GC invocations=28 (full 2):
 PSYoungGen      total 318976K, used 192K [0x00000000e8000000, 0x00000000fe000000, 0x0000000100000000)
  eden space 318464K, 0% used [0x00000000e8000000,0x00000000e8000000,0x00000000fb700000)
  from space 512K, 37% used [0x00000000fdf80000,0x00000000fdfb0000,0x00000000fe000000)
  to   space 11776K, 0% used [0x00000000fc900000,0x00000000fc900000,0x00000000fd480000)
 ParOldGen       total 54272K, used 44994K [0x00000000a0000000, 0x00000000a3500000, 0x00000000e8000000)
  object space 54272K, 82% used [0x00000000a0000000,0x00000000a2bf0af0,0x00000000a3500000)
 Metaspace       used 48744K, capacity 49254K, committed 49536K, reserved 1091584K
  class space    used 6280K, capacity 6424K, committed 6528K, reserved 1048576K
}
Event: 872.294 GC heap before
{Heap before GC invocations=29 (full 2):
 PSYoungGen      total 318976K, used 318656K [0x00000000e8000000, 0x00000000fe000000, 0x0000000100000000)
  eden space 318464K, 100% used [0x00000000e8000000,0x00000000fb700000,0x00000000fb700000)
  from space 512K, 37% used [0x00000000fdf80000,0x00000000fdfb0000,0x00000000fe000000)
  to   space 11776K, 0% used [0x00000000fc900000,0x00000000fc900000,0x00000000fd480000)
 ParOldGen       total 54272K, used 44994K [0x00000000a0000000, 0x00000000a3500000, 0x00000000e8000000)
  object space 54272K, 82% used [0x00000000a0000000,0x00000000a2bf0af0,0x00000000a3500000)
 Metaspace       used 48744K, capacity 49254K, committed 49536K, reserved 1091584K
  class space    used 6280K, capacity 6424K, committed 6528K, reserved 1048576K
Event: 872.295 GC heap after
Heap after GC invocations=29 (full 2):
 PSYoungGen      total 315392K, used 192K [0x00000000e8000000, 0x00000000fe000000, 0x0000000100000000)
  eden space 303616K, 0% used [0x00000000e8000000,0x00000000e8000000,0x00000000fa880000)
  from space 11776K, 1% used [0x00000000fc900000,0x00000000fc930000,0x00000000fd480000)
  to   space 11264K, 0% used [0x00000000fd500000,0x00000000fd500000,0x00000000fe000000)
 ParOldGen       total 54272K, used 44994K [0x00000000a0000000, 0x00000000a3500000, 0x00000000e8000000)
  object space 54272K, 82% used [0x00000000a0000000,0x00000000a2bf0af0,0x00000000a3500000)
 Metaspace       used 48744K, capacity 49254K, committed 49536K, reserved 1091584K
  class space    used 6280K, capacity 6424K, committed 6528K, reserved 1048576K
}
Event: 961.473 GC heap before
{Heap before GC invocations=30 (full 2):
 PSYoungGen      total 315392K, used 303808K [0x00000000e8000000, 0x00000000fe000000, 0x0000000100000000)
  eden space 303616K, 100% used [0x00000000e8000000,0x00000000fa880000,0x00000000fa880000)
  from space 11776K, 1% used [0x00000000fc900000,0x00000000fc930000,0x00000000fd480000)
  to   space 11264K, 0% used [0x00000000fd500000,0x00000000fd500000,0x00000000fe000000)
 ParOldGen       total 54272K, used 44994K [0x00000000a0000000, 0x00000000a3500000, 0x00000000e8000000)
  object space 54272K, 82% used [0x00000000a0000000,0x00000000a2bf0af0,0x00000000a3500000)
 Metaspace       used 48800K, capacity 49286K, committed 49536K, reserved 1091584K
  class space    used 6290K, capacity 6456K, committed 6528K, reserved 1048576K
Event: 961.475 GC heap after
Heap after GC invocations=30 (full 2):
 PSYoungGen      total 290304K, used 480K [0x00000000e8000000, 0x00000000fd580000, 0x0000000100000000)
  eden space 289792K, 0% used [0x00000000e8000000,0x00000000e8000000,0x00000000f9b00000)
  from space 512K, 93% used [0x00000000fd500000,0x00000000fd578020,0x00000000fd580000)
  to   space 10752K, 0% used [0x00000000fc080000,0x00000000fc080000,0x00000000fcb00000)
 ParOldGen       total 54272K, used 44994K [0x00000000a0000000, 0x00000000a3500000, 0x00000000e8000000)
  object space 54272K, 82% used [0x00000000a0000000,0x00000000a2bf0af0,0x00000000a3500000)
 Metaspace       used 48800K, capacity 49286K, committed 49536K, reserved 1091584K
  class space    used 6290K, capacity 6456K, committed 6528K, reserved 1048576K
}

Deoptimization events (10 events):
Event: 5086.026 Thread 0x0000025abda69000 Uncommon trap: reason=unstable_if action=reinterpret pc=0x0000025aa5ab6b8c method=sun.awt.AWTAutoShutdown.isReadyToShutdown()Z @ 4
Event: 5086.366 Thread 0x0000025aa4852000 Uncommon trap: reason=unstable_if action=reinterpret pc=0x0000025aa5ae8764 method=com.mathworks.hg.util.HGPeerQueue.add(Lcom/mathworks/hg/util/HGPeerRunnable;)V @ 301
Event: 5086.376 Thread 0x0000025abc73a000 Uncommon trap: reason=unstable_if action=reinterpret pc=0x0000025aa52e57ec method=java.awt.AWTEventMulticaster.removeInternal(Ljava/util/EventListener;Ljava/util/EventListener;)Ljava/util/EventListener; @ 2
Event: 5086.380 Thread 0x0000025aa4852000 Uncommon trap: reason=unstable_if action=reinterpret pc=0x0000025aa5b65920 method=java.util.Hashtable.getIterator(I)Ljava/util/Iterator; @ 4
Event: 5086.380 Thread 0x0000025aa4852000 Uncommon trap: reason=class_check action=maybe_recompile pc=0x0000025aa55a9bcc method=java.util.Hashtable.putAll(Ljava/util/Map;)V @ 13
Event: 5086.380 Thread 0x0000025abc73a000 Uncommon trap: reason=unstable_if action=reinterpret pc=0x0000025aa5a7c9a8 method=com.mathworks.hg.util.HGPeerQueue$HGPeerRunnablesRunner.runit(Z[I)V @ 115
Event: 5086.380 Thread 0x0000025abc73a000 Uncommon trap: reason=unstable_if action=reinterpret pc=0x0000025aa5916a54 method=javax.swing.SwingUtilities.getWindowAncestor(Ljava/awt/Component;)Ljava/awt/Window; @ 6
Event: 5086.381 Thread 0x0000025abc73a000 Uncommon trap: reason=unstable_if action=reinterpret pc=0x0000025aa5b66648 method=com.mathworks.hg.peer.ui.UIContainerPeer.validateFigure()V @ 4
Event: 5086.381 Thread 0x0000025abc73a000 Uncommon trap: reason=unstable_if action=reinterpret pc=0x0000025aa5b4a5b8 method=com.mathworks.hg.peer.ui.UIContainerPeer.validateFigure()V @ 4
Event: 5092.204 Thread 0x0000025abc73c800 Uncommon trap: reason=unstable_if action=reinterpret pc=0x0000025aa4c8ab84 method=com.mathworks.util.Timer$TimerThread.run()V @ 64

Classes redefined (0 events):
No events

Internal exceptions (10 events):
Event: 5091.435 Thread 0x0000025abc73a000 Exception <a 'java/net/SocketTimeoutException': Receive timed out> (0x00000000f2833718) thrown at [C:\re\workspace\8-2-build-windows-amd64-cygwin\jdk8u202\12323\hotspot\src\share\vm\prims\jni.cpp, line 736]
Event: 5091.518 Thread 0x0000025abc73a000 Exception <a 'java/net/SocketTimeoutException': Receive timed out> (0x00000000f2834018) thrown at [C:\re\workspace\8-2-build-windows-amd64-cygwin\jdk8u202\12323\hotspot\src\share\vm\prims\jni.cpp, line 736]
Event: 5091.601 Thread 0x0000025abc73a000 Exception <a 'java/net/SocketTimeoutException': Receive timed out> (0x00000000f2834918) thrown at [C:\re\workspace\8-2-build-windows-amd64-cygwin\jdk8u202\12323\hotspot\src\share\vm\prims\jni.cpp, line 736]
Event: 5091.684 Thread 0x0000025abc73a000 Exception <a 'java/net/SocketTimeoutException': Receive timed out> (0x00000000f2835218) thrown at [C:\re\workspace\8-2-build-windows-amd64-cygwin\jdk8u202\12323\hotspot\src\share\vm\prims\jni.cpp, line 736]
Event: 5091.768 Thread 0x0000025abc73a000 Exception <a 'java/net/SocketTimeoutException': Receive timed out> (0x00000000f2835b18) thrown at [C:\re\workspace\8-2-build-windows-amd64-cygwin\jdk8u202\12323\hotspot\src\share\vm\prims\jni.cpp, line 736]
Event: 5091.852 Thread 0x0000025abc73a000 Exception <a 'java/net/SocketTimeoutException': Receive timed out> (0x00000000f2836418) thrown at [C:\re\workspace\8-2-build-windows-amd64-cygwin\jdk8u202\12323\hotspot\src\share\vm\prims\jni.cpp, line 736]
Event: 5091.935 Thread 0x0000025abc73a000 Exception <a 'java/net/SocketTimeoutException': Receive timed out> (0x00000000f28372d8) thrown at [C:\re\workspace\8-2-build-windows-amd64-cygwin\jdk8u202\12323\hotspot\src\share\vm\prims\jni.cpp, line 736]
Event: 5092.018 Thread 0x0000025abc73a000 Exception <a 'java/net/SocketTimeoutException': Receive timed out> (0x00000000f2837bd8) thrown at [C:\re\workspace\8-2-build-windows-amd64-cygwin\jdk8u202\12323\hotspot\src\share\vm\prims\jni.cpp, line 736]
Event: 5092.102 Thread 0x0000025abc73a000 Exception <a 'java/net/SocketTimeoutException': Receive timed out> (0x00000000f28384d8) thrown at [C:\re\workspace\8-2-build-windows-amd64-cygwin\jdk8u202\12323\hotspot\src\share\vm\prims\jni.cpp, line 736]
Event: 5092.186 Thread 0x0000025abc73a000 Exception <a 'java/net/SocketTimeoutException': Receive timed out> (0x00000000f2838dd8) thrown at [C:\re\workspace\8-2-build-windows-amd64-cygwin\jdk8u202\12323\hotspot\src\share\vm\prims\jni.cpp, line 736]

Events (10 events):
Event: 5092.213 loading class com/mathworks/widgets/BusyAffordance done
Event: 5092.213 loading class com/mathworks/widgets/ComponentBuilder
Event: 5092.213 loading class com/mathworks/widgets/ComponentBuilder done
Event: 5092.213 loading class com/mathworks/widgets/BusyAffordance$1
Event: 5092.213 loading class com/mathworks/widgets/BusyAffordance$1 done
Event: 5092.214 Thread 0x0000025abb462000 Thread exited: 0x0000025abb462000
Event: 5092.214 Executing VM operation: RevokeBias
Event: 5092.214 Executing VM operation: RevokeBias done
Event: 5092.214 loading class com/mathworks/util/Log$1
Event: 5092.214 loading class com/mathworks/util/Log$1 done


Dynamic libraries:
0x00007ff721fb0000 - 0x00007ff721fe3000 	C:\Program Files\MATLAB\R2020b\bin\win64\matlab.exe
0x00007ff87df10000 - 0x00007ff87e105000 	C:\WINDOWS\SYSTEM32\ntdll.dll
0x00007ff87bf80000 - 0x00007ff87c03d000 	C:\WINDOWS\System32\KERNEL32.DLL
0x00007ff87b620000 - 0x00007ff87b8ed000 	C:\WINDOWS\System32\KERNELBASE.dll
0x00007ff877900000 - 0x00007ff877990000 	C:\WINDOWS\SYSTEM32\apphelp.dll
0x00007ff87b8f0000 - 0x00007ff87b9f0000 	C:\WINDOWS\System32\ucrtbase.dll
0x00007ff8418b0000 - 0x00007ff841cbf000 	C:\Program Files\MATLAB\R2020b\bin\win64\mvm.dll
0x00007ff842a30000 - 0x00007ff842c59000 	C:\Program Files\MATLAB\R2020b\bin\win64\libmwi18n.dll
0x00007ff841cc0000 - 0x00007ff842180000 	C:\Program Files\MATLAB\R2020b\bin\win64\libmwservices.dll
0x00007ff842180000 - 0x00007ff842a23000 	C:\Program Files\MATLAB\R2020b\bin\win64\mlutil.dll
0x00007ff87c720000 - 0x00007ff87c7ce000 	C:\WINDOWS\System32\ADVAPI32.dll
0x00007ff87da70000 - 0x00007ff87db0e000 	C:\WINDOWS\System32\msvcrt.dll
0x00007ff87bc20000 - 0x00007ff87bc47000 	C:\WINDOWS\System32\bcrypt.dll
0x00007ff841600000 - 0x00007ff8418a5000 	C:\Program Files\MATLAB\R2020b\bin\win64\libmwfl.dll
0x00007ff87dc40000 - 0x00007ff87dde0000 	C:\WINDOWS\System32\USER32.dll
0x00007ff87c170000 - 0x00007ff87c20c000 	C:\WINDOWS\System32\sechost.dll
0x00007ff87bec0000 - 0x00007ff87bee2000 	C:\WINDOWS\System32\win32u.dll
0x00007ff87ce00000 - 0x00007ff87ce6b000 	C:\WINDOWS\System32\WS2_32.dll
0x00007ff85a8a0000 - 0x00007ff85a93b000 	C:\Program Files\MATLAB\R2020b\bin\win64\MSVCP140.dll
0x00007ff87c040000 - 0x00007ff87c165000 	C:\WINDOWS\System32\RPCRT4.dll
0x00007ff87c690000 - 0x00007ff87c6ba000 	C:\WINDOWS\System32\GDI32.dll
0x00007ff87bdb0000 - 0x00007ff87bebb000 	C:\WINDOWS\System32\gdi32full.dll
0x00007ff8735d0000 - 0x00007ff8735e6000 	C:\Program Files\MATLAB\R2020b\bin\win64\VCRUNTIME140.dll
0x00007ff87bb30000 - 0x00007ff87bbcd000 	C:\WINDOWS\System32\msvcp_win.dll
0x00007ff867e10000 - 0x00007ff867e24000 	C:\Program Files\MATLAB\R2020b\bin\win64\libmwcapabilities.dll
0x00007ff873630000 - 0x00007ff873639000 	C:\Program Files\MATLAB\R2020b\bin\win64\libmwresource_core.dll
0x00007ff873510000 - 0x00007ff87353a000 	C:\Program Files\MATLAB\R2020b\bin\win64\libmwfoundation_filesystem.dll
0x00007ff87d0c0000 - 0x00007ff87d804000 	C:\WINDOWS\System32\SHELL32.dll
0x00007ff8734f0000 - 0x00007ff873508000 	C:\Program Files\MATLAB\R2020b\bin\win64\libmwcpp11compat.dll
0x00007ff840eb0000 - 0x00007ff8411ff000 	C:\Program Files\MATLAB\R2020b\bin\win64\libmwms.dll
0x00007ff85a460000 - 0x00007ff85a536000 	C:\Program Files\MATLAB\R2020b\bin\win64\libut.dll
0x00007ff87d940000 - 0x00007ff87da6a000 	C:\WINDOWS\System32\ole32.dll
0x00007ff840d10000 - 0x00007ff840ea7000 	C:\Program Files\MATLAB\R2020b\bin\win64\libmwmst.dll
0x00007ff866c40000 - 0x00007ff866c74000 	C:\Program Files\MATLAB\R2020b\bin\win64\libmwthreadpool.dll
0x00007ff87caa0000 - 0x00007ff87cdf4000 	C:\WINDOWS\System32\combase.dll
0x00007ff846530000 - 0x00007ff8466bf000 	C:\Program Files\MATLAB\R2020b\bin\win64\libmx.dll
0x00007ff85a2a0000 - 0x00007ff85a2e1000 	C:\Program Files\MATLAB\R2020b\bin\win64\libmwfoundation_usm.dll
0x00007ff87db70000 - 0x00007ff87dc3d000 	C:\WINDOWS\System32\OLEAUT32.dll
0x00007ff840b50000 - 0x00007ff840d08000 	C:\Program Files\MATLAB\R2020b\bin\win64\libmwfoundation_matlabdata.dll
0x00007ff871440000 - 0x00007ff871452000 	C:\Program Files\MATLAB\R2020b\bin\win64\mwboost_date_time-vc141-mt-x64-1_70.dll
0x00007ff867b10000 - 0x00007ff867b2c000 	C:\Program Files\MATLAB\R2020b\bin\win64\libmwstartupplugin.dll
0x00007ff857ea0000 - 0x00007ff857f0a000 	C:\Program Files\MATLAB\R2020b\bin\win64\libmwlivecode.dll
0x00007ff84cfe0000 - 0x00007ff84d0dc000 	C:\Program Files\MATLAB\R2020b\bin\win64\libmwstartup_plugin_initializer.dll
0x00007ff868660000 - 0x00007ff868680000 	C:\Program Files\MATLAB\R2020b\bin\win64\mwboost_filesystem-vc141-mt-x64-1_70.dll
0x00007ff854e80000 - 0x00007ff854f0b000 	C:\Program Files\MATLAB\R2020b\bin\win64\libmwcppmicroservices.dll
0x00007ff87bef0000 - 0x00007ff87bf58000 	C:\WINDOWS\System32\WINTRUST.dll
0x00007ff8735c0000 - 0x00007ff8735cf000 	C:\Program Files\MATLAB\R2020b\bin\win64\libmvmtransportapi.dll
0x00007ff87bc50000 - 0x00007ff87bda6000 	C:\WINDOWS\System32\CRYPT32.dll
0x00007ff853d10000 - 0x00007ff853d67000 	C:\Program Files\MATLAB\R2020b\bin\win64\libmwsearch_path_utilities.dll
0x00007ff867ec0000 - 0x00007ff867edc000 	C:\Program Files\MATLAB\R2020b\bin\win64\mwboost_thread-vc141-mt-x64-1_70.dll
0x00007ff8409e0000 - 0x00007ff840b4e000 	C:\Program Files\MATLAB\R2020b\bin\win64\matlab_toolbox_events.dll
0x00007ff873550000 - 0x00007ff87355e000 	C:\Program Files\MATLAB\R2020b\bin\win64\mwboost_chrono-vc141-mt-x64-1_70.dll
0x00007ff840740000 - 0x00007ff8409da000 	C:\Program Files\MATLAB\R2020b\bin\win64\execution_events.dll
0x00007ff846710000 - 0x00007ff8467c1000 	C:\Program Files\MATLAB\R2020b\bin\win64\mwboost_log-vc141-mt-x64-1_70.dll
0x00007ff840590000 - 0x00007ff840733000 	C:\Program Files\MATLAB\R2020b\bin\win64\libmwflstoragevfs.dll
0x00007ff85a250000 - 0x00007ff85a291000 	C:\Program Files\MATLAB\R2020b\bin\win64\mwboost_serialization-vc141-mt-x64-1_70.dll
0x00007ff8536d0000 - 0x00007ff853740000 	C:\Program Files\MATLAB\R2020b\bin\win64\libmwcwf_interface.dll
0x00007ff867500000 - 0x00007ff867528000 	C:\Program Files\MATLAB\R2020b\bin\win64\libexpat.dll
0x00007ff8734e0000 - 0x00007ff8734ee000 	C:\Program Files\MATLAB\R2020b\bin\win64\libmwmatlabstoragesystem.dll
0x00007ff8582b0000 - 0x00007ff858316000 	C:\Program Files\MATLAB\R2020b\bin\win64\tbb.dll
0x00007ff8734c0000 - 0x00007ff8734cf000 	C:\Program Files\MATLAB\R2020b\bin\win64\libmwflstorageutility.dll
0x00007ff840460000 - 0x00007ff840583000 	C:\Program Files\MATLAB\R2020b\bin\win64\libmwflstorageprovider.dll
0x00007ff84ce20000 - 0x00007ff84ce6c000 	C:\Program Files\MATLAB\R2020b\bin\win64\libmwrelease_info.dll
0x00007ff873380000 - 0x00007ff87338e000 	C:\Program Files\MATLAB\R2020b\bin\win64\libmwmatlabdata_boost_serialization.dll
0x00007ff8413a0000 - 0x00007ff8415fd000 	C:\Program Files\MATLAB\R2020b\bin\win64\icuin64.dll
0x00007ff83ff10000 - 0x00007ff840460000 	C:\Program Files\MATLAB\R2020b\bin\win64\settingscore.dll
0x00007ff841200000 - 0x00007ff841391000 	C:\Program Files\MATLAB\R2020b\bin\win64\icuuc64.dll
0x00007ff84ca90000 - 0x00007ff84cae5000 	C:\Program Files\MATLAB\R2020b\bin\win64\libmwsettings_in_matlab.dll
0x00007ff8664f0000 - 0x00007ff86650f000 	C:\WINDOWS\SYSTEM32\MPR.dll
0x00007ff83fe80000 - 0x00007ff83ff0f000 	C:\Program Files\MATLAB\R2020b\bin\win64\opccore.dll
0x00007ff83fcc0000 - 0x00007ff83fe7e000 	C:\Program Files\MATLAB\R2020b\bin\win64\opcmodel.dll
0x00007ff8661a0000 - 0x00007ff8661dc000 	C:\Program Files\MATLAB\R2020b\bin\win64\opczippackage.dll
0x00007ff864ae0000 - 0x00007ff864b1f000 	C:\Program Files\MATLAB\R2020b\bin\win64\string_matrix.dll
0x00007ff867ad0000 - 0x00007ff867ae8000 	C:\Program Files\MATLAB\R2020b\bin\win64\mwboost_iostreams-vc141-mt-x64-1_70.dll
0x00007ff83fbc0000 - 0x00007ff83fcb9000 	C:\Program Files\MATLAB\R2020b\bin\win64\mwboost_regex-vc141-mt-x64-1_70.dll
0x00007ff83fa90000 - 0x00007ff83fbbf000 	C:\Program Files\MATLAB\R2020b\bin\win64\CppMicroServices3.dll
0x00007ff87db10000 - 0x00007ff87db65000 	C:\WINDOWS\System32\SHLWAPI.dll
0x00007ff8794c0000 - 0x00007ff8796a4000 	C:\WINDOWS\SYSTEM32\dbghelp.dll
0x00007ff87b480000 - 0x00007ff87b4cb000 	C:\WINDOWS\SYSTEM32\POWRPROF.dll
0x00007ff868e30000 - 0x00007ff868e3d000 	C:\Program Files\MATLAB\R2020b\bin\win64\libmwflstrings.dll
0x00007ff867a60000 - 0x00007ff867a71000 	C:\Program Files\MATLAB\R2020b\bin\win64\icuio64.dll
0x00007ff85ed90000 - 0x00007ff85edd0000 	C:\Program Files\MATLAB\R2020b\bin\win64\libmwmsr.dll
0x00007ff87ad10000 - 0x00007ff87ad7a000 	C:\WINDOWS\SYSTEM32\MSWSOCK.dll
0x00007ff84c8d0000 - 0x00007ff84c907000 	C:\Program Files\MATLAB\R2020b\bin\win64\libmwmfl_permute.dll
0x00007ff85a340000 - 0x00007ff85a352000 	C:\Program Files\MATLAB\R2020b\bin\win64\libmwindexingapimethods.dll
0x00007ff846450000 - 0x00007ff8464af000 	C:\Program Files\MATLAB\R2020b\bin\win64\tbbmalloc.dll
0x0000000071760000 - 0x000000007177a000 	C:\Program Files\MATLAB\R2020b\bin\win64\zlib1.dll
0x00007ff83f980000 - 0x00007ff83fa22000 	C:\Program Files\MATLAB\R2020b\bin\win64\opcmwservices.dll
0x00007ff83f660000 - 0x00007ff83f97a000 	C:\Program Files\MATLAB\R2020b\bin\win64\xerces-c_3_2.dll
0x00007ff858290000 - 0x00007ff8582a9000 	C:\Program Files\MATLAB\R2020b\bin\win64\libmwsearch_path_interfaces.dll
0x00007ff83f5b0000 - 0x00007ff83f656000 	C:\Program Files\MATLAB\R2020b\bin\win64\libmwstoragefilefolderobserver.dll
0x00007ff83fa30000 - 0x00007ff83fa85000 	C:\Program Files\MATLAB\R2020b\bin\win64\libmwfoundation_json.dll
0x00007ff83f300000 - 0x00007ff83f5b0000 	C:\Program Files\MATLAB\R2020b\bin\win64\libmwflnetwork.dll
0x00007ff857e80000 - 0x00007ff857e9e000 	C:\Program Files\MATLAB\R2020b\bin\win64\libmwflstorageevents.dll
0x00007ff864de0000 - 0x00007ff864dec000 	C:\WINDOWS\SYSTEM32\Secur32.dll
0x00007ff83ee20000 - 0x00007ff83eea0000 	C:\Program Files\MATLAB\R2020b\bin\win64\xmlcore.dll
0x00007ff83ed20000 - 0x00007ff83ee13000 	C:\Program Files\MATLAB\R2020b\bin\win64\libmwfoundation_matlabdata_standalone.dll
0x00007ff83ec00000 - 0x00007ff83ed15000 	C:\Program Files\MATLAB\R2020b\bin\win64\libmwfoundation_matlabdata_json.dll
0x00007ff8536a0000 - 0x00007ff8536c9000 	C:\Program Files\MATLAB\R2020b\bin\win64\libmwnativedialogs.dll
0x00007ff83f210000 - 0x00007ff83f2f9000 	C:\Program Files\MATLAB\R2020b\bin\win64\libmwsearch_path_events.dll
0x00007ff83f1b0000 - 0x00007ff83f202000 	C:\Program Files\MATLAB\R2020b\bin\win64\libmwflcrypto.dll
0x00007ff83ef90000 - 0x00007ff83f1af000 	C:\Program Files\MATLAB\R2020b\bin\win64\libmwflcryptocryptopp.dll
0x00007ff8462a0000 - 0x00007ff8462e0000 	C:\Program Files\MATLAB\R2020b\bin\win64\libmwflcryptoutils.dll
0x00007ff83ef30000 - 0x00007ff83ef87000 	C:\Program Files\MATLAB\R2020b\bin\win64\libmwflcertificates.dll
0x00007ff857650000 - 0x00007ff857661000 	C:\Program Files\MATLAB\R2020b\bin\win64\libminizip.dll
0x00007ff83eea0000 - 0x00007ff83ef2b000 	C:\Program Files\MATLAB\R2020b\bin\win64\mcos.dll
0x00007ff855d40000 - 0x00007ff855d56000 	C:\Program Files\MATLAB\R2020b\bin\win64\libmwdtoa.dll
0x00007ff87aa00000 - 0x00007ff87aa3b000 	C:\WINDOWS\SYSTEM32\IPHLPAPI.DLL
0x00007ff868b40000 - 0x00007ff868b4e000 	C:\Program Files\MATLAB\R2020b\bin\win64\libmwfoundation_matlabjson_frontend.dll
0x00007ff855c00000 - 0x00007ff855c20000 	C:\Program Files\MATLAB\R2020b\bin\win64\libmwmodule_descriptor_interfaces.dll
0x00007ff83e940000 - 0x00007ff83ebff000 	C:\Program Files\MATLAB\R2020b\bin\win64\libcrypto-1_1-x64.dll
0x00007ff83e890000 - 0x00007ff83e93c000 	C:\Program Files\MATLAB\R2020b\bin\win64\libssl-1_1-x64.dll
0x00007ff87b4e0000 - 0x00007ff87b512000 	C:\WINDOWS\SYSTEM32\SSPICLI.DLL
0x0000025a92a40000 - 0x0000025a94484000 	C:\Program Files\MATLAB\R2020b\bin\win64\icudt64.dll
0x00007ff87b460000 - 0x00007ff87b472000 	C:\WINDOWS\SYSTEM32\UMPDC.dll
0x00007ff87d030000 - 0x00007ff87d060000 	C:\WINDOWS\System32\IMM32.DLL
0x00007ff87b140000 - 0x00007ff87b152000 	C:\WINDOWS\SYSTEM32\MSASN1.dll
0x00007ff87af20000 - 0x00007ff87af2c000 	C:\WINDOWS\SYSTEM32\CRYPTBASE.DLL
0x00007ff87baa0000 - 0x00007ff87bb22000 	C:\WINDOWS\System32\bcryptPrimitives.dll
0x00007ff83e7e0000 - 0x00007ff83e883000 	C:\Program Files\MATLAB\R2020b\bin\win64\DeclarativeServices1.dll
0x00007ff8685a0000 - 0x00007ff8685a9000 	C:\Program Files\MATLAB\R2020b\bin\win64\usLogService.dll
0x00007ff854830000 - 0x00007ff854843000 	C:\Program Files\MATLAB\R2020b\bin\win64\usServiceComponent.dll
0x00007ff8530e0000 - 0x00007ff8530fb000 	C:\Program Files\MATLAB\R2020b\bin\win64\cppmicroservices_compendium\foundation\cppmicroservices\logserviceimpl\mwLogServiceImpl.dll
0x00007ff84d880000 - 0x00007ff84d89c000 	C:\Program Files\MATLAB\R2020b\bin\win64\matlab_startup_plugins\connector\openssl_initializer\libmwconnectoropensslinitializer.dll
0x00007ff83e6f0000 - 0x00007ff83e7dd000 	C:\Program Files\MATLAB\R2020b\bin\win64\PocoNet64.dll
0x00007ff83e6b0000 - 0x00007ff83e6ea000 	C:\Program Files\MATLAB\R2020b\bin\win64\PocoNetSSL64.dll
0x00007ff846ad0000 - 0x00007ff846b00000 	C:\Program Files\MATLAB\R2020b\bin\win64\PocoCrypto64.dll
0x00007ff83e540000 - 0x00007ff83e6aa000 	C:\Program Files\MATLAB\R2020b\bin\win64\PocoFoundation64.dll

VM Arguments:
jvm_args: -Xms64m -XX:NewRatio=3 -Xmx1536m -XX:MaxDirectMemorySize=2147400000 -Dsun.java2d.noddraw=true -Dsun.awt.nopixfmt=true -Xshare:off -Djava.ext.dirs=C:\Program Files\MATLAB\R2020b\sys\java\jre\win64\jre\lib\ext -Djogamp.gluegen.UseTempJarCache=false -Djogl.disable.opengles=1 -Djogl.windows.cpu_affinity_mode=0 -Xrs -Djava.library.path=C:\Program Files\MATLAB\R2020b\bin\win64;C:\Program Files\MATLAB\R2020b\sys\jxbrowser\win64\lib vfprintf -XX:ErrorFile=C:\Users\EXPERI~1\AppData\Local\Temp\hs_error_pid9868.log abort -Duser.language=en -Duser.country=GB -Dfile.encoding=Cp1252 -XX:ParallelGCThreads=6 
java_command: <unknown>
java_class_path (initial): C:\Program Files\MATLAB\R2020b\java\patch;C:\Program Files\MATLAB\R2020b\java\jar\jmi.jar;C:\Program Files\MATLAB\R2020b\java\jar\util.jar;C:\Program Files\MATLAB\R2020b\java\jar\mvm.jar;C:\Program Files\MATLAB\R2020b\java\jar\services.jar;C:\Program Files\MATLAB\R2020b\java\jarext\commons-io.jar;C:\Program Files\MATLAB\R2020b\java\jar\cfbutils.jar;C:\Program Files\MATLAB\R2020b\java\jar\capabilities.jar;C:\Program Files\MATLAB\R2020b\java\jar\mlwidgets.jar;C:\Program Files\MATLAB\R2020b\java\jar\html.jar;C:\Program Files\MATLAB\R2020b\java\jar\net.jar;C:\Program Files\MATLAB\R2020b\java\jar\ddux_api.jar;C:\Program Files\MATLAB\R2020b\java\jarext\log4j.jar;C:\Program Files\MATLAB\R2020b\java\jar\mwswing.jar;C:\Program Files\MATLAB\R2020b\java\jar\common.jar;C:\Program Files\MATLAB\R2020b\java\jarext\google-collect.jar;C:\Program Files\MATLAB\R2020b\java\jarext\commons-lang.jar;C:\Program Files\MATLAB\R2020b\java\jarext\jide\jide-common.jar;C:\Program Files\MATLAB\R2020b\java\jarext\jide\jide-dock.jar;C:\Program Files\MATLAB\R2020b\java\jarext\jide\jide-action.jar;C:\Program Files\MATLAB\R2020b\java\jarext\jide\jide-components.jar;C:\Program Files\MATLAB\R2020b\java\jarext\jide\jide-grids.jar;C:\Program Files\MATLAB\R2020b\java\jarext\jide\jide-dialogs.jar;C:\Program Files\MATLAB\R2020b\java\jarext\jide\jide-shortcut.jar;C:\Program Files\MATLAB\R2020b\java\jarext\jide\jide-charts.jar;C:\Program Files\MATLAB\R2020b\java\jar\toolstrip.jar;C:\Program Files\MATLAB\R2020b\java\jar\mlservices.jar;C:\Program Files\MATLAB\R2020b\java\jar\widgets.jar;C:\Program Files\MATLAB\R2020b\java\jar\mde.jar;C:\Program Files\MATLAB\R2020b\java\jar\explorer.jar;C:\Program Files\MATLAB\R2020b\java\jar\explorer_api.jar;C:\Program Files\MATLAB\R2020b\java\jar\desktop.jar;C:\Program Files\MATLAB\R2020b\java\jar\addons.jar;C:\Program Files\MATLAB\R2020b\java\jar\addons_common.jar;C:\Program Files\MATLAB\R2020b\java\jarext\connector_api\msscommon\msscommon.jar;C:\P
Launcher Type: generic

Environment Variables:
PATH=C:\Program Files\MATLAB\R2020b\toolbox\imaq\imaqextern\drivers\win64\genicam\GenICam_V3_1_0\bin\Win64_x64;C:\Program Files\MATLAB\R2020b\bin\win64;C:\WINDOWS\system32;C:\WINDOWS;C:\WINDOWS\System32\Wbem;C:\WINDOWS\System32\WindowsPowerShell\v1.0\;C:\WINDOWS\System32\OpenSSH\;C:\Program Files\MATLAB\R2020b\bin;C:\Program Files\SlikSvn\bin;C:\Program Files\Git\cmd;C:\Program Files\Point Grey Research\Spinnaker\bin64\vs2015;C:\Program Files\Point Grey Research\Spinnaker\bin\vs2015;C:\Program Files\Point Grey Research\FlyCap2 Viewer\bin64;%FC2PATH\vs2013;C:\Program Files\Point Grey Research\FlyCap2 Viewer\bin64\vs2015;C:\Users\Experiment\AppData\Local\Microsoft\WindowsApps;C:\Users\Experiment\anaconda3\condabin;C:\Users\Experiment\anaconda3\Scripts;
USERNAME=Experiment
OS=Windows_NT
PROCESSOR_IDENTIFIER=Intel64 Family 6 Model 165 Stepping 5, GenuineIntel



---------------  S Y S T E M  ---------------

OS: Windows 10.0 , 64 bit Build 19041 (10.0.19041.1706)

CPU:total 20 (initial active 20) (10 cores per cpu, 2 threads per core) family 6 model 165 stepping 5, cmov, cx8, fxsr, mmx, sse, sse2, sse3, ssse3, sse4.1, sse4.2, popcnt, avx, avx2, aes, clmul, erms, 3dnowpref, lzcnt, ht, tsc, tscinvbit, bmi1, bmi2, adx

Memory: 4k page, physical 33392400k(27128816k free), swap 38373136k(32142012k free)

vm_info: Java HotSpot(TM) 64-Bit Server VM (25.202-b08) for windows-amd64 JRE (1.8.0_202-b08), built on Dec 15 2018 19:54:30 by "java_re" with MS VC++ 10.0 (VS2010)

time: Wed May 25 16:30:31 2022
timezone: GMT Daylight Time
elapsed time: 5092 seconds (0d 1h 24m 52s)

