#
# A fatal error has been detected by the Java Runtime Environment:
#
#  EXCEPTION_UNCAUGHT_CXX_EXCEPTION (0xe06d7363) at pc=0x00007ffb6c7b4fd9, pid=13068, tid=0x0000000000001720
#
# JRE version: Java(TM) SE Runtime Environment (8.0_202-b08) (build 1.8.0_202-b08)
# Java VM: Java HotSpot(TM) 64-Bit Server VM (25.202-b08 mixed mode windows-amd64 compressed oops)
# Problematic frame:
# C  [KERNELBASE.dll+0x34fd9]
#
# Failed to write core dump. Minidumps are not enabled by default on client versions of Windows
#
# If you would like to submit a bug report, please visit:
#   http://bugreport.java.com/bugreport/crash.jsp
# The crash happened outside the Java Virtual Machine in native code.
# See problematic frame for where to report the bug.
#

---------------  T H R E A D  ---------------

Current thread (0x000001dce5bc2000):  JavaThread "main" [_thread_in_native, id=5920, stack(0x000000a0e5000000,0x000000a0e9000000)]

siginfo: ExceptionCode=0xe06d7363, ExceptionInformation=0x0000000019930520 0x000000a0e8fe6258 0x00007ffb30bac3a8 0x00007ffb30a10000 

Registers:
RAX=0x0000000000000000, RBX=0x000000a0e8fe38f0, RCX=0x0000000000000000, RDX=0x0000000000000000
RSP=0x000000a0e8fe12f0, RBP=0x000000a0e8fe19a0, RSI=0x000000a0e8fe1430, RDI=0x000000a0e8fe2140
R8 =0x000001dce5be1e10, R9 =0x0000000000000009, R10=0x000000006aaba490, R11=0x0000000000000030
R12=0x000000a0e8fe2768, R13=0x00007ffb30cef900, R14=0x0000000000000000, R15=0x0000000000000000
RIP=0x00007ffb6c7b4fd9, EFLAGS=0x0000000000000206

Top of Stack: (sp=0x000000a0e8fe12f0)
0x000000a0e8fe12f0:   fffffffffffffffe 000000a0e8fe38f0
0x000000a0e8fe1300:   000000a0e8fe1430 0000000000000000
0x000000a0e8fe1310:   00000001e06d7363 0000000000000000
0x000000a0e8fe1320:   00007ffb6c7b4fd9 0000000000000004
0x000000a0e8fe1330:   0000000019930520 000000a0e8fe6258
0x000000a0e8fe1340:   00007ffb30bac3a8 00007ffb30a10000
0x000000a0e8fe1350:   000014db05369433 000000a0e8fe2768
0x000000a0e8fe1360:   0000000000000004 00007ffb69af4685
0x000000a0e8fe1370:   0000000000000000 000001dcd95dc970
0x000000a0e8fe1380:   000000a0e8fe1430 000000a0e8fe19a0
0x000000a0e8fe1390:   000000a0e8fe2140 00007ffb69af470d
0x000000a0e8fe13a0:   000000a0e8fe38f0 000000a0e8fe1430
0x000000a0e8fe13b0:   0000b4676727a08d 000001dcb8b26618
0x000000a0e8fe13c0:   000000a0e8fe38f0 00007ffb69af1f74
0x000000a0e8fe13d0:   00007ffb30cef900 000000a0e8fe2768
0x000000a0e8fe13e0:   0000000000000100 000000a0e8fe1398 

Instructions: (pc=0x00007ffb6c7b4fd9)
0x00007ffb6c7b4fb9:   8b d1 44 0f 47 c0 44 89 44 24 38 49 c1 e0 03 e8
0x00007ffb6c7b4fc9:   da 1c 06 00 48 8d 4c 24 20 48 ff 15 57 e1 18 00
0x00007ffb6c7b4fd9:   0f 1f 44 00 00 48 8b 8c 24 c0 00 00 00 48 33 cc
0x00007ffb6c7b4fe9:   e8 52 96 05 00 48 81 c4 d8 00 00 00 c3 cc 83 64 


Register to memory mapping:

RAX=0x0000000000000000 is an unknown value
RBX=0x000000a0e8fe38f0 is pointing into the stack for thread: 0x000001dce5bc2000
RCX=0x0000000000000000 is an unknown value
RDX=0x0000000000000000 is an unknown value
RSP=0x000000a0e8fe12f0 is pointing into the stack for thread: 0x000001dce5bc2000
RBP=0x000000a0e8fe19a0 is pointing into the stack for thread: 0x000001dce5bc2000
RSI=0x000000a0e8fe1430 is pointing into the stack for thread: 0x000001dce5bc2000
RDI=0x000000a0e8fe2140 is pointing into the stack for thread: 0x000001dce5bc2000
R8 =0x000001dce5be1e10 is an unknown value
R9 =0x0000000000000009 is an unknown value
R10=0x000000006aaba490 is an unknown value
R11=0x0000000000000030 is an unknown value
R12=0x000000a0e8fe2768 is pointing into the stack for thread: 0x000001dce5bc2000
R13=0x00007ffb30cef900 is an unknown value
R14=0x0000000000000000 is an unknown value
R15=0x0000000000000000 is an unknown value


Stack: [0x000000a0e5000000,0x000000a0e9000000],  sp=0x000000a0e8fe12f0,  free space=65412k
Native frames: (J=compiled Java code, j=interpreted, Vv=VM code, C=native code)
C  [KERNELBASE.dll+0x34fd9]
C  [VCRUNTIME140.dll+0x1f74]
C  [ntdll.dll+0xa1426]
C  0x00007ffb30c87a3f
C  0x00007ffb30c57c42
C  0x00007ffb30c57421
C  0x00007ffb30c59313
C  [libmwservices.dll+0x29f923]
C  [libmwservices.dll+0x2a0f10]
C  [libmwservices.dll+0x2a1c0e]
C  0x00007ffb27ff3e2a
C  0x000001dce5cb9f2e

Java frames: (J=compiled Java code, j=interpreted, Vv=VM code)
j  com.mathworks.jmi.NativeMatlab.ProcessPendingEvents()Z+0
j  com.mathworks.jmi.NativeMatlab.processPendingEvents()Z+8
j  com.mathworks.jmi.Matlab$ProcessPendingEvents.callBooleanMethod(Ljava/lang/Object;)Z+0
j  com.mathworks.util.FactoryUtils.processPendingEvents()Z+12
j  com.mathworks.widgets.desk.Desktop.canClose()Z+38
j  com.mathworks.mde.desk.MLDesktop.canClose()Z+296
j  com.mathworks.mde.desk.MLDesktop$2.call()Ljava/lang/Boolean;+4
j  com.mathworks.mde.desk.MLDesktop$2.call()Ljava/lang/Object;+1
j  com.mathworks.jmi.Matlab.runPredicates(Ljava/util/List;Z)Z+59
j  com.mathworks.jmi.Matlab.isOkToExit()Z+4
v  ~StubRoutines::call_stub
j  com.mathworks.jmi.NativeMatlab.SendMatlabMessage(Ljava/lang/Object;)Ljava/lang/Object;+0
j  com.mathworks.jmi.NativeMatlab.sendMatlabMessage(Ljava/lang/Object;)Ljava/lang/Object;+22
j  com.mathworks.jmi.MatlabLooper.sendMatlabMessage(Lcom/mathworks/services/message/MWMessage;)Ljava/lang/Object;+20
j  com.mathworks.jmi.Matlab.mtFevalConsoleOutput(Ljava/lang/String;[Ljava/lang/Object;I)Ljava/lang/Object;+58
j  com.mathworks.toolbox.instrument.events.ActionQueue.run()V+130
v  ~StubRoutines::call_stub

---------------  P R O C E S S  ---------------

Java Threads: ( => current thread )
  0x000001dcb6d21000 JavaThread "Installation Observer" daemon [_thread_blocked, id=9604, stack(0x000000a0f5000000,0x000000a0f5100000)]
  0x000001dc9013c000 JavaThread "Keep-Alive-SocketCleaner" daemon [_thread_blocked, id=12360, stack(0x000000a0f2b00000,0x000000a0f2c00000)]
  0x000001dcb6d21800 JavaThread "com.mathworks.addons_common.notificationframework.InstalledFolderRegistryObservers" daemon [_thread_blocked, id=2340, stack(0x000000a0f3b00000,0x000000a0f3c00000)]
  0x000001dcff1e3800 JavaThread "com.mathworks.addons_common.notificationframework.InstalledAddOnsCache" daemon [_thread_blocked, id=11032, stack(0x000000a0f2600000,0x000000a0f2700000)]
  0x000001dcff1e2800 JavaThread "TimerQueue" daemon [_thread_blocked, id=8348, stack(0x000000a0f2500000,0x000000a0f2600000)]
  0x000001dcff1e1000 JavaThread "AWT-EventQueue-0-SharedResourceRunner" daemon [_thread_blocked, id=8760, stack(0x000000a0f1200000,0x000000a0f1300000)]
  0x000001dcff1e4000 JavaThread "Thread-3" daemon [_thread_blocked, id=9320, stack(0x000000a0f0800000,0x000000a0f0900000)]
  0x000001dcfda5c000 JavaThread "AWT-EventQueue-0" [_thread_blocked, id=13116, stack(0x000000a0f0600000,0x000000a0f0700000)]
  0x000001dcfe0c9800 JavaThread "AWT-Shutdown" [_thread_blocked, id=11300, stack(0x000000a0f0200000,0x000000a0f0300000)]
  0x000001dcfe4a3000 JavaThread "EventMgr Dispatcher" daemon [_thread_in_native, id=11520, stack(0x000000a0f0500000,0x000000a0f0600000)]
  0x000001dcfe85c800 JavaThread "AWT-Windows" daemon [_thread_in_native, id=13248, stack(0x000000a0f0300000,0x000000a0f0400000)]
  0x000001dcfe859000 JavaThread "Java2D Disposer" daemon [_thread_blocked, id=1636, stack(0x000000a0f0100000,0x000000a0f0200000)]
  0x000001dcfe546800 JavaThread "Settings Releaser" daemon [_thread_blocked, id=3636, stack(0x000000a0f0000000,0x000000a0f0100000)]
  0x000001dcfef44800 JavaThread "EventMgr Dispatcher" daemon [_thread_in_native, id=4060, stack(0x000000a0eff00000,0x000000a0f0000000)]
  0x000001dcfbafe000 JavaThread "Service Thread" daemon [_thread_blocked, id=4144, stack(0x000000a0efc00000,0x000000a0efd00000)]
  0x000001dcfba2c800 JavaThread "C1 CompilerThread11" daemon [_thread_blocked, id=1932, stack(0x000000a0efb00000,0x000000a0efc00000)]
  0x000001dcfba1e000 JavaThread "C1 CompilerThread10" daemon [_thread_blocked, id=13020, stack(0x000000a0efa00000,0x000000a0efb00000)]
  0x000001dcfba1d000 JavaThread "C1 CompilerThread9" daemon [_thread_blocked, id=6924, stack(0x000000a0ef900000,0x000000a0efa00000)]
  0x000001dcfba19000 JavaThread "C1 CompilerThread8" daemon [_thread_blocked, id=12972, stack(0x000000a0ef800000,0x000000a0ef900000)]
  0x000001dcfba18800 JavaThread "C2 CompilerThread7" daemon [_thread_blocked, id=10352, stack(0x000000a0ef700000,0x000000a0ef800000)]
  0x000001dcfba09000 JavaThread "C2 CompilerThread6" daemon [_thread_blocked, id=9484, stack(0x000000a0ef600000,0x000000a0ef700000)]
  0x000001dcf92aa000 JavaThread "C2 CompilerThread5" daemon [_thread_blocked, id=6096, stack(0x000000a0ef500000,0x000000a0ef600000)]
  0x000001dcf92a9000 JavaThread "C2 CompilerThread4" daemon [_thread_blocked, id=8148, stack(0x000000a0ef400000,0x000000a0ef500000)]
  0x000001dcf92a6800 JavaThread "C2 CompilerThread3" daemon [_thread_blocked, id=10060, stack(0x000000a0ef300000,0x000000a0ef400000)]
  0x000001dcf92a5800 JavaThread "C2 CompilerThread2" daemon [_thread_blocked, id=6884, stack(0x000000a0ef200000,0x000000a0ef300000)]
  0x000001dcf92a5000 JavaThread "C2 CompilerThread1" daemon [_thread_blocked, id=11404, stack(0x000000a0ef100000,0x000000a0ef200000)]
  0x000001dcf92a0800 JavaThread "C2 CompilerThread0" daemon [_thread_blocked, id=8408, stack(0x000000a0ef000000,0x000000a0ef100000)]
  0x000001dcf929e000 JavaThread "Attach Listener" daemon [_thread_blocked, id=4760, stack(0x000000a0eef00000,0x000000a0ef000000)]
  0x000001dcf929a000 JavaThread "Finalizer" daemon [_thread_blocked, id=12064, stack(0x000000a0eee00000,0x000000a0eef00000)]
  0x000001dcf9291000 JavaThread "Reference Handler" daemon [_thread_blocked, id=9140, stack(0x000000a0eed00000,0x000000a0eee00000)]
=>0x000001dce5bc2000 JavaThread "main" [_thread_in_native, id=5920, stack(0x000000a0e5000000,0x000000a0e9000000)]

Other Threads:
  0x000001dcf926b800 VMThread [stack: 0x000000a0eec00000,0x000000a0eed00000] [id=10020]
  0x000001dcfbb82800 WatcherThread [stack: 0x000000a0efd00000,0x000000a0efe00000] [id=7020]

VM state:not at safepoint (normal execution)

VM Mutex/Monitor currently owned by a thread: None

heap address: 0x00000000a0000000, size: 1536 MB, Compressed Oops mode: 32-bit
Narrow klass base: 0x0000000000000000, Narrow klass shift: 3
Compressed class space size: 1073741824 Address: 0x0000000100000000

Heap:
 PSYoungGen      total 136192K, used 74002K [0x00000000e8000000, 0x00000000f0f80000, 0x0000000100000000)
  eden space 129536K, 56% used [0x00000000e8000000,0x00000000ec7bca20,0x00000000efe80000)
  from space 6656K, 8% used [0x00000000f0900000,0x00000000f0988020,0x00000000f0f80000)
  to   space 8704K, 0% used [0x00000000efe80000,0x00000000efe80000,0x00000000f0700000)
 ParOldGen       total 49152K, used 37196K [0x00000000a0000000, 0x00000000a3000000, 0x00000000e8000000)
  object space 49152K, 75% used [0x00000000a0000000,0x00000000a24530b0,0x00000000a3000000)
 Metaspace       used 49286K, capacity 49810K, committed 50176K, reserved 1093632K
  class space    used 6443K, capacity 6586K, committed 6656K, reserved 1048576K

Card table byte_map: [0x000001dcf5060000,0x000001dcf5370000] byte_map_base: 0x000001dcf4b60000

Marking Bits: (ParMarkBitMap*) 0x000000006aac5ce0
 Begin Bits: [0x000001dcf55b0000, 0x000001dcf6db0000)
 End Bits:   [0x000001dcf6db0000, 0x000001dcf85b0000)

Polling page: 0x000001dcd8330000

CodeCache: size=245760Kb used=18294Kb max_used=18302Kb free=227465Kb
 bounds [0x000001dce5ca0000, 0x000001dce6ea0000, 0x000001dcf4ca0000]
 total_blobs=6065 nmethods=5051 adapters=923
 compilation: enabled

Compilation events (10 events):
Event: 774.263 Thread 0x000001dcfba1e000 5949       3       java.awt.Component::dispatchEventImpl (921 bytes)
Event: 774.267 Thread 0x000001dcfba1e000 nmethod 5949 0x000001dce6e92910 code [0x000001dce6e93380, 0x000001dce6e9c100]
Event: 774.368 Thread 0x000001dcf92a5000 5950       4       java.awt.Component::eventEnabled (9 bytes)
Event: 774.369 Thread 0x000001dcf92a5000 nmethod 5950 0x000001dce6670890 code [0x000001dce66709e0, 0x000001dce6670a88]
Event: 776.251 Thread 0x000001dcfba2c800 5951       1       java.lang.reflect.Method::getMethodAccessor (5 bytes)
Event: 776.251 Thread 0x000001dcfba2c800 nmethod 5951 0x000001dce6e6d4d0 code [0x000001dce6e6d620, 0x000001dce6e6d738]
Event: 776.294 Thread 0x000001dcf92a0800 5952   !   4       com.mathworks.util.QueueEvent$QueueTarget::processEvent (44 bytes)
Event: 776.295 Thread 0x000001dcf92a0800 nmethod 5952 0x000001dce6e6d110 code [0x000001dce6e6d260, 0x000001dce6e6d368]
Event: 776.323 Thread 0x000001dcfba19000 5953       3       sun.misc.Resource::getByteBuffer (24 bytes)
Event: 776.323 Thread 0x000001dcfba19000 nmethod 5953 0x000001dce6e66590 code [0x000001dce6e66740, 0x000001dce6e66ec0]

GC Heap History (10 events):
Event: 17.256 GC heap before
{Heap before GC invocations=26 (full 2):
 PSYoungGen      total 91648K, used 86648K [0x00000000e8000000, 0x00000000ef180000, 0x0000000100000000)
  eden space 82432K, 100% used [0x00000000e8000000,0x00000000ed080000,0x00000000ed080000)
  from space 9216K, 45% used [0x00000000ed080000,0x00000000ed49e020,0x00000000ed980000)
  to   space 8704K, 0% used [0x00000000ee900000,0x00000000ee900000,0x00000000ef180000)
 ParOldGen       total 49152K, used 28943K [0x00000000a0000000, 0x00000000a3000000, 0x00000000e8000000)
  object space 49152K, 58% used [0x00000000a0000000,0x00000000a1c43e88,0x00000000a3000000)
 Metaspace       used 46980K, capacity 47466K, committed 47872K, reserved 1091584K
  class space    used 6126K, capacity 6286K, committed 6400K, reserved 1048576K
Event: 17.265 GC heap after
Heap after GC invocations=26 (full 2):
 PSYoungGen      total 107008K, used 6634K [0x00000000e8000000, 0x00000000ef700000, 0x0000000100000000)
  eden space 98304K, 0% used [0x00000000e8000000,0x00000000e8000000,0x00000000ee000000)
  from space 8704K, 76% used [0x00000000ee900000,0x00000000eef7a858,0x00000000ef180000)
  to   space 9216K, 0% used [0x00000000ee000000,0x00000000ee000000,0x00000000ee900000)
 ParOldGen       total 49152K, used 31562K [0x00000000a0000000, 0x00000000a3000000, 0x00000000e8000000)
  object space 49152K, 64% used [0x00000000a0000000,0x00000000a1ed2870,0x00000000a3000000)
 Metaspace       used 46980K, capacity 47466K, committed 47872K, reserved 1091584K
  class space    used 6126K, capacity 6286K, committed 6400K, reserved 1048576K
}
Event: 18.242 GC heap before
{Heap before GC invocations=27 (full 2):
 PSYoungGen      total 107008K, used 104938K [0x00000000e8000000, 0x00000000ef700000, 0x0000000100000000)
  eden space 98304K, 100% used [0x00000000e8000000,0x00000000ee000000,0x00000000ee000000)
  from space 8704K, 76% used [0x00000000ee900000,0x00000000eef7a858,0x00000000ef180000)
  to   space 9216K, 0% used [0x00000000ee000000,0x00000000ee000000,0x00000000ee900000)
 ParOldGen       total 49152K, used 31562K [0x00000000a0000000, 0x00000000a3000000, 0x00000000e8000000)
  object space 49152K, 64% used [0x00000000a0000000,0x00000000a1ed2870,0x00000000a3000000)
 Metaspace       used 48364K, capacity 48882K, committed 49280K, reserved 1091584K
  class space    used 6280K, capacity 6426K, committed 6528K, reserved 1048576K
Event: 18.247 GC heap after
Heap after GC invocations=27 (full 2):
 PSYoungGen      total 107520K, used 3941K [0x00000000e8000000, 0x00000000f0200000, 0x0000000100000000)
  eden space 98304K, 0% used [0x00000000e8000000,0x00000000e8000000,0x00000000ee000000)
  from space 9216K, 42% used [0x00000000ee000000,0x00000000ee3d97e0,0x00000000ee900000)
  to   space 8704K, 0% used [0x00000000ef980000,0x00000000ef980000,0x00000000f0200000)
 ParOldGen       total 49152K, used 34923K [0x00000000a0000000, 0x00000000a3000000, 0x00000000e8000000)
  object space 49152K, 71% used [0x00000000a0000000,0x00000000a221ad10,0x00000000a3000000)
 Metaspace       used 48364K, capacity 48882K, committed 49280K, reserved 1091584K
  class space    used 6280K, capacity 6426K, committed 6528K, reserved 1048576K
}
Event: 18.728 GC heap before
{Heap before GC invocations=28 (full 2):
 PSYoungGen      total 107520K, used 102245K [0x00000000e8000000, 0x00000000f0200000, 0x0000000100000000)
  eden space 98304K, 100% used [0x00000000e8000000,0x00000000ee000000,0x00000000ee000000)
  from space 9216K, 42% used [0x00000000ee000000,0x00000000ee3d97e0,0x00000000ee900000)
  to   space 8704K, 0% used [0x00000000ef980000,0x00000000ef980000,0x00000000f0200000)
 ParOldGen       total 49152K, used 34923K [0x00000000a0000000, 0x00000000a3000000, 0x00000000e8000000)
  object space 49152K, 71% used [0x00000000a0000000,0x00000000a221ad10,0x00000000a3000000)
 Metaspace       used 48366K, capacity 48882K, committed 49280K, reserved 1091584K
  class space    used 6280K, capacity 6426K, committed 6528K, reserved 1048576K
Event: 18.730 GC heap after
Heap after GC invocations=28 (full 2):
 PSYoungGen      total 123392K, used 192K [0x00000000e8000000, 0x00000000f0200000, 0x0000000100000000)
  eden space 114688K, 0% used [0x00000000e8000000,0x00000000e8000000,0x00000000ef000000)
  from space 8704K, 2% used [0x00000000ef980000,0x00000000ef9b0000,0x00000000f0200000)
  to   space 9216K, 0% used [0x00000000ef000000,0x00000000ef000000,0x00000000ef900000)
 ParOldGen       total 49152K, used 37108K [0x00000000a0000000, 0x00000000a3000000, 0x00000000e8000000)
  object space 49152K, 75% used [0x00000000a0000000,0x00000000a243d0b0,0x00000000a3000000)
 Metaspace       used 48366K, capacity 48882K, committed 49280K, reserved 1091584K
  class space    used 6280K, capacity 6426K, committed 6528K, reserved 1048576K
}
Event: 44.770 GC heap before
{Heap before GC invocations=29 (full 2):
 PSYoungGen      total 123392K, used 114880K [0x00000000e8000000, 0x00000000f0200000, 0x0000000100000000)
  eden space 114688K, 100% used [0x00000000e8000000,0x00000000ef000000,0x00000000ef000000)
  from space 8704K, 2% used [0x00000000ef980000,0x00000000ef9b0000,0x00000000f0200000)
  to   space 9216K, 0% used [0x00000000ef000000,0x00000000ef000000,0x00000000ef900000)
 ParOldGen       total 49152K, used 37108K [0x00000000a0000000, 0x00000000a3000000, 0x00000000e8000000)
  object space 49152K, 75% used [0x00000000a0000000,0x00000000a243d0b0,0x00000000a3000000)
 Metaspace       used 48764K, capacity 49266K, committed 49536K, reserved 1091584K
  class space    used 6287K, capacity 6426K, committed 6528K, reserved 1048576K
Event: 44.772 GC heap after
Heap after GC invocations=29 (full 2):
 PSYoungGen      total 123904K, used 288K [0x00000000e8000000, 0x00000000f1200000, 0x0000000100000000)
  eden space 114688K, 0% used [0x00000000e8000000,0x00000000e8000000,0x00000000ef000000)
  from space 9216K, 3% used [0x00000000ef000000,0x00000000ef048000,0x00000000ef900000)
  to   space 9216K, 0% used [0x00000000f0900000,0x00000000f0900000,0x00000000f1200000)
 ParOldGen       total 49152K, used 37188K [0x00000000a0000000, 0x00000000a3000000, 0x00000000e8000000)
  object space 49152K, 75% used [0x00000000a0000000,0x00000000a24510b0,0x00000000a3000000)
 Metaspace       used 48764K, capacity 49266K, committed 49536K, reserved 1091584K
  class space    used 6287K, capacity 6426K, committed 6528K, reserved 1048576K
}
Event: 45.547 GC heap before
{Heap before GC invocations=30 (full 2):
 PSYoungGen      total 123904K, used 114976K [0x00000000e8000000, 0x00000000f1200000, 0x0000000100000000)
  eden space 114688K, 100% used [0x00000000e8000000,0x00000000ef000000,0x00000000ef000000)
  from space 9216K, 3% used [0x00000000ef000000,0x00000000ef048000,0x00000000ef900000)
  to   space 9216K, 0% used [0x00000000f0900000,0x00000000f0900000,0x00000000f1200000)
 ParOldGen       total 49152K, used 37188K [0x00000000a0000000, 0x00000000a3000000, 0x00000000e8000000)
  object space 49152K, 75% used [0x00000000a0000000,0x00000000a24510b0,0x00000000a3000000)
 Metaspace       used 48788K, capacity 49362K, committed 49536K, reserved 1091584K
  class space    used 6291K, capacity 6458K, committed 6528K, reserved 1048576K
Event: 45.549 GC heap after
Heap after GC invocations=30 (full 2):
 PSYoungGen      total 136192K, used 544K [0x00000000e8000000, 0x00000000f0f80000, 0x0000000100000000)
  eden space 129536K, 0% used [0x00000000e8000000,0x00000000e8000000,0x00000000efe80000)
  from space 6656K, 8% used [0x00000000f0900000,0x00000000f0988020,0x00000000f0f80000)
  to   space 8704K, 0% used [0x00000000efe80000,0x00000000efe80000,0x00000000f0700000)
 ParOldGen       total 49152K, used 37196K [0x00000000a0000000, 0x00000000a3000000, 0x00000000e8000000)
  object space 49152K, 75% used [0x00000000a0000000,0x00000000a24530b0,0x00000000a3000000)
 Metaspace       used 48788K, capacity 49362K, committed 49536K, reserved 1091584K
  class space    used 6291K, capacity 6458K, committed 6528K, reserved 1048576K
}

Deoptimization events (10 events):
Event: 771.634 Thread 0x000001dcfe0c9800 Uncommon trap: reason=unstable_if action=reinterpret pc=0x000001dce66e674c method=sun.awt.AWTAutoShutdown.isReadyToShutdown()Z @ 4
Event: 771.634 Thread 0x000001dcfda5c000 Uncommon trap: reason=unstable_if action=reinterpret pc=0x000001dce6dfc100 method=sun.awt.AWTAutoShutdown.isReadyToShutdown()Z @ 4
Event: 771.955 Thread 0x000001dce5bc2000 Uncommon trap: reason=class_check action=maybe_recompile pc=0x000001dce6de2178 method=com.mathworks.hg.util.HGPeerRunnable.createKey(Ljava/lang/Object;)Ljava/lang/Object; @ 5
Event: 771.955 Thread 0x000001dce5bc2000 Uncommon trap: reason=class_check action=maybe_recompile pc=0x000001dce6de2178 method=com.mathworks.hg.util.HGPeerRunnable.createKey(Ljava/lang/Object;)Ljava/lang/Object; @ 5
Event: 771.955 Thread 0x000001dce5bc2000 Uncommon trap: reason=unstable_if action=reinterpret pc=0x000001dce64065e4 method=com.mathworks.hg.util.HGPeerQueue.add(Lcom/mathworks/hg/util/HGPeerRunnable;)V @ 301
Event: 771.955 Thread 0x000001dce5bc2000 Uncommon trap: reason=class_check action=maybe_recompile pc=0x000001dce6de2178 method=com.mathworks.hg.util.HGPeerRunnable.createKey(Ljava/lang/Object;)Ljava/lang/Object; @ 5
Event: 771.955 Thread 0x000001dce5bc2000 Uncommon trap: reason=class_check action=maybe_recompile pc=0x000001dce6de2178 method=com.mathworks.hg.util.HGPeerRunnable.createKey(Ljava/lang/Object;)Ljava/lang/Object; @ 5
Event: 771.969 Thread 0x000001dce5bc2000 Uncommon trap: reason=class_check action=maybe_recompile pc=0x000001dce6e629fc method=java.util.Hashtable.putAll(Ljava/util/Map;)V @ 13
Event: 771.969 Thread 0x000001dcfda5c000 Uncommon trap: reason=unstable_if action=reinterpret pc=0x000001dce6d90c64 method=com.mathworks.hg.util.HGPeerQueue$HGPeerRunnablesRunner.runit(Z[I)V @ 115
Event: 771.970 Thread 0x000001dcfda5c000 Uncommon trap: reason=unstable_if action=reinterpret pc=0x000001dce68b1bd4 method=javax.swing.SwingUtilities.getWindowAncestor(Ljava/awt/Component;)Ljava/awt/Window; @ 6

Classes redefined (0 events):
No events

Internal exceptions (10 events):
Event: 775.563 Thread 0x000001dcfda5c000 Exception <a 'java/net/SocketTimeoutException': Receive timed out> (0x00000000ec543b80) thrown at [C:\re\workspace\8-2-build-windows-amd64-cygwin\jdk8u202\12323\hotspot\src\share\vm\prims\jni.cpp, line 736]
Event: 775.647 Thread 0x000001dcfda5c000 Exception <a 'java/net/SocketTimeoutException': Receive timed out> (0x00000000ec544480) thrown at [C:\re\workspace\8-2-build-windows-amd64-cygwin\jdk8u202\12323\hotspot\src\share\vm\prims\jni.cpp, line 736]
Event: 775.731 Thread 0x000001dcfda5c000 Exception <a 'java/net/SocketTimeoutException': Receive timed out> (0x00000000ec544d80) thrown at [C:\re\workspace\8-2-build-windows-amd64-cygwin\jdk8u202\12323\hotspot\src\share\vm\prims\jni.cpp, line 736]
Event: 775.814 Thread 0x000001dcfda5c000 Exception <a 'java/net/SocketTimeoutException': Receive timed out> (0x00000000ec545680) thrown at [C:\re\workspace\8-2-build-windows-amd64-cygwin\jdk8u202\12323\hotspot\src\share\vm\prims\jni.cpp, line 736]
Event: 775.898 Thread 0x000001dcfda5c000 Exception <a 'java/net/SocketTimeoutException': Receive timed out> (0x00000000ec545f80) thrown at [C:\re\workspace\8-2-build-windows-amd64-cygwin\jdk8u202\12323\hotspot\src\share\vm\prims\jni.cpp, line 736]
Event: 775.982 Thread 0x000001dcfda5c000 Exception <a 'java/net/SocketTimeoutException': Receive timed out> (0x00000000ec546880) thrown at [C:\re\workspace\8-2-build-windows-amd64-cygwin\jdk8u202\12323\hotspot\src\share\vm\prims\jni.cpp, line 736]
Event: 776.066 Thread 0x000001dcfda5c000 Exception <a 'java/net/SocketTimeoutException': Receive timed out> (0x00000000ec547740) thrown at [C:\re\workspace\8-2-build-windows-amd64-cygwin\jdk8u202\12323\hotspot\src\share\vm\prims\jni.cpp, line 736]
Event: 776.150 Thread 0x000001dcfda5c000 Exception <a 'java/net/SocketTimeoutException': Receive timed out> (0x00000000ec548040) thrown at [C:\re\workspace\8-2-build-windows-amd64-cygwin\jdk8u202\12323\hotspot\src\share\vm\prims\jni.cpp, line 736]
Event: 776.233 Thread 0x000001dcfda5c000 Exception <a 'java/net/SocketTimeoutException': Receive timed out> (0x00000000ec548940) thrown at [C:\re\workspace\8-2-build-windows-amd64-cygwin\jdk8u202\12323\hotspot\src\share\vm\prims\jni.cpp, line 736]
Event: 776.317 Thread 0x000001dcfda5c000 Exception <a 'java/net/SocketTimeoutException': Receive timed out> (0x00000000ec549240) thrown at [C:\re\workspace\8-2-build-windows-amd64-cygwin\jdk8u202\12323\hotspot\src\share\vm\prims\jni.cpp, line 736]

Events (10 events):
Event: 776.331 loading class com/mathworks/widgets/BusyAffordance done
Event: 776.331 loading class com/mathworks/widgets/ComponentBuilder
Event: 776.331 loading class com/mathworks/widgets/ComponentBuilder done
Event: 776.331 loading class com/mathworks/widgets/BusyAffordance$1
Event: 776.331 loading class com/mathworks/widgets/BusyAffordance$1 done
Event: 776.331 Thread 0x000001dcb6d20000 Thread exited: 0x000001dcb6d20000
Event: 776.331 Executing VM operation: RevokeBias
Event: 776.331 Executing VM operation: RevokeBias done
Event: 776.331 loading class com/mathworks/util/Log$1
Event: 776.331 loading class com/mathworks/util/Log$1 done


Dynamic libraries:
0x00007ff753630000 - 0x00007ff753663000 	C:\Program Files\MATLAB\R2020b\bin\win64\matlab.exe
0x00007ffb6ebb0000 - 0x00007ffb6eda5000 	C:\WINDOWS\SYSTEM32\ntdll.dll
0x00007ffb6e980000 - 0x00007ffb6ea3d000 	C:\WINDOWS\System32\KERNEL32.DLL
0x00007ffb6c780000 - 0x00007ffb6ca4d000 	C:\WINDOWS\System32\KERNELBASE.dll
0x00007ffb69b60000 - 0x00007ffb69bf0000 	C:\WINDOWS\SYSTEM32\apphelp.dll
0x00007ffb6c610000 - 0x00007ffb6c710000 	C:\WINDOWS\System32\ucrtbase.dll
0x00007ffb32e90000 - 0x00007ffb33350000 	C:\Program Files\MATLAB\R2020b\bin\win64\libmwservices.dll
0x00007ffb49510000 - 0x00007ffb49739000 	C:\Program Files\MATLAB\R2020b\bin\win64\libmwi18n.dll
0x00007ffb33760000 - 0x00007ffb34003000 	C:\Program Files\MATLAB\R2020b\bin\win64\mlutil.dll
0x00007ffb33350000 - 0x00007ffb3375f000 	C:\Program Files\MATLAB\R2020b\bin\win64\mvm.dll
0x00007ffb6dda0000 - 0x00007ffb6de4e000 	C:\WINDOWS\System32\ADVAPI32.dll
0x00007ffb6d4a0000 - 0x00007ffb6d640000 	C:\WINDOWS\System32\USER32.dll
0x00007ffb6c400000 - 0x00007ffb6c427000 	C:\WINDOWS\System32\bcrypt.dll
0x00007ffb6cc00000 - 0x00007ffb6cc9e000 	C:\WINDOWS\System32\msvcrt.dll
0x00007ffb49260000 - 0x00007ffb49505000 	C:\Program Files\MATLAB\R2020b\bin\win64\libmwfl.dll
0x00007ffb6c3d0000 - 0x00007ffb6c3f2000 	C:\WINDOWS\System32\win32u.dll
0x00007ffb6e7a0000 - 0x00007ffb6e80b000 	C:\WINDOWS\System32\WS2_32.dll
0x00007ffb6d310000 - 0x00007ffb6d3ac000 	C:\WINDOWS\System32\sechost.dll
0x00007ffb6d230000 - 0x00007ffb6d25a000 	C:\WINDOWS\System32\GDI32.dll
0x00007ffb6ea40000 - 0x00007ffb6eb65000 	C:\WINDOWS\System32\RPCRT4.dll
0x00007ffb6c2c0000 - 0x00007ffb6c3cb000 	C:\WINDOWS\System32\gdi32full.dll
0x00007ffb55b00000 - 0x00007ffb55b9b000 	C:\Program Files\MATLAB\R2020b\bin\win64\MSVCP140.dll
0x00007ffb6c4e0000 - 0x00007ffb6c57d000 	C:\WINDOWS\System32\msvcp_win.dll
0x00007ffb69af0000 - 0x00007ffb69b06000 	C:\Program Files\MATLAB\R2020b\bin\win64\VCRUNTIME140.dll
0x00007ffb67e10000 - 0x00007ffb67e24000 	C:\Program Files\MATLAB\R2020b\bin\win64\libmwcapabilities.dll
0x00007ffb67de0000 - 0x00007ffb67e0a000 	C:\Program Files\MATLAB\R2020b\bin\win64\libmwfoundation_filesystem.dll
0x00007ffb6d640000 - 0x00007ffb6dd84000 	C:\WINDOWS\System32\SHELL32.dll
0x00007ffb49090000 - 0x00007ffb49166000 	C:\Program Files\MATLAB\R2020b\bin\win64\libut.dll
0x00007ffb6e670000 - 0x00007ffb6e79a000 	C:\WINDOWS\System32\ole32.dll
0x00007ffb59940000 - 0x00007ffb59949000 	C:\Program Files\MATLAB\R2020b\bin\win64\libmwresource_core.dll
0x00007ffb446d0000 - 0x00007ffb4485f000 	C:\Program Files\MATLAB\R2020b\bin\win64\libmx.dll
0x00007ffb6e090000 - 0x00007ffb6e3e4000 	C:\WINDOWS\System32\combase.dll
0x00007ffb466b0000 - 0x00007ffb4671a000 	C:\Program Files\MATLAB\R2020b\bin\win64\libmwlivecode.dll
0x00007ffb58ce0000 - 0x00007ffb58cf8000 	C:\Program Files\MATLAB\R2020b\bin\win64\libmwcpp11compat.dll
0x00007ffb454f0000 - 0x00007ffb4557b000 	C:\Program Files\MATLAB\R2020b\bin\win64\libmwcppmicroservices.dll
0x00007ffb6e5a0000 - 0x00007ffb6e66d000 	C:\WINDOWS\System32\OLEAUT32.dll
0x00007ffb55ae0000 - 0x00007ffb55af2000 	C:\Program Files\MATLAB\R2020b\bin\win64\mwboost_date_time-vc141-mt-x64-1_70.dll
0x00007ffb6c710000 - 0x00007ffb6c778000 	C:\WINDOWS\System32\WINTRUST.dll
0x00007ffb46f50000 - 0x00007ffb46fa7000 	C:\Program Files\MATLAB\R2020b\bin\win64\libmwsearch_path_utilities.dll
0x00007ffb6caa0000 - 0x00007ffb6cbf6000 	C:\WINDOWS\System32\CRYPT32.dll
0x00007ffb554f0000 - 0x00007ffb55510000 	C:\Program Files\MATLAB\R2020b\bin\win64\mwboost_filesystem-vc141-mt-x64-1_70.dll
0x00007ffb588d0000 - 0x00007ffb588ec000 	C:\Program Files\MATLAB\R2020b\bin\win64\mwboost_thread-vc141-mt-x64-1_70.dll
0x00007ffb3e5e0000 - 0x00007ffb3e92f000 	C:\Program Files\MATLAB\R2020b\bin\win64\libmwms.dll
0x00007ffb4a5e0000 - 0x00007ffb4a608000 	C:\Program Files\MATLAB\R2020b\bin\win64\libexpat.dll
0x00007ffb351f0000 - 0x00007ffb35393000 	C:\Program Files\MATLAB\R2020b\bin\win64\libmwflstoragevfs.dll
0x00007ffb45340000 - 0x00007ffb453b0000 	C:\Program Files\MATLAB\R2020b\bin\win64\libmwcwf_interface.dll
0x00007ffb32520000 - 0x00007ffb3277d000 	C:\Program Files\MATLAB\R2020b\bin\win64\icuin64.dll
0x00007ffb63220000 - 0x00007ffb6322e000 	C:\Program Files\MATLAB\R2020b\bin\win64\libmwmatlabstoragesystem.dll
0x00007ffb389d0000 - 0x00007ffb38af3000 	C:\Program Files\MATLAB\R2020b\bin\win64\libmwflstorageprovider.dll
0x00007ffb452f0000 - 0x00007ffb4533c000 	C:\Program Files\MATLAB\R2020b\bin\win64\libmwrelease_info.dll
0x00007ffb59e50000 - 0x00007ffb59e5f000 	C:\Program Files\MATLAB\R2020b\bin\win64\libmwflstorageutility.dll
0x00007ffb32380000 - 0x00007ffb32511000 	C:\Program Files\MATLAB\R2020b\bin\win64\icuuc64.dll
0x00007ffb32940000 - 0x00007ffb32e90000 	C:\Program Files\MATLAB\R2020b\bin\win64\settingscore.dll
0x00007ffb43bd0000 - 0x00007ffb43c25000 	C:\Program Files\MATLAB\R2020b\bin\win64\libmwsettings_in_matlab.dll
0x00007ffb57ee0000 - 0x00007ffb57eff000 	C:\WINDOWS\SYSTEM32\MPR.dll
0x00007ffb4a610000 - 0x00007ffb4a7a7000 	C:\Program Files\MATLAB\R2020b\bin\win64\libmwmst.dll
0x00007ffb57f00000 - 0x00007ffb57f34000 	C:\Program Files\MATLAB\R2020b\bin\win64\libmwthreadpool.dll
0x00007ffb41020000 - 0x00007ffb410af000 	C:\Program Files\MATLAB\R2020b\bin\win64\opccore.dll
0x00007ffb32780000 - 0x00007ffb3293e000 	C:\Program Files\MATLAB\R2020b\bin\win64\opcmodel.dll
0x00007ffb46070000 - 0x00007ffb460ac000 	C:\Program Files\MATLAB\R2020b\bin\win64\opczippackage.dll
0x00007ffb4a530000 - 0x00007ffb4a571000 	C:\Program Files\MATLAB\R2020b\bin\win64\libmwfoundation_usm.dll
0x00007ffb43460000 - 0x00007ffb4349f000 	C:\Program Files\MATLAB\R2020b\bin\win64\string_matrix.dll
0x00007ffb40a10000 - 0x00007ffb40bc8000 	C:\Program Files\MATLAB\R2020b\bin\win64\libmwfoundation_matlabdata.dll
0x00007ffb58fa0000 - 0x00007ffb58fbc000 	C:\Program Files\MATLAB\R2020b\bin\win64\libmwstartupplugin.dll
0x00007ffb48f70000 - 0x00007ffb48f88000 	C:\Program Files\MATLAB\R2020b\bin\win64\mwboost_iostreams-vc141-mt-x64-1_70.dll
0x00007ffb48f90000 - 0x00007ffb4908c000 	C:\Program Files\MATLAB\R2020b\bin\win64\libmwstartup_plugin_initializer.dll
0x00007ffb455e0000 - 0x00007ffb45691000 	C:\Program Files\MATLAB\R2020b\bin\win64\mwboost_log-vc141-mt-x64-1_70.dll
0x00007ffb69a50000 - 0x00007ffb69a5f000 	C:\Program Files\MATLAB\R2020b\bin\win64\libmvmtransportapi.dll
0x00007ffb3d010000 - 0x00007ffb3d109000 	C:\Program Files\MATLAB\R2020b\bin\win64\mwboost_regex-vc141-mt-x64-1_70.dll
0x00007ffb43f70000 - 0x00007ffb440de000 	C:\Program Files\MATLAB\R2020b\bin\win64\matlab_toolbox_events.dll
0x00007ffb3d110000 - 0x00007ffb3d3aa000 	C:\Program Files\MATLAB\R2020b\bin\win64\execution_events.dll
0x00007ffb453b0000 - 0x00007ffb453f1000 	C:\Program Files\MATLAB\R2020b\bin\win64\mwboost_serialization-vc141-mt-x64-1_70.dll
0x00007ffb67fc0000 - 0x00007ffb67fce000 	C:\Program Files\MATLAB\R2020b\bin\win64\mwboost_chrono-vc141-mt-x64-1_70.dll
0x00007ffb350c0000 - 0x00007ffb351ef000 	C:\Program Files\MATLAB\R2020b\bin\win64\CppMicroServices3.dll
0x00007ffb59ff0000 - 0x00007ffb59ffe000 	C:\Program Files\MATLAB\R2020b\bin\win64\libmwmatlabdata_boost_serialization.dll
0x00007ffb6cca0000 - 0x00007ffb6ccf5000 	C:\WINDOWS\System32\SHLWAPI.dll
0x00007ffb448d0000 - 0x00007ffb44936000 	C:\Program Files\MATLAB\R2020b\bin\win64\tbb.dll
0x00007ffb54330000 - 0x00007ffb54514000 	C:\WINDOWS\SYSTEM32\dbghelp.dll
0x00007ffb6c130000 - 0x00007ffb6c17b000 	C:\WINDOWS\SYSTEM32\POWRPROF.dll
0x00007ffb597d0000 - 0x00007ffb597dd000 	C:\Program Files\MATLAB\R2020b\bin\win64\libmwflstrings.dll
0x00007ffb46690000 - 0x00007ffb466a1000 	C:\Program Files\MATLAB\R2020b\bin\win64\icuio64.dll
0x00007ffb40fe0000 - 0x00007ffb41017000 	C:\Program Files\MATLAB\R2020b\bin\win64\libmwmfl_permute.dll
0x00007ffb464b0000 - 0x00007ffb464c2000 	C:\Program Files\MATLAB\R2020b\bin\win64\libmwindexingapimethods.dll
0x00007ffb40970000 - 0x00007ffb409cf000 	C:\Program Files\MATLAB\R2020b\bin\win64\tbbmalloc.dll
0x000000006ab50000 - 0x000000006ab6a000 	C:\Program Files\MATLAB\R2020b\bin\win64\zlib1.dll
0x00007ffb3e470000 - 0x00007ffb3e512000 	C:\Program Files\MATLAB\R2020b\bin\win64\opcmwservices.dll
0x00007ffb31ea0000 - 0x00007ffb321ba000 	C:\Program Files\MATLAB\R2020b\bin\win64\xerces-c_3_2.dll
0x00007ffb455a0000 - 0x00007ffb455b9000 	C:\Program Files\MATLAB\R2020b\bin\win64\libmwsearch_path_interfaces.dll
0x00007ffb3d7b0000 - 0x00007ffb3d856000 	C:\Program Files\MATLAB\R2020b\bin\win64\libmwstoragefilefolderobserver.dll
0x00007ffb31bf0000 - 0x00007ffb31ea0000 	C:\Program Files\MATLAB\R2020b\bin\win64\libmwflnetwork.dll
0x00007ffb44120000 - 0x00007ffb4413e000 	C:\Program Files\MATLAB\R2020b\bin\win64\libmwflstorageevents.dll
0x00007ffb3e560000 - 0x00007ffb3e5e0000 	C:\Program Files\MATLAB\R2020b\bin\win64\xmlcore.dll
0x00007ffb31a00000 - 0x00007ffb31af3000 	C:\Program Files\MATLAB\R2020b\bin\win64\libmwfoundation_matlabdata_standalone.dll
0x00007ffb3fa50000 - 0x00007ffb3faa5000 	C:\Program Files\MATLAB\R2020b\bin\win64\libmwfoundation_json.dll
0x00007ffb318e0000 - 0x00007ffb319f5000 	C:\Program Files\MATLAB\R2020b\bin\win64\libmwfoundation_matlabdata_json.dll
0x00007ffb43430000 - 0x00007ffb43459000 	C:\Program Files\MATLAB\R2020b\bin\win64\libmwnativedialogs.dll
0x00007ffb31b00000 - 0x00007ffb31be9000 	C:\Program Files\MATLAB\R2020b\bin\win64\libmwsearch_path_events.dll
0x00007ffb43230000 - 0x00007ffb43270000 	C:\Program Files\MATLAB\R2020b\bin\win64\libmwmsr.dll
0x00007ffb6b9b0000 - 0x00007ffb6ba1a000 	C:\WINDOWS\SYSTEM32\MSWSOCK.dll
0x00007ffb40fa0000 - 0x00007ffb40fe0000 	C:\Program Files\MATLAB\R2020b\bin\win64\libmwflcryptoutils.dll
0x00007ffb3ef80000 - 0x00007ffb3efd2000 	C:\Program Files\MATLAB\R2020b\bin\win64\libmwflcrypto.dll
0x00007ffb316c0000 - 0x00007ffb318df000 	C:\Program Files\MATLAB\R2020b\bin\win64\libmwflcryptocryptopp.dll
0x00007ffb3cd00000 - 0x00007ffb3cd57000 	C:\Program Files\MATLAB\R2020b\bin\win64\libmwflcertificates.dll
0x00007ffb40950000 - 0x00007ffb40961000 	C:\Program Files\MATLAB\R2020b\bin\win64\libminizip.dll
0x00007ffb384b0000 - 0x00007ffb3853b000 	C:\Program Files\MATLAB\R2020b\bin\win64\mcos.dll
0x00007ffb553b0000 - 0x00007ffb553bc000 	C:\WINDOWS\SYSTEM32\Secur32.dll
0x00007ffb40930000 - 0x00007ffb40946000 	C:\Program Files\MATLAB\R2020b\bin\win64\libmwdtoa.dll
0x00007ffb6b6a0000 - 0x00007ffb6b6db000 	C:\WINDOWS\SYSTEM32\IPHLPAPI.DLL
0x00007ffb59370000 - 0x00007ffb5937e000 	C:\Program Files\MATLAB\R2020b\bin\win64\libmwfoundation_matlabjson_frontend.dll
0x00007ffb3fa30000 - 0x00007ffb3fa50000 	C:\Program Files\MATLAB\R2020b\bin\win64\libmwmodule_descriptor_interfaces.dll
0x00007ffb31400000 - 0x00007ffb316bf000 	C:\Program Files\MATLAB\R2020b\bin\win64\libcrypto-1_1-x64.dll
0x00007ffb31350000 - 0x00007ffb313fc000 	C:\Program Files\MATLAB\R2020b\bin\win64\libssl-1_1-x64.dll
0x00007ffb6c180000 - 0x00007ffb6c1b2000 	C:\WINDOWS\SYSTEM32\SSPICLI.DLL
0x000001dcd3f10000 - 0x000001dcd5954000 	C:\Program Files\MATLAB\R2020b\bin\win64\icudt64.dll
0x00007ffb6c110000 - 0x00007ffb6c122000 	C:\WINDOWS\SYSTEM32\UMPDC.dll
0x00007ffb6e950000 - 0x00007ffb6e980000 	C:\WINDOWS\System32\IMM32.DLL
0x00007ffb6bde0000 - 0x00007ffb6bdf2000 	C:\WINDOWS\SYSTEM32\MSASN1.dll
0x00007ffb6bbc0000 - 0x00007ffb6bbcc000 	C:\WINDOWS\SYSTEM32\CRYPTBASE.DLL
0x00007ffb6c580000 - 0x00007ffb6c602000 	C:\WINDOWS\System32\bcryptPrimitives.dll
0x00007ffb312a0000 - 0x00007ffb31343000 	C:\Program Files\MATLAB\R2020b\bin\win64\DeclarativeServices1.dll
0x00007ffb59300000 - 0x00007ffb59309000 	C:\Program Files\MATLAB\R2020b\bin\win64\usLogService.dll
0x00007ffb3edb0000 - 0x00007ffb3edc3000 	C:\Program Files\MATLAB\R2020b\bin\win64\usServiceComponent.dll
0x00007ffb3e540000 - 0x00007ffb3e55b000 	C:\Program Files\MATLAB\R2020b\bin\win64\cppmicroservices_compendium\foundation\cppmicroservices\logserviceimpl\mwLogServiceImpl.dll
0x00007ffb3e310000 - 0x00007ffb3e32c000 	C:\Program Files\MATLAB\R2020b\bin\win64\matlab_startup_plugins\connector\openssl_initializer\libmwconnectoropensslinitializer.dll
0x00007ffb3d5d0000 - 0x00007ffb3d60a000 	C:\Program Files\MATLAB\R2020b\bin\win64\PocoNetSSL64.dll
0x00007ffb311b0000 - 0x00007ffb3129d000 	C:\Program Files\MATLAB\R2020b\bin\win64\PocoNet64.dll
0x00007ffb31040000 - 0x00007ffb311aa000 	C:\Program Files\MATLAB\R2020b\bin\win64\PocoFoundation64.dll
0x00007ffb3e2e0000 - 0x00007ffb3e310000 	C:\Program Files\MATLAB\R2020b\bin\win64\PocoCrypto64.dll

VM Arguments:
jvm_args: -Xms64m -XX:NewRatio=3 -Xmx1536m -XX:MaxDirectMemorySize=2147400000 -Dsun.java2d.noddraw=true -Dsun.awt.nopixfmt=true -Xshare:off -Djava.ext.dirs=C:\Program Files\MATLAB\R2020b\sys\java\jre\win64\jre\lib\ext -Djogamp.gluegen.UseTempJarCache=false -Djogl.disable.opengles=1 -Djogl.windows.cpu_affinity_mode=0 -Xrs -Djava.library.path=C:\Program Files\MATLAB\R2020b\bin\win64;C:\Program Files\MATLAB\R2020b\sys\jxbrowser\win64\lib vfprintf -XX:ErrorFile=C:\Users\EXPERI~1\AppData\Local\Temp\hs_error_pid13068.log abort -Duser.language=en -Duser.country=GB -Dfile.encoding=Cp1252 -XX:ParallelGCThreads=6 
java_command: <unknown>
java_class_path (initial): C:\Program Files\MATLAB\R2020b\java\patch;C:\Program Files\MATLAB\R2020b\java\jar\jmi.jar;C:\Program Files\MATLAB\R2020b\java\jar\util.jar;C:\Program Files\MATLAB\R2020b\java\jar\mvm.jar;C:\Program Files\MATLAB\R2020b\java\jar\services.jar;C:\Program Files\MATLAB\R2020b\java\jarext\commons-io.jar;C:\Program Files\MATLAB\R2020b\java\jar\cfbutils.jar;C:\Program Files\MATLAB\R2020b\java\jar\capabilities.jar;C:\Program Files\MATLAB\R2020b\java\jar\mlwidgets.jar;C:\Program Files\MATLAB\R2020b\java\jar\html.jar;C:\Program Files\MATLAB\R2020b\java\jar\net.jar;C:\Program Files\MATLAB\R2020b\java\jar\ddux_api.jar;C:\Program Files\MATLAB\R2020b\java\jarext\log4j.jar;C:\Program Files\MATLAB\R2020b\java\jar\mwswing.jar;C:\Program Files\MATLAB\R2020b\java\jar\common.jar;C:\Program Files\MATLAB\R2020b\java\jarext\google-collect.jar;C:\Program Files\MATLAB\R2020b\java\jarext\commons-lang.jar;C:\Program Files\MATLAB\R2020b\java\jarext\jide\jide-common.jar;C:\Program Files\MATLAB\R2020b\java\jarext\jide\jide-dock.jar;C:\Program Files\MATLAB\R2020b\java\jarext\jide\jide-action.jar;C:\Program Files\MATLAB\R2020b\java\jarext\jide\jide-components.jar;C:\Program Files\MATLAB\R2020b\java\jarext\jide\jide-grids.jar;C:\Program Files\MATLAB\R2020b\java\jarext\jide\jide-dialogs.jar;C:\Program Files\MATLAB\R2020b\java\jarext\jide\jide-shortcut.jar;C:\Program Files\MATLAB\R2020b\java\jarext\jide\jide-charts.jar;C:\Program Files\MATLAB\R2020b\java\jar\toolstrip.jar;C:\Program Files\MATLAB\R2020b\java\jar\mlservices.jar;C:\Program Files\MATLAB\R2020b\java\jar\widgets.jar;C:\Program Files\MATLAB\R2020b\java\jar\mde.jar;C:\Program Files\MATLAB\R2020b\java\jar\explorer.jar;C:\Program Files\MATLAB\R2020b\java\jar\explorer_api.jar;C:\Program Files\MATLAB\R2020b\java\jar\desktop.jar;C:\Program Files\MATLAB\R2020b\java\jar\addons.jar;C:\Program Files\MATLAB\R2020b\java\jar\addons_common.jar;C:\Program Files\MATLAB\R2020b\java\jarext\connector_api\msscommon\msscommon.jar;C:\P
Launcher Type: generic

Environment Variables:
PATH=C:\Program Files\MATLAB\R2020b\toolbox\imaq\imaqextern\drivers\win64\genicam\GenICam_V3_1_0\bin\Win64_x64;C:\Program Files\MATLAB\R2020b\bin\win64;C:\WINDOWS\system32;C:\WINDOWS;C:\WINDOWS\System32\Wbem;C:\WINDOWS\System32\WindowsPowerShell\v1.0\;C:\WINDOWS\System32\OpenSSH\;C:\Program Files\MATLAB\R2020b\bin;C:\Program Files\SlikSvn\bin;C:\Program Files\Git\cmd;C:\Program Files\Point Grey Research\Spinnaker\bin64\vs2015;C:\Program Files\Point Grey Research\Spinnaker\bin\vs2015;C:\Program Files\Point Grey Research\FlyCap2 Viewer\bin64;%FC2PATH\vs2013;C:\Program Files\Point Grey Research\FlyCap2 Viewer\bin64\vs2015;C:\Users\Experiment\AppData\Local\Microsoft\WindowsApps;C:\Users\Experiment\anaconda3\condabin;C:\Users\Experiment\anaconda3\Scripts;
USERNAME=Experiment
OS=Windows_NT
PROCESSOR_IDENTIFIER=Intel64 Family 6 Model 165 Stepping 5, GenuineIntel



---------------  S Y S T E M  ---------------

OS: Windows 10.0 , 64 bit Build 19041 (10.0.19041.1706)

CPU:total 20 (initial active 20) (10 cores per cpu, 2 threads per core) family 6 model 165 stepping 5, cmov, cx8, fxsr, mmx, sse, sse2, sse3, ssse3, sse4.1, sse4.2, popcnt, avx, avx2, aes, clmul, erms, 3dnowpref, lzcnt, ht, tsc, tscinvbit, bmi1, bmi2, adx

Memory: 4k page, physical 33392400k(26613580k free), swap 38373136k(31302388k free)

vm_info: Java HotSpot(TM) 64-Bit Server VM (25.202-b08) for windows-amd64 JRE (1.8.0_202-b08), built on Dec 15 2018 19:54:30 by "java_re" with MS VC++ 10.0 (VS2010)

time: Tue May 31 12:43:53 2022
timezone: GMT Daylight Time
elapsed time: 776 seconds (0d 0h 12m 56s)

