#
# A fatal error has been detected by the Java Runtime Environment:
#
#  EXCEPTION_UNCAUGHT_CXX_EXCEPTION (0xe06d7363) at pc=0x00007ffe5da74fd9, pid=2312, tid=0x00000000000002c4
#
# JRE version: Java(TM) SE Runtime Environment (8.0_202-b08) (build 1.8.0_202-b08)
# Java VM: Java HotSpot(TM) 64-Bit Server VM (25.202-b08 mixed mode windows-amd64 compressed oops)
# Problematic frame:
# C  [KERNELBASE.dll+0x34fd9]
#
# Failed to write core dump. Minidumps are not enabled by default on client versions of Windows
#
# If you would like to submit a bug report, please visit:
#   http://bugreport.java.com/bugreport/crash.jsp
# The crash happened outside the Java Virtual Machine in native code.
# See problematic frame for where to report the bug.
#

---------------  T H R E A D  ---------------

Current thread (0x00000228abad2000):  JavaThread "main" [_thread_in_native, id=708, stack(0x000000ffae000000,0x000000ffb2000000)]

siginfo: ExceptionCode=0xe06d7363, ExceptionInformation=0x0000000019930520 0x000000ffb1fe5cf8 0x00007ffe2926c3a8 0x00007ffe290d0000 

Registers:
RAX=0x0000000000000000, RBX=0x000000ffb1fe3390, RCX=0x0000000000000000, RDX=0x0000000000000000
RSP=0x000000ffb1fe0d90, RBP=0x000000ffb1fe1440, RSI=0x000000ffb1fe0ed0, RDI=0x000000ffb1fe1be0
R8 =0x00000228abaf2a50, R9 =0x0000000000000009, R10=0x000000006f77a490, R11=0x0000000000000030
R12=0x000000ffb1fe2208, R13=0x00007ffe2901f900, R14=0x0000000000000000, R15=0x0000000000000000
RIP=0x00007ffe5da74fd9, EFLAGS=0x0000000000000206

Top of Stack: (sp=0x000000ffb1fe0d90)
0x000000ffb1fe0d90:   fffffffffffffffe 000000ffb1fe3390
0x000000ffb1fe0da0:   000000ffb1fe0ed0 0000000000000000
0x000000ffb1fe0db0:   00000001e06d7363 0000000000000000
0x000000ffb1fe0dc0:   00007ffe5da74fd9 0000000000000004
0x000000ffb1fe0dd0:   0000000019930520 000000ffb1fe5cf8
0x000000ffb1fe0de0:   00007ffe2926c3a8 00007ffe290d0000
0x000000ffb1fe0df0:   000089bc5d580371 000000ffb1fe2208
0x000000ffb1fe0e00:   0000000000000004 00007ffe5b884685
0x000000ffb1fe0e10:   0000000000000000 000002289f7a5a20
0x000000ffb1fe0e20:   000000ffb1fe0ed0 000000ffb1fe1440
0x000000ffb1fe0e30:   000000ffb1fe1be0 00007ffe5b88470d
0x000000ffb1fe0e40:   000000ffb1fe3390 000000ffb1fe0ed0
0x000000ffb1fe0e50:   0000936d9dd5e495 00000228dd9fe818
0x000000ffb1fe0e60:   000000ffb1fe3390 00007ffe5b881f74
0x000000ffb1fe0e70:   00007ffe2901f900 000000ffb1fe2208
0x000000ffb1fe0e80:   0000000000000100 000000ffb1fe0e38 

Instructions: (pc=0x00007ffe5da74fd9)
0x00007ffe5da74fb9:   8b d1 44 0f 47 c0 44 89 44 24 38 49 c1 e0 03 e8
0x00007ffe5da74fc9:   da 1c 06 00 48 8d 4c 24 20 48 ff 15 57 e1 18 00
0x00007ffe5da74fd9:   0f 1f 44 00 00 48 8b 8c 24 c0 00 00 00 48 33 cc
0x00007ffe5da74fe9:   e8 52 96 05 00 48 81 c4 d8 00 00 00 c3 cc 83 64 


Register to memory mapping:

RAX=0x0000000000000000 is an unknown value
RBX=0x000000ffb1fe3390 is pointing into the stack for thread: 0x00000228abad2000
RCX=0x0000000000000000 is an unknown value
RDX=0x0000000000000000 is an unknown value
RSP=0x000000ffb1fe0d90 is pointing into the stack for thread: 0x00000228abad2000
RBP=0x000000ffb1fe1440 is pointing into the stack for thread: 0x00000228abad2000
RSI=0x000000ffb1fe0ed0 is pointing into the stack for thread: 0x00000228abad2000
RDI=0x000000ffb1fe1be0 is pointing into the stack for thread: 0x00000228abad2000
R8 =0x00000228abaf2a50 is an unknown value
R9 =0x0000000000000009 is an unknown value
R10=0x000000006f77a490 is an unknown value
R11=0x0000000000000030 is an unknown value
R12=0x000000ffb1fe2208 is pointing into the stack for thread: 0x00000228abad2000
R13=0x00007ffe2901f900 is an unknown value
R14=0x0000000000000000 is an unknown value
R15=0x0000000000000000 is an unknown value


Stack: [0x000000ffae000000,0x000000ffb2000000],  sp=0x000000ffb1fe0d90,  free space=65411k
Native frames: (J=compiled Java code, j=interpreted, Vv=VM code, C=native code)
C  [KERNELBASE.dll+0x34fd9]
C  [VCRUNTIME140.dll+0x1f74]
C  [ntdll.dll+0xa1426]
C  0x00007ffe28fb7a3f
C  0x00007ffe28f87c42
C  0x00007ffe28f87421
C  0x00007ffe28f89313
C  [libmwservices.dll+0x29f923]
C  [libmwservices.dll+0x2a0f10]
C  [libmwservices.dll+0x2a1c0e]
C  0x00007ffe15083e2a
C  0x00000228abbc9f2e

Java frames: (J=compiled Java code, j=interpreted, Vv=VM code)
j  com.mathworks.jmi.NativeMatlab.ProcessPendingEvents()Z+0
j  com.mathworks.jmi.NativeMatlab.processPendingEvents()Z+8
j  com.mathworks.jmi.Matlab$ProcessPendingEvents.callBooleanMethod(Ljava/lang/Object;)Z+0
j  com.mathworks.util.FactoryUtils.processPendingEvents()Z+12
j  com.mathworks.widgets.desk.Desktop.canClose()Z+38
j  com.mathworks.mde.desk.MLDesktop.canClose()Z+296
j  com.mathworks.mde.desk.MLDesktop$2.call()Ljava/lang/Boolean;+4
j  com.mathworks.mde.desk.MLDesktop$2.call()Ljava/lang/Object;+1
j  com.mathworks.jmi.Matlab.runPredicates(Ljava/util/List;Z)Z+59
j  com.mathworks.jmi.Matlab.isOkToExit()Z+4
v  ~StubRoutines::call_stub
j  com.mathworks.jmi.NativeMatlab.SendMatlabMessage(Ljava/lang/Object;)Ljava/lang/Object;+0
j  com.mathworks.jmi.NativeMatlab.sendMatlabMessage(Ljava/lang/Object;)Ljava/lang/Object;+22
j  com.mathworks.jmi.MatlabLooper.sendMatlabMessage(Lcom/mathworks/services/message/MWMessage;)Ljava/lang/Object;+20
j  com.mathworks.jmi.Matlab.mtFevalConsoleOutput(Ljava/lang/String;[Ljava/lang/Object;I)Ljava/lang/Object;+58
j  com.mathworks.toolbox.instrument.events.ActionQueue.run()V+130
v  ~StubRoutines::call_stub

---------------  P R O C E S S  ---------------

Java Threads: ( => current thread )
  0x00000228c4838800 JavaThread "Installation Observer" daemon [_thread_blocked, id=13280, stack(0x000000ffbb800000,0x000000ffbb900000)]
  0x00000228d60ec800 JavaThread "Keep-Alive-SocketCleaner" daemon [_thread_blocked, id=4672, stack(0x000000ffbb700000,0x000000ffbb800000)]
  0x00000228c483e800 JavaThread "com.mathworks.addons_common.notificationframework.InstalledFolderRegistryObservers" daemon [_thread_blocked, id=9632, stack(0x000000ffbc900000,0x000000ffbca00000)]
  0x00000228c4835000 JavaThread "com.mathworks.addons_common.notificationframework.InstalledAddOnsCache" daemon [_thread_blocked, id=11348, stack(0x000000ffbb500000,0x000000ffbb600000)]
  0x00000228c0951800 JavaThread "TimerQueue" daemon [_thread_blocked, id=7152, stack(0x000000ffba700000,0x000000ffba800000)]
  0x00000228c0951000 JavaThread "AWT-EventQueue-0-SharedResourceRunner" daemon [_thread_blocked, id=4260, stack(0x000000ffba200000,0x000000ffba300000)]
  0x00000228c094e800 JavaThread "Thread-3" daemon [_thread_blocked, id=13308, stack(0x000000ffb9800000,0x000000ffb9900000)]
  0x00000228c3e7b800 JavaThread "AWT-EventQueue-0" [_thread_blocked, id=2284, stack(0x000000ffb9600000,0x000000ffb9700000)]
  0x00000228c4d12000 JavaThread "AWT-Shutdown" [_thread_blocked, id=3148, stack(0x000000ffb9200000,0x000000ffb9300000)]
  0x00000228c358c000 JavaThread "EventMgr Dispatcher" daemon [_thread_in_native, id=1440, stack(0x000000ffb9500000,0x000000ffb9600000)]
  0x00000228c358d000 JavaThread "AWT-Windows" daemon [_thread_in_native, id=10712, stack(0x000000ffb9300000,0x000000ffb9400000)]
  0x00000228c3999800 JavaThread "Java2D Disposer" daemon [_thread_blocked, id=12492, stack(0x000000ffb9100000,0x000000ffb9200000)]
  0x00000228c432d000 JavaThread "Settings Releaser" daemon [_thread_blocked, id=9656, stack(0x000000ffb9000000,0x000000ffb9100000)]
  0x00000228c40e4000 JavaThread "EventMgr Dispatcher" daemon [_thread_in_native, id=8888, stack(0x000000ffb8f00000,0x000000ffb9000000)]
  0x00000228c0a19800 JavaThread "Service Thread" daemon [_thread_blocked, id=6568, stack(0x000000ffb8c00000,0x000000ffb8d00000)]
  0x00000228c094f800 JavaThread "C1 CompilerThread11" daemon [_thread_blocked, id=13232, stack(0x000000ffb8b00000,0x000000ffb8c00000)]
  0x00000228c094c800 JavaThread "C1 CompilerThread10" daemon [_thread_blocked, id=12068, stack(0x000000ffb8a00000,0x000000ffb8b00000)]
  0x00000228c0953000 JavaThread "C1 CompilerThread9" daemon [_thread_blocked, id=1432, stack(0x000000ffb8900000,0x000000ffb8a00000)]
  0x00000228c093f800 JavaThread "C1 CompilerThread8" daemon [_thread_blocked, id=11712, stack(0x000000ffb8800000,0x000000ffb8900000)]
  0x00000228c093d000 JavaThread "C2 CompilerThread7" daemon [_thread_blocked, id=6660, stack(0x000000ffb8700000,0x000000ffb8800000)]
  0x00000228bf1be800 JavaThread "C2 CompilerThread6" daemon [_thread_blocked, id=9892, stack(0x000000ffb8600000,0x000000ffb8700000)]
  0x00000228bf1ba000 JavaThread "C2 CompilerThread5" daemon [_thread_blocked, id=12312, stack(0x000000ffb8500000,0x000000ffb8600000)]
  0x00000228bf1b9000 JavaThread "C2 CompilerThread4" daemon [_thread_blocked, id=12448, stack(0x000000ffb8400000,0x000000ffb8500000)]
  0x00000228bf1b6800 JavaThread "C2 CompilerThread3" daemon [_thread_in_native, id=6268, stack(0x000000ffb8300000,0x000000ffb8400000)]
  0x00000228bf1b5800 JavaThread "C2 CompilerThread2" daemon [_thread_blocked, id=5052, stack(0x000000ffb8200000,0x000000ffb8300000)]
  0x00000228bf1b5000 JavaThread "C2 CompilerThread1" daemon [_thread_blocked, id=10276, stack(0x000000ffb8100000,0x000000ffb8200000)]
  0x00000228bf1b0800 JavaThread "C2 CompilerThread0" daemon [_thread_blocked, id=13288, stack(0x000000ffb8000000,0x000000ffb8100000)]
  0x00000228bf1ae000 JavaThread "Attach Listener" daemon [_thread_blocked, id=1220, stack(0x000000ffb7f00000,0x000000ffb8000000)]
  0x00000228bf1aa000 JavaThread "Finalizer" daemon [_thread_blocked, id=3076, stack(0x000000ffb7e00000,0x000000ffb7f00000)]
  0x00000228bf1a1000 JavaThread "Reference Handler" daemon [_thread_blocked, id=9924, stack(0x000000ffb7d00000,0x000000ffb7e00000)]
=>0x00000228abad2000 JavaThread "main" [_thread_in_native, id=708, stack(0x000000ffae000000,0x000000ffb2000000)]

Other Threads:
  0x00000228bf17b800 VMThread [stack: 0x000000ffb7c00000,0x000000ffb7d00000] [id=3652]
  0x00000228c0abc000 WatcherThread [stack: 0x000000ffb8d00000,0x000000ffb8e00000] [id=7688]

VM state:not at safepoint (normal execution)

VM Mutex/Monitor currently owned by a thread: None

heap address: 0x00000000a0000000, size: 1536 MB, Compressed Oops mode: 32-bit
Narrow klass base: 0x0000000000000000, Narrow klass shift: 3
Compressed class space size: 1073741824 Address: 0x0000000100000000

Heap:
 PSYoungGen      total 143872K, used 94697K [0x00000000e8000000, 0x00000000f1c80000, 0x0000000100000000)
  eden space 139776K, 67% used [0x00000000e8000000,0x00000000edbe24f0,0x00000000f0880000)
  from space 4096K, 14% used [0x00000000f1880000,0x00000000f1918020,0x00000000f1c80000)
  to   space 10240K, 0% used [0x00000000f0880000,0x00000000f0880000,0x00000000f1280000)
 ParOldGen       total 51200K, used 38392K [0x00000000a0000000, 0x00000000a3200000, 0x00000000e8000000)
  object space 51200K, 74% used [0x00000000a0000000,0x00000000a257e098,0x00000000a3200000)
 Metaspace       used 49289K, capacity 49734K, committed 49920K, reserved 1093632K
  class space    used 6444K, capacity 6584K, committed 6656K, reserved 1048576K

Card table byte_map: [0x00000228baf70000,0x00000228bb280000] byte_map_base: 0x00000228baa70000

Marking Bits: (ParMarkBitMap*) 0x000000006f785ce0
 Begin Bits: [0x00000228bb4c0000, 0x00000228bccc0000)
 End Bits:   [0x00000228bccc0000, 0x00000228be4c0000)

Polling page: 0x000002289e4d0000

CodeCache: size=245760Kb used=18714Kb max_used=18736Kb free=227045Kb
 bounds [0x00000228abbb0000, 0x00000228ace20000, 0x00000228babb0000]
 total_blobs=6129 nmethods=5115 adapters=923
 compilation: enabled

Compilation events (10 events):
Event: 1544.487 Thread 0x00000228bf1b9000 6032       4       com.mathworks.toolbox.instrument.UDP::okToPollRead (135 bytes)
Event: 1544.488 Thread 0x00000228bf1b9000 nmethod 6032 0x00000228acdf6190 code [0x00000228acdf62c0, 0x00000228acdf63f8]
Event: 1544.552 Thread 0x00000228bf1ba000 nmethod 6031 0x00000228ace095d0 code [0x00000228ace098c0, 0x00000228ace0dca0]
Event: 1545.030 Thread 0x00000228c094c800 6033       3       java.awt.Component::dispatchEventImpl (921 bytes)
Event: 1545.034 Thread 0x00000228c094c800 nmethod 6033 0x00000228ace11110 code [0x00000228ace11b80, 0x00000228ace1a900]
Event: 1545.135 Thread 0x00000228c093d000 6034       4       java.awt.Component::eventEnabled (9 bytes)
Event: 1545.136 Thread 0x00000228c093d000 nmethod 6034 0x00000228acdfb910 code [0x00000228acdfba60, 0x00000228acdfbb08]
Event: 1546.151 Thread 0x00000228bf1b6800 6035  s    4       sun.misc.Resource::cachedInputStream (20 bytes)
Event: 1546.156 Thread 0x00000228c0953000 6036       3       sun.misc.Resource::getByteBuffer (24 bytes)
Event: 1546.156 Thread 0x00000228c0953000 nmethod 6036 0x00000228ace08b10 code [0x00000228ace08cc0, 0x00000228ace09440]

GC Heap History (10 events):
Event: 17.336 GC heap before
{Heap before GC invocations=26 (full 2):
 PSYoungGen      total 122368K, used 119181K [0x00000000e8000000, 0x00000000f1680000, 0x0000000100000000)
  eden space 112640K, 100% used [0x00000000e8000000,0x00000000eee00000,0x00000000eee00000)
  from space 9728K, 67% used [0x00000000eee00000,0x00000000ef4636b8,0x00000000ef780000)
  to   space 10240K, 0% used [0x00000000f0c80000,0x00000000f0c80000,0x00000000f1680000)
 ParOldGen       total 51200K, used 31304K [0x00000000a0000000, 0x00000000a3200000, 0x00000000e8000000)
  object space 51200K, 61% used [0x00000000a0000000,0x00000000a1e92358,0x00000000a3200000)
 Metaspace       used 47994K, capacity 48468K, committed 48768K, reserved 1091584K
  class space    used 6257K, capacity 6421K, committed 6528K, reserved 1048576K
Event: 17.341 GC heap after
Heap after GC invocations=26 (full 2):
 PSYoungGen      total 143360K, used 7030K [0x00000000e8000000, 0x00000000f1c80000, 0x0000000100000000)
  eden space 133120K, 0% used [0x00000000e8000000,0x00000000e8000000,0x00000000f0200000)
  from space 10240K, 68% used [0x00000000f0c80000,0x00000000f135da98,0x00000000f1680000)
  to   space 10752K, 0% used [0x00000000f0200000,0x00000000f0200000,0x00000000f0c80000)
 ParOldGen       total 51200K, used 34711K [0x00000000a0000000, 0x00000000a3200000, 0x00000000e8000000)
  object space 51200K, 67% used [0x00000000a0000000,0x00000000a21e5f60,0x00000000a3200000)
 Metaspace       used 47994K, capacity 48468K, committed 48768K, reserved 1091584K
  class space    used 6257K, capacity 6421K, committed 6528K, reserved 1048576K
}
Event: 18.163 GC heap before
{Heap before GC invocations=27 (full 2):
 PSYoungGen      total 143360K, used 140150K [0x00000000e8000000, 0x00000000f1c80000, 0x0000000100000000)
  eden space 133120K, 100% used [0x00000000e8000000,0x00000000f0200000,0x00000000f0200000)
  from space 10240K, 68% used [0x00000000f0c80000,0x00000000f135da98,0x00000000f1680000)
  to   space 10752K, 0% used [0x00000000f0200000,0x00000000f0200000,0x00000000f0c80000)
 ParOldGen       total 51200K, used 34711K [0x00000000a0000000, 0x00000000a3200000, 0x00000000e8000000)
  object space 51200K, 67% used [0x00000000a0000000,0x00000000a21e5f60,0x00000000a3200000)
 Metaspace       used 48364K, capacity 48870K, committed 49280K, reserved 1091584K
  class space    used 6279K, capacity 6424K, committed 6528K, reserved 1048576K
Event: 18.166 GC heap after
Heap after GC invocations=27 (full 2):
 PSYoungGen      total 143872K, used 941K [0x00000000e8000000, 0x00000000f2c00000, 0x0000000100000000)
  eden space 133120K, 0% used [0x00000000e8000000,0x00000000e8000000,0x00000000f0200000)
  from space 10752K, 8% used [0x00000000f0200000,0x00000000f02eb4c0,0x00000000f0c80000)
  to   space 10752K, 0% used [0x00000000f2180000,0x00000000f2180000,0x00000000f2c00000)
 ParOldGen       total 51200K, used 38125K [0x00000000a0000000, 0x00000000a3200000, 0x00000000e8000000)
  object space 51200K, 74% used [0x00000000a0000000,0x00000000a253b488,0x00000000a3200000)
 Metaspace       used 48364K, capacity 48870K, committed 49280K, reserved 1091584K
  class space    used 6279K, capacity 6424K, committed 6528K, reserved 1048576K
}
Event: 20.631 GC heap before
{Heap before GC invocations=28 (full 2):
 PSYoungGen      total 143872K, used 134061K [0x00000000e8000000, 0x00000000f2c00000, 0x0000000100000000)
  eden space 133120K, 100% used [0x00000000e8000000,0x00000000f0200000,0x00000000f0200000)
  from space 10752K, 8% used [0x00000000f0200000,0x00000000f02eb4c0,0x00000000f0c80000)
  to   space 10752K, 0% used [0x00000000f2180000,0x00000000f2180000,0x00000000f2c00000)
 ParOldGen       total 51200K, used 38125K [0x00000000a0000000, 0x00000000a3200000, 0x00000000e8000000)
  object space 51200K, 74% used [0x00000000a0000000,0x00000000a253b488,0x00000000a3200000)
 Metaspace       used 48537K, capacity 49062K, committed 49280K, reserved 1091584K
  class space    used 6285K, capacity 6424K, committed 6528K, reserved 1048576K
Event: 20.633 GC heap after
Heap after GC invocations=28 (full 2):
 PSYoungGen      total 160256K, used 352K [0x00000000e8000000, 0x00000000f2980000, 0x0000000100000000)
  eden space 152064K, 0% used [0x00000000e8000000,0x00000000e8000000,0x00000000f1480000)
  from space 8192K, 4% used [0x00000000f2180000,0x00000000f21d8010,0x00000000f2980000)
  to   space 10752K, 0% used [0x00000000f1480000,0x00000000f1480000,0x00000000f1f00000)
 ParOldGen       total 51200K, used 38376K [0x00000000a0000000, 0x00000000a3200000, 0x00000000e8000000)
  object space 51200K, 74% used [0x00000000a0000000,0x00000000a257a098,0x00000000a3200000)
 Metaspace       used 48537K, capacity 49062K, committed 49280K, reserved 1091584K
  class space    used 6285K, capacity 6424K, committed 6528K, reserved 1048576K
}
Event: 691.003 GC heap before
{Heap before GC invocations=29 (full 2):
 PSYoungGen      total 160256K, used 152416K [0x00000000e8000000, 0x00000000f2980000, 0x0000000100000000)
  eden space 152064K, 100% used [0x00000000e8000000,0x00000000f1480000,0x00000000f1480000)
  from space 8192K, 4% used [0x00000000f2180000,0x00000000f21d8010,0x00000000f2980000)
  to   space 10752K, 0% used [0x00000000f1480000,0x00000000f1480000,0x00000000f1f00000)
 ParOldGen       total 51200K, used 38376K [0x00000000a0000000, 0x00000000a3200000, 0x00000000e8000000)
  object space 51200K, 74% used [0x00000000a0000000,0x00000000a257a098,0x00000000a3200000)
 Metaspace       used 48790K, capacity 49350K, committed 49536K, reserved 1091584K
  class space    used 6290K, capacity 6456K, committed 6528K, reserved 1048576K
Event: 691.005 GC heap after
Heap after GC invocations=29 (full 2):
 PSYoungGen      total 146944K, used 576K [0x00000000e8000000, 0x00000000f2280000, 0x0000000100000000)
  eden space 145920K, 0% used [0x00000000e8000000,0x00000000e8000000,0x00000000f0e80000)
  from space 1024K, 56% used [0x00000000f1480000,0x00000000f1510020,0x00000000f1580000)
  to   space 10240K, 0% used [0x00000000f1880000,0x00000000f1880000,0x00000000f2280000)
 ParOldGen       total 51200K, used 38384K [0x00000000a0000000, 0x00000000a3200000, 0x00000000e8000000)
  object space 51200K, 74% used [0x00000000a0000000,0x00000000a257c098,0x00000000a3200000)
 Metaspace       used 48790K, capacity 49350K, committed 49536K, reserved 1091584K
  class space    used 6290K, capacity 6456K, committed 6528K, reserved 1048576K
}
Event: 746.446 GC heap before
{Heap before GC invocations=30 (full 2):
 PSYoungGen      total 146944K, used 146496K [0x00000000e8000000, 0x00000000f2280000, 0x0000000100000000)
  eden space 145920K, 100% used [0x00000000e8000000,0x00000000f0e80000,0x00000000f0e80000)
  from space 1024K, 56% used [0x00000000f1480000,0x00000000f1510020,0x00000000f1580000)
  to   space 10240K, 0% used [0x00000000f1880000,0x00000000f1880000,0x00000000f2280000)
 ParOldGen       total 51200K, used 38384K [0x00000000a0000000, 0x00000000a3200000, 0x00000000e8000000)
  object space 51200K, 74% used [0x00000000a0000000,0x00000000a257c098,0x00000000a3200000)
 Metaspace       used 48793K, capacity 49350K, committed 49536K, reserved 1091584K
  class space    used 6291K, capacity 6456K, committed 6528K, reserved 1048576K
Event: 746.448 GC heap after
Heap after GC invocations=30 (full 2):
 PSYoungGen      total 143872K, used 608K [0x00000000e8000000, 0x00000000f1c80000, 0x0000000100000000)
  eden space 139776K, 0% used [0x00000000e8000000,0x00000000e8000000,0x00000000f0880000)
  from space 4096K, 14% used [0x00000000f1880000,0x00000000f1918020,0x00000000f1c80000)
  to   space 10240K, 0% used [0x00000000f0880000,0x00000000f0880000,0x00000000f1280000)
 ParOldGen       total 51200K, used 38392K [0x00000000a0000000, 0x00000000a3200000, 0x00000000e8000000)
  object space 51200K, 74% used [0x00000000a0000000,0x00000000a257e098,0x00000000a3200000)
 Metaspace       used 48793K, capacity 49350K, committed 49536K, reserved 1091584K
  class space    used 6291K, capacity 6456K, committed 6528K, reserved 1048576K
}

Deoptimization events (10 events):
Event: 1542.578 Thread 0x00000228c3e7b800 Uncommon trap: reason=unstable_if action=reinterpret pc=0x00000228acd96ab8 method=javax.swing.RepaintManager.paintDirtyRegions(Ljava/util/Map;)V @ 6
Event: 1542.578 Thread 0x00000228c3e7b800 Uncommon trap: reason=unstable_if action=reinterpret pc=0x00000228ac339ff0 method=javax.swing.JComponent.putClientProperty(Ljava/lang/Object;Ljava/lang/Object;)V @ 57
Event: 1542.908 Thread 0x00000228abad2000 Uncommon trap: reason=unstable_if action=reinterpret pc=0x00000228acd35524 method=com.mathworks.hg.util.HGPeerQueue.add(Lcom/mathworks/hg/util/HGPeerRunnable;)V @ 301
Event: 1542.914 Thread 0x00000228c3e7b800 Uncommon trap: reason=unstable_if action=reinterpret pc=0x00000228ac1b79ac method=java.awt.AWTEventMulticaster.removeInternal(Ljava/util/EventListener;Ljava/util/EventListener;)Ljava/util/EventListener; @ 2
Event: 1542.918 Thread 0x00000228abad2000 Uncommon trap: reason=unstable_if action=reinterpret pc=0x00000228acdd47e0 method=java.util.Hashtable.getIterator(I)Ljava/util/Iterator; @ 4
Event: 1542.918 Thread 0x00000228c3e7b800 Uncommon trap: reason=unstable_if action=reinterpret pc=0x00000228abf8b8e0 method=com.mathworks.hg.util.HGPeerQueue$HGPeerRunnablesRunner.runit(Z[I)V @ 143
Event: 1542.919 Thread 0x00000228c3e7b800 Uncommon trap: reason=unstable_if action=reinterpret pc=0x00000228acac7614 method=javax.swing.SwingUtilities.getWindowAncestor(Ljava/awt/Component;)Ljava/awt/Window; @ 6
Event: 1542.919 Thread 0x00000228c3e7b800 Uncommon trap: reason=unstable_if action=reinterpret pc=0x00000228acdbba08 method=com.mathworks.hg.peer.ui.UIContainerPeer.validateFigure()V @ 4
Event: 1542.919 Thread 0x00000228c3e7b800 Uncommon trap: reason=unstable_if action=reinterpret pc=0x00000228ac1bc3f8 method=com.mathworks.hg.peer.ui.UIContainerPeer.validateFigure()V @ 4
Event: 1546.161 Thread 0x00000228c43ba800 Uncommon trap: reason=unstable_if action=reinterpret pc=0x00000228acdd8eb4 method=com.mathworks.util.Timer$TimerThread.run()V @ 64

Classes redefined (0 events):
No events

Internal exceptions (10 events):
Event: 1545.388 Thread 0x00000228c3e7b800 Exception <a 'java/net/SocketTimeoutException': Receive timed out> (0x00000000ed178da0) thrown at [C:\re\workspace\8-2-build-windows-amd64-cygwin\jdk8u202\12323\hotspot\src\share\vm\prims\jni.cpp, line 736]
Event: 1545.472 Thread 0x00000228c3e7b800 Exception <a 'java/net/SocketTimeoutException': Receive timed out> (0x00000000ed1796a0) thrown at [C:\re\workspace\8-2-build-windows-amd64-cygwin\jdk8u202\12323\hotspot\src\share\vm\prims\jni.cpp, line 736]
Event: 1545.556 Thread 0x00000228c3e7b800 Exception <a 'java/net/SocketTimeoutException': Receive timed out> (0x00000000ed179fa0) thrown at [C:\re\workspace\8-2-build-windows-amd64-cygwin\jdk8u202\12323\hotspot\src\share\vm\prims\jni.cpp, line 736]
Event: 1545.640 Thread 0x00000228c3e7b800 Exception <a 'java/net/SocketTimeoutException': Receive timed out> (0x00000000ed17a8a0) thrown at [C:\re\workspace\8-2-build-windows-amd64-cygwin\jdk8u202\12323\hotspot\src\share\vm\prims\jni.cpp, line 736]
Event: 1545.724 Thread 0x00000228c3e7b800 Exception <a 'java/net/SocketTimeoutException': Receive timed out> (0x00000000ed17b1a0) thrown at [C:\re\workspace\8-2-build-windows-amd64-cygwin\jdk8u202\12323\hotspot\src\share\vm\prims\jni.cpp, line 736]
Event: 1545.807 Thread 0x00000228c3e7b800 Exception <a 'java/net/SocketTimeoutException': Receive timed out> (0x00000000ed17c060) thrown at [C:\re\workspace\8-2-build-windows-amd64-cygwin\jdk8u202\12323\hotspot\src\share\vm\prims\jni.cpp, line 736]
Event: 1545.891 Thread 0x00000228c3e7b800 Exception <a 'java/net/SocketTimeoutException': Receive timed out> (0x00000000ed17c960) thrown at [C:\re\workspace\8-2-build-windows-amd64-cygwin\jdk8u202\12323\hotspot\src\share\vm\prims\jni.cpp, line 736]
Event: 1545.975 Thread 0x00000228c3e7b800 Exception <a 'java/net/SocketTimeoutException': Receive timed out> (0x00000000ed17d260) thrown at [C:\re\workspace\8-2-build-windows-amd64-cygwin\jdk8u202\12323\hotspot\src\share\vm\prims\jni.cpp, line 736]
Event: 1546.059 Thread 0x00000228c3e7b800 Exception <a 'java/net/SocketTimeoutException': Receive timed out> (0x00000000ed17db60) thrown at [C:\re\workspace\8-2-build-windows-amd64-cygwin\jdk8u202\12323\hotspot\src\share\vm\prims\jni.cpp, line 736]
Event: 1546.142 Thread 0x00000228c3e7b800 Exception <a 'java/net/SocketTimeoutException': Receive timed out> (0x00000000ed17e460) thrown at [C:\re\workspace\8-2-build-windows-amd64-cygwin\jdk8u202\12323\hotspot\src\share\vm\prims\jni.cpp, line 736]

Events (10 events):
Event: 1546.163 loading class com/mathworks/widgets/BusyAffordance done
Event: 1546.163 loading class com/mathworks/widgets/ComponentBuilder
Event: 1546.163 loading class com/mathworks/widgets/ComponentBuilder done
Event: 1546.163 loading class com/mathworks/widgets/BusyAffordance$1
Event: 1546.163 loading class com/mathworks/widgets/BusyAffordance$1 done
Event: 1546.164 Thread 0x00000228c483d800 Thread exited: 0x00000228c483d800
Event: 1546.164 Executing VM operation: RevokeBias
Event: 1546.164 Executing VM operation: RevokeBias done
Event: 1546.164 loading class com/mathworks/util/Log$1
Event: 1546.164 loading class com/mathworks/util/Log$1 done


Dynamic libraries:
0x00007ff6353d0000 - 0x00007ff635403000 	C:\Program Files\MATLAB\R2020b\bin\win64\matlab.exe
0x00007ffe600f0000 - 0x00007ffe602e5000 	C:\WINDOWS\SYSTEM32\ntdll.dll
0x00007ffe5edb0000 - 0x00007ffe5ee6d000 	C:\WINDOWS\System32\KERNEL32.DLL
0x00007ffe5da40000 - 0x00007ffe5dd0d000 	C:\WINDOWS\System32\KERNELBASE.dll
0x00007ffe59a80000 - 0x00007ffe59b10000 	C:\WINDOWS\SYSTEM32\apphelp.dll
0x00007ffe5dd70000 - 0x00007ffe5de70000 	C:\WINDOWS\System32\ucrtbase.dll
0x00007ffe5b500000 - 0x00007ffe5b729000 	C:\Program Files\MATLAB\R2020b\bin\win64\libmwi18n.dll
0x00007ffe419e0000 - 0x00007ffe41ea0000 	C:\Program Files\MATLAB\R2020b\bin\win64\libmwservices.dll
0x00007ffe2b6e0000 - 0x00007ffe2bf83000 	C:\Program Files\MATLAB\R2020b\bin\win64\mlutil.dll
0x00007ffe41fa0000 - 0x00007ffe423af000 	C:\Program Files\MATLAB\R2020b\bin\win64\mvm.dll
0x00007ffe5ee70000 - 0x00007ffe5ef1e000 	C:\WINDOWS\System32\ADVAPI32.dll
0x00007ffe5fe50000 - 0x00007ffe5feee000 	C:\WINDOWS\System32\msvcrt.dll
0x00007ffe5dd10000 - 0x00007ffe5dd37000 	C:\WINDOWS\System32\bcrypt.dll
0x00007ffe5fbf0000 - 0x00007ffe5fd90000 	C:\WINDOWS\System32\USER32.dll
0x00007ffe44a60000 - 0x00007ffe44d05000 	C:\Program Files\MATLAB\R2020b\bin\win64\libmwfl.dll
0x00007ffe5fa70000 - 0x00007ffe5fb0c000 	C:\WINDOWS\System32\sechost.dll
0x00007ffe5f750000 - 0x00007ffe5f7bb000 	C:\WINDOWS\System32\WS2_32.dll
0x00007ffe5dd40000 - 0x00007ffe5dd62000 	C:\WINDOWS\System32\win32u.dll
0x00007ffe5f7c0000 - 0x00007ffe5f8e5000 	C:\WINDOWS\System32\RPCRT4.dll
0x00007ffe5e890000 - 0x00007ffe5e8ba000 	C:\WINDOWS\System32\GDI32.dll
0x00007ffe5b460000 - 0x00007ffe5b4fb000 	C:\Program Files\MATLAB\R2020b\bin\win64\MSVCP140.dll
0x00007ffe5e030000 - 0x00007ffe5e13b000 	C:\WINDOWS\System32\gdi32full.dll
0x00007ffe5b880000 - 0x00007ffe5b896000 	C:\Program Files\MATLAB\R2020b\bin\win64\VCRUNTIME140.dll
0x00007ffe5df90000 - 0x00007ffe5e02d000 	C:\WINDOWS\System32\msvcp_win.dll
0x00007ffe5b810000 - 0x00007ffe5b83a000 	C:\Program Files\MATLAB\R2020b\bin\win64\libmwfoundation_filesystem.dll
0x00007ffe5e140000 - 0x00007ffe5e884000 	C:\WINDOWS\System32\SHELL32.dll
0x00007ffe5b0f0000 - 0x00007ffe5b0f9000 	C:\Program Files\MATLAB\R2020b\bin\win64\libmwresource_core.dll
0x00007ffe571f0000 - 0x00007ffe57208000 	C:\Program Files\MATLAB\R2020b\bin\win64\libmwcpp11compat.dll
0x00007ffe56e30000 - 0x00007ffe56e42000 	C:\Program Files\MATLAB\R2020b\bin\win64\mwboost_date_time-vc141-mt-x64-1_70.dll
0x00007ffe5b860000 - 0x00007ffe5b874000 	C:\Program Files\MATLAB\R2020b\bin\win64\libmwcapabilities.dll
0x00007ffe56810000 - 0x00007ffe56830000 	C:\Program Files\MATLAB\R2020b\bin\win64\mwboost_filesystem-vc141-mt-x64-1_70.dll
0x00007ffe56e10000 - 0x00007ffe56e2c000 	C:\Program Files\MATLAB\R2020b\bin\win64\mwboost_thread-vc141-mt-x64-1_70.dll
0x00007ffe4ca30000 - 0x00007ffe4ca58000 	C:\Program Files\MATLAB\R2020b\bin\win64\libexpat.dll
0x00007ffe36c00000 - 0x00007ffe36e5d000 	C:\Program Files\MATLAB\R2020b\bin\win64\icuin64.dll
0x00007ffe32f20000 - 0x00007ffe330b1000 	C:\Program Files\MATLAB\R2020b\bin\win64\icuuc64.dll
0x00007ffe4ba30000 - 0x00007ffe4bb06000 	C:\Program Files\MATLAB\R2020b\bin\win64\libut.dll
0x00007ffe5fef0000 - 0x00007ffe6001a000 	C:\WINDOWS\System32\ole32.dll
0x00007ffe52a10000 - 0x00007ffe52a2f000 	C:\WINDOWS\SYSTEM32\MPR.dll
0x00007ffe5e8c0000 - 0x00007ffe5ec14000 	C:\WINDOWS\System32\combase.dll
0x00007ffe413c0000 - 0x00007ffe4170f000 	C:\Program Files\MATLAB\R2020b\bin\win64\libmwms.dll
0x00007ffe3fd90000 - 0x00007ffe3ff1f000 	C:\Program Files\MATLAB\R2020b\bin\win64\libmx.dll
0x00007ffe5ef20000 - 0x00007ffe5efed000 	C:\WINDOWS\System32\OLEAUT32.dll
0x00007ffe3e480000 - 0x00007ffe3e638000 	C:\Program Files\MATLAB\R2020b\bin\win64\libmwfoundation_matlabdata.dll
0x00007ffe5b2b0000 - 0x00007ffe5b2be000 	C:\Program Files\MATLAB\R2020b\bin\win64\libmwmatlabdata_boost_serialization.dll
0x00007ffe5b210000 - 0x00007ffe5b251000 	C:\Program Files\MATLAB\R2020b\bin\win64\libmwfoundation_usm.dll
0x00007ffe5b1a0000 - 0x00007ffe5b20a000 	C:\Program Files\MATLAB\R2020b\bin\win64\libmwlivecode.dll
0x00007ffe5a6f0000 - 0x00007ffe5a77b000 	C:\Program Files\MATLAB\R2020b\bin\win64\libmwcppmicroservices.dll
0x00007ffe4b170000 - 0x00007ffe4b221000 	C:\Program Files\MATLAB\R2020b\bin\win64\mwboost_log-vc141-mt-x64-1_70.dll
0x00007ffe5b2c0000 - 0x00007ffe5b457000 	C:\Program Files\MATLAB\R2020b\bin\win64\libmwmst.dll
0x00007ffe506e0000 - 0x00007ffe50737000 	C:\Program Files\MATLAB\R2020b\bin\win64\libmwsearch_path_utilities.dll
0x00007ffe5df20000 - 0x00007ffe5df88000 	C:\WINDOWS\System32\WINTRUST.dll
0x00007ffe5d8e0000 - 0x00007ffe5da36000 	C:\WINDOWS\System32\CRYPT32.dll
0x00007ffe5b7d0000 - 0x00007ffe5b804000 	C:\Program Files\MATLAB\R2020b\bin\win64\libmwthreadpool.dll
0x00007ffe4c930000 - 0x00007ffe4c971000 	C:\Program Files\MATLAB\R2020b\bin\win64\mwboost_serialization-vc141-mt-x64-1_70.dll
0x00007ffe3db10000 - 0x00007ffe3dcb3000 	C:\Program Files\MATLAB\R2020b\bin\win64\libmwflstoragevfs.dll
0x00007ffe4ed40000 - 0x00007ffe4edb0000 	C:\Program Files\MATLAB\R2020b\bin\win64\libmwcwf_interface.dll
0x00007ffe5b150000 - 0x00007ffe5b15e000 	C:\Program Files\MATLAB\R2020b\bin\win64\libmwmatlabstoragesystem.dll
0x00007ffe44de0000 - 0x00007ffe44f03000 	C:\Program Files\MATLAB\R2020b\bin\win64\libmwflstorageprovider.dll
0x00007ffe5a6c0000 - 0x00007ffe5a6cf000 	C:\Program Files\MATLAB\R2020b\bin\win64\libmwflstorageutility.dll
0x00007ffe41f30000 - 0x00007ffe41f96000 	C:\Program Files\MATLAB\R2020b\bin\win64\tbb.dll
0x00007ffe50620000 - 0x00007ffe5066c000 	C:\Program Files\MATLAB\R2020b\bin\win64\libmwrelease_info.dll
0x00007ffe2a400000 - 0x00007ffe2a950000 	C:\Program Files\MATLAB\R2020b\bin\win64\settingscore.dll
0x00007ffe5b100000 - 0x00007ffe5b11c000 	C:\Program Files\MATLAB\R2020b\bin\win64\libmwstartupplugin.dll
0x00007ffe41980000 - 0x00007ffe419d5000 	C:\Program Files\MATLAB\R2020b\bin\win64\libmwsettings_in_matlab.dll
0x00007ffe4b3b0000 - 0x00007ffe4b4ac000 	C:\Program Files\MATLAB\R2020b\bin\win64\libmwstartup_plugin_initializer.dll
0x00007ffe5b2a0000 - 0x00007ffe5b2af000 	C:\Program Files\MATLAB\R2020b\bin\win64\libmvmtransportapi.dll
0x00007ffe418f0000 - 0x00007ffe4197f000 	C:\Program Files\MATLAB\R2020b\bin\win64\opccore.dll
0x00007ffe3d9a0000 - 0x00007ffe3db0e000 	C:\Program Files\MATLAB\R2020b\bin\win64\matlab_toolbox_events.dll
0x00007ffe30d50000 - 0x00007ffe30f0e000 	C:\Program Files\MATLAB\R2020b\bin\win64\opcmodel.dll
0x00007ffe37020000 - 0x00007ffe372ba000 	C:\Program Files\MATLAB\R2020b\bin\win64\execution_events.dll
0x00007ffe4c320000 - 0x00007ffe4c35c000 	C:\Program Files\MATLAB\R2020b\bin\win64\opczippackage.dll
0x00007ffe44a20000 - 0x00007ffe44a5f000 	C:\Program Files\MATLAB\R2020b\bin\win64\string_matrix.dll
0x00007ffe571e0000 - 0x00007ffe571ee000 	C:\Program Files\MATLAB\R2020b\bin\win64\mwboost_chrono-vc141-mt-x64-1_70.dll
0x00007ffe4ec90000 - 0x00007ffe4eca8000 	C:\Program Files\MATLAB\R2020b\bin\win64\mwboost_iostreams-vc141-mt-x64-1_70.dll
0x00007ffe3e090000 - 0x00007ffe3e189000 	C:\Program Files\MATLAB\R2020b\bin\win64\mwboost_regex-vc141-mt-x64-1_70.dll
0x00007ffe37cb0000 - 0x00007ffe37ddf000 	C:\Program Files\MATLAB\R2020b\bin\win64\CppMicroServices3.dll
0x00007ffe5fd90000 - 0x00007ffe5fde5000 	C:\WINDOWS\System32\SHLWAPI.dll
0x00007ffe5ab30000 - 0x00007ffe5ad14000 	C:\WINDOWS\SYSTEM32\dbghelp.dll
0x00007ffe5d670000 - 0x00007ffe5d6bb000 	C:\WINDOWS\SYSTEM32\POWRPROF.dll
0x00007ffe529e0000 - 0x00007ffe529ed000 	C:\Program Files\MATLAB\R2020b\bin\win64\libmwflstrings.dll
0x00007ffe4c2f0000 - 0x00007ffe4c301000 	C:\Program Files\MATLAB\R2020b\bin\win64\icuio64.dll
0x00007ffe41380000 - 0x00007ffe413b7000 	C:\Program Files\MATLAB\R2020b\bin\win64\libmwmfl_permute.dll
0x00007ffe4c060000 - 0x00007ffe4c072000 	C:\Program Files\MATLAB\R2020b\bin\win64\libmwindexingapimethods.dll
0x00007ffe3f9c0000 - 0x00007ffe3fa1f000 	C:\Program Files\MATLAB\R2020b\bin\win64\tbbmalloc.dll
0x000000006f810000 - 0x000000006f82a000 	C:\Program Files\MATLAB\R2020b\bin\win64\zlib1.dll
0x00007ffe3e3d0000 - 0x00007ffe3e472000 	C:\Program Files\MATLAB\R2020b\bin\win64\opcmwservices.dll
0x00007ffe2a0e0000 - 0x00007ffe2a3fa000 	C:\Program Files\MATLAB\R2020b\bin\win64\xerces-c_3_2.dll
0x00007ffe44900000 - 0x00007ffe44940000 	C:\Program Files\MATLAB\R2020b\bin\win64\libmwmsr.dll
0x00007ffe4b390000 - 0x00007ffe4b3a9000 	C:\Program Files\MATLAB\R2020b\bin\win64\libmwsearch_path_interfaces.dll
0x00007ffe3b010000 - 0x00007ffe3b0b6000 	C:\Program Files\MATLAB\R2020b\bin\win64\libmwstoragefilefolderobserver.dll
0x00007ffe5cef0000 - 0x00007ffe5cf5a000 	C:\WINDOWS\SYSTEM32\MSWSOCK.dll
0x00007ffe51910000 - 0x00007ffe5191c000 	C:\WINDOWS\SYSTEM32\Secur32.dll
0x00007ffe29e30000 - 0x00007ffe2a0e0000 	C:\Program Files\MATLAB\R2020b\bin\win64\libmwflnetwork.dll
0x00007ffe4b150000 - 0x00007ffe4b16e000 	C:\Program Files\MATLAB\R2020b\bin\win64\libmwflstorageevents.dll
0x00007ffe3ad10000 - 0x00007ffe3ad90000 	C:\Program Files\MATLAB\R2020b\bin\win64\xmlcore.dll
0x00007ffe32270000 - 0x00007ffe32363000 	C:\Program Files\MATLAB\R2020b\bin\win64\libmwfoundation_matlabdata_standalone.dll
0x00007ffe3f440000 - 0x00007ffe3f495000 	C:\Program Files\MATLAB\R2020b\bin\win64\libmwfoundation_json.dll
0x00007ffe2e960000 - 0x00007ffe2ea75000 	C:\Program Files\MATLAB\R2020b\bin\win64\libmwfoundation_matlabdata_json.dll
0x00007ffe30c60000 - 0x00007ffe30d49000 	C:\Program Files\MATLAB\R2020b\bin\win64\libmwsearch_path_events.dll
0x00007ffe3f990000 - 0x00007ffe3f9b9000 	C:\Program Files\MATLAB\R2020b\bin\win64\libmwnativedialogs.dll
0x00007ffe3b880000 - 0x00007ffe3b8d2000 	C:\Program Files\MATLAB\R2020b\bin\win64\libmwflcrypto.dll
0x00007ffe3e050000 - 0x00007ffe3e090000 	C:\Program Files\MATLAB\R2020b\bin\win64\libmwflcryptoutils.dll
0x00007ffe2e490000 - 0x00007ffe2e6af000 	C:\Program Files\MATLAB\R2020b\bin\win64\libmwflcryptocryptopp.dll
0x00007ffe3acb0000 - 0x00007ffe3ad07000 	C:\Program Files\MATLAB\R2020b\bin\win64\libmwflcertificates.dll
0x00007ffe44dc0000 - 0x00007ffe44dd1000 	C:\Program Files\MATLAB\R2020b\bin\win64\libminizip.dll
0x00007ffe38270000 - 0x00007ffe382fb000 	C:\Program Files\MATLAB\R2020b\bin\win64\mcos.dll
0x00007ffe5cbe0000 - 0x00007ffe5cc1b000 	C:\WINDOWS\SYSTEM32\IPHLPAPI.DLL
0x00007ffe41f10000 - 0x00007ffe41f26000 	C:\Program Files\MATLAB\R2020b\bin\win64\libmwdtoa.dll
0x00007ffe52660000 - 0x00007ffe5266e000 	C:\Program Files\MATLAB\R2020b\bin\win64\libmwfoundation_matlabjson_frontend.dll
0x00007ffe418d0000 - 0x00007ffe418f0000 	C:\Program Files\MATLAB\R2020b\bin\win64\libmwmodule_descriptor_interfaces.dll
0x00007ffe29b70000 - 0x00007ffe29e2f000 	C:\Program Files\MATLAB\R2020b\bin\win64\libcrypto-1_1-x64.dll
0x00007ffe37ee0000 - 0x00007ffe37f8c000 	C:\Program Files\MATLAB\R2020b\bin\win64\libssl-1_1-x64.dll
0x00007ffe5d6f0000 - 0x00007ffe5d722000 	C:\WINDOWS\SYSTEM32\SSPICLI.DLL
0x0000022899e30000 - 0x000002289b874000 	C:\Program Files\MATLAB\R2020b\bin\win64\icudt64.dll
0x00007ffe5d650000 - 0x00007ffe5d662000 	C:\WINDOWS\SYSTEM32\UMPDC.dll
0x00007ffe5fb10000 - 0x00007ffe5fb40000 	C:\WINDOWS\System32\IMM32.DLL
0x00007ffe5d320000 - 0x00007ffe5d332000 	C:\WINDOWS\SYSTEM32\MSASN1.dll
0x00007ffe5d100000 - 0x00007ffe5d10c000 	C:\WINDOWS\SYSTEM32\CRYPTBASE.DLL
0x00007ffe5d800000 - 0x00007ffe5d882000 	C:\WINDOWS\System32\bcryptPrimitives.dll
0x00007ffe37b30000 - 0x00007ffe37bd3000 	C:\Program Files\MATLAB\R2020b\bin\win64\DeclarativeServices1.dll
0x00007ffe506d0000 - 0x00007ffe506d9000 	C:\Program Files\MATLAB\R2020b\bin\win64\usLogService.dll
0x00007ffe3ff70000 - 0x00007ffe3ff83000 	C:\Program Files\MATLAB\R2020b\bin\win64\usServiceComponent.dll
0x00007ffe3fd70000 - 0x00007ffe3fd8b000 	C:\Program Files\MATLAB\R2020b\bin\win64\cppmicroservices_compendium\foundation\cppmicroservices\logserviceimpl\mwLogServiceImpl.dll
0x00007ffe3d980000 - 0x00007ffe3d99c000 	C:\Program Files\MATLAB\R2020b\bin\win64\matlab_startup_plugins\connector\openssl_initializer\libmwconnectoropensslinitializer.dll
0x00007ffe3bf50000 - 0x00007ffe3bf8a000 	C:\Program Files\MATLAB\R2020b\bin\win64\PocoNetSSL64.dll
0x00007ffe2dfa0000 - 0x00007ffe2e08d000 	C:\Program Files\MATLAB\R2020b\bin\win64\PocoNet64.dll
0x00007ffe2de30000 - 0x00007ffe2df9a000 	C:\Program Files\MATLAB\R2020b\bin\win64\PocoFoundation64.dll
0x00007ffe3afe0000 - 0x00007ffe3b010000 	C:\Program Files\MATLAB\R2020b\bin\win64\PocoCrypto64.dll

VM Arguments:
jvm_args: -Xms64m -XX:NewRatio=3 -Xmx1536m -XX:MaxDirectMemorySize=2147400000 -Dsun.java2d.noddraw=true -Dsun.awt.nopixfmt=true -Xshare:off -Djava.ext.dirs=C:\Program Files\MATLAB\R2020b\sys\java\jre\win64\jre\lib\ext -Djogamp.gluegen.UseTempJarCache=false -Djogl.disable.opengles=1 -Djogl.windows.cpu_affinity_mode=0 -Xrs -Djava.library.path=C:\Program Files\MATLAB\R2020b\bin\win64;C:\Program Files\MATLAB\R2020b\sys\jxbrowser\win64\lib vfprintf -XX:ErrorFile=C:\Users\EXPERI~1\AppData\Local\Temp\hs_error_pid2312.log abort -Duser.language=en -Duser.country=GB -Dfile.encoding=Cp1252 -XX:ParallelGCThreads=6 
java_command: <unknown>
java_class_path (initial): C:\Program Files\MATLAB\R2020b\java\patch;C:\Program Files\MATLAB\R2020b\java\jar\jmi.jar;C:\Program Files\MATLAB\R2020b\java\jar\util.jar;C:\Program Files\MATLAB\R2020b\java\jar\mvm.jar;C:\Program Files\MATLAB\R2020b\java\jar\services.jar;C:\Program Files\MATLAB\R2020b\java\jarext\commons-io.jar;C:\Program Files\MATLAB\R2020b\java\jar\cfbutils.jar;C:\Program Files\MATLAB\R2020b\java\jar\capabilities.jar;C:\Program Files\MATLAB\R2020b\java\jar\mlwidgets.jar;C:\Program Files\MATLAB\R2020b\java\jar\html.jar;C:\Program Files\MATLAB\R2020b\java\jar\net.jar;C:\Program Files\MATLAB\R2020b\java\jar\ddux_api.jar;C:\Program Files\MATLAB\R2020b\java\jarext\log4j.jar;C:\Program Files\MATLAB\R2020b\java\jar\mwswing.jar;C:\Program Files\MATLAB\R2020b\java\jar\common.jar;C:\Program Files\MATLAB\R2020b\java\jarext\google-collect.jar;C:\Program Files\MATLAB\R2020b\java\jarext\commons-lang.jar;C:\Program Files\MATLAB\R2020b\java\jarext\jide\jide-common.jar;C:\Program Files\MATLAB\R2020b\java\jarext\jide\jide-dock.jar;C:\Program Files\MATLAB\R2020b\java\jarext\jide\jide-action.jar;C:\Program Files\MATLAB\R2020b\java\jarext\jide\jide-components.jar;C:\Program Files\MATLAB\R2020b\java\jarext\jide\jide-grids.jar;C:\Program Files\MATLAB\R2020b\java\jarext\jide\jide-dialogs.jar;C:\Program Files\MATLAB\R2020b\java\jarext\jide\jide-shortcut.jar;C:\Program Files\MATLAB\R2020b\java\jarext\jide\jide-charts.jar;C:\Program Files\MATLAB\R2020b\java\jar\toolstrip.jar;C:\Program Files\MATLAB\R2020b\java\jar\mlservices.jar;C:\Program Files\MATLAB\R2020b\java\jar\widgets.jar;C:\Program Files\MATLAB\R2020b\java\jar\mde.jar;C:\Program Files\MATLAB\R2020b\java\jar\explorer.jar;C:\Program Files\MATLAB\R2020b\java\jar\explorer_api.jar;C:\Program Files\MATLAB\R2020b\java\jar\desktop.jar;C:\Program Files\MATLAB\R2020b\java\jar\addons.jar;C:\Program Files\MATLAB\R2020b\java\jar\addons_common.jar;C:\Program Files\MATLAB\R2020b\java\jarext\connector_api\msscommon\msscommon.jar;C:\P
Launcher Type: generic

Environment Variables:
PATH=C:\Program Files\MATLAB\R2020b\toolbox\imaq\imaqextern\drivers\win64\genicam\GenICam_V3_1_0\bin\Win64_x64;C:\Program Files\MATLAB\R2020b\bin\win64;C:\WINDOWS\system32;C:\WINDOWS;C:\WINDOWS\System32\Wbem;C:\WINDOWS\System32\WindowsPowerShell\v1.0\;C:\WINDOWS\System32\OpenSSH\;C:\Program Files\MATLAB\R2020b\bin;C:\Program Files\SlikSvn\bin;C:\Program Files\Git\cmd;C:\Program Files\Point Grey Research\Spinnaker\bin64\vs2015;C:\Program Files\Point Grey Research\Spinnaker\bin\vs2015;C:\Program Files\Point Grey Research\FlyCap2 Viewer\bin64;%FC2PATH\vs2013;C:\Program Files\Point Grey Research\FlyCap2 Viewer\bin64\vs2015;C:\Users\Experiment\AppData\Local\Microsoft\WindowsApps;C:\Users\Experiment\anaconda3\condabin;C:\Users\Experiment\anaconda3\Scripts;
USERNAME=Experiment
OS=Windows_NT
PROCESSOR_IDENTIFIER=Intel64 Family 6 Model 165 Stepping 5, GenuineIntel



---------------  S Y S T E M  ---------------

OS: Windows 10.0 , 64 bit Build 19041 (10.0.19041.1706)

CPU:total 20 (initial active 20) (10 cores per cpu, 2 threads per core) family 6 model 165 stepping 5, cmov, cx8, fxsr, mmx, sse, sse2, sse3, ssse3, sse4.1, sse4.2, popcnt, avx, avx2, aes, clmul, erms, 3dnowpref, lzcnt, ht, tsc, tscinvbit, bmi1, bmi2, adx

Memory: 4k page, physical 33392400k(25929480k free), swap 50030404k(41552372k free)

vm_info: Java HotSpot(TM) 64-Bit Server VM (25.202-b08) for windows-amd64 JRE (1.8.0_202-b08), built on Dec 15 2018 19:54:30 by "java_re" with MS VC++ 10.0 (VS2010)

time: Tue May 24 12:58:22 2022
timezone: GMT Daylight Time
elapsed time: 1546 seconds (0d 0h 25m 46s)

