#
# A fatal error has been detected by the Java Runtime Environment:
#
#  EXCEPTION_UNCAUGHT_CXX_EXCEPTION (0xe06d7363) at pc=0x00007ffe5da74fd9, pid=8960, tid=0x00000000000013f4
#
# JRE version: Java(TM) SE Runtime Environment (8.0_202-b08) (build 1.8.0_202-b08)
# Java VM: Java HotSpot(TM) 64-Bit Server VM (25.202-b08 mixed mode windows-amd64 compressed oops)
# Problematic frame:
# C  [KERNELBASE.dll+0x34fd9]
#
# Failed to write core dump. Minidumps are not enabled by default on client versions of Windows
#
# If you would like to submit a bug report, please visit:
#   http://bugreport.java.com/bugreport/crash.jsp
# The crash happened outside the Java Virtual Machine in native code.
# See problematic frame for where to report the bug.
#

---------------  T H R E A D  ---------------

Current thread (0x0000025661e12000):  JavaThread "main" [_thread_in_native, id=5108, stack(0x000000979cd00000,0x00000097a0d00000)]

siginfo: ExceptionCode=0xe06d7363, ExceptionInformation=0x0000000019930520 0x00000097a0ce1d18 0x00007ffe1ad8c3a8 0x00007ffe1abf0000 

Registers:
RAX=0x0000000000000000, RBX=0x00000097a0cdf3b0, RCX=0x0000000000000000, RDX=0x0000000000000000
RSP=0x00000097a0cdcdb0, RBP=0x00000097a0cdd460, RSI=0x00000097a0cdcef0, RDI=0x00000097a0cddc00
R8 =0x0000025661e32310, R9 =0x0000000000000009, R10=0x000000006f77a490, R11=0x0000000000000030
R12=0x00000097a0cde228, R13=0x00007ffe1ab3f900, R14=0x0000000000000000, R15=0x0000000000000000
RIP=0x00007ffe5da74fd9, EFLAGS=0x0000000000000202

Top of Stack: (sp=0x00000097a0cdcdb0)
0x00000097a0cdcdb0:   fffffffffffffffe 00000097a0cdf3b0
0x00000097a0cdcdc0:   00000097a0cdcef0 0000000000000000
0x00000097a0cdcdd0:   00000001e06d7363 0000000000000000
0x00000097a0cdcde0:   00007ffe5da74fd9 0000000000000004
0x00000097a0cdcdf0:   0000000019930520 00000097a0ce1d18
0x00000097a0cdce00:   00007ffe1ad8c3a8 00007ffe1abf0000
0x00000097a0cdce10:   0000cd7f2355d46f 00000097a0cde228
0x00000097a0cdce20:   0000000000000004 00007ffe5b844685
0x00000097a0cdce30:   0000000000000000 0000025655886ac0
0x00000097a0cdce40:   00000097a0cdcef0 00000097a0cdd460
0x00000097a0cdce50:   00000097a0cddc00 00007ffe5b84470d
0x00000097a0cdce60:   00000097a0cdf3b0 00000097a0cdcef0
0x00000097a0cdce70:   0000fd2f8dd81a63 000002560e415ab8
0x00000097a0cdce80:   00000097a0cdf3b0 00007ffe5b841f74
0x00000097a0cdce90:   00007ffe1ab3f900 00000097a0cde228
0x00000097a0cdcea0:   0000000000000100 00000097a0cdce58 

Instructions: (pc=0x00007ffe5da74fd9)
0x00007ffe5da74fb9:   8b d1 44 0f 47 c0 44 89 44 24 38 49 c1 e0 03 e8
0x00007ffe5da74fc9:   da 1c 06 00 48 8d 4c 24 20 48 ff 15 57 e1 18 00
0x00007ffe5da74fd9:   0f 1f 44 00 00 48 8b 8c 24 c0 00 00 00 48 33 cc
0x00007ffe5da74fe9:   e8 52 96 05 00 48 81 c4 d8 00 00 00 c3 cc 83 64 


Register to memory mapping:

RAX=0x0000000000000000 is an unknown value
RBX=0x00000097a0cdf3b0 is pointing into the stack for thread: 0x0000025661e12000
RCX=0x0000000000000000 is an unknown value
RDX=0x0000000000000000 is an unknown value
RSP=0x00000097a0cdcdb0 is pointing into the stack for thread: 0x0000025661e12000
RBP=0x00000097a0cdd460 is pointing into the stack for thread: 0x0000025661e12000
RSI=0x00000097a0cdcef0 is pointing into the stack for thread: 0x0000025661e12000
RDI=0x00000097a0cddc00 is pointing into the stack for thread: 0x0000025661e12000
R8 =0x0000025661e32310 is an unknown value
R9 =0x0000000000000009 is an unknown value
R10=0x000000006f77a490 is an unknown value
R11=0x0000000000000030 is an unknown value
R12=0x00000097a0cde228 is pointing into the stack for thread: 0x0000025661e12000
R13=0x00007ffe1ab3f900 is an unknown value
R14=0x0000000000000000 is an unknown value
R15=0x0000000000000000 is an unknown value


Stack: [0x000000979cd00000,0x00000097a0d00000],  sp=0x00000097a0cdcdb0,  free space=65395k
Native frames: (J=compiled Java code, j=interpreted, Vv=VM code, C=native code)
C  [KERNELBASE.dll+0x34fd9]
C  [VCRUNTIME140.dll+0x1f74]
C  [ntdll.dll+0xa1426]
C  0x00007ffe1aad7a3f
C  0x00007ffe1aaa7c42
C  0x00007ffe1aaa7421
C  0x00007ffe1aaa9313
C  [libmwservices.dll+0x29f923]
C  [libmwservices.dll+0x2a0f10]
C  [libmwservices.dll+0x2a1c0e]
C  0x00007ffe12ae3e2a
C  0x0000025661f09f2e

Java frames: (J=compiled Java code, j=interpreted, Vv=VM code)
j  com.mathworks.jmi.NativeMatlab.ProcessPendingEvents()Z+0
j  com.mathworks.jmi.NativeMatlab.processPendingEvents()Z+8
j  com.mathworks.jmi.Matlab$ProcessPendingEvents.callBooleanMethod(Ljava/lang/Object;)Z+0
j  com.mathworks.util.FactoryUtils.processPendingEvents()Z+12
j  com.mathworks.widgets.desk.Desktop.canClose()Z+38
j  com.mathworks.mde.desk.MLDesktop.canClose()Z+296
j  com.mathworks.mde.desk.MLDesktop$2.call()Ljava/lang/Boolean;+4
j  com.mathworks.mde.desk.MLDesktop$2.call()Ljava/lang/Object;+1
j  com.mathworks.jmi.Matlab.runPredicates(Ljava/util/List;Z)Z+59
j  com.mathworks.jmi.Matlab.isOkToExit()Z+4
v  ~StubRoutines::call_stub
j  com.mathworks.jmi.NativeMatlab.SendMatlabMessage(Ljava/lang/Object;)Ljava/lang/Object;+0
j  com.mathworks.jmi.NativeMatlab.sendMatlabMessage(Ljava/lang/Object;)Ljava/lang/Object;+22
j  com.mathworks.jmi.MatlabLooper.sendMatlabMessage(Lcom/mathworks/services/message/MWMessage;)Ljava/lang/Object;+20
j  com.mathworks.jmi.Matlab.mtFevalConsoleOutput(Ljava/lang/String;[Ljava/lang/Object;I)Ljava/lang/Object;+58
j  com.mathworks.toolbox.instrument.events.ActionQueue.run()V+130
v  ~StubRoutines::call_stub

---------------  P R O C E S S  ---------------

Java Threads: ( => current thread )
  0x000002567a8cb800 JavaThread "Installation Observer" daemon [_thread_blocked, id=9632, stack(0x00000097acc00000,0x00000097acd00000)]
  0x000002567832c800 JavaThread "Keep-Alive-SocketCleaner" daemon [_thread_blocked, id=12264, stack(0x00000097aa600000,0x00000097aa700000)]
  0x000002567a8c7800 JavaThread "com.mathworks.addons_common.notificationframework.InstalledFolderRegistryObservers" daemon [_thread_blocked, id=4052, stack(0x00000097ab900000,0x00000097aba00000)]
  0x00000256793d8000 JavaThread "com.mathworks.addons_common.notificationframework.InstalledAddOnsCache" daemon [_thread_blocked, id=8476, stack(0x00000097a9e00000,0x00000097a9f00000)]
  0x00000256793d9000 JavaThread "TimerQueue" daemon [_thread_blocked, id=3584, stack(0x00000097a9400000,0x00000097a9500000)]
  0x00000256793dc000 JavaThread "AWT-EventQueue-0-SharedResourceRunner" daemon [_thread_blocked, id=11148, stack(0x00000097a9000000,0x00000097a9100000)]
  0x00000256793d9800 JavaThread "Thread-3" daemon [_thread_blocked, id=10436, stack(0x00000097a8500000,0x00000097a8600000)]
  0x000002567b913800 JavaThread "AWT-EventQueue-0" [_thread_blocked, id=11700, stack(0x00000097a8300000,0x00000097a8400000)]
  0x000002567b918000 JavaThread "AWT-Shutdown" [_thread_blocked, id=11800, stack(0x00000097a7f00000,0x00000097a8000000)]
  0x000002567b6af800 JavaThread "EventMgr Dispatcher" daemon [_thread_in_native, id=4152, stack(0x00000097a8200000,0x00000097a8300000)]
  0x000002567a913000 JavaThread "AWT-Windows" daemon [_thread_in_native, id=9148, stack(0x00000097a8000000,0x00000097a8100000)]
  0x000002567aff1800 JavaThread "Java2D Disposer" daemon [_thread_blocked, id=9540, stack(0x00000097a7e00000,0x00000097a7f00000)]
  0x000002567aa09000 JavaThread "Settings Releaser" daemon [_thread_blocked, id=3340, stack(0x00000097a7d00000,0x00000097a7e00000)]
  0x000002567a549000 JavaThread "EventMgr Dispatcher" daemon [_thread_in_native, id=10152, stack(0x00000097a7c00000,0x00000097a7d00000)]
  0x0000025676d66800 JavaThread "Service Thread" daemon [_thread_blocked, id=8968, stack(0x00000097a7900000,0x00000097a7a00000)]
  0x0000025676c8c800 JavaThread "C1 CompilerThread11" daemon [_thread_blocked, id=7772, stack(0x00000097a7800000,0x00000097a7900000)]
  0x0000025676c86000 JavaThread "C1 CompilerThread10" daemon [_thread_blocked, id=7784, stack(0x00000097a7700000,0x00000097a7800000)]
  0x0000025676c85000 JavaThread "C1 CompilerThread9" daemon [_thread_blocked, id=6804, stack(0x00000097a7600000,0x00000097a7700000)]
  0x0000025676c81800 JavaThread "C1 CompilerThread8" daemon [_thread_blocked, id=7108, stack(0x00000097a7500000,0x00000097a7600000)]
  0x0000025676c80800 JavaThread "C2 CompilerThread7" daemon [_thread_blocked, id=1548, stack(0x00000097a7400000,0x00000097a7500000)]
  0x00000256754fe800 JavaThread "C2 CompilerThread6" daemon [_thread_blocked, id=2972, stack(0x00000097a7300000,0x00000097a7400000)]
  0x00000256754fa000 JavaThread "C2 CompilerThread5" daemon [_thread_blocked, id=9608, stack(0x00000097a7200000,0x00000097a7300000)]
  0x00000256754f9000 JavaThread "C2 CompilerThread4" daemon [_thread_blocked, id=11912, stack(0x00000097a7100000,0x00000097a7200000)]
  0x00000256754f6800 JavaThread "C2 CompilerThread3" daemon [_thread_blocked, id=1624, stack(0x00000097a7000000,0x00000097a7100000)]
  0x00000256754f5800 JavaThread "C2 CompilerThread2" daemon [_thread_blocked, id=11364, stack(0x00000097a6f00000,0x00000097a7000000)]
  0x00000256754f5000 JavaThread "C2 CompilerThread1" daemon [_thread_blocked, id=4400, stack(0x00000097a6e00000,0x00000097a6f00000)]
  0x00000256754f0800 JavaThread "C2 CompilerThread0" daemon [_thread_blocked, id=6528, stack(0x00000097a6d00000,0x00000097a6e00000)]
  0x00000256754ee000 JavaThread "Attach Listener" daemon [_thread_blocked, id=9816, stack(0x00000097a6c00000,0x00000097a6d00000)]
  0x00000256754ea000 JavaThread "Finalizer" daemon [_thread_blocked, id=11292, stack(0x00000097a6b00000,0x00000097a6c00000)]
  0x00000256754e1000 JavaThread "Reference Handler" daemon [_thread_blocked, id=4708, stack(0x00000097a6a00000,0x00000097a6b00000)]
=>0x0000025661e12000 JavaThread "main" [_thread_in_native, id=5108, stack(0x000000979cd00000,0x00000097a0d00000)]

Other Threads:
  0x00000256754bb800 VMThread [stack: 0x00000097a6900000,0x00000097a6a00000] [id=7348]
  0x0000025676e08000 WatcherThread [stack: 0x00000097a7a00000,0x00000097a7b00000] [id=616]

VM state:not at safepoint (normal execution)

VM Mutex/Monitor currently owned by a thread: None

heap address: 0x00000000a0000000, size: 1536 MB, Compressed Oops mode: 32-bit
Narrow klass base: 0x0000000000000000, Narrow klass shift: 3
Compressed class space size: 1073741824 Address: 0x0000000100000000

Heap:
 PSYoungGen      total 43520K, used 17384K [0x00000000e8000000, 0x00000000ecf00000, 0x0000000100000000)
  eden space 43008K, 40% used [0x00000000e8000000,0x00000000e90d2138,0x00000000eaa00000)
  from space 512K, 31% used [0x00000000ece80000,0x00000000ecea8000,0x00000000ecf00000)
  to   space 512K, 0% used [0x00000000ece00000,0x00000000ece00000,0x00000000ece80000)
 ParOldGen       total 50176K, used 42276K [0x00000000a0000000, 0x00000000a3100000, 0x00000000e8000000)
  object space 50176K, 84% used [0x00000000a0000000,0x00000000a29491a8,0x00000000a3100000)
 Metaspace       used 49332K, capacity 49834K, committed 50176K, reserved 1093632K
  class space    used 6445K, capacity 6590K, committed 6656K, reserved 1048576K

Card table byte_map: [0x00000256712b0000,0x00000256715c0000] byte_map_base: 0x0000025670db0000

Marking Bits: (ParMarkBitMap*) 0x000000006f785ce0
 Begin Bits: [0x0000025671800000, 0x0000025673000000)
 End Bits:   [0x0000025673000000, 0x0000025674800000)

Polling page: 0x0000025656270000

CodeCache: size=245760Kb used=17574Kb max_used=18904Kb free=228185Kb
 bounds [0x0000025661ef0000, 0x00000256631b0000, 0x0000025670ef0000]
 total_blobs=5915 nmethods=4899 adapters=925
 compilation: enabled

Compilation events (10 events):
Event: 17488.672 Thread 0x0000025676c85000 6145       1       com.mathworks.util.MutableInt::getValue (5 bytes)
Event: 17488.672 Thread 0x0000025676c85000 nmethod 6145 0x00000256630b85d0 code [0x00000256630b8720, 0x00000256630b8838]
Event: 17488.674 Thread 0x0000025676c8c800 6146       3       java.lang.reflect.Method::setMethodAccessor (21 bytes)
Event: 17488.674 Thread 0x0000025676c85000 6147       1       java.lang.reflect.Method::getMethodAccessor (5 bytes)
Event: 17488.674 Thread 0x0000025676c85000 nmethod 6147 0x0000025662692d50 code [0x0000025662692ea0, 0x0000025662692fb8]
Event: 17488.674 Thread 0x0000025676c8c800 nmethod 6146 0x0000025662274610 code [0x0000025662274780, 0x0000025662274b30]
Event: 17490.327 Thread 0x00000256754f5800 6148   !   4       com.mathworks.util.QueueEvent$QueueTarget::processEvent (44 bytes)
Event: 17490.329 Thread 0x00000256754f5800 nmethod 6148 0x000002566251b1d0 code [0x000002566251b320, 0x000002566251b428]
Event: 17490.850 Thread 0x0000025676c81800 6149       3       java.awt.Component::dispatchEventImpl (921 bytes)
Event: 17490.854 Thread 0x0000025676c81800 nmethod 6149 0x0000025662a424d0 code [0x0000025662a42f40, 0x0000025662a4bcc0]

GC Heap History (10 events):
Event: 15356.878 GC heap before
{Heap before GC invocations=1580 (full 2):
 PSYoungGen      total 51200K, used 50880K [0x00000000e8000000, 0x00000000ecf00000, 0x0000000100000000)
  eden space 50688K, 100% used [0x00000000e8000000,0x00000000eb180000,0x00000000eb180000)
  from space 512K, 37% used [0x00000000ece00000,0x00000000ece30000,0x00000000ece80000)
  to   space 512K, 0% used [0x00000000ece80000,0x00000000ece80000,0x00000000ecf00000)
 ParOldGen       total 50176K, used 42268K [0x00000000a0000000, 0x00000000a3100000, 0x00000000e8000000)
  object space 50176K, 84% used [0x00000000a0000000,0x00000000a29471a8,0x00000000a3100000)
 Metaspace       used 48839K, capacity 49322K, committed 49536K, reserved 1091584K
  class space    used 6298K, capacity 6462K, committed 6528K, reserved 1048576K
Event: 15356.879 GC heap after
Heap after GC invocations=1580 (full 2):
 PSYoungGen      total 49664K, used 160K [0x00000000e8000000, 0x00000000ecf00000, 0x0000000100000000)
  eden space 49152K, 0% used [0x00000000e8000000,0x00000000e8000000,0x00000000eb000000)
  from space 512K, 31% used [0x00000000ece80000,0x00000000ecea8000,0x00000000ecf00000)
  to   space 512K, 0% used [0x00000000ece00000,0x00000000ece00000,0x00000000ece80000)
 ParOldGen       total 50176K, used 42268K [0x00000000a0000000, 0x00000000a3100000, 0x00000000e8000000)
  object space 50176K, 84% used [0x00000000a0000000,0x00000000a29471a8,0x00000000a3100000)
 Metaspace       used 48839K, capacity 49322K, committed 49536K, reserved 1091584K
  class space    used 6298K, capacity 6462K, committed 6528K, reserved 1048576K
}
Event: 15377.025 GC heap before
{Heap before GC invocations=1581 (full 2):
 PSYoungGen      total 49664K, used 49312K [0x00000000e8000000, 0x00000000ecf00000, 0x0000000100000000)
  eden space 49152K, 100% used [0x00000000e8000000,0x00000000eb000000,0x00000000eb000000)
  from space 512K, 31% used [0x00000000ece80000,0x00000000ecea8000,0x00000000ecf00000)
  to   space 512K, 0% used [0x00000000ece00000,0x00000000ece00000,0x00000000ece80000)
 ParOldGen       total 50176K, used 42268K [0x00000000a0000000, 0x00000000a3100000, 0x00000000e8000000)
  object space 50176K, 84% used [0x00000000a0000000,0x00000000a29471a8,0x00000000a3100000)
 Metaspace       used 48840K, capacity 49322K, committed 49536K, reserved 1091584K
  class space    used 6298K, capacity 6462K, committed 6528K, reserved 1048576K
Event: 15377.026 GC heap after
Heap after GC invocations=1581 (full 2):
 PSYoungGen      total 48128K, used 192K [0x00000000e8000000, 0x00000000ecf00000, 0x0000000100000000)
  eden space 47616K, 0% used [0x00000000e8000000,0x00000000e8000000,0x00000000eae80000)
  from space 512K, 37% used [0x00000000ece00000,0x00000000ece30000,0x00000000ece80000)
  to   space 512K, 0% used [0x00000000ece80000,0x00000000ece80000,0x00000000ecf00000)
 ParOldGen       total 50176K, used 42276K [0x00000000a0000000, 0x00000000a3100000, 0x00000000e8000000)
  object space 50176K, 84% used [0x00000000a0000000,0x00000000a29491a8,0x00000000a3100000)
 Metaspace       used 48840K, capacity 49322K, committed 49536K, reserved 1091584K
  class space    used 6298K, capacity 6462K, committed 6528K, reserved 1048576K
}
Event: 15396.199 GC heap before
{Heap before GC invocations=1582 (full 2):
 PSYoungGen      total 48128K, used 47808K [0x00000000e8000000, 0x00000000ecf00000, 0x0000000100000000)
  eden space 47616K, 100% used [0x00000000e8000000,0x00000000eae80000,0x00000000eae80000)
  from space 512K, 37% used [0x00000000ece00000,0x00000000ece30000,0x00000000ece80000)
  to   space 512K, 0% used [0x00000000ece80000,0x00000000ece80000,0x00000000ecf00000)
 ParOldGen       total 50176K, used 42276K [0x00000000a0000000, 0x00000000a3100000, 0x00000000e8000000)
  object space 50176K, 84% used [0x00000000a0000000,0x00000000a29491a8,0x00000000a3100000)
 Metaspace       used 48840K, capacity 49322K, committed 49536K, reserved 1091584K
  class space    used 6298K, capacity 6462K, committed 6528K, reserved 1048576K
Event: 15396.201 GC heap after
Heap after GC invocations=1582 (full 2):
 PSYoungGen      total 46592K, used 192K [0x00000000e8000000, 0x00000000ecf00000, 0x0000000100000000)
  eden space 46080K, 0% used [0x00000000e8000000,0x00000000e8000000,0x00000000ead00000)
  from space 512K, 37% used [0x00000000ece80000,0x00000000eceb0000,0x00000000ecf00000)
  to   space 512K, 0% used [0x00000000ece00000,0x00000000ece00000,0x00000000ece80000)
 ParOldGen       total 50176K, used 42276K [0x00000000a0000000, 0x00000000a3100000, 0x00000000e8000000)
  object space 50176K, 84% used [0x00000000a0000000,0x00000000a29491a8,0x00000000a3100000)
 Metaspace       used 48840K, capacity 49322K, committed 49536K, reserved 1091584K
  class space    used 6298K, capacity 6462K, committed 6528K, reserved 1048576K
}
Event: 15779.485 GC heap before
{Heap before GC invocations=1583 (full 2):
 PSYoungGen      total 46592K, used 46272K [0x00000000e8000000, 0x00000000ecf00000, 0x0000000100000000)
  eden space 46080K, 100% used [0x00000000e8000000,0x00000000ead00000,0x00000000ead00000)
  from space 512K, 37% used [0x00000000ece80000,0x00000000eceb0000,0x00000000ecf00000)
  to   space 512K, 0% used [0x00000000ece00000,0x00000000ece00000,0x00000000ece80000)
 ParOldGen       total 50176K, used 42276K [0x00000000a0000000, 0x00000000a3100000, 0x00000000e8000000)
  object space 50176K, 84% used [0x00000000a0000000,0x00000000a29491a8,0x00000000a3100000)
 Metaspace       used 48840K, capacity 49322K, committed 49536K, reserved 1091584K
  class space    used 6298K, capacity 6462K, committed 6528K, reserved 1048576K
Event: 15779.487 GC heap after
Heap after GC invocations=1583 (full 2):
 PSYoungGen      total 45056K, used 192K [0x00000000e8000000, 0x00000000ecf00000, 0x0000000100000000)
  eden space 44544K, 0% used [0x00000000e8000000,0x00000000e8000000,0x00000000eab80000)
  from space 512K, 37% used [0x00000000ece00000,0x00000000ece30000,0x00000000ece80000)
  to   space 512K, 0% used [0x00000000ece80000,0x00000000ece80000,0x00000000ecf00000)
 ParOldGen       total 50176K, used 42276K [0x00000000a0000000, 0x00000000a3100000, 0x00000000e8000000)
  object space 50176K, 84% used [0x00000000a0000000,0x00000000a29491a8,0x00000000a3100000)
 Metaspace       used 48840K, capacity 49322K, committed 49536K, reserved 1091584K
  class space    used 6298K, capacity 6462K, committed 6528K, reserved 1048576K
}
Event: 17284.624 GC heap before
{Heap before GC invocations=1584 (full 2):
 PSYoungGen      total 45056K, used 44736K [0x00000000e8000000, 0x00000000ecf00000, 0x0000000100000000)
  eden space 44544K, 100% used [0x00000000e8000000,0x00000000eab80000,0x00000000eab80000)
  from space 512K, 37% used [0x00000000ece00000,0x00000000ece30000,0x00000000ece80000)
  to   space 512K, 0% used [0x00000000ece80000,0x00000000ece80000,0x00000000ecf00000)
 ParOldGen       total 50176K, used 42276K [0x00000000a0000000, 0x00000000a3100000, 0x00000000e8000000)
  object space 50176K, 84% used [0x00000000a0000000,0x00000000a29491a8,0x00000000a3100000)
 Metaspace       used 48840K, capacity 49322K, committed 49536K, reserved 1091584K
  class space    used 6298K, capacity 6462K, committed 6528K, reserved 1048576K
Event: 17284.626 GC heap after
Heap after GC invocations=1584 (full 2):
 PSYoungGen      total 43520K, used 160K [0x00000000e8000000, 0x00000000ecf00000, 0x0000000100000000)
  eden space 43008K, 0% used [0x00000000e8000000,0x00000000e8000000,0x00000000eaa00000)
  from space 512K, 31% used [0x00000000ece80000,0x00000000ecea8000,0x00000000ecf00000)
  to   space 512K, 0% used [0x00000000ece00000,0x00000000ece00000,0x00000000ece80000)
 ParOldGen       total 50176K, used 42276K [0x00000000a0000000, 0x00000000a3100000, 0x00000000e8000000)
  object space 50176K, 84% used [0x00000000a0000000,0x00000000a29491a8,0x00000000a3100000)
 Metaspace       used 48840K, capacity 49322K, committed 49536K, reserved 1091584K
  class space    used 6298K, capacity 6462K, committed 6528K, reserved 1048576K
}

Deoptimization events (10 events):
Event: 17488.634 Thread 0x000002567a913000 Uncommon trap: reason=unstable_if action=reinterpret pc=0x0000025662b3ece4 method=sun.awt.AWTAutoShutdown.setToolkitBusy(Z)V @ 84
Event: 17488.659 Thread 0x0000025661e12000 Uncommon trap: reason=unstable_if action=reinterpret pc=0x000002566307a064 method=com.mathworks.hg.util.HGPeerQueue.add(Lcom/mathworks/hg/util/HGPeerRunnable;)V @ 301
Event: 17488.668 Thread 0x000002567b913800 Uncommon trap: reason=unstable_if action=reinterpret pc=0x00000256630d256c method=java.awt.AWTEventMulticaster.removeInternal(Ljava/util/EventListener;Ljava/util/EventListener;)Ljava/util/EventListener; @ 2
Event: 17488.672 Thread 0x0000025661e12000 Uncommon trap: reason=unstable_if action=reinterpret pc=0x00000256624da77c method=java.util.Hashtable.getIterator(I)Ljava/util/Iterator; @ 4
Event: 17488.672 Thread 0x000002567b913800 Uncommon trap: reason=unstable_if action=reinterpret pc=0x00000256628e6298 method=com.mathworks.hg.util.HGPeerQueue$HGPeerRunnablesRunner.runit(Z[I)V @ 143
Event: 17488.673 Thread 0x000002567b913800 Uncommon trap: reason=unstable_if action=reinterpret pc=0x0000025662c98954 method=javax.swing.SwingUtilities.getWindowAncestor(Ljava/awt/Component;)Ljava/awt/Window; @ 6
Event: 17488.673 Thread 0x000002567b913800 Uncommon trap: reason=unstable_if action=reinterpret pc=0x0000025662e4a9e0 method=com.mathworks.hg.util.HGPeerQueue$HGPeerRunnablesRunner.runit(Z[I)V @ 143
Event: 17488.673 Thread 0x000002567b913800 Uncommon trap: reason=unstable_if action=reinterpret pc=0x0000025662c335b8 method=com.mathworks.hg.peer.ui.UIContainerPeer.validateFigure()V @ 4
Event: 17488.673 Thread 0x000002567b913800 Uncommon trap: reason=unstable_if action=reinterpret pc=0x00000256630e2eb8 method=com.mathworks.hg.peer.ui.UIContainerPeer.validateFigure()V @ 4
Event: 17497.183 Thread 0x000002567ade3800 Uncommon trap: reason=unstable_if action=reinterpret pc=0x0000025662b3ffe4 method=com.mathworks.util.Timer$TimerThread.run()V @ 158

Classes redefined (0 events):
No events

Internal exceptions (10 events):
Event: 17496.390 Thread 0x000002567b913800 Exception <a 'java/net/SocketTimeoutException': Receive timed out> (0x00000000e86fd2d8) thrown at [C:\re\workspace\8-2-build-windows-amd64-cygwin\jdk8u202\12323\hotspot\src\share\vm\prims\jni.cpp, line 736]
Event: 17496.474 Thread 0x000002567b913800 Exception <a 'java/net/SocketTimeoutException': Receive timed out> (0x00000000e86fdbd8) thrown at [C:\re\workspace\8-2-build-windows-amd64-cygwin\jdk8u202\12323\hotspot\src\share\vm\prims\jni.cpp, line 736]
Event: 17496.558 Thread 0x000002567b913800 Exception <a 'java/net/SocketTimeoutException': Receive timed out> (0x00000000e86fe4d8) thrown at [C:\re\workspace\8-2-build-windows-amd64-cygwin\jdk8u202\12323\hotspot\src\share\vm\prims\jni.cpp, line 736]
Event: 17496.641 Thread 0x000002567b913800 Exception <a 'java/net/SocketTimeoutException': Receive timed out> (0x00000000e86fedd8) thrown at [C:\re\workspace\8-2-build-windows-amd64-cygwin\jdk8u202\12323\hotspot\src\share\vm\prims\jni.cpp, line 736]
Event: 17496.724 Thread 0x000002567b913800 Exception <a 'java/net/SocketTimeoutException': Receive timed out> (0x00000000e86ff6d8) thrown at [C:\re\workspace\8-2-build-windows-amd64-cygwin\jdk8u202\12323\hotspot\src\share\vm\prims\jni.cpp, line 736]
Event: 17496.808 Thread 0x000002567b913800 Exception <a 'java/net/SocketTimeoutException': Receive timed out> (0x00000000e87005b8) thrown at [C:\re\workspace\8-2-build-windows-amd64-cygwin\jdk8u202\12323\hotspot\src\share\vm\prims\jni.cpp, line 736]
Event: 17496.892 Thread 0x000002567b913800 Exception <a 'java/net/SocketTimeoutException': Receive timed out> (0x00000000e8700eb8) thrown at [C:\re\workspace\8-2-build-windows-amd64-cygwin\jdk8u202\12323\hotspot\src\share\vm\prims\jni.cpp, line 736]
Event: 17496.976 Thread 0x000002567b913800 Exception <a 'java/net/SocketTimeoutException': Receive timed out> (0x00000000e87017b8) thrown at [C:\re\workspace\8-2-build-windows-amd64-cygwin\jdk8u202\12323\hotspot\src\share\vm\prims\jni.cpp, line 736]
Event: 17497.060 Thread 0x000002567b913800 Exception <a 'java/net/SocketTimeoutException': Receive timed out> (0x00000000e87020b8) thrown at [C:\re\workspace\8-2-build-windows-amd64-cygwin\jdk8u202\12323\hotspot\src\share\vm\prims\jni.cpp, line 736]
Event: 17497.143 Thread 0x000002567b913800 Exception <a 'java/net/SocketTimeoutException': Receive timed out> (0x00000000e87029b8) thrown at [C:\re\workspace\8-2-build-windows-amd64-cygwin\jdk8u202\12323\hotspot\src\share\vm\prims\jni.cpp, line 736]

Events (10 events):
Event: 17497.182 loading class com/mathworks/widgets/BusyAffordance$1 done
Event: 17497.182 Thread 0x000002567a8ca000 Thread exited: 0x000002567a8ca000
Event: 17497.182 Executing VM operation: RevokeBias
Event: 17497.182 Executing VM operation: RevokeBias done
Event: 17497.182 loading class com/mathworks/util/Log$1
Event: 17497.182 loading class com/mathworks/util/Log$1 done
Event: 17497.183 Thread 0x000002567ade3800 Uncommon trap: trap_request=0xffffff65 fr.pc=0x0000025662b3ffe4
Event: 17497.183 Thread 0x000002567ade3800 DEOPT PACKING pc=0x0000025662b3ffe4 sp=0x00000097a84ff5e0
Event: 17497.183 Thread 0x000002567ade3800 DEOPT UNPACKING pc=0x0000025661f35843 sp=0x00000097a84ff580 mode 2
Event: 17497.183 Thread 0x000002567ade3800 Thread exited: 0x000002567ade3800


Dynamic libraries:
0x00007ff6353d0000 - 0x00007ff635403000 	C:\Program Files\MATLAB\R2020b\bin\win64\matlab.exe
0x00007ffe600f0000 - 0x00007ffe602e5000 	C:\WINDOWS\SYSTEM32\ntdll.dll
0x00007ffe5edb0000 - 0x00007ffe5ee6d000 	C:\WINDOWS\System32\KERNEL32.DLL
0x00007ffe5da40000 - 0x00007ffe5dd0d000 	C:\WINDOWS\System32\KERNELBASE.dll
0x00007ffe59a80000 - 0x00007ffe59b10000 	C:\WINDOWS\SYSTEM32\apphelp.dll
0x00007ffe5dd70000 - 0x00007ffe5de70000 	C:\WINDOWS\System32\ucrtbase.dll
0x00007ffe5b4f0000 - 0x00007ffe5b719000 	C:\Program Files\MATLAB\R2020b\bin\win64\libmwi18n.dll
0x00007ffe41fa0000 - 0x00007ffe423af000 	C:\Program Files\MATLAB\R2020b\bin\win64\mvm.dll
0x00007ffe1caf0000 - 0x00007ffe1d393000 	C:\Program Files\MATLAB\R2020b\bin\win64\mlutil.dll
0x00007ffe41750000 - 0x00007ffe41c10000 	C:\Program Files\MATLAB\R2020b\bin\win64\libmwservices.dll
0x00007ffe44a60000 - 0x00007ffe44d05000 	C:\Program Files\MATLAB\R2020b\bin\win64\libmwfl.dll
0x00007ffe5ee70000 - 0x00007ffe5ef1e000 	C:\WINDOWS\System32\ADVAPI32.dll
0x00007ffe5fe50000 - 0x00007ffe5feee000 	C:\WINDOWS\System32\msvcrt.dll
0x00007ffe5dd10000 - 0x00007ffe5dd37000 	C:\WINDOWS\System32\bcrypt.dll
0x00007ffe5f750000 - 0x00007ffe5f7bb000 	C:\WINDOWS\System32\WS2_32.dll
0x00007ffe5fbf0000 - 0x00007ffe5fd90000 	C:\WINDOWS\System32\USER32.dll
0x00007ffe5fa70000 - 0x00007ffe5fb0c000 	C:\WINDOWS\System32\sechost.dll
0x00007ffe5f7c0000 - 0x00007ffe5f8e5000 	C:\WINDOWS\System32\RPCRT4.dll
0x00007ffe5dd40000 - 0x00007ffe5dd62000 	C:\WINDOWS\System32\win32u.dll
0x00007ffe5b860000 - 0x00007ffe5b8fb000 	C:\Program Files\MATLAB\R2020b\bin\win64\MSVCP140.dll
0x00007ffe5e890000 - 0x00007ffe5e8ba000 	C:\WINDOWS\System32\GDI32.dll
0x00007ffe5e030000 - 0x00007ffe5e13b000 	C:\WINDOWS\System32\gdi32full.dll
0x00007ffe5b840000 - 0x00007ffe5b856000 	C:\Program Files\MATLAB\R2020b\bin\win64\VCRUNTIME140.dll
0x00007ffe571e0000 - 0x00007ffe571e9000 	C:\Program Files\MATLAB\R2020b\bin\win64\libmwresource_core.dll
0x00007ffe5df90000 - 0x00007ffe5e02d000 	C:\WINDOWS\System32\msvcp_win.dll
0x00007ffe5b820000 - 0x00007ffe5b834000 	C:\Program Files\MATLAB\R2020b\bin\win64\libmwcapabilities.dll
0x00007ffe41400000 - 0x00007ffe4174f000 	C:\Program Files\MATLAB\R2020b\bin\win64\libmwms.dll
0x00007ffe4b3e0000 - 0x00007ffe4b56f000 	C:\Program Files\MATLAB\R2020b\bin\win64\libmx.dll
0x00007ffe5e140000 - 0x00007ffe5e884000 	C:\WINDOWS\System32\SHELL32.dll
0x00007ffe4ba30000 - 0x00007ffe4bb06000 	C:\Program Files\MATLAB\R2020b\bin\win64\libut.dll
0x00007ffe5fef0000 - 0x00007ffe6001a000 	C:\WINDOWS\System32\ole32.dll
0x00007ffe41ce0000 - 0x00007ffe41e98000 	C:\Program Files\MATLAB\R2020b\bin\win64\libmwfoundation_matlabdata.dll
0x00007ffe5b0f0000 - 0x00007ffe5b131000 	C:\Program Files\MATLAB\R2020b\bin\win64\libmwfoundation_usm.dll
0x00007ffe5a6e0000 - 0x00007ffe5a6ee000 	C:\Program Files\MATLAB\R2020b\bin\win64\libmwmatlabdata_boost_serialization.dll
0x00007ffe5e8c0000 - 0x00007ffe5ec14000 	C:\WINDOWS\System32\combase.dll
0x00007ffe5a760000 - 0x00007ffe5a778000 	C:\Program Files\MATLAB\R2020b\bin\win64\libmwcpp11compat.dll
0x00007ffe44e50000 - 0x00007ffe44f01000 	C:\Program Files\MATLAB\R2020b\bin\win64\mwboost_log-vc141-mt-x64-1_70.dll
0x00007ffe5ef20000 - 0x00007ffe5efed000 	C:\WINDOWS\System32\OLEAUT32.dll
0x00007ffe5a560000 - 0x00007ffe5a5a1000 	C:\Program Files\MATLAB\R2020b\bin\win64\mwboost_serialization-vc141-mt-x64-1_70.dll
0x00007ffe571f0000 - 0x00007ffe5720c000 	C:\Program Files\MATLAB\R2020b\bin\win64\mwboost_thread-vc141-mt-x64-1_70.dll
0x00007ffe44de0000 - 0x00007ffe44e46000 	C:\Program Files\MATLAB\R2020b\bin\win64\tbb.dll
0x00007ffe5b7f0000 - 0x00007ffe5b81a000 	C:\Program Files\MATLAB\R2020b\bin\win64\libmwfoundation_filesystem.dll
0x00007ffe4c2f0000 - 0x00007ffe4c310000 	C:\Program Files\MATLAB\R2020b\bin\win64\mwboost_filesystem-vc141-mt-x64-1_70.dll
0x00007ffe56810000 - 0x00007ffe56822000 	C:\Program Files\MATLAB\R2020b\bin\win64\mwboost_date_time-vc141-mt-x64-1_70.dll
0x00007ffe4b160000 - 0x00007ffe4b188000 	C:\Program Files\MATLAB\R2020b\bin\win64\libexpat.dll
0x00007ffe1c890000 - 0x00007ffe1caed000 	C:\Program Files\MATLAB\R2020b\bin\win64\icuin64.dll
0x00007ffe2e510000 - 0x00007ffe2e6a1000 	C:\Program Files\MATLAB\R2020b\bin\win64\icuuc64.dll
0x00007ffe52a10000 - 0x00007ffe52a2f000 	C:\WINDOWS\SYSTEM32\MPR.dll
0x00007ffe5b140000 - 0x00007ffe5b2d7000 	C:\Program Files\MATLAB\R2020b\bin\win64\libmwmst.dll
0x00007ffe5b7b0000 - 0x00007ffe5b7e4000 	C:\Program Files\MATLAB\R2020b\bin\win64\libmwthreadpool.dll
0x00007ffe5b790000 - 0x00007ffe5b7ac000 	C:\Program Files\MATLAB\R2020b\bin\win64\libmwstartupplugin.dll
0x00007ffe4b190000 - 0x00007ffe4b28c000 	C:\Program Files\MATLAB\R2020b\bin\win64\libmwstartup_plugin_initializer.dll
0x00007ffe5a6f0000 - 0x00007ffe5a75a000 	C:\Program Files\MATLAB\R2020b\bin\win64\libmwlivecode.dll
0x00007ffe5b4e0000 - 0x00007ffe5b4ef000 	C:\Program Files\MATLAB\R2020b\bin\win64\libmvmtransportapi.dll
0x00007ffe505e0000 - 0x00007ffe5066b000 	C:\Program Files\MATLAB\R2020b\bin\win64\libmwcppmicroservices.dll
0x00007ffe506e0000 - 0x00007ffe50737000 	C:\Program Files\MATLAB\R2020b\bin\win64\libmwsearch_path_utilities.dll
0x00007ffe3fdb0000 - 0x00007ffe3ff1e000 	C:\Program Files\MATLAB\R2020b\bin\win64\matlab_toolbox_events.dll
0x00007ffe5df20000 - 0x00007ffe5df88000 	C:\WINDOWS\System32\WINTRUST.dll
0x00007ffe5ab30000 - 0x00007ffe5ad14000 	C:\WINDOWS\SYSTEM32\dbghelp.dll
0x00007ffe5d8e0000 - 0x00007ffe5da36000 	C:\WINDOWS\System32\CRYPT32.dll
0x00007ffe32f10000 - 0x00007ffe330b3000 	C:\Program Files\MATLAB\R2020b\bin\win64\libmwflstoragevfs.dll
0x00007ffe3da20000 - 0x00007ffe3dcba000 	C:\Program Files\MATLAB\R2020b\bin\win64\execution_events.dll
0x00007ffe4ed40000 - 0x00007ffe4edb0000 	C:\Program Files\MATLAB\R2020b\bin\win64\libmwcwf_interface.dll
0x00007ffe5a6d0000 - 0x00007ffe5a6de000 	C:\Program Files\MATLAB\R2020b\bin\win64\libmwmatlabstoragesystem.dll
0x00007ffe3e060000 - 0x00007ffe3e183000 	C:\Program Files\MATLAB\R2020b\bin\win64\libmwflstorageprovider.dll
0x00007ffe5a6c0000 - 0x00007ffe5a6cf000 	C:\Program Files\MATLAB\R2020b\bin\win64\libmwflstorageutility.dll
0x00007ffe5b4d0000 - 0x00007ffe5b4de000 	C:\Program Files\MATLAB\R2020b\bin\win64\mwboost_chrono-vc141-mt-x64-1_70.dll
0x00007ffe4c930000 - 0x00007ffe4c97c000 	C:\Program Files\MATLAB\R2020b\bin\win64\libmwrelease_info.dll
0x00007ffe27340000 - 0x00007ffe27890000 	C:\Program Files\MATLAB\R2020b\bin\win64\settingscore.dll
0x00007ffe4b380000 - 0x00007ffe4b3d5000 	C:\Program Files\MATLAB\R2020b\bin\win64\libmwsettings_in_matlab.dll
0x00007ffe41f10000 - 0x00007ffe41f9f000 	C:\Program Files\MATLAB\R2020b\bin\win64\opccore.dll
0x00007ffe30d50000 - 0x00007ffe30f0e000 	C:\Program Files\MATLAB\R2020b\bin\win64\opcmodel.dll
0x00007ffe4ca20000 - 0x00007ffe4ca5c000 	C:\Program Files\MATLAB\R2020b\bin\win64\opczippackage.dll
0x00007ffe4c320000 - 0x00007ffe4c35f000 	C:\Program Files\MATLAB\R2020b\bin\win64\string_matrix.dll
0x00007ffe4ec90000 - 0x00007ffe4eca8000 	C:\Program Files\MATLAB\R2020b\bin\win64\mwboost_iostreams-vc141-mt-x64-1_70.dll
0x00007ffe37ce0000 - 0x00007ffe37dd9000 	C:\Program Files\MATLAB\R2020b\bin\win64\mwboost_regex-vc141-mt-x64-1_70.dll
0x00007ffe32240000 - 0x00007ffe3236f000 	C:\Program Files\MATLAB\R2020b\bin\win64\CppMicroServices3.dll
0x00007ffe5fd90000 - 0x00007ffe5fde5000 	C:\WINDOWS\System32\SHLWAPI.dll
0x00007ffe5d670000 - 0x00007ffe5d6bb000 	C:\WINDOWS\SYSTEM32\POWRPROF.dll
0x00007ffe44900000 - 0x00007ffe44937000 	C:\Program Files\MATLAB\R2020b\bin\win64\libmwmfl_permute.dll
0x00007ffe44dc0000 - 0x00007ffe44dd2000 	C:\Program Files\MATLAB\R2020b\bin\win64\libmwindexingapimethods.dll
0x00007ffe41c80000 - 0x00007ffe41cdf000 	C:\Program Files\MATLAB\R2020b\bin\win64\tbbmalloc.dll
0x000000006f810000 - 0x000000006f82a000 	C:\Program Files\MATLAB\R2020b\bin\win64\zlib1.dll
0x00007ffe529e0000 - 0x00007ffe529ed000 	C:\Program Files\MATLAB\R2020b\bin\win64\libmwflstrings.dll
0x00007ffe4c060000 - 0x00007ffe4c071000 	C:\Program Files\MATLAB\R2020b\bin\win64\icuio64.dll
0x00007ffe51910000 - 0x00007ffe5191c000 	C:\WINDOWS\SYSTEM32\Secur32.dll
0x00007ffe44a20000 - 0x00007ffe44a60000 	C:\Program Files\MATLAB\R2020b\bin\win64\libmwmsr.dll
0x00007ffe5cef0000 - 0x00007ffe5cf5a000 	C:\WINDOWS\SYSTEM32\MSWSOCK.dll
0x00007ffe3d970000 - 0x00007ffe3da12000 	C:\Program Files\MATLAB\R2020b\bin\win64\opcmwservices.dll
0x00007ffe1c570000 - 0x00007ffe1c88a000 	C:\Program Files\MATLAB\R2020b\bin\win64\xerces-c_3_2.dll
0x00007ffe41c60000 - 0x00007ffe41c79000 	C:\Program Files\MATLAB\R2020b\bin\win64\libmwsearch_path_interfaces.dll
0x00007ffe3b010000 - 0x00007ffe3b0b6000 	C:\Program Files\MATLAB\R2020b\bin\win64\libmwstoragefilefolderobserver.dll
0x00007ffe1c2c0000 - 0x00007ffe1c570000 	C:\Program Files\MATLAB\R2020b\bin\win64\libmwflnetwork.dll
0x00007ffe41c40000 - 0x00007ffe41c5e000 	C:\Program Files\MATLAB\R2020b\bin\win64\libmwflstorageevents.dll
0x00007ffe413a0000 - 0x00007ffe413f5000 	C:\Program Files\MATLAB\R2020b\bin\win64\libmwfoundation_json.dll
0x00007ffe3f9a0000 - 0x00007ffe3fa20000 	C:\Program Files\MATLAB\R2020b\bin\win64\xmlcore.dll
0x00007ffe30c50000 - 0x00007ffe30d43000 	C:\Program Files\MATLAB\R2020b\bin\win64\libmwfoundation_matlabdata_standalone.dll
0x00007ffe2e960000 - 0x00007ffe2ea75000 	C:\Program Files\MATLAB\R2020b\bin\win64\libmwfoundation_matlabdata_json.dll
0x00007ffe3aca0000 - 0x00007ffe3ad89000 	C:\Program Files\MATLAB\R2020b\bin\win64\libmwsearch_path_events.dll
0x00007ffe41370000 - 0x00007ffe41399000 	C:\Program Files\MATLAB\R2020b\bin\win64\libmwnativedialogs.dll
0x00007ffe3e5e0000 - 0x00007ffe3e632000 	C:\Program Files\MATLAB\R2020b\bin\win64\libmwflcrypto.dll
0x00007ffe3fd70000 - 0x00007ffe3fdb0000 	C:\Program Files\MATLAB\R2020b\bin\win64\libmwflcryptoutils.dll
0x00007ffe1b5f0000 - 0x00007ffe1b80f000 	C:\Program Files\MATLAB\R2020b\bin\win64\libmwflcryptocryptopp.dll
0x00007ffe3e400000 - 0x00007ffe3e457000 	C:\Program Files\MATLAB\R2020b\bin\win64\libmwflcertificates.dll
0x00007ffe3ff70000 - 0x00007ffe3ff81000 	C:\Program Files\MATLAB\R2020b\bin\win64\libminizip.dll
0x00007ffe38270000 - 0x00007ffe382fb000 	C:\Program Files\MATLAB\R2020b\bin\win64\mcos.dll
0x00007ffe5cbe0000 - 0x00007ffe5cc1b000 	C:\WINDOWS\SYSTEM32\IPHLPAPI.DLL
0x00007ffe3f980000 - 0x00007ffe3f996000 	C:\Program Files\MATLAB\R2020b\bin\win64\libmwdtoa.dll
0x00007ffe52660000 - 0x00007ffe5266e000 	C:\Program Files\MATLAB\R2020b\bin\win64\libmwfoundation_matlabjson_frontend.dll
0x00007ffe3e3e0000 - 0x00007ffe3e400000 	C:\Program Files\MATLAB\R2020b\bin\win64\libmwmodule_descriptor_interfaces.dll
0x00007ffe1aed0000 - 0x00007ffe1b18f000 	C:\Program Files\MATLAB\R2020b\bin\win64\libcrypto-1_1-x64.dll
0x00007ffe37ee0000 - 0x00007ffe37f8c000 	C:\Program Files\MATLAB\R2020b\bin\win64\libssl-1_1-x64.dll
0x00007ffe5d6f0000 - 0x00007ffe5d722000 	C:\WINDOWS\SYSTEM32\SSPICLI.DLL
0x00000256501b0000 - 0x0000025651bf4000 	C:\Program Files\MATLAB\R2020b\bin\win64\icudt64.dll
0x00007ffe5d650000 - 0x00007ffe5d662000 	C:\WINDOWS\SYSTEM32\UMPDC.dll
0x00007ffe5fb10000 - 0x00007ffe5fb40000 	C:\WINDOWS\System32\IMM32.DLL
0x00007ffe5d320000 - 0x00007ffe5d332000 	C:\WINDOWS\SYSTEM32\MSASN1.dll
0x00007ffe5d100000 - 0x00007ffe5d10c000 	C:\WINDOWS\SYSTEM32\CRYPTBASE.DLL
0x00007ffe5d800000 - 0x00007ffe5d882000 	C:\WINDOWS\System32\bcryptPrimitives.dll
0x00007ffe37b30000 - 0x00007ffe37bd3000 	C:\Program Files\MATLAB\R2020b\bin\win64\DeclarativeServices1.dll
0x00007ffe506d0000 - 0x00007ffe506d9000 	C:\Program Files\MATLAB\R2020b\bin\win64\usLogService.dll
0x00007ffe3e040000 - 0x00007ffe3e053000 	C:\Program Files\MATLAB\R2020b\bin\win64\usServiceComponent.dll
0x00007ffe3bf70000 - 0x00007ffe3bf8b000 	C:\Program Files\MATLAB\R2020b\bin\win64\cppmicroservices_compendium\foundation\cppmicroservices\logserviceimpl\mwLogServiceImpl.dll
0x00007ffe3bf50000 - 0x00007ffe3bf6c000 	C:\Program Files\MATLAB\R2020b\bin\win64\matlab_startup_plugins\connector\openssl_initializer\libmwconnectoropensslinitializer.dll
0x00007ffe27250000 - 0x00007ffe2733d000 	C:\Program Files\MATLAB\R2020b\bin\win64\PocoNet64.dll
0x00007ffe3b8a0000 - 0x00007ffe3b8da000 	C:\Program Files\MATLAB\R2020b\bin\win64\PocoNetSSL64.dll
0x00007ffe1b480000 - 0x00007ffe1b5ea000 	C:\Program Files\MATLAB\R2020b\bin\win64\PocoFoundation64.dll
0x00007ffe3afe0000 - 0x00007ffe3b010000 	C:\Program Files\MATLAB\R2020b\bin\win64\PocoCrypto64.dll

VM Arguments:
jvm_args: -Xms64m -XX:NewRatio=3 -Xmx1536m -XX:MaxDirectMemorySize=2147400000 -Dsun.java2d.noddraw=true -Dsun.awt.nopixfmt=true -Xshare:off -Djava.ext.dirs=C:\Program Files\MATLAB\R2020b\sys\java\jre\win64\jre\lib\ext -Djogamp.gluegen.UseTempJarCache=false -Djogl.disable.opengles=1 -Djogl.windows.cpu_affinity_mode=0 -Xrs -Djava.library.path=C:\Program Files\MATLAB\R2020b\bin\win64;C:\Program Files\MATLAB\R2020b\sys\jxbrowser\win64\lib vfprintf -XX:ErrorFile=C:\Users\EXPERI~1\AppData\Local\Temp\hs_error_pid8960.log abort -Duser.language=en -Duser.country=GB -Dfile.encoding=Cp1252 -XX:ParallelGCThreads=6 
java_command: <unknown>
java_class_path (initial): C:\Program Files\MATLAB\R2020b\java\patch;C:\Program Files\MATLAB\R2020b\java\jar\jmi.jar;C:\Program Files\MATLAB\R2020b\java\jar\util.jar;C:\Program Files\MATLAB\R2020b\java\jar\mvm.jar;C:\Program Files\MATLAB\R2020b\java\jar\services.jar;C:\Program Files\MATLAB\R2020b\java\jarext\commons-io.jar;C:\Program Files\MATLAB\R2020b\java\jar\cfbutils.jar;C:\Program Files\MATLAB\R2020b\java\jar\capabilities.jar;C:\Program Files\MATLAB\R2020b\java\jar\mlwidgets.jar;C:\Program Files\MATLAB\R2020b\java\jar\html.jar;C:\Program Files\MATLAB\R2020b\java\jar\net.jar;C:\Program Files\MATLAB\R2020b\java\jar\ddux_api.jar;C:\Program Files\MATLAB\R2020b\java\jarext\log4j.jar;C:\Program Files\MATLAB\R2020b\java\jar\mwswing.jar;C:\Program Files\MATLAB\R2020b\java\jar\common.jar;C:\Program Files\MATLAB\R2020b\java\jarext\google-collect.jar;C:\Program Files\MATLAB\R2020b\java\jarext\commons-lang.jar;C:\Program Files\MATLAB\R2020b\java\jarext\jide\jide-common.jar;C:\Program Files\MATLAB\R2020b\java\jarext\jide\jide-dock.jar;C:\Program Files\MATLAB\R2020b\java\jarext\jide\jide-action.jar;C:\Program Files\MATLAB\R2020b\java\jarext\jide\jide-components.jar;C:\Program Files\MATLAB\R2020b\java\jarext\jide\jide-grids.jar;C:\Program Files\MATLAB\R2020b\java\jarext\jide\jide-dialogs.jar;C:\Program Files\MATLAB\R2020b\java\jarext\jide\jide-shortcut.jar;C:\Program Files\MATLAB\R2020b\java\jarext\jide\jide-charts.jar;C:\Program Files\MATLAB\R2020b\java\jar\toolstrip.jar;C:\Program Files\MATLAB\R2020b\java\jar\mlservices.jar;C:\Program Files\MATLAB\R2020b\java\jar\widgets.jar;C:\Program Files\MATLAB\R2020b\java\jar\mde.jar;C:\Program Files\MATLAB\R2020b\java\jar\explorer.jar;C:\Program Files\MATLAB\R2020b\java\jar\explorer_api.jar;C:\Program Files\MATLAB\R2020b\java\jar\desktop.jar;C:\Program Files\MATLAB\R2020b\java\jar\addons.jar;C:\Program Files\MATLAB\R2020b\java\jar\addons_common.jar;C:\Program Files\MATLAB\R2020b\java\jarext\connector_api\msscommon\msscommon.jar;C:\P
Launcher Type: generic

Environment Variables:
PATH=C:\Program Files\MATLAB\R2020b\toolbox\imaq\imaqextern\drivers\win64\genicam\GenICam_V3_1_0\bin\Win64_x64;C:\Program Files\MATLAB\R2020b\bin\win64;C:\WINDOWS\system32;C:\WINDOWS;C:\WINDOWS\System32\Wbem;C:\WINDOWS\System32\WindowsPowerShell\v1.0\;C:\WINDOWS\System32\OpenSSH\;C:\Program Files\MATLAB\R2020b\bin;C:\Program Files\SlikSvn\bin;C:\Program Files\Git\cmd;C:\Program Files\Point Grey Research\Spinnaker\bin64\vs2015;C:\Program Files\Point Grey Research\Spinnaker\bin\vs2015;C:\Program Files\Point Grey Research\FlyCap2 Viewer\bin64;%FC2PATH\vs2013;C:\Program Files\Point Grey Research\FlyCap2 Viewer\bin64\vs2015;C:\Users\Experiment\AppData\Local\Microsoft\WindowsApps;C:\Users\Experiment\anaconda3\condabin;C:\Users\Experiment\anaconda3\Scripts;
USERNAME=Experiment
OS=Windows_NT
PROCESSOR_IDENTIFIER=Intel64 Family 6 Model 165 Stepping 5, GenuineIntel



---------------  S Y S T E M  ---------------

OS: Windows 10.0 , 64 bit Build 19041 (10.0.19041.1706)

CPU:total 20 (initial active 20) (10 cores per cpu, 2 threads per core) family 6 model 165 stepping 5, cmov, cx8, fxsr, mmx, sse, sse2, sse3, ssse3, sse4.1, sse4.2, popcnt, avx, avx2, aes, clmul, erms, 3dnowpref, lzcnt, ht, tsc, tscinvbit, bmi1, bmi2, adx

Memory: 4k page, physical 33392400k(28749928k free), swap 39398604k(34004760k free)

vm_info: Java HotSpot(TM) 64-Bit Server VM (25.202-b08) for windows-amd64 JRE (1.8.0_202-b08), built on Dec 15 2018 19:54:30 by "java_re" with MS VC++ 10.0 (VS2010)

time: Thu May 12 16:06:47 2022
timezone: GMT Daylight Time
elapsed time: 17497 seconds (0d 4h 51m 37s)

