#
# A fatal error has been detected by the Java Runtime Environment:
#
#  EXCEPTION_UNCAUGHT_CXX_EXCEPTION (0xe06d7363) at pc=0x00007ff9f7a14fd9, pid=10092, tid=0x0000000000002704
#
# JRE version: Java(TM) SE Runtime Environment (8.0_202-b08) (build 1.8.0_202-b08)
# Java VM: Java HotSpot(TM) 64-Bit Server VM (25.202-b08 mixed mode windows-amd64 compressed oops)
# Problematic frame:
# C  [KERNELBASE.dll+0x34fd9]
#
# Failed to write core dump. Minidumps are not enabled by default on client versions of Windows
#
# If you would like to submit a bug report, please visit:
#   http://bugreport.java.com/bugreport/crash.jsp
# The crash happened outside the Java Virtual Machine in native code.
# See problematic frame for where to report the bug.
#

---------------  T H R E A D  ---------------

Current thread (0x0000022447352000):  JavaThread "main" [_thread_in_native, id=9988, stack(0x0000002949700000,0x000000294d700000)]

siginfo: ExceptionCode=0xe06d7363, ExceptionInformation=0x0000000019930520 0x000000294d6e5d28 0x00007ff9ade8c3a8 0x00007ff9adcf0000 

Registers:
RAX=0x0000000000000000, RBX=0x000000294d6e33c0, RCX=0x0000000000000000, RDX=0x0000000000000000
RSP=0x000000294d6e0dc0, RBP=0x000000294d6e1470, RSI=0x000000294d6e0f00, RDI=0x000000294d6e1c10
R8 =0x0000022447372b10, R9 =0x0000000000000009, R10=0x000000005c46a490, R11=0x0000000000000030
R12=0x000000294d6e2238, R13=0x00007ff9adfcf900, R14=0x0000000000000000, R15=0x0000000000000000
RIP=0x00007ff9f7a14fd9, EFLAGS=0x0000000000000206

Top of Stack: (sp=0x000000294d6e0dc0)
0x000000294d6e0dc0:   fffffffffffffffe 000000294d6e33c0
0x000000294d6e0dd0:   000000294d6e0f00 0000000000000000
0x000000294d6e0de0:   00000001e06d7363 0000000000000000
0x000000294d6e0df0:   00007ff9f7a14fd9 0000000000000004
0x000000294d6e0e00:   0000000019930520 000000294d6e5d28
0x000000294d6e0e10:   00007ff9ade8c3a8 00007ff9adcf0000
0x000000294d6e0e20:   0000b4d84ee45b55 000000294d6e2238
0x000000294d6e0e30:   0000000000000004 00007ff9f3454685
0x000000294d6e0e40:   0000000000000000 0000022439c0aae0
0x000000294d6e0e50:   000000294d6e0f00 000000294d6e1470
0x000000294d6e0e60:   000000294d6e1c10 00007ff9f345470d
0x000000294d6e0e70:   000000294d6e33c0 000000294d6e0f00
0x000000294d6e0e80:   00003c7e9e644075 000002245e3ad4e8
0x000000294d6e0e90:   000000294d6e33c0 00007ff9f3451f74
0x000000294d6e0ea0:   00007ff9adfcf900 000000294d6e2238
0x000000294d6e0eb0:   0000000000000100 000000294d6e0e68 

Instructions: (pc=0x00007ff9f7a14fd9)
0x00007ff9f7a14fb9:   8b d1 44 0f 47 c0 44 89 44 24 38 49 c1 e0 03 e8
0x00007ff9f7a14fc9:   0a 1e 06 00 48 8d 4c 24 20 48 ff 15 27 e6 18 00
0x00007ff9f7a14fd9:   0f 1f 44 00 00 48 8b 8c 24 c0 00 00 00 48 33 cc
0x00007ff9f7a14fe9:   e8 52 96 05 00 48 81 c4 d8 00 00 00 c3 cc 83 64 


Register to memory mapping:

RAX=0x0000000000000000 is an unknown value
RBX=0x000000294d6e33c0 is pointing into the stack for thread: 0x0000022447352000
RCX=0x0000000000000000 is an unknown value
RDX=0x0000000000000000 is an unknown value
RSP=0x000000294d6e0dc0 is pointing into the stack for thread: 0x0000022447352000
RBP=0x000000294d6e1470 is pointing into the stack for thread: 0x0000022447352000
RSI=0x000000294d6e0f00 is pointing into the stack for thread: 0x0000022447352000
RDI=0x000000294d6e1c10 is pointing into the stack for thread: 0x0000022447352000
R8 =0x0000022447372b10 is an unknown value
R9 =0x0000000000000009 is an unknown value
R10=0x000000005c46a490 is an unknown value
R11=0x0000000000000030 is an unknown value
R12=0x000000294d6e2238 is pointing into the stack for thread: 0x0000022447352000
R13=0x00007ff9adfcf900 is an unknown value
R14=0x0000000000000000 is an unknown value
R15=0x0000000000000000 is an unknown value


Stack: [0x0000002949700000,0x000000294d700000],  sp=0x000000294d6e0dc0,  free space=65411k
Native frames: (J=compiled Java code, j=interpreted, Vv=VM code, C=native code)
C  [KERNELBASE.dll+0x34fd9]
C  [VCRUNTIME140.dll+0x1f74]
C  [ntdll.dll+0xa1626]
C  0x00007ff9adf67a3f
C  0x00007ff9adf37c42
C  0x00007ff9adf37421
C  0x00007ff9adf39313
C  [libmwservices.dll+0x29f923]
C  [libmwservices.dll+0x2a0f10]
C  [libmwservices.dll+0x2a1c0e]
C  0x00007ff9a5493e2a
C  0x0000022447449f2e

Java frames: (J=compiled Java code, j=interpreted, Vv=VM code)
j  com.mathworks.jmi.NativeMatlab.ProcessPendingEvents()Z+0
j  com.mathworks.jmi.NativeMatlab.processPendingEvents()Z+8
j  com.mathworks.jmi.Matlab$ProcessPendingEvents.callBooleanMethod(Ljava/lang/Object;)Z+0
j  com.mathworks.util.FactoryUtils.processPendingEvents()Z+12
j  com.mathworks.widgets.desk.Desktop.canClose()Z+38
j  com.mathworks.mde.desk.MLDesktop.canClose()Z+296
j  com.mathworks.mde.desk.MLDesktop$2.call()Ljava/lang/Boolean;+4
j  com.mathworks.mde.desk.MLDesktop$2.call()Ljava/lang/Object;+1
j  com.mathworks.jmi.Matlab.runPredicates(Ljava/util/List;Z)Z+59
j  com.mathworks.jmi.Matlab.isOkToExit()Z+4
v  ~StubRoutines::call_stub
j  com.mathworks.jmi.NativeMatlab.SendMatlabMessage(Ljava/lang/Object;)Ljava/lang/Object;+0
j  com.mathworks.jmi.NativeMatlab.sendMatlabMessage(Ljava/lang/Object;)Ljava/lang/Object;+22
j  com.mathworks.jmi.MatlabLooper.sendMatlabMessage(Lcom/mathworks/services/message/MWMessage;)Ljava/lang/Object;+20
j  com.mathworks.jmi.Matlab.mtFevalConsoleOutput(Ljava/lang/String;[Ljava/lang/Object;I)Ljava/lang/Object;+58
j  com.mathworks.toolbox.instrument.events.ActionQueue.run()V+130
v  ~StubRoutines::call_stub

---------------  P R O C E S S  ---------------

Java Threads: ( => current thread )
  0x000002245c534000 JavaThread "Installation Observer" daemon [_thread_blocked, id=8396, stack(0x0000002959400000,0x0000002959500000)]
  0x000002247b769800 JavaThread "Keep-Alive-SocketCleaner" daemon [_thread_blocked, id=3480, stack(0x0000002956e00000,0x0000002956f00000)]
  0x000002245c53a000 JavaThread "com.mathworks.addons_common.notificationframework.InstalledFolderRegistryObservers" daemon [_thread_blocked, id=3968, stack(0x0000002958000000,0x0000002958100000)]
  0x000002245c531800 JavaThread "com.mathworks.addons_common.notificationframework.InstalledAddOnsCache" daemon [_thread_blocked, id=1972, stack(0x0000002956c00000,0x0000002956d00000)]
  0x000002245c1c6800 JavaThread "TimerQueue" daemon [_thread_blocked, id=5444, stack(0x0000002955e00000,0x0000002955f00000)]
  0x000002245c1c6000 JavaThread "AWT-EventQueue-0-SharedResourceRunner" daemon [_thread_blocked, id=9032, stack(0x0000002955900000,0x0000002955a00000)]
  0x000002245c1c7800 JavaThread "Thread-3" daemon [_thread_blocked, id=13104, stack(0x0000002954f00000,0x0000002955000000)]
  0x0000022460956800 JavaThread "AWT-EventQueue-0" [_thread_blocked, id=12320, stack(0x0000002954d00000,0x0000002954e00000)]
  0x00000224600a0800 JavaThread "AWT-Shutdown" [_thread_blocked, id=12336, stack(0x0000002954900000,0x0000002954a00000)]
  0x000002245ef2f800 JavaThread "EventMgr Dispatcher" daemon [_thread_in_native, id=10612, stack(0x0000002954c00000,0x0000002954d00000)]
  0x000002245ef30800 JavaThread "AWT-Windows" daemon [_thread_in_native, id=10820, stack(0x0000002954a00000,0x0000002954b00000)]
  0x000002245ef2f000 JavaThread "Java2D Disposer" daemon [_thread_blocked, id=12472, stack(0x0000002954800000,0x0000002954900000)]
  0x000002245f966000 JavaThread "Settings Releaser" daemon [_thread_blocked, id=9968, stack(0x0000002954700000,0x0000002954800000)]
  0x000002245f965800 JavaThread "EventMgr Dispatcher" daemon [_thread_in_native, id=2608, stack(0x0000002954600000,0x0000002954700000)]
  0x000002245c1f0800 JavaThread "Service Thread" daemon [_thread_blocked, id=11040, stack(0x0000002954300000,0x0000002954400000)]
  0x000002245c1c1800 JavaThread "C1 CompilerThread11" daemon [_thread_blocked, id=9364, stack(0x0000002954200000,0x0000002954300000)]
  0x000002245c1c8000 JavaThread "C1 CompilerThread10" daemon [_thread_blocked, id=10048, stack(0x0000002954100000,0x0000002954200000)]
  0x000002245c1c4800 JavaThread "C1 CompilerThread9" daemon [_thread_blocked, id=3988, stack(0x0000002954000000,0x0000002954100000)]
  0x000002245c1c3000 JavaThread "C1 CompilerThread8" daemon [_thread_blocked, id=2164, stack(0x0000002953f00000,0x0000002954000000)]
  0x000002245c1bd800 JavaThread "C2 CompilerThread7" daemon [_thread_blocked, id=12716, stack(0x0000002953e00000,0x0000002953f00000)]
  0x000002245aa3e800 JavaThread "C2 CompilerThread6" daemon [_thread_blocked, id=12724, stack(0x0000002953d00000,0x0000002953e00000)]
  0x000002245aa3a000 JavaThread "C2 CompilerThread5" daemon [_thread_blocked, id=2612, stack(0x0000002953c00000,0x0000002953d00000)]
  0x000002245aa39000 JavaThread "C2 CompilerThread4" daemon [_thread_blocked, id=9588, stack(0x0000002953b00000,0x0000002953c00000)]
  0x000002245aa36800 JavaThread "C2 CompilerThread3" daemon [_thread_blocked, id=8792, stack(0x0000002953a00000,0x0000002953b00000)]
  0x000002245aa35800 JavaThread "C2 CompilerThread2" daemon [_thread_blocked, id=12656, stack(0x0000002953900000,0x0000002953a00000)]
  0x000002245aa35000 JavaThread "C2 CompilerThread1" daemon [_thread_blocked, id=9376, stack(0x0000002953800000,0x0000002953900000)]
  0x000002245aa30800 JavaThread "C2 CompilerThread0" daemon [_thread_blocked, id=6776, stack(0x0000002953700000,0x0000002953800000)]
  0x000002245aa2e000 JavaThread "Attach Listener" daemon [_thread_blocked, id=13084, stack(0x0000002953600000,0x0000002953700000)]
  0x000002245aa2a000 JavaThread "Finalizer" daemon [_thread_blocked, id=1772, stack(0x0000002953500000,0x0000002953600000)]
  0x000002245aa21000 JavaThread "Reference Handler" daemon [_thread_blocked, id=12720, stack(0x0000002953400000,0x0000002953500000)]
=>0x0000022447352000 JavaThread "main" [_thread_in_native, id=9988, stack(0x0000002949700000,0x000000294d700000)]

Other Threads:
  0x000002245a9fb800 VMThread [stack: 0x0000002953300000,0x0000002953400000] [id=1912]
  0x000002245c337800 WatcherThread [stack: 0x0000002954400000,0x0000002954500000] [id=11552]

VM state:not at safepoint (normal execution)

VM Mutex/Monitor currently owned by a thread: None

heap address: 0x00000000a0000000, size: 1536 MB, Compressed Oops mode: 32-bit
Narrow klass base: 0x0000000000000000, Narrow klass shift: 3
Compressed class space size: 1073741824 Address: 0x0000000100000000

Heap:
 PSYoungGen      total 42496K, used 1943K [0x00000000e8000000, 0x00000000ece00000, 0x0000000100000000)
  eden space 41472K, 3% used [0x00000000e8000000,0x00000000e8155fa0,0x00000000ea880000)
  from space 1024K, 56% used [0x00000000ecc00000,0x00000000ecc90010,0x00000000ecd00000)
  to   space 1024K, 0% used [0x00000000ecd00000,0x00000000ecd00000,0x00000000ece00000)
 ParOldGen       total 49152K, used 37719K [0x00000000a0000000, 0x00000000a3000000, 0x00000000e8000000)
  object space 49152K, 76% used [0x00000000a0000000,0x00000000a24d5ce0,0x00000000a3000000)
 Metaspace       used 49295K, capacity 49792K, committed 50176K, reserved 1093632K
  class space    used 6443K, capacity 6583K, committed 6656K, reserved 1048576K

Card table byte_map: [0x00000224567f0000,0x0000022456b00000] byte_map_base: 0x00000224562f0000

Marking Bits: (ParMarkBitMap*) 0x000000005c475ce0
 Begin Bits: [0x0000022456d40000, 0x0000022458540000)
 End Bits:   [0x0000022458540000, 0x0000022459d40000)

Polling page: 0x000002243a790000

CodeCache: size=245760Kb used=18884Kb max_used=19172Kb free=226875Kb
 bounds [0x0000022447430000, 0x0000022448740000, 0x0000022456430000]
 total_blobs=6051 nmethods=5035 adapters=925
 compilation: enabled

Compilation events (10 events):
Event: 7079.201 Thread 0x000002245aa3e800 nmethod 6105 0x0000022447885a90 code [0x0000022447885c20, 0x0000022447886a68]
Event: 7079.203 Thread 0x000002245aa39000 nmethod 6104 0x0000022447bd1bd0 code [0x0000022447bd1d80, 0x0000022447bd2fc8]
Event: 7079.633 Thread 0x000002245c1c3000 6106       3       java.awt.Component::dispatchEventImpl (921 bytes)
Event: 7079.636 Thread 0x000002245c1c3000 nmethod 6106 0x0000022448730610 code [0x0000022448731080, 0x0000022448739e00]
Event: 7081.758 Thread 0x000002245c1bd800 6107   !   4       com.mathworks.util.QueueEvent$QueueTarget::processEvent (44 bytes)
Event: 7081.759 Thread 0x000002245c1bd800 nmethod 6107 0x0000022447c06990 code [0x0000022447c06ae0, 0x0000022447c06be8]
Event: 7083.640 Thread 0x000002245aa36800 6108       4       java.lang.Class::reflectionData (49 bytes)
Event: 7083.641 Thread 0x000002245aa36800 nmethod 6108 0x0000022447f60a10 code [0x0000022447f60b60, 0x0000022447f60ca8]
Event: 7084.039 Thread 0x000002245c1c8000 6109       3       sun.misc.Resource::getByteBuffer (24 bytes)
Event: 7084.039 Thread 0x000002245c1c8000 nmethod 6109 0x00000224476ff190 code [0x00000224476ff340, 0x00000224476ffac0]

GC Heap History (10 events):
Event: 5528.285 GC heap before
{Heap before GC invocations=91 (full 2):
 PSYoungGen      total 48640K, used 48608K [0x00000000e8000000, 0x00000000ecf00000, 0x0000000100000000)
  eden space 48128K, 100% used [0x00000000e8000000,0x00000000eaf00000,0x00000000eaf00000)
  from space 512K, 93% used [0x00000000ece80000,0x00000000ecef8020,0x00000000ecf00000)
  to   space 1024K, 0% used [0x00000000ecd00000,0x00000000ecd00000,0x00000000ece00000)
 ParOldGen       total 49152K, used 37455K [0x00000000a0000000, 0x00000000a3000000, 0x00000000e8000000)
  object space 49152K, 76% used [0x00000000a0000000,0x00000000a2493cd0,0x00000000a3000000)
 Metaspace       used 48803K, capacity 49344K, committed 49536K, reserved 1091584K
  class space    used 6294K, capacity 6455K, committed 6528K, reserved 1048576K
Event: 5528.286 GC heap after
Heap after GC invocations=91 (full 2):
 PSYoungGen      total 47616K, used 512K [0x00000000e8000000, 0x00000000ecf00000, 0x0000000100000000)
  eden space 46592K, 0% used [0x00000000e8000000,0x00000000e8000000,0x00000000ead80000)
  from space 1024K, 50% used [0x00000000ecd00000,0x00000000ecd80020,0x00000000ece00000)
  to   space 1024K, 0% used [0x00000000ece00000,0x00000000ece00000,0x00000000ecf00000)
 ParOldGen       total 49152K, used 37455K [0x00000000a0000000, 0x00000000a3000000, 0x00000000e8000000)
  object space 49152K, 76% used [0x00000000a0000000,0x00000000a2493cd0,0x00000000a3000000)
 Metaspace       used 48803K, capacity 49344K, committed 49536K, reserved 1091584K
  class space    used 6294K, capacity 6455K, committed 6528K, reserved 1048576K
}
Event: 6316.789 GC heap before
{Heap before GC invocations=92 (full 2):
 PSYoungGen      total 47616K, used 47104K [0x00000000e8000000, 0x00000000ecf00000, 0x0000000100000000)
  eden space 46592K, 100% used [0x00000000e8000000,0x00000000ead80000,0x00000000ead80000)
  from space 1024K, 50% used [0x00000000ecd00000,0x00000000ecd80020,0x00000000ece00000)
  to   space 1024K, 0% used [0x00000000ece00000,0x00000000ece00000,0x00000000ecf00000)
 ParOldGen       total 49152K, used 37455K [0x00000000a0000000, 0x00000000a3000000, 0x00000000e8000000)
  object space 49152K, 76% used [0x00000000a0000000,0x00000000a2493cd0,0x00000000a3000000)
 Metaspace       used 48803K, capacity 49344K, committed 49536K, reserved 1091584K
  class space    used 6294K, capacity 6455K, committed 6528K, reserved 1048576K
Event: 6316.791 GC heap after
Heap after GC invocations=92 (full 2):
 PSYoungGen      total 46080K, used 544K [0x00000000e8000000, 0x00000000ecf00000, 0x0000000100000000)
  eden space 45056K, 0% used [0x00000000e8000000,0x00000000e8000000,0x00000000eac00000)
  from space 1024K, 53% used [0x00000000ece00000,0x00000000ece88020,0x00000000ecf00000)
  to   space 1024K, 0% used [0x00000000ecd00000,0x00000000ecd00000,0x00000000ece00000)
 ParOldGen       total 49152K, used 37487K [0x00000000a0000000, 0x00000000a3000000, 0x00000000e8000000)
  object space 49152K, 76% used [0x00000000a0000000,0x00000000a249bcd0,0x00000000a3000000)
 Metaspace       used 48803K, capacity 49344K, committed 49536K, reserved 1091584K
  class space    used 6294K, capacity 6455K, committed 6528K, reserved 1048576K
}
Event: 6335.378 GC heap before
{Heap before GC invocations=93 (full 2):
 PSYoungGen      total 46080K, used 45600K [0x00000000e8000000, 0x00000000ecf00000, 0x0000000100000000)
  eden space 45056K, 100% used [0x00000000e8000000,0x00000000eac00000,0x00000000eac00000)
  from space 1024K, 53% used [0x00000000ece00000,0x00000000ece88020,0x00000000ecf00000)
  to   space 1024K, 0% used [0x00000000ecd00000,0x00000000ecd00000,0x00000000ece00000)
 ParOldGen       total 49152K, used 37487K [0x00000000a0000000, 0x00000000a3000000, 0x00000000e8000000)
  object space 49152K, 76% used [0x00000000a0000000,0x00000000a249bcd0,0x00000000a3000000)
 Metaspace       used 48803K, capacity 49344K, committed 49536K, reserved 1091584K
  class space    used 6294K, capacity 6455K, committed 6528K, reserved 1048576K
Event: 6335.380 GC heap after
Heap after GC invocations=93 (full 2):
 PSYoungGen      total 44032K, used 448K [0x00000000e8000000, 0x00000000ece80000, 0x0000000100000000)
  eden space 43520K, 0% used [0x00000000e8000000,0x00000000e8000000,0x00000000eaa80000)
  from space 512K, 87% used [0x00000000ecd00000,0x00000000ecd70020,0x00000000ecd80000)
  to   space 1024K, 0% used [0x00000000ecd80000,0x00000000ecd80000,0x00000000ece80000)
 ParOldGen       total 49152K, used 37535K [0x00000000a0000000, 0x00000000a3000000, 0x00000000e8000000)
  object space 49152K, 76% used [0x00000000a0000000,0x00000000a24a7cd0,0x00000000a3000000)
 Metaspace       used 48803K, capacity 49344K, committed 49536K, reserved 1091584K
  class space    used 6294K, capacity 6455K, committed 6528K, reserved 1048576K
}
Event: 6353.320 GC heap before
{Heap before GC invocations=94 (full 2):
 PSYoungGen      total 44032K, used 43968K [0x00000000e8000000, 0x00000000ece80000, 0x0000000100000000)
  eden space 43520K, 100% used [0x00000000e8000000,0x00000000eaa80000,0x00000000eaa80000)
  from space 512K, 87% used [0x00000000ecd00000,0x00000000ecd70020,0x00000000ecd80000)
  to   space 1024K, 0% used [0x00000000ecd80000,0x00000000ecd80000,0x00000000ece80000)
 ParOldGen       total 49152K, used 37535K [0x00000000a0000000, 0x00000000a3000000, 0x00000000e8000000)
  object space 49152K, 76% used [0x00000000a0000000,0x00000000a24a7cd0,0x00000000a3000000)
 Metaspace       used 48803K, capacity 49344K, committed 49536K, reserved 1091584K
  class space    used 6294K, capacity 6455K, committed 6528K, reserved 1048576K
Event: 6353.322 GC heap after
Heap after GC invocations=94 (full 2):
 PSYoungGen      total 43008K, used 352K [0x00000000e8000000, 0x00000000ece00000, 0x0000000100000000)
  eden space 42496K, 0% used [0x00000000e8000000,0x00000000e8000000,0x00000000ea980000)
  from space 512K, 68% used [0x00000000ecd80000,0x00000000ecdd8010,0x00000000ece00000)
  to   space 1024K, 0% used [0x00000000ecc00000,0x00000000ecc00000,0x00000000ecd00000)
 ParOldGen       total 49152K, used 37679K [0x00000000a0000000, 0x00000000a3000000, 0x00000000e8000000)
  object space 49152K, 76% used [0x00000000a0000000,0x00000000a24cbce0,0x00000000a3000000)
 Metaspace       used 48803K, capacity 49344K, committed 49536K, reserved 1091584K
  class space    used 6294K, capacity 6455K, committed 6528K, reserved 1048576K
}
Event: 7084.042 GC heap before
{Heap before GC invocations=95 (full 2):
 PSYoungGen      total 43008K, used 42848K [0x00000000e8000000, 0x00000000ece00000, 0x0000000100000000)
  eden space 42496K, 100% used [0x00000000e8000000,0x00000000ea980000,0x00000000ea980000)
  from space 512K, 68% used [0x00000000ecd80000,0x00000000ecdd8010,0x00000000ece00000)
  to   space 1024K, 0% used [0x00000000ecc00000,0x00000000ecc00000,0x00000000ecd00000)
 ParOldGen       total 49152K, used 37679K [0x00000000a0000000, 0x00000000a3000000, 0x00000000e8000000)
  object space 49152K, 76% used [0x00000000a0000000,0x00000000a24cbce0,0x00000000a3000000)
 Metaspace       used 49132K, capacity 49600K, committed 49792K, reserved 1093632K
  class space    used 6391K, capacity 6519K, committed 6528K, reserved 1048576K
Event: 7084.044 GC heap after
Heap after GC invocations=95 (full 2):
 PSYoungGen      total 42496K, used 576K [0x00000000e8000000, 0x00000000ece00000, 0x0000000100000000)
  eden space 41472K, 0% used [0x00000000e8000000,0x00000000e8000000,0x00000000ea880000)
  from space 1024K, 56% used [0x00000000ecc00000,0x00000000ecc90010,0x00000000ecd00000)
  to   space 1024K, 0% used [0x00000000ecd00000,0x00000000ecd00000,0x00000000ece00000)
 ParOldGen       total 49152K, used 37719K [0x00000000a0000000, 0x00000000a3000000, 0x00000000e8000000)
  object space 49152K, 76% used [0x00000000a0000000,0x00000000a24d5ce0,0x00000000a3000000)
 Metaspace       used 49132K, capacity 49600K, committed 49792K, reserved 1093632K
  class space    used 6391K, capacity 6519K, committed 6528K, reserved 1048576K
}

Deoptimization events (10 events):
Event: 7077.070 Thread 0x0000022460956800 Uncommon trap: reason=unstable_if action=reinterpret pc=0x00000224478b46f0 method=javax.swing.JComponent.putClientProperty(Ljava/lang/Object;Ljava/lang/Object;)V @ 57
Event: 7077.424 Thread 0x0000022447352000 Uncommon trap: reason=unstable_if action=reinterpret pc=0x0000022447b858e4 method=com.mathworks.hg.util.HGPeerQueue.add(Lcom/mathworks/hg/util/HGPeerRunnable;)V @ 301
Event: 7077.436 Thread 0x0000022460956800 Uncommon trap: reason=unstable_if action=reinterpret pc=0x00000224477e562c method=java.awt.AWTEventMulticaster.removeInternal(Ljava/util/EventListener;Ljava/util/EventListener;)Ljava/util/EventListener; @ 2
Event: 7077.441 Thread 0x0000022447352000 Uncommon trap: reason=unstable_if action=reinterpret pc=0x0000022448633d20 method=java.util.Hashtable.getIterator(I)Ljava/util/Iterator; @ 4
Event: 7077.441 Thread 0x0000022447352000 Uncommon trap: reason=class_check action=maybe_recompile pc=0x00000224486ec2bc method=java.util.Hashtable.putAll(Ljava/util/Map;)V @ 13
Event: 7077.441 Thread 0x0000022460956800 Uncommon trap: reason=unstable_if action=reinterpret pc=0x00000224480b8a58 method=com.mathworks.hg.util.HGPeerQueue$HGPeerRunnablesRunner.runit(Z[I)V @ 143
Event: 7077.442 Thread 0x0000022460956800 Uncommon trap: reason=unstable_if action=reinterpret pc=0x000002244833d9d4 method=javax.swing.SwingUtilities.getWindowAncestor(Ljava/awt/Component;)Ljava/awt/Window; @ 6
Event: 7077.442 Thread 0x0000022460956800 Uncommon trap: reason=unstable_if action=reinterpret pc=0x00000224486e006c method=com.mathworks.hg.util.HGPeerQueue$HGPeerRunnablesRunner.runit(Z[I)V @ 143
Event: 7077.442 Thread 0x0000022460956800 Uncommon trap: reason=unstable_if action=reinterpret pc=0x00000224486f2278 method=com.mathworks.hg.peer.ui.UIContainerPeer.validateFigure()V @ 4
Event: 7077.443 Thread 0x0000022460956800 Uncommon trap: reason=unstable_if action=reinterpret pc=0x0000022447b62f38 method=com.mathworks.hg.peer.ui.UIContainerPeer.validateFigure()V @ 4

Classes redefined (0 events):
No events

Internal exceptions (10 events):
Event: 7083.262 Thread 0x0000022460956800 Exception <a 'java/net/SocketTimeoutException': Receive timed out> (0x00000000ea11d3d0) thrown at [C:\re\workspace\8-2-build-windows-amd64-cygwin\jdk8u202\12323\hotspot\src\share\vm\prims\jni.cpp, line 736]
Event: 7083.345 Thread 0x0000022460956800 Exception <a 'java/net/SocketTimeoutException': Receive timed out> (0x00000000ea11dcd0) thrown at [C:\re\workspace\8-2-build-windows-amd64-cygwin\jdk8u202\12323\hotspot\src\share\vm\prims\jni.cpp, line 736]
Event: 7083.429 Thread 0x0000022460956800 Exception <a 'java/net/SocketTimeoutException': Receive timed out> (0x00000000ea11e5d0) thrown at [C:\re\workspace\8-2-build-windows-amd64-cygwin\jdk8u202\12323\hotspot\src\share\vm\prims\jni.cpp, line 736]
Event: 7083.512 Thread 0x0000022460956800 Exception <a 'java/net/SocketTimeoutException': Receive timed out> (0x00000000ea11eed0) thrown at [C:\re\workspace\8-2-build-windows-amd64-cygwin\jdk8u202\12323\hotspot\src\share\vm\prims\jni.cpp, line 736]
Event: 7083.596 Thread 0x0000022460956800 Exception <a 'java/net/SocketTimeoutException': Receive timed out> (0x00000000ea11f7d0) thrown at [C:\re\workspace\8-2-build-windows-amd64-cygwin\jdk8u202\12323\hotspot\src\share\vm\prims\jni.cpp, line 736]
Event: 7083.679 Thread 0x0000022460956800 Exception <a 'java/net/SocketTimeoutException': Receive timed out> (0x00000000ea1200d0) thrown at [C:\re\workspace\8-2-build-windows-amd64-cygwin\jdk8u202\12323\hotspot\src\share\vm\prims\jni.cpp, line 736]
Event: 7083.763 Thread 0x0000022460956800 Exception <a 'java/net/SocketTimeoutException': Receive timed out> (0x00000000ea120f90) thrown at [C:\re\workspace\8-2-build-windows-amd64-cygwin\jdk8u202\12323\hotspot\src\share\vm\prims\jni.cpp, line 736]
Event: 7083.846 Thread 0x0000022460956800 Exception <a 'java/net/SocketTimeoutException': Receive timed out> (0x00000000ea121890) thrown at [C:\re\workspace\8-2-build-windows-amd64-cygwin\jdk8u202\12323\hotspot\src\share\vm\prims\jni.cpp, line 736]
Event: 7083.930 Thread 0x0000022460956800 Exception <a 'java/net/SocketTimeoutException': Receive timed out> (0x00000000ea122190) thrown at [C:\re\workspace\8-2-build-windows-amd64-cygwin\jdk8u202\12323\hotspot\src\share\vm\prims\jni.cpp, line 736]
Event: 7084.013 Thread 0x0000022460956800 Exception <a 'java/net/SocketTimeoutException': Receive timed out> (0x00000000ea122a90) thrown at [C:\re\workspace\8-2-build-windows-amd64-cygwin\jdk8u202\12323\hotspot\src\share\vm\prims\jni.cpp, line 736]

Events (10 events):
Event: 7084.048 loading class com/mathworks/widgets/BusyAffordance done
Event: 7084.048 loading class com/mathworks/widgets/ComponentBuilder
Event: 7084.048 loading class com/mathworks/widgets/ComponentBuilder done
Event: 7084.048 loading class com/mathworks/widgets/BusyAffordance$1
Event: 7084.048 loading class com/mathworks/widgets/BusyAffordance$1 done
Event: 7084.049 Executing VM operation: RevokeBias
Event: 7084.049 Thread 0x000002245c52f800 Thread exited: 0x000002245c52f800
Event: 7084.049 Executing VM operation: RevokeBias done
Event: 7084.049 loading class com/mathworks/util/Log$1
Event: 7084.049 loading class com/mathworks/util/Log$1 done


Dynamic libraries:
0x00007ff609320000 - 0x00007ff609353000 	C:\Program Files\MATLAB\R2020b\bin\win64\matlab.exe
0x00007ff9fa250000 - 0x00007ff9fa448000 	C:\WINDOWS\SYSTEM32\ntdll.dll
0x00007ff9f8c90000 - 0x00007ff9f8d4d000 	C:\WINDOWS\System32\KERNEL32.DLL
0x00007ff9f79e0000 - 0x00007ff9f7cae000 	C:\WINDOWS\System32\KERNELBASE.dll
0x00007ff9f5210000 - 0x00007ff9f52a0000 	C:\WINDOWS\SYSTEM32\apphelp.dll
0x00007ff9f8020000 - 0x00007ff9f8120000 	C:\WINDOWS\System32\ucrtbase.dll
0x00007ff9d8310000 - 0x00007ff9d8539000 	C:\Program Files\MATLAB\R2020b\bin\win64\libmwi18n.dll
0x00007ff9d5100000 - 0x00007ff9d550f000 	C:\Program Files\MATLAB\R2020b\bin\win64\mvm.dll
0x00007ff9d5700000 - 0x00007ff9d5fa3000 	C:\Program Files\MATLAB\R2020b\bin\win64\mlutil.dll
0x00007ff9d4760000 - 0x00007ff9d4c20000 	C:\Program Files\MATLAB\R2020b\bin\win64\libmwservices.dll
0x00007ff9f82d0000 - 0x00007ff9f837e000 	C:\WINDOWS\System32\ADVAPI32.dll
0x00007ff9f7cb0000 - 0x00007ff9f7cd7000 	C:\WINDOWS\System32\bcrypt.dll
0x00007ff9f8f60000 - 0x00007ff9f8ffe000 	C:\WINDOWS\System32\msvcrt.dll
0x00007ff9f8dc0000 - 0x00007ff9f8f60000 	C:\WINDOWS\System32\USER32.dll
0x00007ff9f8d50000 - 0x00007ff9f8dbb000 	C:\WINDOWS\System32\WS2_32.dll
0x00007ff9d43e0000 - 0x00007ff9d4685000 	C:\Program Files\MATLAB\R2020b\bin\win64\libmwfl.dll
0x00007ff9f92b0000 - 0x00007ff9f934c000 	C:\WINDOWS\System32\sechost.dll
0x00007ff9f8120000 - 0x00007ff9f8142000 	C:\WINDOWS\System32\win32u.dll
0x00007ff9f9180000 - 0x00007ff9f92a5000 	C:\WINDOWS\System32\RPCRT4.dll
0x00007ff9f8850000 - 0x00007ff9f887a000 	C:\WINDOWS\System32\GDI32.dll
0x00007ff9f7ce0000 - 0x00007ff9f7deb000 	C:\WINDOWS\System32\gdi32full.dll
0x00007ff9e5d70000 - 0x00007ff9e5e0b000 	C:\Program Files\MATLAB\R2020b\bin\win64\MSVCP140.dll
0x00007ff9f3450000 - 0x00007ff9f3466000 	C:\Program Files\MATLAB\R2020b\bin\win64\VCRUNTIME140.dll
0x00007ff9f7f30000 - 0x00007ff9f7fcd000 	C:\WINDOWS\System32\msvcp_win.dll
0x00007ff9f5180000 - 0x00007ff9f5189000 	C:\Program Files\MATLAB\R2020b\bin\win64\libmwresource_core.dll
0x00007ff9f3420000 - 0x00007ff9f344a000 	C:\Program Files\MATLAB\R2020b\bin\win64\libmwfoundation_filesystem.dll
0x00007ff9f9ac0000 - 0x00007ff9fa204000 	C:\WINDOWS\System32\SHELL32.dll
0x00007ff9f3400000 - 0x00007ff9f3418000 	C:\Program Files\MATLAB\R2020b\bin\win64\libmwcpp11compat.dll
0x00007ff9f2740000 - 0x00007ff9f2752000 	C:\Program Files\MATLAB\R2020b\bin\win64\mwboost_date_time-vc141-mt-x64-1_70.dll
0x00007ff9e3370000 - 0x00007ff9e3384000 	C:\Program Files\MATLAB\R2020b\bin\win64\libmwcapabilities.dll
0x00007ff9e44f0000 - 0x00007ff9e4510000 	C:\Program Files\MATLAB\R2020b\bin\win64\mwboost_filesystem-vc141-mt-x64-1_70.dll
0x00007ff9e5d50000 - 0x00007ff9e5d6c000 	C:\Program Files\MATLAB\R2020b\bin\win64\mwboost_thread-vc141-mt-x64-1_70.dll
0x00007ff9d0f10000 - 0x00007ff9d125f000 	C:\Program Files\MATLAB\R2020b\bin\win64\libmwms.dll
0x00007ff9e3f00000 - 0x00007ff9e3f28000 	C:\Program Files\MATLAB\R2020b\bin\win64\libexpat.dll
0x00007ff9dcb70000 - 0x00007ff9dcba4000 	C:\Program Files\MATLAB\R2020b\bin\win64\libmwthreadpool.dll
0x00007ff9d5560000 - 0x00007ff9d56f7000 	C:\Program Files\MATLAB\R2020b\bin\win64\libmwmst.dll
0x00007ff9d1260000 - 0x00007ff9d14bd000 	C:\Program Files\MATLAB\R2020b\bin\win64\icuin64.dll
0x00007ff9d8230000 - 0x00007ff9d8306000 	C:\Program Files\MATLAB\R2020b\bin\win64\libut.dll
0x00007ff9d7e80000 - 0x00007ff9d8011000 	C:\Program Files\MATLAB\R2020b\bin\win64\icuuc64.dll
0x00007ff9f8940000 - 0x00007ff9f8a6a000 	C:\WINDOWS\System32\ole32.dll
0x00007ff9e75b0000 - 0x00007ff9e75cd000 	C:\WINDOWS\SYSTEM32\MPR.dll
0x00007ff9f8440000 - 0x00007ff9f8794000 	C:\WINDOWS\System32\combase.dll
0x00007ff9f9580000 - 0x00007ff9f964d000 	C:\WINDOWS\System32\OLEAUT32.dll
0x00007ff9d4f70000 - 0x00007ff9d50ff000 	C:\Program Files\MATLAB\R2020b\bin\win64\libmx.dll
0x00007ff9d4370000 - 0x00007ff9d43da000 	C:\Program Files\MATLAB\R2020b\bin\win64\libmwlivecode.dll
0x00007ff9d81e0000 - 0x00007ff9d8221000 	C:\Program Files\MATLAB\R2020b\bin\win64\libmwfoundation_usm.dll
0x00007ff9cf6c0000 - 0x00007ff9cf878000 	C:\Program Files\MATLAB\R2020b\bin\win64\libmwfoundation_matlabdata.dll
0x00007ff9cbdd0000 - 0x00007ff9cbe5b000 	C:\Program Files\MATLAB\R2020b\bin\win64\libmwcppmicroservices.dll
0x00007ff9f7970000 - 0x00007ff9f79d7000 	C:\WINDOWS\System32\WINTRUST.dll
0x00007ff9d8d40000 - 0x00007ff9d8d5c000 	C:\Program Files\MATLAB\R2020b\bin\win64\libmwstartupplugin.dll
0x00007ff9d80a0000 - 0x00007ff9d819c000 	C:\Program Files\MATLAB\R2020b\bin\win64\libmwstartup_plugin_initializer.dll
0x00007ff9d1900000 - 0x00007ff9d1957000 	C:\Program Files\MATLAB\R2020b\bin\win64\libmwsearch_path_utilities.dll
0x00007ff9f8150000 - 0x00007ff9f82a6000 	C:\WINDOWS\System32\CRYPT32.dll
0x00007ff9f3690000 - 0x00007ff9f369f000 	C:\Program Files\MATLAB\R2020b\bin\win64\libmvmtransportapi.dll
0x00007ff9c9e60000 - 0x00007ff9ca003000 	C:\Program Files\MATLAB\R2020b\bin\win64\libmwflstoragevfs.dll
0x00007ff9cf550000 - 0x00007ff9cf6be000 	C:\Program Files\MATLAB\R2020b\bin\win64\matlab_toolbox_events.dll
0x00007ff9d08c0000 - 0x00007ff9d0930000 	C:\Program Files\MATLAB\R2020b\bin\win64\libmwcwf_interface.dll
0x00007ff9ca010000 - 0x00007ff9ca2aa000 	C:\Program Files\MATLAB\R2020b\bin\win64\execution_events.dll
0x00007ff9f34c0000 - 0x00007ff9f34ce000 	C:\Program Files\MATLAB\R2020b\bin\win64\libmwmatlabstoragesystem.dll
0x00007ff9e39e0000 - 0x00007ff9e39ee000 	C:\Program Files\MATLAB\R2020b\bin\win64\libmwmatlabdata_boost_serialization.dll
0x00007ff9c9d30000 - 0x00007ff9c9e53000 	C:\Program Files\MATLAB\R2020b\bin\win64\libmwflstorageprovider.dll
0x00007ff9f34f0000 - 0x00007ff9f34fe000 	C:\Program Files\MATLAB\R2020b\bin\win64\mwboost_chrono-vc141-mt-x64-1_70.dll
0x00007ff9f2730000 - 0x00007ff9f273f000 	C:\Program Files\MATLAB\R2020b\bin\win64\libmwflstorageutility.dll
0x00007ff9cf490000 - 0x00007ff9cf541000 	C:\Program Files\MATLAB\R2020b\bin\win64\mwboost_log-vc141-mt-x64-1_70.dll
0x00007ff9d69e0000 - 0x00007ff9d6a2c000 	C:\Program Files\MATLAB\R2020b\bin\win64\libmwrelease_info.dll
0x00007ff9d8050000 - 0x00007ff9d8091000 	C:\Program Files\MATLAB\R2020b\bin\win64\mwboost_serialization-vc141-mt-x64-1_70.dll
0x00007ff9d0eb0000 - 0x00007ff9d0f05000 	C:\Program Files\MATLAB\R2020b\bin\win64\libmwsettings_in_matlab.dll
0x00007ff9ae150000 - 0x00007ff9ae6a0000 	C:\Program Files\MATLAB\R2020b\bin\win64\settingscore.dll
0x00007ff9d46f0000 - 0x00007ff9d4756000 	C:\Program Files\MATLAB\R2020b\bin\win64\tbb.dll
0x00007ff9c9ae0000 - 0x00007ff9c9c9e000 	C:\Program Files\MATLAB\R2020b\bin\win64\opcmodel.dll
0x00007ff9c9ca0000 - 0x00007ff9c9d2f000 	C:\Program Files\MATLAB\R2020b\bin\win64\opccore.dll
0x00007ff9d6550000 - 0x00007ff9d658c000 	C:\Program Files\MATLAB\R2020b\bin\win64\opczippackage.dll
0x00007ff9d32e0000 - 0x00007ff9d331f000 	C:\Program Files\MATLAB\R2020b\bin\win64\string_matrix.dll
0x00007ff9d81c0000 - 0x00007ff9d81d8000 	C:\Program Files\MATLAB\R2020b\bin\win64\mwboost_iostreams-vc141-mt-x64-1_70.dll
0x00007ff9c4ba0000 - 0x00007ff9c4c99000 	C:\Program Files\MATLAB\R2020b\bin\win64\mwboost_regex-vc141-mt-x64-1_70.dll
0x00007ff9b5d10000 - 0x00007ff9b5e3f000 	C:\Program Files\MATLAB\R2020b\bin\win64\CppMicroServices3.dll
0x00007ff9e3630000 - 0x00007ff9e3814000 	C:\WINDOWS\SYSTEM32\dbghelp.dll
0x00007ff9f8380000 - 0x00007ff9f83d5000 	C:\WINDOWS\System32\SHLWAPI.dll
0x00007ff9f77e0000 - 0x00007ff9f782b000 	C:\WINDOWS\SYSTEM32\POWRPROF.dll
0x00007ff9cdd30000 - 0x00007ff9cdd70000 	C:\Program Files\MATLAB\R2020b\bin\win64\libmwmsr.dll
0x00007ff9e38c0000 - 0x00007ff9e38cd000 	C:\Program Files\MATLAB\R2020b\bin\win64\libmwflstrings.dll
0x00007ff9f7060000 - 0x00007ff9f70ca000 	C:\WINDOWS\SYSTEM32\MSWSOCK.dll
0x00007ff9d7e60000 - 0x00007ff9d7e71000 	C:\Program Files\MATLAB\R2020b\bin\win64\icuio64.dll
0x00007ff9cc480000 - 0x00007ff9cc4b7000 	C:\Program Files\MATLAB\R2020b\bin\win64\libmwmfl_permute.dll
0x00007ff9d5540000 - 0x00007ff9d5552000 	C:\Program Files\MATLAB\R2020b\bin\win64\libmwindexingapimethods.dll
0x00007ff9cbd70000 - 0x00007ff9cbdcf000 	C:\Program Files\MATLAB\R2020b\bin\win64\tbbmalloc.dll
0x000000005c500000 - 0x000000005c51a000 	C:\Program Files\MATLAB\R2020b\bin\win64\zlib1.dll
0x00007ff9b5c60000 - 0x00007ff9b5d02000 	C:\Program Files\MATLAB\R2020b\bin\win64\opcmwservices.dll
0x00007ff9b48f0000 - 0x00007ff9b4c0a000 	C:\Program Files\MATLAB\R2020b\bin\win64\xerces-c_3_2.dll
0x00007ff9d4f50000 - 0x00007ff9d4f69000 	C:\Program Files\MATLAB\R2020b\bin\win64\libmwsearch_path_interfaces.dll
0x00007ff9b5b90000 - 0x00007ff9b5c36000 	C:\Program Files\MATLAB\R2020b\bin\win64\libmwstoragefilefolderobserver.dll
0x00007ff9b5730000 - 0x00007ff9b59e0000 	C:\Program Files\MATLAB\R2020b\bin\win64\libmwflnetwork.dll
0x00007ff9d46d0000 - 0x00007ff9d46ee000 	C:\Program Files\MATLAB\R2020b\bin\win64\libmwflstorageevents.dll
0x00007ff9b6250000 - 0x00007ff9b62a5000 	C:\Program Files\MATLAB\R2020b\bin\win64\libmwfoundation_json.dll
0x00007ff9b5a50000 - 0x00007ff9b5b39000 	C:\Program Files\MATLAB\R2020b\bin\win64\libmwsearch_path_events.dll
0x00007ff9e47f0000 - 0x00007ff9e47fc000 	C:\WINDOWS\SYSTEM32\Secur32.dll
0x00007ff9b4870000 - 0x00007ff9b48f0000 	C:\Program Files\MATLAB\R2020b\bin\win64\xmlcore.dll
0x00007ff9b4440000 - 0x00007ff9b4533000 	C:\Program Files\MATLAB\R2020b\bin\win64\libmwfoundation_matlabdata_standalone.dll
0x00007ff9af790000 - 0x00007ff9af8a5000 	C:\Program Files\MATLAB\R2020b\bin\win64\libmwfoundation_matlabdata_json.dll
0x00007ff9d0160000 - 0x00007ff9d0189000 	C:\Program Files\MATLAB\R2020b\bin\win64\libmwnativedialogs.dll
0x00007ff9b56d0000 - 0x00007ff9b5722000 	C:\Program Files\MATLAB\R2020b\bin\win64\libmwflcrypto.dll
0x00007ff9cc440000 - 0x00007ff9cc480000 	C:\Program Files\MATLAB\R2020b\bin\win64\libmwflcryptoutils.dll
0x00007ff9b5120000 - 0x00007ff9b533f000 	C:\Program Files\MATLAB\R2020b\bin\win64\libmwflcryptocryptopp.dll
0x00007ff9b4d00000 - 0x00007ff9b4d57000 	C:\Program Files\MATLAB\R2020b\bin\win64\libmwflcertificates.dll
0x00007ff9d4350000 - 0x00007ff9d4361000 	C:\Program Files\MATLAB\R2020b\bin\win64\libminizip.dll
0x00007ff9b4c70000 - 0x00007ff9b4cfb000 	C:\Program Files\MATLAB\R2020b\bin\win64\mcos.dll
0x00007ff9f6d50000 - 0x00007ff9f6d8b000 	C:\WINDOWS\SYSTEM32\IPHLPAPI.DLL
0x00007ff9d18e0000 - 0x00007ff9d18f6000 	C:\Program Files\MATLAB\R2020b\bin\win64\libmwdtoa.dll
0x00007ff9d14d0000 - 0x00007ff9d14f0000 	C:\Program Files\MATLAB\R2020b\bin\win64\libmwmodule_descriptor_interfaces.dll
0x00007ff9dcb60000 - 0x00007ff9dcb6e000 	C:\Program Files\MATLAB\R2020b\bin\win64\libmwfoundation_matlabjson_frontend.dll
0x00007ff9af420000 - 0x00007ff9af6df000 	C:\Program Files\MATLAB\R2020b\bin\win64\libcrypto-1_1-x64.dll
0x00007ff9af6e0000 - 0x00007ff9af78c000 	C:\Program Files\MATLAB\R2020b\bin\win64\libssl-1_1-x64.dll
0x00007ff9f7860000 - 0x00007ff9f7892000 	C:\WINDOWS\SYSTEM32\SSPICLI.DLL
0x00000224356b0000 - 0x00000224370f4000 	C:\Program Files\MATLAB\R2020b\bin\win64\icudt64.dll
0x00007ff9f77c0000 - 0x00007ff9f77d2000 	C:\WINDOWS\SYSTEM32\UMPDC.dll
0x00007ff9f9150000 - 0x00007ff9f9180000 	C:\WINDOWS\System32\IMM32.DLL
0x00007ff9f7490000 - 0x00007ff9f74a2000 	C:\WINDOWS\SYSTEM32\MSASN1.dll
0x00007ff9f7270000 - 0x00007ff9f727c000 	C:\WINDOWS\SYSTEM32\CRYPTBASE.DLL
0x00007ff9f7ea0000 - 0x00007ff9f7f22000 	C:\WINDOWS\System32\bcryptPrimitives.dll
0x00007ff9aef40000 - 0x00007ff9aefe3000 	C:\Program Files\MATLAB\R2020b\bin\win64\DeclarativeServices1.dll
0x00007ff9d92b0000 - 0x00007ff9d92b9000 	C:\Program Files\MATLAB\R2020b\bin\win64\usLogService.dll
0x00007ff9cf470000 - 0x00007ff9cf483000 	C:\Program Files\MATLAB\R2020b\bin\win64\usServiceComponent.dll
0x00007ff9cc650000 - 0x00007ff9cc66b000 	C:\Program Files\MATLAB\R2020b\bin\win64\cppmicroservices_compendium\foundation\cppmicroservices\logserviceimpl\mwLogServiceImpl.dll
0x00007ff9caac0000 - 0x00007ff9caadc000 	C:\Program Files\MATLAB\R2020b\bin\win64\matlab_startup_plugins\connector\openssl_initializer\libmwconnectoropensslinitializer.dll
0x00007ff9aee50000 - 0x00007ff9aef3d000 	C:\Program Files\MATLAB\R2020b\bin\win64\PocoNet64.dll
0x00007ff9c4730000 - 0x00007ff9c476a000 	C:\Program Files\MATLAB\R2020b\bin\win64\PocoNetSSL64.dll
0x00007ff9aece0000 - 0x00007ff9aee4a000 	C:\Program Files\MATLAB\R2020b\bin\win64\PocoFoundation64.dll
0x00007ff9caa90000 - 0x00007ff9caac0000 	C:\Program Files\MATLAB\R2020b\bin\win64\PocoCrypto64.dll

VM Arguments:
jvm_args: -Xms64m -XX:NewRatio=3 -Xmx1536m -XX:MaxDirectMemorySize=2147400000 -Dsun.java2d.noddraw=true -Dsun.awt.nopixfmt=true -Xshare:off -Djava.ext.dirs=C:\Program Files\MATLAB\R2020b\sys\java\jre\win64\jre\lib\ext -Djogamp.gluegen.UseTempJarCache=false -Djogl.disable.opengles=1 -Djogl.windows.cpu_affinity_mode=0 -Xrs -Djava.library.path=C:\Program Files\MATLAB\R2020b\bin\win64;C:\Program Files\MATLAB\R2020b\sys\jxbrowser\win64\lib vfprintf -XX:ErrorFile=C:\Users\EXPERI~1\AppData\Local\Temp\hs_error_pid10092.log abort -Duser.language=en -Duser.country=GB -Dfile.encoding=Cp1252 -XX:ParallelGCThreads=6 
java_command: <unknown>
java_class_path (initial): C:\Program Files\MATLAB\R2020b\java\patch;C:\Program Files\MATLAB\R2020b\java\jar\jmi.jar;C:\Program Files\MATLAB\R2020b\java\jar\util.jar;C:\Program Files\MATLAB\R2020b\java\jar\mvm.jar;C:\Program Files\MATLAB\R2020b\java\jar\services.jar;C:\Program Files\MATLAB\R2020b\java\jarext\commons-io.jar;C:\Program Files\MATLAB\R2020b\java\jar\cfbutils.jar;C:\Program Files\MATLAB\R2020b\java\jar\capabilities.jar;C:\Program Files\MATLAB\R2020b\java\jar\mlwidgets.jar;C:\Program Files\MATLAB\R2020b\java\jar\html.jar;C:\Program Files\MATLAB\R2020b\java\jar\net.jar;C:\Program Files\MATLAB\R2020b\java\jar\ddux_api.jar;C:\Program Files\MATLAB\R2020b\java\jarext\log4j.jar;C:\Program Files\MATLAB\R2020b\java\jar\mwswing.jar;C:\Program Files\MATLAB\R2020b\java\jar\common.jar;C:\Program Files\MATLAB\R2020b\java\jarext\google-collect.jar;C:\Program Files\MATLAB\R2020b\java\jarext\commons-lang.jar;C:\Program Files\MATLAB\R2020b\java\jarext\jide\jide-common.jar;C:\Program Files\MATLAB\R2020b\java\jarext\jide\jide-dock.jar;C:\Program Files\MATLAB\R2020b\java\jarext\jide\jide-action.jar;C:\Program Files\MATLAB\R2020b\java\jarext\jide\jide-components.jar;C:\Program Files\MATLAB\R2020b\java\jarext\jide\jide-grids.jar;C:\Program Files\MATLAB\R2020b\java\jarext\jide\jide-dialogs.jar;C:\Program Files\MATLAB\R2020b\java\jarext\jide\jide-shortcut.jar;C:\Program Files\MATLAB\R2020b\java\jarext\jide\jide-charts.jar;C:\Program Files\MATLAB\R2020b\java\jar\toolstrip.jar;C:\Program Files\MATLAB\R2020b\java\jar\mlservices.jar;C:\Program Files\MATLAB\R2020b\java\jar\widgets.jar;C:\Program Files\MATLAB\R2020b\java\jar\mde.jar;C:\Program Files\MATLAB\R2020b\java\jar\explorer.jar;C:\Program Files\MATLAB\R2020b\java\jar\explorer_api.jar;C:\Program Files\MATLAB\R2020b\java\jar\desktop.jar;C:\Program Files\MATLAB\R2020b\java\jar\addons.jar;C:\Program Files\MATLAB\R2020b\java\jar\addons_common.jar;C:\Program Files\MATLAB\R2020b\java\jarext\connector_api\msscommon\msscommon.jar;C:\P
Launcher Type: generic

Environment Variables:
PATH=C:\Program Files\MATLAB\R2020b\toolbox\imaq\imaqextern\drivers\win64\genicam\GenICam_V3_1_0\bin\Win64_x64;C:\Program Files\MATLAB\R2020b\bin\win64;C:\WINDOWS\system32;C:\WINDOWS;C:\WINDOWS\System32\Wbem;C:\WINDOWS\System32\WindowsPowerShell\v1.0\;C:\WINDOWS\System32\OpenSSH\;C:\Program Files\MATLAB\R2020b\bin;C:\Program Files\SlikSvn\bin;C:\Program Files\Git\cmd;C:\Program Files\Point Grey Research\Spinnaker\bin64\vs2015;C:\Program Files\Point Grey Research\Spinnaker\bin\vs2015;C:\Program Files\Point Grey Research\FlyCap2 Viewer\bin64;%FC2PATH\vs2013;C:\Program Files\Point Grey Research\FlyCap2 Viewer\bin64\vs2015;C:\Users\Experiment\AppData\Local\Microsoft\WindowsApps;C:\Users\Experiment\anaconda3\condabin;C:\Users\Experiment\anaconda3\Scripts;
USERNAME=Experiment
OS=Windows_NT
PROCESSOR_IDENTIFIER=Intel64 Family 6 Model 165 Stepping 5, GenuineIntel



---------------  S Y S T E M  ---------------

OS: Windows 10.0 , 64 bit Build 19041 (10.0.19041.1806)

CPU:total 20 (initial active 20) (10 cores per cpu, 2 threads per core) family 6 model 165 stepping 5, cmov, cx8, fxsr, mmx, sse, sse2, sse3, ssse3, sse4.1, sse4.2, popcnt, avx, avx2, aes, clmul, erms, 3dnowpref, lzcnt, ht, tsc, tscinvbit, bmi1, bmi2, adx

Memory: 4k page, physical 33392400k(26989836k free), swap 38373136k(29609132k free)

vm_info: Java HotSpot(TM) 64-Bit Server VM (25.202-b08) for windows-amd64 JRE (1.8.0_202-b08), built on Dec 15 2018 19:54:30 by "java_re" with MS VC++ 10.0 (VS2010)

time: Mon Aug 01 12:37:26 2022
timezone: GMT Daylight Time
elapsed time: 7084 seconds (0d 1h 58m 4s)

