#
# A fatal error has been detected by the Java Runtime Environment:
#
#  EXCEPTION_UNCAUGHT_CXX_EXCEPTION (0xe06d7363) at pc=0x00007ffc4ec64fd9, pid=4024, tid=0x0000000000000b0c
#
# JRE version: Java(TM) SE Runtime Environment (8.0_202-b08) (build 1.8.0_202-b08)
# Java VM: Java HotSpot(TM) 64-Bit Server VM (25.202-b08 mixed mode windows-amd64 compressed oops)
# Problematic frame:
# C  [KERNELBASE.dll+0x34fd9]
#
# Failed to write core dump. Minidumps are not enabled by default on client versions of Windows
#
# If you would like to submit a bug report, please visit:
#   http://bugreport.java.com/bugreport/crash.jsp
# The crash happened outside the Java Virtual Machine in native code.
# See problematic frame for where to report the bug.
#

---------------  T H R E A D  ---------------

Current thread (0x000001242e672000):  JavaThread "main" [_thread_in_native, id=2828, stack(0x00000006d0800000,0x00000006d4800000)]

siginfo: ExceptionCode=0xe06d7363, ExceptionInformation=0x0000000019930520 0x00000006d47e5cf8 0x00007ffc063ac3a8 0x00007ffc06210000 

Registers:
RAX=0x0000000000000030, RBX=0x00000006d47e3390, RCX=0x0000012600000000, RDX=0x000000006840eb32
RSP=0x00000006d47e0d90, RBP=0x00000006d47e1440, RSI=0x00000006d47e0ed0, RDI=0x00000006d47e1be0
R8 =0x0000000068408595, R9 =0x0000a10fafc6bee4, R10=0x000000006840eb32, R11=0x0000012691820d20
R12=0x00000006d47e2208, R13=0x00007ffc064ef900, R14=0x0000000000000000, R15=0x0000000000000000
RIP=0x00007ffc4ec64fd9, EFLAGS=0x0000000000000206

Top of Stack: (sp=0x00000006d47e0d90)
0x00000006d47e0d90:   fffffffffffffffe 00000006d47e3390
0x00000006d47e0da0:   00000006d47e0ed0 0000000000000000
0x00000006d47e0db0:   00000001e06d7363 0000000000000000
0x00000006d47e0dc0:   00007ffc4ec64fd9 0000000000000004
0x00000006d47e0dd0:   0000000019930520 00000006d47e5cf8
0x00000006d47e0de0:   00007ffc063ac3a8 00007ffc06210000
0x00000006d47e0df0:   0000adb38d197801 00000006d47e2208
0x00000006d47e0e00:   0000000000000004 00007ffc4c604685
0x00000006d47e0e10:   0000000000000000 00000124223ab760
0x00000006d47e0e20:   00000006d47e0ed0 00000006d47e1440
0x00000006d47e0e30:   00000006d47e1be0 00007ffc4c60470d
0x00000006d47e0e40:   00000006d47e3390 00000006d47e0ed0
0x00000006d47e0e50:   0000d3db8cd89462 000001268ea8be80
0x00000006d47e0e60:   00000006d47e3390 00007ffc4c601f74
0x00000006d47e0e70:   00007ffc064ef900 00000006d47e2208
0x00000006d47e0e80:   0000012400000100 00000000c543a0c0 

Instructions: (pc=0x00007ffc4ec64fd9)
0x00007ffc4ec64fb9:   8b d1 44 0f 47 c0 44 89 44 24 38 49 c1 e0 03 e8
0x00007ffc4ec64fc9:   0a 1e 06 00 48 8d 4c 24 20 48 ff 15 27 e6 18 00
0x00007ffc4ec64fd9:   0f 1f 44 00 00 48 8b 8c 24 c0 00 00 00 48 33 cc
0x00007ffc4ec64fe9:   e8 52 96 05 00 48 81 c4 d8 00 00 00 c3 cc 83 64 


Register to memory mapping:

RAX=0x0000000000000030 is an unknown value
RBX=0x00000006d47e3390 is pointing into the stack for thread: 0x000001242e672000
RCX=0x0000012600000000 is an unallocated location in the heap
RDX=0x000000006840eb32 is an unknown value
RSP=0x00000006d47e0d90 is pointing into the stack for thread: 0x000001242e672000
RBP=0x00000006d47e1440 is pointing into the stack for thread: 0x000001242e672000
RSI=0x00000006d47e0ed0 is pointing into the stack for thread: 0x000001242e672000
RDI=0x00000006d47e1be0 is pointing into the stack for thread: 0x000001242e672000
R8 =0x0000000068408595 is an unknown value
R9 =0x0000a10fafc6bee4 is an unknown value
R10=0x000000006840eb32 is an unknown value
R11=0x0000012691820d20 is an unknown value
R12=0x00000006d47e2208 is pointing into the stack for thread: 0x000001242e672000
R13=0x00007ffc064ef900 is an unknown value
R14=0x0000000000000000 is an unknown value
R15=0x0000000000000000 is an unknown value


Stack: [0x00000006d0800000,0x00000006d4800000],  sp=0x00000006d47e0d90,  free space=65411k
Native frames: (J=compiled Java code, j=interpreted, Vv=VM code, C=native code)
C  [KERNELBASE.dll+0x34fd9]
C  [VCRUNTIME140.dll+0x1f74]
C  [ntdll.dll+0xa1626]
C  0x00007ffc06487a3f
C  0x00007ffc06457c42
C  0x00007ffc06457421
C  0x00007ffc06459313
C  [libmwservices.dll+0x29f923]
C  [libmwservices.dll+0x2a0f10]
C  [libmwservices.dll+0x2a1c0e]
C  0x00007ffbfd8e3e2a
C  0x000001242e76a0ae

Java frames: (J=compiled Java code, j=interpreted, Vv=VM code)
j  com.mathworks.jmi.NativeMatlab.ProcessPendingEvents()Z+0
j  com.mathworks.jmi.NativeMatlab.processPendingEvents()Z+8
j  com.mathworks.jmi.Matlab$ProcessPendingEvents.callBooleanMethod(Ljava/lang/Object;)Z+0
j  com.mathworks.util.FactoryUtils.processPendingEvents()Z+12
j  com.mathworks.widgets.desk.Desktop.canClose()Z+38
j  com.mathworks.mde.desk.MLDesktop.canClose()Z+296
j  com.mathworks.mde.desk.MLDesktop$2.call()Ljava/lang/Boolean;+4
j  com.mathworks.mde.desk.MLDesktop$2.call()Ljava/lang/Object;+1
j  com.mathworks.jmi.Matlab.runPredicates(Ljava/util/List;Z)Z+59
j  com.mathworks.jmi.Matlab.isOkToExit()Z+4
v  ~StubRoutines::call_stub
j  com.mathworks.jmi.NativeMatlab.SendMatlabMessage(Ljava/lang/Object;)Ljava/lang/Object;+0
j  com.mathworks.jmi.NativeMatlab.sendMatlabMessage(Ljava/lang/Object;)Ljava/lang/Object;+22
j  com.mathworks.jmi.MatlabLooper.sendMatlabMessage(Lcom/mathworks/services/message/MWMessage;)Ljava/lang/Object;+20
j  com.mathworks.jmi.Matlab.mtFevalConsoleOutput(Ljava/lang/String;[Ljava/lang/Object;I)Ljava/lang/Object;+58
j  com.mathworks.toolbox.instrument.events.ActionQueue.run()V+130
v  ~StubRoutines::call_stub

---------------  P R O C E S S  ---------------

Java Threads: ( => current thread )
  0x00000126c66da800 JavaThread "Installation Observer" daemon [_thread_blocked, id=12360, stack(0x00000006dd900000,0x00000006dda00000)]
  0x00000126c66dd800 JavaThread "com.mathworks.addons_common.notificationframework.InstalledFolderRegistryObservers" daemon [_thread_blocked, id=1152, stack(0x00000006deb00000,0x00000006dec00000)]
  0x0000012694720000 JavaThread "com.mathworks.addons_common.notificationframework.InstalledAddOnsCache" daemon [_thread_blocked, id=836, stack(0x00000006dde00000,0x00000006ddf00000)]
  0x0000012694722800 JavaThread "TimerQueue" daemon [_thread_blocked, id=8608, stack(0x00000006dd000000,0x00000006dd100000)]
  0x0000012694725800 JavaThread "AWT-EventQueue-0-SharedResourceRunner" daemon [_thread_blocked, id=7604, stack(0x00000006dca00000,0x00000006dcb00000)]
  0x0000012694721800 JavaThread "Thread-3" daemon [_thread_blocked, id=10840, stack(0x00000006dc000000,0x00000006dc100000)]
  0x00000126949d4000 JavaThread "AWT-EventQueue-0" [_thread_blocked, id=6504, stack(0x00000006dbe00000,0x00000006dbf00000)]
  0x0000012694056800 JavaThread "AWT-Shutdown" [_thread_blocked, id=13580, stack(0x00000006dba00000,0x00000006dbb00000)]
  0x00000126947fb000 JavaThread "EventMgr Dispatcher" daemon [_thread_in_native, id=9072, stack(0x00000006dbd00000,0x00000006dbe00000)]
  0x0000012694057000 JavaThread "AWT-Windows" daemon [_thread_in_native, id=11492, stack(0x00000006dbb00000,0x00000006dbc00000)]
  0x0000012693701000 JavaThread "Java2D Disposer" daemon [_thread_blocked, id=13228, stack(0x00000006db900000,0x00000006dba00000)]
  0x0000012693fd0800 JavaThread "Settings Releaser" daemon [_thread_blocked, id=9140, stack(0x00000006db800000,0x00000006db900000)]
  0x0000012693b66000 JavaThread "EventMgr Dispatcher" daemon [_thread_in_native, id=12352, stack(0x00000006db700000,0x00000006db800000)]
  0x00000126902f9000 JavaThread "Service Thread" daemon [_thread_blocked, id=10316, stack(0x00000006db400000,0x00000006db500000)]
  0x0000012690260800 JavaThread "C1 CompilerThread11" daemon [_thread_blocked, id=12512, stack(0x00000006db300000,0x00000006db400000)]
  0x0000012690244800 JavaThread "C1 CompilerThread10" daemon [_thread_blocked, id=4488, stack(0x00000006db200000,0x00000006db300000)]
  0x0000012690238000 JavaThread "C1 CompilerThread9" daemon [_thread_blocked, id=11152, stack(0x00000006db100000,0x00000006db200000)]
  0x0000012690234000 JavaThread "C1 CompilerThread8" daemon [_thread_blocked, id=8500, stack(0x00000006db000000,0x00000006db100000)]
  0x0000012690233800 JavaThread "C2 CompilerThread7" daemon [_thread_blocked, id=2884, stack(0x00000006daf00000,0x00000006db000000)]
  0x000001269022e800 JavaThread "C2 CompilerThread6" daemon [_thread_blocked, id=11140, stack(0x00000006dae00000,0x00000006daf00000)]
  0x000001268ea9c800 JavaThread "C2 CompilerThread5" daemon [_thread_blocked, id=13968, stack(0x00000006dad00000,0x00000006dae00000)]
  0x000001268ea9b000 JavaThread "C2 CompilerThread4" daemon [_thread_blocked, id=1624, stack(0x00000006dac00000,0x00000006dad00000)]
  0x000001268ea99000 JavaThread "C2 CompilerThread3" daemon [_thread_blocked, id=12528, stack(0x00000006dab00000,0x00000006dac00000)]
  0x000001268ea98000 JavaThread "C2 CompilerThread2" daemon [_thread_blocked, id=4016, stack(0x00000006daa00000,0x00000006dab00000)]
  0x000001268ea97000 JavaThread "C2 CompilerThread1" daemon [_thread_blocked, id=8256, stack(0x00000006da900000,0x00000006daa00000)]
  0x000001268ea93800 JavaThread "C2 CompilerThread0" daemon [_thread_blocked, id=10720, stack(0x00000006da800000,0x00000006da900000)]
  0x000001268ea90800 JavaThread "Attach Listener" daemon [_thread_blocked, id=10928, stack(0x00000006da700000,0x00000006da800000)]
  0x000001268ea89800 JavaThread "Finalizer" daemon [_thread_blocked, id=11324, stack(0x00000006da600000,0x00000006da700000)]
  0x000001268ea80800 JavaThread "Reference Handler" daemon [_thread_blocked, id=13380, stack(0x00000006da500000,0x00000006da600000)]
=>0x000001242e672000 JavaThread "main" [_thread_in_native, id=2828, stack(0x00000006d0800000,0x00000006d4800000)]

Other Threads:
  0x000001268ea5a800 VMThread [stack: 0x00000006da400000,0x00000006da500000] [id=5196]
  0x000001269028c000 WatcherThread [stack: 0x00000006db500000,0x00000006db600000] [id=9660]

VM state:not at safepoint (normal execution)

VM Mutex/Monitor currently owned by a thread: None

heap address: 0x000001243de00000, size: 8152 MB, Compressed Oops mode: Non-zero based:0x000001243ddff000, Oop shift amount: 3
Narrow klass base: 0x000001264e0a0000, Narrow klass shift: 0
Compressed class space size: 1073741824 Address: 0x000001264e0a0000

Heap:
 PSYoungGen      total 132608K, used 70242K [0x00000125bc000000, 0x00000125c6400000, 0x000001263b600000)
  eden space 129024K, 51% used [0x00000125bc000000,0x00000125c0162400,0x00000125c3e00000)
  from space 3584K, 91% used [0x00000125c6080000,0x00000125c63b6630,0x00000125c6400000)
  to   space 11776K, 0% used [0x00000125c4d00000,0x00000125c4d00000,0x00000125c5880000)
 ParOldGen       total 55808K, used 34136K [0x000001243de00000, 0x0000012441480000, 0x00000125bc000000)
  object space 55808K, 61% used [0x000001243de00000,0x000001243ff56118,0x0000012441480000)
 Metaspace       used 49190K, capacity 49656K, committed 50176K, reserved 1093632K
  class space    used 6434K, capacity 6571K, committed 6656K, reserved 1048576K

Card table byte_map: [0x000001263b600000,0x000001263c5f0000] byte_map_base: 0x00000125a9411000

Marking Bits: (ParMarkBitMap*) 0x0000000068a15ce0
 Begin Bits: [0x000001263d1f0000, 0x0000012645150000)
 End Bits:   [0x0000012645150000, 0x000001264d0b0000)

Polling page: 0x0000012420ec0000

CodeCache: size=245760Kb used=18726Kb max_used=18743Kb free=227034Kb
 bounds [0x000001242e750000, 0x000001242f9c0000, 0x000001243d750000]
 total_blobs=5932 nmethods=4918 adapters=923
 compilation: enabled

Compilation events (10 events):
Event: 2807.726 Thread 0x000001269022e800 5756       4       java.awt.EventQueue::coalesceEvent (86 bytes)
Event: 2807.727 Thread 0x000001269022e800 nmethod 5756 0x000001242eb46e10 code [0x000001242eb46f80, 0x000001242eb47138]
Event: 2807.747 Thread 0x000001268ea9c800 5757       4       java.awt.EventQueue::cacheEQItem (60 bytes)
Event: 2807.748 Thread 0x000001268ea9c800 nmethod 5757 0x000001242efd2490 code [0x000001242efd25e0, 0x000001242efd2898]
Event: 2810.406 Thread 0x0000012690234000 5758       3       java.lang.reflect.Method::setMethodAccessor (21 bytes)
Event: 2810.406 Thread 0x0000012690234000 nmethod 5758 0x000001242f295110 code [0x000001242f295280, 0x000001242f2956b0]
Event: 2810.410 Thread 0x000001268ea98000 5759   !   4       java.util.concurrent.ConcurrentHashMap::putVal (362 bytes)
Event: 2810.418 Thread 0x000001268ea98000 nmethod 5759 0x000001242f9984d0 code [0x000001242f9986a0, 0x000001242f9994d0]
Event: 2810.419 Thread 0x0000012690260800 5760       3       java.util.concurrent.ThreadPoolExecutor::workerCountOf (5 bytes)
Event: 2810.419 Thread 0x0000012690260800 nmethod 5760 0x000001242edcba50 code [0x000001242edcbba0, 0x000001242edcbcd8]

GC Heap History (10 events):
Event: 9.332 GC heap before
{Heap before GC invocations=22 (full 2):
 PSYoungGen      total 110592K, used 109986K [0x00000125bc000000, 0x00000125c4900000, 0x000001263b600000)
  eden space 100864K, 100% used [0x00000125bc000000,0x00000125c2280000,0x00000125c2280000)
  from space 9728K, 93% used [0x00000125c2280000,0x00000125c2b689e0,0x00000125c2c00000)
  to   space 11264K, 0% used [0x00000125c3e00000,0x00000125c3e00000,0x00000125c4900000)
 ParOldGen       total 55808K, used 24040K [0x000001243de00000, 0x0000012441480000, 0x00000125bc000000)
  object space 55808K, 43% used [0x000001243de00000,0x000001243f57a0b0,0x0000012441480000)
 Metaspace       used 44305K, capacity 44778K, committed 45184K, reserved 1089536K
  class space    used 5773K, capacity 5944K, committed 6016K, reserved 1048576K
Event: 9.339 GC heap after
Heap after GC invocations=22 (full 2):
 PSYoungGen      total 126976K, used 11239K [0x00000125bc000000, 0x00000125c4e00000, 0x000001263b600000)
  eden space 115712K, 0% used [0x00000125bc000000,0x00000125bc000000,0x00000125c3100000)
  from space 11264K, 99% used [0x00000125c3e00000,0x00000125c48f9cc0,0x00000125c4900000)
  to   space 13312K, 0% used [0x00000125c3100000,0x00000125c3100000,0x00000125c3e00000)
 ParOldGen       total 55808K, used 25238K [0x000001243de00000, 0x0000012441480000, 0x00000125bc000000)
  object space 55808K, 45% used [0x000001243de00000,0x000001243f6a5a80,0x0000012441480000)
 Metaspace       used 44305K, capacity 44778K, committed 45184K, reserved 1089536K
  class space    used 5773K, capacity 5944K, committed 6016K, reserved 1048576K
}
Event: 10.463 GC heap before
{Heap before GC invocations=23 (full 2):
 PSYoungGen      total 126976K, used 126951K [0x00000125bc000000, 0x00000125c4e00000, 0x000001263b600000)
  eden space 115712K, 100% used [0x00000125bc000000,0x00000125c3100000,0x00000125c3100000)
  from space 11264K, 99% used [0x00000125c3e00000,0x00000125c48f9cc0,0x00000125c4900000)
  to   space 13312K, 0% used [0x00000125c3100000,0x00000125c3100000,0x00000125c3e00000)
 ParOldGen       total 55808K, used 25238K [0x000001243de00000, 0x0000012441480000, 0x00000125bc000000)
  object space 55808K, 45% used [0x000001243de00000,0x000001243f6a5a80,0x0000012441480000)
 Metaspace       used 48140K, capacity 48588K, committed 49024K, reserved 1091584K
  class space    used 6268K, capacity 6409K, committed 6528K, reserved 1048576K
Event: 10.473 GC heap after
Heap after GC invocations=23 (full 2):
 PSYoungGen      total 129024K, used 6211K [0x00000125bc000000, 0x00000125c5d80000, 0x000001263b600000)
  eden space 115712K, 0% used [0x00000125bc000000,0x00000125bc000000,0x00000125c3100000)
  from space 13312K, 46% used [0x00000125c3100000,0x00000125c3710ce0,0x00000125c3e00000)
  to   space 12800K, 0% used [0x00000125c5100000,0x00000125c5100000,0x00000125c5d80000)
 ParOldGen       total 55808K, used 34112K [0x000001243de00000, 0x0000012441480000, 0x00000125bc000000)
  object space 55808K, 61% used [0x000001243de00000,0x000001243ff50118,0x0000012441480000)
 Metaspace       used 48140K, capacity 48588K, committed 49024K, reserved 1091584K
  class space    used 6268K, capacity 6409K, committed 6528K, reserved 1048576K
}
Event: 10.974 GC heap before
{Heap before GC invocations=24 (full 2):
 PSYoungGen      total 129024K, used 121923K [0x00000125bc000000, 0x00000125c5d80000, 0x000001263b600000)
  eden space 115712K, 100% used [0x00000125bc000000,0x00000125c3100000,0x00000125c3100000)
  from space 13312K, 46% used [0x00000125c3100000,0x00000125c3710ce0,0x00000125c3e00000)
  to   space 12800K, 0% used [0x00000125c5100000,0x00000125c5100000,0x00000125c5d80000)
 ParOldGen       total 55808K, used 34112K [0x000001243de00000, 0x0000012441480000, 0x00000125bc000000)
  object space 55808K, 61% used [0x000001243de00000,0x000001243ff50118,0x0000012441480000)
 Metaspace       used 48144K, capacity 48588K, committed 49024K, reserved 1091584K
  class space    used 6268K, capacity 6409K, committed 6528K, reserved 1048576K
Event: 10.975 GC heap after
Heap after GC invocations=24 (full 2):
 PSYoungGen      total 145408K, used 2778K [0x00000125bc000000, 0x00000125c5c00000, 0x000001263b600000)
  eden space 134144K, 0% used [0x00000125bc000000,0x00000125bc000000,0x00000125c4300000)
  from space 11264K, 24% used [0x00000125c5100000,0x00000125c53b6810,0x00000125c5c00000)
  to   space 12800K, 0% used [0x00000125c4300000,0x00000125c4300000,0x00000125c4f80000)
 ParOldGen       total 55808K, used 34120K [0x000001243de00000, 0x0000012441480000, 0x00000125bc000000)
  object space 55808K, 61% used [0x000001243de00000,0x000001243ff52118,0x0000012441480000)
 Metaspace       used 48144K, capacity 48588K, committed 49024K, reserved 1091584K
  class space    used 6268K, capacity 6409K, committed 6528K, reserved 1048576K
}
Event: 17.708 GC heap before
{Heap before GC invocations=25 (full 2):
 PSYoungGen      total 145408K, used 136922K [0x00000125bc000000, 0x00000125c5c00000, 0x000001263b600000)
  eden space 134144K, 100% used [0x00000125bc000000,0x00000125c4300000,0x00000125c4300000)
  from space 11264K, 24% used [0x00000125c5100000,0x00000125c53b6810,0x00000125c5c00000)
  to   space 12800K, 0% used [0x00000125c4300000,0x00000125c4300000,0x00000125c4f80000)
 ParOldGen       total 55808K, used 34120K [0x000001243de00000, 0x0000012441480000, 0x00000125bc000000)
  object space 55808K, 61% used [0x000001243de00000,0x000001243ff52118,0x0000012441480000)
 Metaspace       used 48645K, capacity 49112K, committed 49536K, reserved 1091584K
  class space    used 6278K, capacity 6411K, committed 6528K, reserved 1048576K
Event: 17.710 GC heap after
Heap after GC invocations=25 (full 2):
 PSYoungGen      total 146944K, used 3111K [0x00000125bc000000, 0x00000125c6c80000, 0x000001263b600000)
  eden space 134144K, 0% used [0x00000125bc000000,0x00000125bc000000,0x00000125c4300000)
  from space 12800K, 24% used [0x00000125c4300000,0x00000125c4609d30,0x00000125c4f80000)
  to   space 12288K, 0% used [0x00000125c6080000,0x00000125c6080000,0x00000125c6c80000)
 ParOldGen       total 55808K, used 34128K [0x000001243de00000, 0x0000012441480000, 0x00000125bc000000)
  object space 55808K, 61% used [0x000001243de00000,0x000001243ff54118,0x0000012441480000)
 Metaspace       used 48645K, capacity 49112K, committed 49536K, reserved 1091584K
  class space    used 6278K, capacity 6411K, committed 6528K, reserved 1048576K
}
Event: 960.152 GC heap before
{Heap before GC invocations=26 (full 2):
 PSYoungGen      total 146944K, used 137255K [0x00000125bc000000, 0x00000125c6c80000, 0x000001263b600000)
  eden space 134144K, 100% used [0x00000125bc000000,0x00000125c4300000,0x00000125c4300000)
  from space 12800K, 24% used [0x00000125c4300000,0x00000125c4609d30,0x00000125c4f80000)
  to   space 12288K, 0% used [0x00000125c6080000,0x00000125c6080000,0x00000125c6c80000)
 ParOldGen       total 55808K, used 34128K [0x000001243de00000, 0x0000012441480000, 0x00000125bc000000)
  object space 55808K, 61% used [0x000001243de00000,0x000001243ff54118,0x0000012441480000)
 Metaspace       used 48695K, capacity 49144K, committed 49536K, reserved 1091584K
  class space    used 6282K, capacity 6443K, committed 6528K, reserved 1048576K
Event: 960.154 GC heap after
Heap after GC invocations=26 (full 2):
 PSYoungGen      total 132608K, used 3289K [0x00000125bc000000, 0x00000125c6400000, 0x000001263b600000)
  eden space 129024K, 0% used [0x00000125bc000000,0x00000125bc000000,0x00000125c3e00000)
  from space 3584K, 91% used [0x00000125c6080000,0x00000125c63b6630,0x00000125c6400000)
  to   space 11776K, 0% used [0x00000125c4d00000,0x00000125c4d00000,0x00000125c5880000)
 ParOldGen       total 55808K, used 34136K [0x000001243de00000, 0x0000012441480000, 0x00000125bc000000)
  object space 55808K, 61% used [0x000001243de00000,0x000001243ff56118,0x0000012441480000)
 Metaspace       used 48695K, capacity 49144K, committed 49536K, reserved 1091584K
  class space    used 6282K, capacity 6443K, committed 6528K, reserved 1048576K
}

Deoptimization events (10 events):
Event: 2804.402 Thread 0x00000126949d4000 Uncommon trap: reason=unstable_if action=reinterpret pc=0x000001242f987180 method=java.awt.Component.dispatchEventImpl(Ljava/awt/AWTEvent;)V @ 759
Event: 2804.402 Thread 0x00000126949d4000 Uncommon trap: reason=class_check action=maybe_recompile pc=0x000001242f975a44 method=java.awt.EventQueue.uncacheEQItem(Lsun/awt/EventQueueItem;)V @ 20
Event: 2804.402 Thread 0x00000126949d4000 Uncommon trap: reason=unstable_if action=reinterpret pc=0x000001242f9387c4 method=java.awt.Component.eventTypeEnabled(I)Z @ 480
Event: 2804.402 Thread 0x00000126949d4000 Uncommon trap: reason=speculate_class_check action=maybe_recompile pc=0x000001242f0de308 method=java.awt.Component.dispatchEvent(Ljava/awt/AWTEvent;)V @ 2
Event: 2804.402 Thread 0x00000126949d4000 Uncommon trap: reason=unstable_if action=reinterpret pc=0x000001242f96f808 method=java.awt.KeyboardFocusManager.processCurrentLightweightRequests()V @ 12
Event: 2804.404 Thread 0x00000126949d4000 Uncommon trap: reason=speculate_class_check action=maybe_recompile pc=0x000001242f0de308 method=java.awt.Component.dispatchEvent(Ljava/awt/AWTEvent;)V @ 2
Event: 2804.414 Thread 0x0000012694520800 Uncommon trap: reason=unstable_if action=reinterpret pc=0x000001242f970990 method=sun.awt.AWTAutoShutdown.notifyThreadBusy(Ljava/lang/Thread;)V @ 37
Event: 2804.665 Thread 0x000001242e672000 Uncommon trap: reason=unstable_if action=reinterpret pc=0x000001242f969a70 method=com.mathworks.hg.util.HGPeerQueue.flush(Z)V @ 61
Event: 2804.666 Thread 0x00000126949d4000 Uncommon trap: reason=unstable_if action=reinterpret pc=0x000001242f90fbb8 method=com.mathworks.hg.util.HGPeerQueue$HGPeerRunnablesRunner.runit(Z[I)V @ 115
Event: 2804.666 Thread 0x00000126949d4000 Uncommon trap: reason=unstable_if action=reinterpret pc=0x000001242f79e3d0 method=javax.swing.SwingUtilities.getWindowAncestor(Ljava/awt/Component;)Ljava/awt/Window; @ 6

Classes redefined (0 events):
No events

Internal exceptions (10 events):
Event: 2809.599 Thread 0x00000126949d4000 Exception <a 'java/net/SocketTimeoutException': Receive timed out> (0x00000125bf7c1428) thrown at [C:\re\workspace\8-2-build-windows-amd64-cygwin\jdk8u202\12323\hotspot\src\share\vm\prims\jni.cpp, line 736]
Event: 2809.682 Thread 0x00000126949d4000 Exception <a 'java/net/SocketTimeoutException': Receive timed out> (0x00000125bf7c1d28) thrown at [C:\re\workspace\8-2-build-windows-amd64-cygwin\jdk8u202\12323\hotspot\src\share\vm\prims\jni.cpp, line 736]
Event: 2809.766 Thread 0x00000126949d4000 Exception <a 'java/net/SocketTimeoutException': Receive timed out> (0x00000125bf7c2628) thrown at [C:\re\workspace\8-2-build-windows-amd64-cygwin\jdk8u202\12323\hotspot\src\share\vm\prims\jni.cpp, line 736]
Event: 2809.849 Thread 0x00000126949d4000 Exception <a 'java/net/SocketTimeoutException': Receive timed out> (0x00000125bf7c2f28) thrown at [C:\re\workspace\8-2-build-windows-amd64-cygwin\jdk8u202\12323\hotspot\src\share\vm\prims\jni.cpp, line 736]
Event: 2809.933 Thread 0x00000126949d4000 Exception <a 'java/net/SocketTimeoutException': Receive timed out> (0x00000125bf7c3828) thrown at [C:\re\workspace\8-2-build-windows-amd64-cygwin\jdk8u202\12323\hotspot\src\share\vm\prims\jni.cpp, line 736]
Event: 2810.018 Thread 0x00000126949d4000 Exception <a 'java/net/SocketTimeoutException': Receive timed out> (0x00000125bf7c4128) thrown at [C:\re\workspace\8-2-build-windows-amd64-cygwin\jdk8u202\12323\hotspot\src\share\vm\prims\jni.cpp, line 736]
Event: 2810.102 Thread 0x00000126949d4000 Exception <a 'java/net/SocketTimeoutException': Receive timed out> (0x00000125bf7c4a28) thrown at [C:\re\workspace\8-2-build-windows-amd64-cygwin\jdk8u202\12323\hotspot\src\share\vm\prims\jni.cpp, line 736]
Event: 2810.185 Thread 0x00000126949d4000 Exception <a 'java/net/SocketTimeoutException': Receive timed out> (0x00000125bf7c5908) thrown at [C:\re\workspace\8-2-build-windows-amd64-cygwin\jdk8u202\12323\hotspot\src\share\vm\prims\jni.cpp, line 736]
Event: 2810.269 Thread 0x00000126949d4000 Exception <a 'java/net/SocketTimeoutException': Receive timed out> (0x00000125bf7c6208) thrown at [C:\re\workspace\8-2-build-windows-amd64-cygwin\jdk8u202\12323\hotspot\src\share\vm\prims\jni.cpp, line 736]
Event: 2810.352 Thread 0x00000126949d4000 Exception <a 'java/net/SocketTimeoutException': Receive timed out> (0x00000125bf7c6b08) thrown at [C:\re\workspace\8-2-build-windows-amd64-cygwin\jdk8u202\12323\hotspot\src\share\vm\prims\jni.cpp, line 736]

Events (10 events):
Event: 2810.418 loading class com/mathworks/widgets/ComponentBuilder
Event: 2810.418 loading class com/mathworks/widgets/ComponentBuilder done
Event: 2810.419 loading class com/mathworks/widgets/BusyAffordance$1
Event: 2810.419 loading class com/mathworks/widgets/BusyAffordance$1 done
Event: 2810.419 Thread 0x00000126c66dc800 Thread exited: 0x00000126c66dc800
Event: 2810.419 Executing VM operation: RevokeBias
Event: 2810.419 Executing VM operation: RevokeBias done
Event: 2810.419 loading class com/mathworks/util/Log$1
Event: 2810.419 loading class com/mathworks/util/Log$1 done
Event: 2810.420 Thread 0x0000012690260800 flushing nmethod 0x000001242eed0a50


Dynamic libraries:
0x00007ff6b39e0000 - 0x00007ff6b3a13000 	C:\Program Files\MATLAB\R2020b\bin\win64\matlab.exe
0x00007ffc512b0000 - 0x00007ffc514a8000 	C:\WINDOWS\SYSTEM32\ntdll.dll
0x00007ffc50270000 - 0x00007ffc5032d000 	C:\WINDOWS\System32\KERNEL32.DLL
0x00007ffc4ec30000 - 0x00007ffc4eefe000 	C:\WINDOWS\System32\KERNELBASE.dll
0x00007ffc4abe0000 - 0x00007ffc4ac70000 	C:\WINDOWS\SYSTEM32\apphelp.dll
0x00007ffc4f110000 - 0x00007ffc4f210000 	C:\WINDOWS\System32\ucrtbase.dll
0x00007ffc0e5c0000 - 0x00007ffc0ee63000 	C:\Program Files\MATLAB\R2020b\bin\win64\mlutil.dll
0x00007ffc2bf70000 - 0x00007ffc2c199000 	C:\Program Files\MATLAB\R2020b\bin\win64\libmwi18n.dll
0x00007ffc10590000 - 0x00007ffc1099f000 	C:\Program Files\MATLAB\R2020b\bin\win64\mvm.dll
0x00007ffc0ee70000 - 0x00007ffc0f330000 	C:\Program Files\MATLAB\R2020b\bin\win64\libmwservices.dll
0x00007ffc4ff00000 - 0x00007ffc4ffae000 	C:\WINDOWS\System32\ADVAPI32.dll
0x00007ffc0e310000 - 0x00007ffc0e5b5000 	C:\Program Files\MATLAB\R2020b\bin\win64\libmwfl.dll
0x00007ffc4f750000 - 0x00007ffc4f8f0000 	C:\WINDOWS\System32\USER32.dll
0x00007ffc50ef0000 - 0x00007ffc50f8e000 	C:\WINDOWS\System32\msvcrt.dll
0x00007ffc4eb60000 - 0x00007ffc4eb87000 	C:\WINDOWS\System32\bcrypt.dll
0x00007ffc4e9d0000 - 0x00007ffc4e9f2000 	C:\WINDOWS\System32\win32u.dll
0x00007ffc50f90000 - 0x00007ffc50ffb000 	C:\WINDOWS\System32\WS2_32.dll
0x00007ffc4f950000 - 0x00007ffc4f9ec000 	C:\WINDOWS\System32\sechost.dll
0x00007ffc51130000 - 0x00007ffc51255000 	C:\WINDOWS\System32\RPCRT4.dll
0x00007ffc503c0000 - 0x00007ffc503ea000 	C:\WINDOWS\System32\GDI32.dll
0x00007ffc2d140000 - 0x00007ffc2d1db000 	C:\Program Files\MATLAB\R2020b\bin\win64\MSVCP140.dll
0x00007ffc4f000000 - 0x00007ffc4f10b000 	C:\WINDOWS\System32\gdi32full.dll
0x00007ffc4c600000 - 0x00007ffc4c616000 	C:\Program Files\MATLAB\R2020b\bin\win64\VCRUNTIME140.dll
0x00007ffc4eb90000 - 0x00007ffc4ec2d000 	C:\WINDOWS\System32\msvcp_win.dll
0x00007ffc48770000 - 0x00007ffc48784000 	C:\Program Files\MATLAB\R2020b\bin\win64\libmwcapabilities.dll
0x00007ffc0dfc0000 - 0x00007ffc0e30f000 	C:\Program Files\MATLAB\R2020b\bin\win64\libmwms.dll
0x00007ffc507a0000 - 0x00007ffc50ee4000 	C:\WINDOWS\System32\SHELL32.dll
0x00007ffc2bde0000 - 0x00007ffc2bf6f000 	C:\Program Files\MATLAB\R2020b\bin\win64\libmx.dll
0x00007ffc2c6d0000 - 0x00007ffc2c7a6000 	C:\Program Files\MATLAB\R2020b\bin\win64\libut.dll
0x00007ffc21040000 - 0x00007ffc211f8000 	C:\Program Files\MATLAB\R2020b\bin\win64\libmwfoundation_matlabdata.dll
0x00007ffc51000000 - 0x00007ffc5112a000 	C:\WINDOWS\System32\ole32.dll
0x00007ffc3cd70000 - 0x00007ffc3cdb1000 	C:\Program Files\MATLAB\R2020b\bin\win64\libmwfoundation_usm.dll
0x00007ffc45710000 - 0x00007ffc4571e000 	C:\Program Files\MATLAB\R2020b\bin\win64\libmwmatlabdata_boost_serialization.dll
0x00007ffc4c440000 - 0x00007ffc4c46a000 	C:\Program Files\MATLAB\R2020b\bin\win64\libmwfoundation_filesystem.dll
0x00007ffc4f3f0000 - 0x00007ffc4f744000 	C:\WINDOWS\System32\combase.dll
0x00007ffc4c130000 - 0x00007ffc4c148000 	C:\Program Files\MATLAB\R2020b\bin\win64\libmwcpp11compat.dll
0x00007ffc506c0000 - 0x00007ffc5078d000 	C:\WINDOWS\System32\OLEAUT32.dll
0x00007ffc22210000 - 0x00007ffc223a7000 	C:\Program Files\MATLAB\R2020b\bin\win64\libmwmst.dll
0x00007ffc2b9d0000 - 0x00007ffc2ba81000 	C:\Program Files\MATLAB\R2020b\bin\win64\mwboost_log-vc141-mt-x64-1_70.dll
0x00007ffc2d090000 - 0x00007ffc2d0d1000 	C:\Program Files\MATLAB\R2020b\bin\win64\mwboost_serialization-vc141-mt-x64-1_70.dll
0x00007ffc4ab70000 - 0x00007ffc4ab8c000 	C:\Program Files\MATLAB\R2020b\bin\win64\mwboost_thread-vc141-mt-x64-1_70.dll
0x00007ffc46310000 - 0x00007ffc46344000 	C:\Program Files\MATLAB\R2020b\bin\win64\libmwthreadpool.dll
0x00007ffc2c610000 - 0x00007ffc2c676000 	C:\Program Files\MATLAB\R2020b\bin\win64\tbb.dll
0x00007ffc4c630000 - 0x00007ffc4c639000 	C:\Program Files\MATLAB\R2020b\bin\win64\libmwresource_core.dll
0x00007ffc2c5a0000 - 0x00007ffc2c60a000 	C:\Program Files\MATLAB\R2020b\bin\win64\libmwlivecode.dll
0x00007ffc4b630000 - 0x00007ffc4b642000 	C:\Program Files\MATLAB\R2020b\bin\win64\mwboost_date_time-vc141-mt-x64-1_70.dll
0x00007ffc497b0000 - 0x00007ffc497d0000 	C:\Program Files\MATLAB\R2020b\bin\win64\mwboost_filesystem-vc141-mt-x64-1_70.dll
0x00007ffc2c3d0000 - 0x00007ffc2c45b000 	C:\Program Files\MATLAB\R2020b\bin\win64\libmwcppmicroservices.dll
0x00007ffc462c0000 - 0x00007ffc462dc000 	C:\Program Files\MATLAB\R2020b\bin\win64\libmwstartupplugin.dll
0x00007ffc4f2a0000 - 0x00007ffc4f307000 	C:\WINDOWS\System32\WINTRUST.dll
0x00007ffc49780000 - 0x00007ffc497a8000 	C:\Program Files\MATLAB\R2020b\bin\win64\libexpat.dll
0x00007ffc4ea00000 - 0x00007ffc4eb56000 	C:\WINDOWS\System32\CRYPT32.dll
0x00007ffc275d0000 - 0x00007ffc276cc000 	C:\Program Files\MATLAB\R2020b\bin\win64\libmwstartup_plugin_initializer.dll
0x00007ffc28bf0000 - 0x00007ffc28c47000 	C:\Program Files\MATLAB\R2020b\bin\win64\libmwsearch_path_utilities.dll
0x00007ffc20b40000 - 0x00007ffc20d9d000 	C:\Program Files\MATLAB\R2020b\bin\win64\icuin64.dll
0x00007ffc0d7a0000 - 0x00007ffc0d943000 	C:\Program Files\MATLAB\R2020b\bin\win64\libmwflstoragevfs.dll
0x00007ffc4c5f0000 - 0x00007ffc4c5ff000 	C:\Program Files\MATLAB\R2020b\bin\win64\libmvmtransportapi.dll
0x00007ffc28cb0000 - 0x00007ffc28e41000 	C:\Program Files\MATLAB\R2020b\bin\win64\icuuc64.dll
0x00007ffc10420000 - 0x00007ffc1058e000 	C:\Program Files\MATLAB\R2020b\bin\win64\matlab_toolbox_events.dll
0x00007ffc28580000 - 0x00007ffc285f0000 	C:\Program Files\MATLAB\R2020b\bin\win64\libmwcwf_interface.dll
0x00007ffc4c430000 - 0x00007ffc4c43e000 	C:\Program Files\MATLAB\R2020b\bin\win64\libmwmatlabstoragesystem.dll
0x00007ffc209f0000 - 0x00007ffc20b13000 	C:\Program Files\MATLAB\R2020b\bin\win64\libmwflstorageprovider.dll
0x00007ffc398d0000 - 0x00007ffc398ed000 	C:\WINDOWS\SYSTEM32\MPR.dll
0x00007ffc0db00000 - 0x00007ffc0dd9a000 	C:\Program Files\MATLAB\R2020b\bin\win64\execution_events.dll
0x00007ffc48760000 - 0x00007ffc4876f000 	C:\Program Files\MATLAB\R2020b\bin\win64\libmwflstorageutility.dll
0x00007ffc288d0000 - 0x00007ffc2891c000 	C:\Program Files\MATLAB\R2020b\bin\win64\libmwrelease_info.dll
0x00007ffc4c4c0000 - 0x00007ffc4c4ce000 	C:\Program Files\MATLAB\R2020b\bin\win64\mwboost_chrono-vc141-mt-x64-1_70.dll
0x00007ffc0d250000 - 0x00007ffc0d7a0000 	C:\Program Files\MATLAB\R2020b\bin\win64\settingscore.dll
0x00007ffc27570000 - 0x00007ffc275c5000 	C:\Program Files\MATLAB\R2020b\bin\win64\libmwsettings_in_matlab.dll
0x00007ffc26610000 - 0x00007ffc2669f000 	C:\Program Files\MATLAB\R2020b\bin\win64\opccore.dll
0x00007ffc0d090000 - 0x00007ffc0d24e000 	C:\Program Files\MATLAB\R2020b\bin\win64\opcmodel.dll
0x00007ffc3cad0000 - 0x00007ffc3cb0c000 	C:\Program Files\MATLAB\R2020b\bin\win64\opczippackage.dll
0x00007ffc3c6b0000 - 0x00007ffc3c6ef000 	C:\Program Files\MATLAB\R2020b\bin\win64\string_matrix.dll
0x00007ffc462a0000 - 0x00007ffc462b8000 	C:\Program Files\MATLAB\R2020b\bin\win64\mwboost_iostreams-vc141-mt-x64-1_70.dll
0x00007ffc0dec0000 - 0x00007ffc0dfb9000 	C:\Program Files\MATLAB\R2020b\bin\win64\mwboost_regex-vc141-mt-x64-1_70.dll
0x00007ffc170d0000 - 0x00007ffc171ff000 	C:\Program Files\MATLAB\R2020b\bin\win64\CppMicroServices3.dll
0x00007ffc4bf30000 - 0x00007ffc4c114000 	C:\WINDOWS\SYSTEM32\dbghelp.dll
0x00007ffc4fe60000 - 0x00007ffc4feb5000 	C:\WINDOWS\System32\SHLWAPI.dll
0x00007ffc4e840000 - 0x00007ffc4e88b000 	C:\WINDOWS\SYSTEM32\POWRPROF.dll
0x00007ffc2d200000 - 0x00007ffc2d237000 	C:\Program Files\MATLAB\R2020b\bin\win64\libmwmfl_permute.dll
0x00007ffc36650000 - 0x00007ffc36662000 	C:\Program Files\MATLAB\R2020b\bin\win64\libmwindexingapimethods.dll
0x00007ffc235e0000 - 0x00007ffc2363f000 	C:\Program Files\MATLAB\R2020b\bin\win64\tbbmalloc.dll
0x0000000068aa0000 - 0x0000000068aba000 	C:\Program Files\MATLAB\R2020b\bin\win64\zlib1.dll
0x00007ffc45700000 - 0x00007ffc4570d000 	C:\Program Files\MATLAB\R2020b\bin\win64\libmwflstrings.dll
0x00007ffc3c980000 - 0x00007ffc3c991000 	C:\Program Files\MATLAB\R2020b\bin\win64\icuio64.dll
0x00007ffc2d2a0000 - 0x00007ffc2d2e0000 	C:\Program Files\MATLAB\R2020b\bin\win64\libmwmsr.dll
0x00007ffc4e0c0000 - 0x00007ffc4e12a000 	C:\WINDOWS\SYSTEM32\MSWSOCK.dll
0x00007ffc36fc0000 - 0x00007ffc36fcc000 	C:\WINDOWS\SYSTEM32\Secur32.dll
0x00007ffc16ba0000 - 0x00007ffc16c42000 	C:\Program Files\MATLAB\R2020b\bin\win64\opcmwservices.dll
0x00007ffc0c700000 - 0x00007ffc0ca1a000 	C:\Program Files\MATLAB\R2020b\bin\win64\xerces-c_3_2.dll
0x00007ffc35db0000 - 0x00007ffc35dc9000 	C:\Program Files\MATLAB\R2020b\bin\win64\libmwsearch_path_interfaces.dll
0x00007ffc0cfe0000 - 0x00007ffc0d086000 	C:\Program Files\MATLAB\R2020b\bin\win64\libmwstoragefilefolderobserver.dll
0x00007ffc0cd30000 - 0x00007ffc0cfe0000 	C:\Program Files\MATLAB\R2020b\bin\win64\libmwflnetwork.dll
0x00007ffc2d120000 - 0x00007ffc2d13e000 	C:\Program Files\MATLAB\R2020b\bin\win64\libmwflstorageevents.dll
0x00007ffc16fe0000 - 0x00007ffc17035000 	C:\Program Files\MATLAB\R2020b\bin\win64\libmwfoundation_json.dll
0x00007ffc0de40000 - 0x00007ffc0dec0000 	C:\Program Files\MATLAB\R2020b\bin\win64\xmlcore.dll
0x00007ffc0cb40000 - 0x00007ffc0cc33000 	C:\Program Files\MATLAB\R2020b\bin\win64\libmwfoundation_matlabdata_standalone.dll
0x00007ffc0cc40000 - 0x00007ffc0cd29000 	C:\Program Files\MATLAB\R2020b\bin\win64\libmwsearch_path_events.dll
0x00007ffc0ca20000 - 0x00007ffc0cb35000 	C:\Program Files\MATLAB\R2020b\bin\win64\libmwfoundation_matlabdata_json.dll
0x00007ffc2c6a0000 - 0x00007ffc2c6c9000 	C:\Program Files\MATLAB\R2020b\bin\win64\libmwnativedialogs.dll
0x00007ffc0c6a0000 - 0x00007ffc0c6f2000 	C:\Program Files\MATLAB\R2020b\bin\win64\libmwflcrypto.dll
0x00007ffc21c00000 - 0x00007ffc21c40000 	C:\Program Files\MATLAB\R2020b\bin\win64\libmwflcryptoutils.dll
0x00007ffc0c640000 - 0x00007ffc0c697000 	C:\Program Files\MATLAB\R2020b\bin\win64\libmwflcertificates.dll
0x00007ffc06fc0000 - 0x00007ffc071df000 	C:\Program Files\MATLAB\R2020b\bin\win64\libmwflcryptocryptopp.dll
0x00007ffc2d100000 - 0x00007ffc2d111000 	C:\Program Files\MATLAB\R2020b\bin\win64\libminizip.dll
0x00007ffc06f30000 - 0x00007ffc06fbb000 	C:\Program Files\MATLAB\R2020b\bin\win64\mcos.dll
0x00007ffc4ddb0000 - 0x00007ffc4ddeb000 	C:\WINDOWS\SYSTEM32\IPHLPAPI.DLL
0x00007ffc2c3b0000 - 0x00007ffc2c3c6000 	C:\Program Files\MATLAB\R2020b\bin\win64\libmwdtoa.dll
0x00007ffc29a20000 - 0x00007ffc29a40000 	C:\Program Files\MATLAB\R2020b\bin\win64\libmwmodule_descriptor_interfaces.dll
0x00007ffc3cd40000 - 0x00007ffc3cd4e000 	C:\Program Files\MATLAB\R2020b\bin\win64\libmwfoundation_matlabjson_frontend.dll
0x00007ffc06bc0000 - 0x00007ffc06e7f000 	C:\Program Files\MATLAB\R2020b\bin\win64\libcrypto-1_1-x64.dll
0x00007ffc06e80000 - 0x00007ffc06f2c000 	C:\Program Files\MATLAB\R2020b\bin\win64\libssl-1_1-x64.dll
0x00007ffc4e890000 - 0x00007ffc4e8c2000 	C:\WINDOWS\SYSTEM32\SSPICLI.DLL
0x000001241c9c0000 - 0x000001241e404000 	C:\Program Files\MATLAB\R2020b\bin\win64\icudt64.dll
0x00007ffc4e820000 - 0x00007ffc4e832000 	C:\WINDOWS\SYSTEM32\UMPDC.dll
0x00007ffc4fed0000 - 0x00007ffc4ff00000 	C:\WINDOWS\System32\IMM32.DLL
0x00007ffc4e4f0000 - 0x00007ffc4e502000 	C:\WINDOWS\SYSTEM32\MSASN1.dll
0x00007ffc4e2d0000 - 0x00007ffc4e2dc000 	C:\WINDOWS\SYSTEM32\CRYPTBASE.DLL
0x00007ffc4f210000 - 0x00007ffc4f292000 	C:\WINDOWS\System32\bcryptPrimitives.dll
0x00007ffc06b10000 - 0x00007ffc06bb3000 	C:\Program Files\MATLAB\R2020b\bin\win64\DeclarativeServices1.dll
0x00007ffc398f0000 - 0x00007ffc398f9000 	C:\Program Files\MATLAB\R2020b\bin\win64\usLogService.dll
0x00007ffc27550000 - 0x00007ffc27563000 	C:\Program Files\MATLAB\R2020b\bin\win64\usServiceComponent.dll
0x00007ffc235c0000 - 0x00007ffc235db000 	C:\Program Files\MATLAB\R2020b\bin\win64\cppmicroservices_compendium\foundation\cppmicroservices\logserviceimpl\mwLogServiceImpl.dll
0x00007ffc221f0000 - 0x00007ffc2220c000 	C:\Program Files\MATLAB\R2020b\bin\win64\matlab_startup_plugins\connector\openssl_initializer\libmwconnectoropensslinitializer.dll
0x00007ffc06a20000 - 0x00007ffc06b0d000 	C:\Program Files\MATLAB\R2020b\bin\win64\PocoNet64.dll
0x00007ffc21000000 - 0x00007ffc2103a000 	C:\Program Files\MATLAB\R2020b\bin\win64\PocoNetSSL64.dll
0x00007ffc06840000 - 0x00007ffc069aa000 	C:\Program Files\MATLAB\R2020b\bin\win64\PocoFoundation64.dll
0x00007ffc22040000 - 0x00007ffc22070000 	C:\Program Files\MATLAB\R2020b\bin\win64\PocoCrypto64.dll

VM Arguments:
jvm_args: -Xms64m -XX:NewRatio=3 -Xmx8152m -XX:MaxDirectMemorySize=2147400000 -Dsun.java2d.noddraw=true -Dsun.awt.nopixfmt=true -Xshare:off -Djava.ext.dirs=C:\Program Files\MATLAB\R2020b\sys\java\jre\win64\jre\lib\ext -Djogamp.gluegen.UseTempJarCache=false -Djogl.disable.opengles=1 -Djogl.windows.cpu_affinity_mode=0 -Xrs -Djava.library.path=C:\Program Files\MATLAB\R2020b\bin\win64;C:\Program Files\MATLAB\R2020b\sys\jxbrowser\win64\lib vfprintf -XX:ErrorFile=C:\Users\EXPERI~1\AppData\Local\Temp\hs_error_pid4024.log abort -Duser.language=en -Duser.country=GB -Dfile.encoding=Cp1252 -XX:ParallelGCThreads=6 
java_command: <unknown>
java_class_path (initial): C:\Program Files\MATLAB\R2020b\java\patch;C:\Program Files\MATLAB\R2020b\java\jar\jmi.jar;C:\Program Files\MATLAB\R2020b\java\jar\util.jar;C:\Program Files\MATLAB\R2020b\java\jar\mvm.jar;C:\Program Files\MATLAB\R2020b\java\jar\services.jar;C:\Program Files\MATLAB\R2020b\java\jarext\commons-io.jar;C:\Program Files\MATLAB\R2020b\java\jar\cfbutils.jar;C:\Program Files\MATLAB\R2020b\java\jar\capabilities.jar;C:\Program Files\MATLAB\R2020b\java\jar\mlwidgets.jar;C:\Program Files\MATLAB\R2020b\java\jar\html.jar;C:\Program Files\MATLAB\R2020b\java\jar\net.jar;C:\Program Files\MATLAB\R2020b\java\jar\ddux_api.jar;C:\Program Files\MATLAB\R2020b\java\jarext\log4j.jar;C:\Program Files\MATLAB\R2020b\java\jar\mwswing.jar;C:\Program Files\MATLAB\R2020b\java\jar\common.jar;C:\Program Files\MATLAB\R2020b\java\jarext\google-collect.jar;C:\Program Files\MATLAB\R2020b\java\jarext\commons-lang.jar;C:\Program Files\MATLAB\R2020b\java\jarext\jide\jide-common.jar;C:\Program Files\MATLAB\R2020b\java\jarext\jide\jide-dock.jar;C:\Program Files\MATLAB\R2020b\java\jarext\jide\jide-action.jar;C:\Program Files\MATLAB\R2020b\java\jarext\jide\jide-components.jar;C:\Program Files\MATLAB\R2020b\java\jarext\jide\jide-grids.jar;C:\Program Files\MATLAB\R2020b\java\jarext\jide\jide-dialogs.jar;C:\Program Files\MATLAB\R2020b\java\jarext\jide\jide-shortcut.jar;C:\Program Files\MATLAB\R2020b\java\jarext\jide\jide-charts.jar;C:\Program Files\MATLAB\R2020b\java\jar\toolstrip.jar;C:\Program Files\MATLAB\R2020b\java\jar\mlservices.jar;C:\Program Files\MATLAB\R2020b\java\jar\widgets.jar;C:\Program Files\MATLAB\R2020b\java\jar\mde.jar;C:\Program Files\MATLAB\R2020b\java\jar\explorer.jar;C:\Program Files\MATLAB\R2020b\java\jar\explorer_api.jar;C:\Program Files\MATLAB\R2020b\java\jar\desktop.jar;C:\Program Files\MATLAB\R2020b\java\jar\addons.jar;C:\Program Files\MATLAB\R2020b\java\jar\addons_common.jar;C:\Program Files\MATLAB\R2020b\java\jarext\connector_api\msscommon\msscommon.jar;C:\P
Launcher Type: generic

Environment Variables:
PATH=C:\Program Files\MATLAB\R2020b\toolbox\imaq\imaqextern\drivers\win64\genicam\GenICam_V3_1_0\bin\Win64_x64;C:\Program Files\MATLAB\R2020b\bin\win64;C:\WINDOWS\system32;C:\WINDOWS;C:\WINDOWS\System32\Wbem;C:\WINDOWS\System32\WindowsPowerShell\v1.0\;C:\WINDOWS\System32\OpenSSH\;C:\Program Files\MATLAB\R2020b\bin;C:\Program Files\Git\cmd;C:\Program Files\Point Grey Research\FlyCap2 Viewer\bin64;%FC2PATH\vs2013;C:\Program Files\Point Grey Research\FlyCap2 Viewer\bin64\vs2015;C:\Program Files\Point Grey Research\Spinnaker\bin64\vs2015;C:\Program Files\Point Grey Research\Spinnaker\bin\vs2015;C:\Users\Experiment\AppData\Local\Microsoft\WindowsApps;C:\Users\Experiment\anaconda3\condabin;C:\Users\Experiment\anaconda3\Scripts;
USERNAME=Experiment
OS=Windows_NT
PROCESSOR_IDENTIFIER=Intel64 Family 6 Model 165 Stepping 5, GenuineIntel



---------------  S Y S T E M  ---------------

OS: Windows 10.0 , 64 bit Build 19041 (10.0.19041.1806)

CPU:total 20 (initial active 20) (10 cores per cpu, 2 threads per core) family 6 model 165 stepping 5, cmov, cx8, fxsr, mmx, sse, sse2, sse3, ssse3, sse4.1, sse4.2, popcnt, avx, avx2, aes, clmul, erms, 3dnowpref, lzcnt, ht, tsc, tscinvbit, bmi1, bmi2, adx

Memory: 4k page, physical 33392416k(27207112k free), swap 46240752k(36668912k free)

vm_info: Java HotSpot(TM) 64-Bit Server VM (25.202-b08) for windows-amd64 JRE (1.8.0_202-b08), built on Dec 15 2018 19:54:30 by "java_re" with MS VC++ 10.0 (VS2010)

time: Thu Aug 04 11:32:45 2022
timezone: GMT Daylight Time
elapsed time: 2810 seconds (0d 0h 46m 50s)

