#
# A fatal error has been detected by the Java Runtime Environment:
#
#  EXCEPTION_UNCAUGHT_CXX_EXCEPTION (0xe06d7363) at pc=0x00007ffc4ec64fd9, pid=12964, tid=0x0000000000002d04
#
# JRE version: Java(TM) SE Runtime Environment (8.0_202-b08) (build 1.8.0_202-b08)
# Java VM: Java HotSpot(TM) 64-Bit Server VM (25.202-b08 mixed mode windows-amd64 compressed oops)
# Problematic frame:
# C  [KERNELBASE.dll+0x34fd9]
#
# Failed to write core dump. Minidumps are not enabled by default on client versions of Windows
#
# If you would like to submit a bug report, please visit:
#   http://bugreport.java.com/bugreport/crash.jsp
# The crash happened outside the Java Virtual Machine in native code.
# See problematic frame for where to report the bug.
#

---------------  T H R E A D  ---------------

Current thread (0x0000023157a92000):  JavaThread "main" [_thread_in_native, id=11524, stack(0x0000005755f00000,0x0000005759f00000)]

siginfo: ExceptionCode=0xe06d7363, ExceptionInformation=0x0000000019930520 0x0000005759ee6038 0x00007ffc06a7c3a8 0x00007ffc068e0000 

Registers:
RAX=0x0000000000000000, RBX=0x0000005759ee36d0, RCX=0x0000000000000000, RDX=0x0000000000000000
RSP=0x0000005759ee10d0, RBP=0x0000005759ee1780, RSI=0x0000005759ee1210, RDI=0x0000005759ee1f20
R8 =0x0000023157ab1de0, R9 =0x0000000000000009, R10=0x0000000068a0a490, R11=0x0000000000000030
R12=0x0000005759ee2548, R13=0x00007ffc06bbf900, R14=0x0000000000000000, R15=0x0000000000000000
RIP=0x00007ffc4ec64fd9, EFLAGS=0x0000000000000202

Top of Stack: (sp=0x0000005759ee10d0)
0x0000005759ee10d0:   fffffffffffffffe 0000005759ee36d0
0x0000005759ee10e0:   0000005759ee1210 0000000000000000
0x0000005759ee10f0:   00000001e06d7363 0000000000000000
0x0000005759ee1100:   00007ffc4ec64fd9 0000000000000004
0x0000005759ee1110:   0000000019930520 0000005759ee6038
0x0000005759ee1120:   00007ffc06a7c3a8 00007ffc068e0000
0x0000005759ee1130:   0000cd3f520dd102 0000005759ee2548
0x0000005759ee1140:   0000000000000004 00007ffc4c5f4685
0x0000005759ee1150:   0000000000000000 000002314b014f30
0x0000005759ee1160:   0000005759ee1210 0000005759ee1780
0x0000005759ee1170:   0000005759ee1f20 00007ffc4c5f470d
0x0000005759ee1180:   0000005759ee36d0 0000005759ee1210
0x0000005759ee1190:   000028717393ed95 0000023134e2c6e8
0x0000005759ee11a0:   0000005759ee36d0 00007ffc4c5f1f74
0x0000005759ee11b0:   00007ffc06bbf900 0000005759ee2548
0x0000005759ee11c0:   0000000000000100 0000005759ee1178 

Instructions: (pc=0x00007ffc4ec64fd9)
0x00007ffc4ec64fb9:   8b d1 44 0f 47 c0 44 89 44 24 38 49 c1 e0 03 e8
0x00007ffc4ec64fc9:   0a 1e 06 00 48 8d 4c 24 20 48 ff 15 27 e6 18 00
0x00007ffc4ec64fd9:   0f 1f 44 00 00 48 8b 8c 24 c0 00 00 00 48 33 cc
0x00007ffc4ec64fe9:   e8 52 96 05 00 48 81 c4 d8 00 00 00 c3 cc 83 64 


Register to memory mapping:

RAX=0x0000000000000000 is an unknown value
RBX=0x0000005759ee36d0 is pointing into the stack for thread: 0x0000023157a92000
RCX=0x0000000000000000 is an unknown value
RDX=0x0000000000000000 is an unknown value
RSP=0x0000005759ee10d0 is pointing into the stack for thread: 0x0000023157a92000
RBP=0x0000005759ee1780 is pointing into the stack for thread: 0x0000023157a92000
RSI=0x0000005759ee1210 is pointing into the stack for thread: 0x0000023157a92000
RDI=0x0000005759ee1f20 is pointing into the stack for thread: 0x0000023157a92000
R8 =0x0000023157ab1de0 is an unknown value
R9 =0x0000000000000009 is an unknown value
R10=0x0000000068a0a490 is an unknown value
R11=0x0000000000000030 is an unknown value
R12=0x0000005759ee2548 is pointing into the stack for thread: 0x0000023157a92000
R13=0x00007ffc06bbf900 is an unknown value
R14=0x0000000000000000 is an unknown value
R15=0x0000000000000000 is an unknown value


Stack: [0x0000005755f00000,0x0000005759f00000],  sp=0x0000005759ee10d0,  free space=65412k
Native frames: (J=compiled Java code, j=interpreted, Vv=VM code, C=native code)
C  [KERNELBASE.dll+0x34fd9]
C  [VCRUNTIME140.dll+0x1f74]
C  [ntdll.dll+0xa1626]
C  0x00007ffc06b57a3f
C  0x00007ffc06b27c42
C  0x00007ffc06b27421
C  0x00007ffc06b29313
C  [libmwservices.dll+0x29f923]
C  [libmwservices.dll+0x2a0f10]
C  [libmwservices.dll+0x2a1c0e]
C  0x00007ffbfe053e2a
C  0x0000023157b89f2e

Java frames: (J=compiled Java code, j=interpreted, Vv=VM code)
j  com.mathworks.jmi.NativeMatlab.ProcessPendingEvents()Z+0
j  com.mathworks.jmi.NativeMatlab.processPendingEvents()Z+8
j  com.mathworks.jmi.Matlab$ProcessPendingEvents.callBooleanMethod(Ljava/lang/Object;)Z+0
j  com.mathworks.util.FactoryUtils.processPendingEvents()Z+12
j  com.mathworks.widgets.desk.Desktop.canClose()Z+38
j  com.mathworks.mde.desk.MLDesktop.canClose()Z+296
j  com.mathworks.mde.desk.MLDesktop$2.call()Ljava/lang/Boolean;+4
j  com.mathworks.mde.desk.MLDesktop$2.call()Ljava/lang/Object;+1
j  com.mathworks.jmi.Matlab.runPredicates(Ljava/util/List;Z)Z+59
j  com.mathworks.jmi.Matlab.isOkToExit()Z+4
v  ~StubRoutines::call_stub
j  com.mathworks.jmi.NativeMatlab.SendMatlabMessage(Ljava/lang/Object;)Ljava/lang/Object;+0
j  com.mathworks.jmi.NativeMatlab.sendMatlabMessage(Ljava/lang/Object;)Ljava/lang/Object;+22
j  com.mathworks.jmi.MatlabLooper.sendMatlabMessage(Lcom/mathworks/services/message/MWMessage;)Ljava/lang/Object;+20
j  com.mathworks.jmi.Matlab.mtFevalConsoleOutput(Ljava/lang/String;[Ljava/lang/Object;I)Ljava/lang/Object;+58
j  com.mathworks.toolbox.instrument.events.ActionQueue.run()V+130
v  ~StubRoutines::call_stub

---------------  P R O C E S S  ---------------

Java Threads: ( => current thread )
  0x0000023132204000 JavaThread "Installation Observer" daemon [_thread_blocked, id=13836, stack(0x0000005763700000,0x0000005763800000)]
  0x000002317d39f800 JavaThread "Keep-Alive-SocketCleaner" daemon [_thread_blocked, id=13720, stack(0x0000005766200000,0x0000005766300000)]
  0x0000023132204800 JavaThread "com.mathworks.addons_common.notificationframework.InstalledFolderRegistryObservers" daemon [_thread_blocked, id=13472, stack(0x0000005764700000,0x0000005764800000)]
  0x00000231008b5800 JavaThread "com.mathworks.addons_common.notificationframework.InstalledAddOnsCache" daemon [_thread_blocked, id=12552, stack(0x0000005763500000,0x0000005763600000)]
  0x00000231008b6800 JavaThread "TimerQueue" daemon [_thread_blocked, id=12084, stack(0x0000005762600000,0x0000005762700000)]
  0x00000231008bb800 JavaThread "AWT-EventQueue-0-SharedResourceRunner" daemon [_thread_blocked, id=5852, stack(0x0000005762100000,0x0000005762200000)]
  0x00000231008bb000 JavaThread "Thread-3" daemon [_thread_blocked, id=8080, stack(0x0000005761700000,0x0000005761800000)]
  0x0000023100367800 JavaThread "AWT-EventQueue-0" [_thread_blocked, id=14272, stack(0x0000005761500000,0x0000005761600000)]
  0x0000023100367000 JavaThread "AWT-Shutdown" [_thread_blocked, id=13240, stack(0x0000005761100000,0x0000005761200000)]
  0x000002317f7eb000 JavaThread "EventMgr Dispatcher" daemon [_thread_in_native, id=10416, stack(0x0000005761400000,0x0000005761500000)]
  0x000002317eee3000 JavaThread "AWT-Windows" daemon [_thread_in_native, id=11228, stack(0x0000005761200000,0x0000005761300000)]
  0x000002317eee1000 JavaThread "Java2D Disposer" daemon [_thread_blocked, id=10824, stack(0x0000005761000000,0x0000005761100000)]
  0x00000231001ab000 JavaThread "Settings Releaser" daemon [_thread_blocked, id=1260, stack(0x0000005760f00000,0x0000005761000000)]
  0x00000231001aa800 JavaThread "EventMgr Dispatcher" daemon [_thread_in_native, id=13112, stack(0x0000005760e00000,0x0000005760f00000)]
  0x000002317cbc3000 JavaThread "Service Thread" daemon [_thread_blocked, id=13036, stack(0x0000005760b00000,0x0000005760c00000)]
  0x000002317cb1d800 JavaThread "C1 CompilerThread11" daemon [_thread_blocked, id=14132, stack(0x0000005760a00000,0x0000005760b00000)]
  0x000002317cb16800 JavaThread "C1 CompilerThread10" daemon [_thread_blocked, id=12736, stack(0x0000005760900000,0x0000005760a00000)]
  0x000002317cb12800 JavaThread "C1 CompilerThread9" daemon [_thread_blocked, id=11416, stack(0x0000005760800000,0x0000005760900000)]
  0x000002317cb0f000 JavaThread "C1 CompilerThread8" daemon [_thread_blocked, id=12892, stack(0x0000005760700000,0x0000005760800000)]
  0x000002317cb0e000 JavaThread "C2 CompilerThread7" daemon [_thread_blocked, id=10600, stack(0x0000005760600000,0x0000005760700000)]
  0x000002317cb09000 JavaThread "C2 CompilerThread6" daemon [_thread_blocked, id=10788, stack(0x0000005760500000,0x0000005760600000)]
  0x000002317a3ca800 JavaThread "C2 CompilerThread5" daemon [_thread_blocked, id=13184, stack(0x0000005760400000,0x0000005760500000)]
  0x000002317a3c9000 JavaThread "C2 CompilerThread4" daemon [_thread_blocked, id=6000, stack(0x0000005760300000,0x0000005760400000)]
  0x000002317a3c7000 JavaThread "C2 CompilerThread3" daemon [_thread_blocked, id=12704, stack(0x0000005760200000,0x0000005760300000)]
  0x000002317a3c5800 JavaThread "C2 CompilerThread2" daemon [_thread_blocked, id=9640, stack(0x0000005760100000,0x0000005760200000)]
  0x000002317a3c5000 JavaThread "C2 CompilerThread1" daemon [_thread_blocked, id=10412, stack(0x0000005760000000,0x0000005760100000)]
  0x000002317a3c1000 JavaThread "C2 CompilerThread0" daemon [_thread_blocked, id=1004, stack(0x000000575ff00000,0x0000005760000000)]
  0x000002317a3be800 JavaThread "Attach Listener" daemon [_thread_blocked, id=11632, stack(0x000000575fe00000,0x000000575ff00000)]
  0x000002317a3b9800 JavaThread "Finalizer" daemon [_thread_blocked, id=14080, stack(0x000000575fd00000,0x000000575fe00000)]
  0x000002317a3b0800 JavaThread "Reference Handler" daemon [_thread_blocked, id=12244, stack(0x000000575fc00000,0x000000575fd00000)]
=>0x0000023157a92000 JavaThread "main" [_thread_in_native, id=11524, stack(0x0000005755f00000,0x0000005759f00000)]

Other Threads:
  0x000002317a38a800 VMThread [stack: 0x000000575fb00000,0x000000575fc00000] [id=13520]
  0x000002317cc60800 WatcherThread [stack: 0x0000005760c00000,0x0000005760d00000] [id=13116]

VM state:not at safepoint (normal execution)

VM Mutex/Monitor currently owned by a thread: None

heap address: 0x00000005c2800000, size: 8152 MB, Compressed Oops mode: Zero based, Oop shift amount: 3
Narrow klass base: 0x0000000000000000, Narrow klass shift: 3
Compressed class space size: 1073741824 Address: 0x00000007c0000000

Heap:
 PSYoungGen      total 113664K, used 21049K [0x0000000740a00000, 0x000000074a300000, 0x00000007c0000000)
  eden space 111616K, 17% used [0x0000000740a00000,0x0000000741cd0920,0x0000000747700000)
  from space 2048K, 87% used [0x000000074a100000,0x000000074a2bdc70,0x000000074a300000)
  to   space 8704K, 0% used [0x0000000749200000,0x0000000749200000,0x0000000749a80000)
 ParOldGen       total 54784K, used 34210K [0x00000005c2800000, 0x00000005c5d80000, 0x0000000740a00000)
  object space 54784K, 62% used [0x00000005c2800000,0x00000005c4968940,0x00000005c5d80000)
 Metaspace       used 49205K, capacity 49650K, committed 49920K, reserved 1093632K
  class space    used 6436K, capacity 6570K, committed 6656K, reserved 1048576K

Card table byte_map: [0x0000023166f30000,0x0000023167f20000] byte_map_base: 0x000002316411c000

Marking Bits: (ParMarkBitMap*) 0x0000000068a15ce0
 Begin Bits: [0x0000023168b20000, 0x0000023170a80000)
 End Bits:   [0x0000023170a80000, 0x00000231789e0000)

Polling page: 0x000002314a240000

CodeCache: size=245760Kb used=18758Kb max_used=18869Kb free=227001Kb
 bounds [0x0000023157b70000, 0x0000023158e30000, 0x0000023166b70000]
 total_blobs=6036 nmethods=5020 adapters=925
 compilation: enabled

Compilation events (10 events):
Event: 756.105 Thread 0x000002317cb1d800 5978       3       java.lang.reflect.Method::setMethodAccessor (21 bytes)
Event: 756.105 Thread 0x000002317cb12800 nmethod 5977 0x0000023157eb9350 code [0x0000023157eb94c0, 0x0000023157eb96d8]
Event: 756.105 Thread 0x000002317cb1d800 nmethod 5978 0x000002315871f990 code [0x000002315871fb00, 0x000002315871fed0]
Event: 756.105 Thread 0x000002317cb0f000 nmethod 5976 0x000002315849f290 code [0x000002315849f5c0, 0x00000231584a1790]
Event: 757.159 Thread 0x000002317cb16800 5979   !   3       java.awt.EventDispatchThread::pumpOneEventForFilters (190 bytes)
Event: 757.159 Thread 0x000002317cb16800 nmethod 5979 0x00000231582cc550 code [0x00000231582cc860, 0x00000231582cdf70]
Event: 757.453 Thread 0x000002317cb1d800 5980       1       java.lang.reflect.Method::getMethodAccessor (5 bytes)
Event: 757.453 Thread 0x000002317cb1d800 nmethod 5980 0x00000231582cc250 code [0x00000231582cc3a0, 0x00000231582cc4b8]
Event: 757.459 Thread 0x000002317cb12800 5981       3       sun.misc.Resource::getByteBuffer (24 bytes)
Event: 757.459 Thread 0x000002317cb12800 nmethod 5981 0x0000023157fe0c50 code [0x0000023157fe0e00, 0x0000023157fe1580]

GC Heap History (10 events):
Event: 486.202 GC heap before
{Heap before GC invocations=32 (full 2):
 PSYoungGen      total 142848K, used 142615K [0x0000000740a00000, 0x000000074b380000, 0x00000007c0000000)
  eden space 136704K, 100% used [0x0000000740a00000,0x0000000748f80000,0x0000000748f80000)
  from space 6144K, 96% used [0x000000074a600000,0x000000074abc5f20,0x000000074ac00000)
  to   space 7680K, 0% used [0x000000074ac00000,0x000000074ac00000,0x000000074b380000)
 ParOldGen       total 54784K, used 30067K [0x00000005c2800000, 0x00000005c5d80000, 0x0000000740a00000)
  object space 54784K, 54% used [0x00000005c2800000,0x00000005c455ce18,0x00000005c5d80000)
 Metaspace       used 48691K, capacity 49138K, committed 49536K, reserved 1091584K
  class space    used 6283K, capacity 6442K, committed 6528K, reserved 1048576K
Event: 486.204 GC heap after
Heap after GC invocations=32 (full 2):
 PSYoungGen      total 137216K, used 5894K [0x0000000740a00000, 0x000000074b200000, 0x00000007c0000000)
  eden space 131072K, 0% used [0x0000000740a00000,0x0000000740a00000,0x0000000748a00000)
  from space 6144K, 95% used [0x000000074ac00000,0x000000074b1c1868,0x000000074b200000)
  to   space 9216K, 0% used [0x000000074a000000,0x000000074a000000,0x000000074a900000)
 ParOldGen       total 54784K, used 30067K [0x00000005c2800000, 0x00000005c5d80000, 0x0000000740a00000)
  object space 54784K, 54% used [0x00000005c2800000,0x00000005c455ce18,0x00000005c5d80000)
 Metaspace       used 48691K, capacity 49138K, committed 49536K, reserved 1091584K
  class space    used 6283K, capacity 6442K, committed 6528K, reserved 1048576K
}
Event: 533.035 GC heap before
{Heap before GC invocations=33 (full 2):
 PSYoungGen      total 137216K, used 136966K [0x0000000740a00000, 0x000000074b200000, 0x00000007c0000000)
  eden space 131072K, 100% used [0x0000000740a00000,0x0000000748a00000,0x0000000748a00000)
  from space 6144K, 95% used [0x000000074ac00000,0x000000074b1c1868,0x000000074b200000)
  to   space 9216K, 0% used [0x000000074a000000,0x000000074a000000,0x000000074a900000)
 ParOldGen       total 54784K, used 30067K [0x00000005c2800000, 0x00000005c5d80000, 0x0000000740a00000)
  object space 54784K, 54% used [0x00000005c2800000,0x00000005c455ce18,0x00000005c5d80000)
 Metaspace       used 48691K, capacity 49138K, committed 49536K, reserved 1091584K
  class space    used 6283K, capacity 6442K, committed 6528K, reserved 1048576K
Event: 533.039 GC heap after
Heap after GC invocations=33 (full 2):
 PSYoungGen      total 132096K, used 5875K [0x0000000740a00000, 0x000000074ac80000, 0x00000007c0000000)
  eden space 125952K, 0% used [0x0000000740a00000,0x0000000740a00000,0x0000000748500000)
  from space 6144K, 95% used [0x000000074a000000,0x000000074a5bcf50,0x000000074a600000)
  to   space 6656K, 0% used [0x000000074a600000,0x000000074a600000,0x000000074ac80000)
 ParOldGen       total 54784K, used 30067K [0x00000005c2800000, 0x00000005c5d80000, 0x0000000740a00000)
  object space 54784K, 54% used [0x00000005c2800000,0x00000005c455ce18,0x00000005c5d80000)
 Metaspace       used 48691K, capacity 49138K, committed 49536K, reserved 1091584K
  class space    used 6283K, capacity 6442K, committed 6528K, reserved 1048576K
}
Event: 578.130 GC heap before
{Heap before GC invocations=34 (full 2):
 PSYoungGen      total 132096K, used 131827K [0x0000000740a00000, 0x000000074ac80000, 0x00000007c0000000)
  eden space 125952K, 100% used [0x0000000740a00000,0x0000000748500000,0x0000000748500000)
  from space 6144K, 95% used [0x000000074a000000,0x000000074a5bcf50,0x000000074a600000)
  to   space 6656K, 0% used [0x000000074a600000,0x000000074a600000,0x000000074ac80000)
 ParOldGen       total 54784K, used 30067K [0x00000005c2800000, 0x00000005c5d80000, 0x0000000740a00000)
  object space 54784K, 54% used [0x00000005c2800000,0x00000005c455ce18,0x00000005c5d80000)
 Metaspace       used 48691K, capacity 49138K, committed 49536K, reserved 1091584K
  class space    used 6283K, capacity 6442K, committed 6528K, reserved 1048576K
Event: 578.132 GC heap after
Heap after GC invocations=34 (full 2):
 PSYoungGen      total 126976K, used 5860K [0x0000000740a00000, 0x000000074ac00000, 0x00000007c0000000)
  eden space 120832K, 0% used [0x0000000740a00000,0x0000000740a00000,0x0000000748000000)
  from space 6144K, 95% used [0x000000074a600000,0x000000074abb93c0,0x000000074ac00000)
  to   space 8704K, 0% used [0x0000000749b00000,0x0000000749b00000,0x000000074a380000)
 ParOldGen       total 54784K, used 30067K [0x00000005c2800000, 0x00000005c5d80000, 0x0000000740a00000)
  object space 54784K, 54% used [0x00000005c2800000,0x00000005c455ce18,0x00000005c5d80000)
 Metaspace       used 48691K, capacity 49138K, committed 49536K, reserved 1091584K
  class space    used 6283K, capacity 6442K, committed 6528K, reserved 1048576K
}
Event: 620.929 GC heap before
{Heap before GC invocations=35 (full 2):
 PSYoungGen      total 126976K, used 126692K [0x0000000740a00000, 0x000000074ac00000, 0x00000007c0000000)
  eden space 120832K, 100% used [0x0000000740a00000,0x0000000748000000,0x0000000748000000)
  from space 6144K, 95% used [0x000000074a600000,0x000000074abb93c0,0x000000074ac00000)
  to   space 8704K, 0% used [0x0000000749b00000,0x0000000749b00000,0x000000074a380000)
 ParOldGen       total 54784K, used 30067K [0x00000005c2800000, 0x00000005c5d80000, 0x0000000740a00000)
  object space 54784K, 54% used [0x00000005c2800000,0x00000005c455ce18,0x00000005c5d80000)
 Metaspace       used 48691K, capacity 49138K, committed 49536K, reserved 1091584K
  class space    used 6283K, capacity 6442K, committed 6528K, reserved 1048576K
Event: 620.932 GC heap after
Heap after GC invocations=35 (full 2):
 PSYoungGen      total 122368K, used 5926K [0x0000000740a00000, 0x000000074a680000, 0x00000007c0000000)
  eden space 116224K, 0% used [0x0000000740a00000,0x0000000740a00000,0x0000000747b80000)
  from space 6144K, 96% used [0x0000000749b00000,0x000000074a0c9868,0x000000074a100000)
  to   space 5632K, 0% used [0x000000074a100000,0x000000074a100000,0x000000074a680000)
 ParOldGen       total 54784K, used 30067K [0x00000005c2800000, 0x00000005c5d80000, 0x0000000740a00000)
  object space 54784K, 54% used [0x00000005c2800000,0x00000005c455ce18,0x00000005c5d80000)
 Metaspace       used 48691K, capacity 49138K, committed 49536K, reserved 1091584K
  class space    used 6283K, capacity 6442K, committed 6528K, reserved 1048576K
}
Event: 744.819 GC heap before
{Heap before GC invocations=36 (full 2):
 PSYoungGen      total 122368K, used 122150K [0x0000000740a00000, 0x000000074a680000, 0x00000007c0000000)
  eden space 116224K, 100% used [0x0000000740a00000,0x0000000747b80000,0x0000000747b80000)
  from space 6144K, 96% used [0x0000000749b00000,0x000000074a0c9868,0x000000074a100000)
  to   space 5632K, 0% used [0x000000074a100000,0x000000074a100000,0x000000074a680000)
 ParOldGen       total 54784K, used 30067K [0x00000005c2800000, 0x00000005c5d80000, 0x0000000740a00000)
  object space 54784K, 54% used [0x00000005c2800000,0x00000005c455ce18,0x00000005c5d80000)
 Metaspace       used 48715K, capacity 49202K, committed 49536K, reserved 1091584K
  class space    used 6287K, capacity 6442K, committed 6528K, reserved 1048576K
Event: 744.822 GC heap after
Heap after GC invocations=36 (full 2):
 PSYoungGen      total 113664K, used 1783K [0x0000000740a00000, 0x000000074a300000, 0x00000007c0000000)
  eden space 111616K, 0% used [0x0000000740a00000,0x0000000740a00000,0x0000000747700000)
  from space 2048K, 87% used [0x000000074a100000,0x000000074a2bdc70,0x000000074a300000)
  to   space 8704K, 0% used [0x0000000749200000,0x0000000749200000,0x0000000749a80000)
 ParOldGen       total 54784K, used 34210K [0x00000005c2800000, 0x00000005c5d80000, 0x0000000740a00000)
  object space 54784K, 62% used [0x00000005c2800000,0x00000005c4968940,0x00000005c5d80000)
 Metaspace       used 48715K, capacity 49202K, committed 49536K, reserved 1091584K
  class space    used 6287K, capacity 6442K, committed 6528K, reserved 1048576K
}

Deoptimization events (10 events):
Event: 755.964 Thread 0x0000023100367800 Uncommon trap: reason=class_check action=maybe_recompile pc=0x0000023158d958d0 method=com.mathworks.hg.peer.UIComponentManager.validateFigure()V @ 54
Event: 755.964 Thread 0x0000023100367800 Uncommon trap: reason=class_check action=maybe_recompile pc=0x000002315892d9f4 method=com.mathworks.hg.peer.UIComponentManager.validateFigure()V @ 54
Event: 755.964 Thread 0x0000023100367800 Uncommon trap: reason=class_check action=maybe_recompile pc=0x000002315892d9f4 method=com.mathworks.hg.peer.UIComponentManager.validateFigure()V @ 54
Event: 755.974 Thread 0x0000023157a92000 Uncommon trap: reason=unstable_if action=reinterpret pc=0x0000023158cf9338 method=com.mathworks.hg.util.HGPeerQueue.add(Lcom/mathworks/hg/util/HGPeerRunnable;)V @ 301
Event: 756.099 Thread 0x0000023100367800 Uncommon trap: reason=unstable_if action=reinterpret pc=0x00000231582d1cb8 method=java.awt.AWTEventMulticaster.removeInternal(Ljava/util/EventListener;Ljava/util/EventListener;)Ljava/util/EventListener; @ 2
Event: 756.103 Thread 0x0000023157a92000 Uncommon trap: reason=unstable_if action=reinterpret pc=0x0000023158da3d64 method=java.util.Hashtable.getIterator(I)Ljava/util/Iterator; @ 4
Event: 756.103 Thread 0x0000023157a92000 Uncommon trap: reason=class_check action=maybe_recompile pc=0x0000023158d6625c method=java.util.Hashtable.putAll(Ljava/util/Map;)V @ 13
Event: 756.103 Thread 0x0000023100367800 Uncommon trap: reason=unstable_if action=reinterpret pc=0x0000023158ca0460 method=com.mathworks.hg.util.HGPeerQueue$HGPeerRunnablesRunner.runit(Z[I)V @ 115
Event: 756.104 Thread 0x0000023100367800 Uncommon trap: reason=class_check action=maybe_recompile pc=0x0000023158d95d24 method=com.mathworks.hg.util.HGPeerQueue$HGPeerRunnablesRunner.run()V @ 79
Event: 756.104 Thread 0x0000023100367800 Uncommon trap: reason=unstable_if action=reinterpret pc=0x000002315892db7c method=com.mathworks.hg.peer.ui.UIContainerPeer.validateFigure()V @ 4

Classes redefined (0 events):
No events

Internal exceptions (10 events):
Event: 756.666 Thread 0x0000023100367800 Exception <a 'java/net/SocketTimeoutException': Receive timed out> (0x0000000740bdd6c0) thrown at [C:\re\workspace\8-2-build-windows-amd64-cygwin\jdk8u202\12323\hotspot\src\share\vm\prims\jni.cpp, line 736]
Event: 756.750 Thread 0x0000023100367800 Exception <a 'java/net/SocketTimeoutException': Receive timed out> (0x0000000740bddfc0) thrown at [C:\re\workspace\8-2-build-windows-amd64-cygwin\jdk8u202\12323\hotspot\src\share\vm\prims\jni.cpp, line 736]
Event: 756.832 Thread 0x0000023100367800 Exception <a 'java/net/SocketTimeoutException': Receive timed out> (0x0000000740bde8c0) thrown at [C:\re\workspace\8-2-build-windows-amd64-cygwin\jdk8u202\12323\hotspot\src\share\vm\prims\jni.cpp, line 736]
Event: 756.916 Thread 0x0000023100367800 Exception <a 'java/net/SocketTimeoutException': Receive timed out> (0x0000000740bdf1c0) thrown at [C:\re\workspace\8-2-build-windows-amd64-cygwin\jdk8u202\12323\hotspot\src\share\vm\prims\jni.cpp, line 736]
Event: 757.000 Thread 0x0000023100367800 Exception <a 'java/net/SocketTimeoutException': Receive timed out> (0x0000000740bdfac0) thrown at [C:\re\workspace\8-2-build-windows-amd64-cygwin\jdk8u202\12323\hotspot\src\share\vm\prims\jni.cpp, line 736]
Event: 757.083 Thread 0x0000023100367800 Exception <a 'java/net/SocketTimeoutException': Receive timed out> (0x0000000740be03c0) thrown at [C:\re\workspace\8-2-build-windows-amd64-cygwin\jdk8u202\12323\hotspot\src\share\vm\prims\jni.cpp, line 736]
Event: 757.166 Thread 0x0000023100367800 Exception <a 'java/net/SocketTimeoutException': Receive timed out> (0x0000000740be1280) thrown at [C:\re\workspace\8-2-build-windows-amd64-cygwin\jdk8u202\12323\hotspot\src\share\vm\prims\jni.cpp, line 736]
Event: 757.249 Thread 0x0000023100367800 Exception <a 'java/net/SocketTimeoutException': Receive timed out> (0x0000000740be1b80) thrown at [C:\re\workspace\8-2-build-windows-amd64-cygwin\jdk8u202\12323\hotspot\src\share\vm\prims\jni.cpp, line 736]
Event: 757.330 Thread 0x0000023100367800 Exception <a 'java/net/SocketTimeoutException': Receive timed out> (0x0000000740be2480) thrown at [C:\re\workspace\8-2-build-windows-amd64-cygwin\jdk8u202\12323\hotspot\src\share\vm\prims\jni.cpp, line 736]
Event: 757.412 Thread 0x0000023100367800 Exception <a 'java/net/SocketTimeoutException': Receive timed out> (0x0000000740be2d80) thrown at [C:\re\workspace\8-2-build-windows-amd64-cygwin\jdk8u202\12323\hotspot\src\share\vm\prims\jni.cpp, line 736]

Events (10 events):
Event: 757.465 loading class com/mathworks/widgets/BusyAffordance done
Event: 757.465 loading class com/mathworks/widgets/ComponentBuilder
Event: 757.465 loading class com/mathworks/widgets/ComponentBuilder done
Event: 757.465 loading class com/mathworks/widgets/BusyAffordance$1
Event: 757.465 loading class com/mathworks/widgets/BusyAffordance$1 done
Event: 757.466 Thread 0x00000231321ff000 Thread exited: 0x00000231321ff000
Event: 757.466 Executing VM operation: RevokeBias
Event: 757.466 Executing VM operation: RevokeBias done
Event: 757.466 loading class com/mathworks/util/Log$1
Event: 757.466 loading class com/mathworks/util/Log$1 done


Dynamic libraries:
0x00007ff6b39e0000 - 0x00007ff6b3a13000 	C:\Program Files\MATLAB\R2020b\bin\win64\matlab.exe
0x00007ffc512b0000 - 0x00007ffc514a8000 	C:\WINDOWS\SYSTEM32\ntdll.dll
0x00007ffc50270000 - 0x00007ffc5032d000 	C:\WINDOWS\System32\KERNEL32.DLL
0x00007ffc4ec30000 - 0x00007ffc4eefe000 	C:\WINDOWS\System32\KERNELBASE.dll
0x00007ffc4abe0000 - 0x00007ffc4ac70000 	C:\WINDOWS\SYSTEM32\apphelp.dll
0x00007ffc4f110000 - 0x00007ffc4f210000 	C:\WINDOWS\System32\ucrtbase.dll
0x00007ffc2bf70000 - 0x00007ffc2c199000 	C:\Program Files\MATLAB\R2020b\bin\win64\libmwi18n.dll
0x00007ffc2bb60000 - 0x00007ffc2bf6f000 	C:\Program Files\MATLAB\R2020b\bin\win64\mvm.dll
0x00007ffc0ea80000 - 0x00007ffc0f323000 	C:\Program Files\MATLAB\R2020b\bin\win64\mlutil.dll
0x00007ffc104e0000 - 0x00007ffc109a0000 	C:\Program Files\MATLAB\R2020b\bin\win64\libmwservices.dll
0x00007ffc4ff00000 - 0x00007ffc4ffae000 	C:\WINDOWS\System32\ADVAPI32.dll
0x00007ffc4eb60000 - 0x00007ffc4eb87000 	C:\WINDOWS\System32\bcrypt.dll
0x00007ffc50ef0000 - 0x00007ffc50f8e000 	C:\WINDOWS\System32\msvcrt.dll
0x00007ffc4f750000 - 0x00007ffc4f8f0000 	C:\WINDOWS\System32\USER32.dll
0x00007ffc21160000 - 0x00007ffc21405000 	C:\Program Files\MATLAB\R2020b\bin\win64\libmwfl.dll
0x00007ffc50f90000 - 0x00007ffc50ffb000 	C:\WINDOWS\System32\WS2_32.dll
0x00007ffc4f950000 - 0x00007ffc4f9ec000 	C:\WINDOWS\System32\sechost.dll
0x00007ffc4e9d0000 - 0x00007ffc4e9f2000 	C:\WINDOWS\System32\win32u.dll
0x00007ffc51130000 - 0x00007ffc51255000 	C:\WINDOWS\System32\RPCRT4.dll
0x00007ffc503c0000 - 0x00007ffc503ea000 	C:\WINDOWS\System32\GDI32.dll
0x00007ffc4c610000 - 0x00007ffc4c6ab000 	C:\Program Files\MATLAB\R2020b\bin\win64\MSVCP140.dll
0x00007ffc4f000000 - 0x00007ffc4f10b000 	C:\WINDOWS\System32\gdi32full.dll
0x00007ffc4eb90000 - 0x00007ffc4ec2d000 	C:\WINDOWS\System32\msvcp_win.dll
0x00007ffc4c5f0000 - 0x00007ffc4c606000 	C:\Program Files\MATLAB\R2020b\bin\win64\VCRUNTIME140.dll
0x00007ffc4c590000 - 0x00007ffc4c5a4000 	C:\Program Files\MATLAB\R2020b\bin\win64\libmwcapabilities.dll
0x00007ffc48760000 - 0x00007ffc4878a000 	C:\Program Files\MATLAB\R2020b\bin\win64\libmwfoundation_filesystem.dll
0x00007ffc507a0000 - 0x00007ffc50ee4000 	C:\WINDOWS\System32\SHELL32.dll
0x00007ffc45710000 - 0x00007ffc45719000 	C:\Program Files\MATLAB\R2020b\bin\win64\libmwresource_core.dll
0x00007ffc0e730000 - 0x00007ffc0ea7f000 	C:\Program Files\MATLAB\R2020b\bin\win64\libmwms.dll
0x00007ffc4c440000 - 0x00007ffc4c458000 	C:\Program Files\MATLAB\R2020b\bin\win64\libmwcpp11compat.dll
0x00007ffc0d8e0000 - 0x00007ffc0da77000 	C:\Program Files\MATLAB\R2020b\bin\win64\libmwmst.dll
0x00007ffc4b630000 - 0x00007ffc4b642000 	C:\Program Files\MATLAB\R2020b\bin\win64\mwboost_date_time-vc141-mt-x64-1_70.dll
0x00007ffc2d2a0000 - 0x00007ffc2d2d4000 	C:\Program Files\MATLAB\R2020b\bin\win64\libmwthreadpool.dll
0x00007ffc4c4b0000 - 0x00007ffc4c586000 	C:\Program Files\MATLAB\R2020b\bin\win64\libut.dll
0x00007ffc51000000 - 0x00007ffc5112a000 	C:\WINDOWS\System32\ole32.dll
0x00007ffc3caf0000 - 0x00007ffc3cb10000 	C:\Program Files\MATLAB\R2020b\bin\win64\mwboost_filesystem-vc141-mt-x64-1_70.dll
0x00007ffc4c130000 - 0x00007ffc4c14c000 	C:\Program Files\MATLAB\R2020b\bin\win64\mwboost_thread-vc141-mt-x64-1_70.dll
0x00007ffc4f3f0000 - 0x00007ffc4f744000 	C:\WINDOWS\System32\combase.dll
0x00007ffc506c0000 - 0x00007ffc5078d000 	C:\WINDOWS\System32\OLEAUT32.dll
0x00007ffc3c6c0000 - 0x00007ffc3c6e8000 	C:\Program Files\MATLAB\R2020b\bin\win64\libexpat.dll
0x00007ffc2b9d0000 - 0x00007ffc2bb5f000 	C:\Program Files\MATLAB\R2020b\bin\win64\libmx.dll
0x00007ffc0df80000 - 0x00007ffc0e1dd000 	C:\Program Files\MATLAB\R2020b\bin\win64\icuin64.dll
0x00007ffc0dc00000 - 0x00007ffc0dd91000 	C:\Program Files\MATLAB\R2020b\bin\win64\icuuc64.dll
0x00007ffc4c460000 - 0x00007ffc4c4a1000 	C:\Program Files\MATLAB\R2020b\bin\win64\libmwfoundation_usm.dll
0x00007ffc398d0000 - 0x00007ffc398ed000 	C:\WINDOWS\SYSTEM32\MPR.dll
0x00007ffc221f0000 - 0x00007ffc223a8000 	C:\Program Files\MATLAB\R2020b\bin\win64\libmwfoundation_matlabdata.dll
0x00007ffc3cad0000 - 0x00007ffc3caec000 	C:\Program Files\MATLAB\R2020b\bin\win64\libmwstartupplugin.dll
0x00007ffc17100000 - 0x00007ffc171fc000 	C:\Program Files\MATLAB\R2020b\bin\win64\libmwstartup_plugin_initializer.dll
0x00007ffc2c6d0000 - 0x00007ffc2c73a000 	C:\Program Files\MATLAB\R2020b\bin\win64\libmwlivecode.dll
0x00007ffc2c5f0000 - 0x00007ffc2c67b000 	C:\Program Files\MATLAB\R2020b\bin\win64\libmwcppmicroservices.dll
0x00007ffc45700000 - 0x00007ffc4570f000 	C:\Program Files\MATLAB\R2020b\bin\win64\libmvmtransportapi.dll
0x00007ffc4f2a0000 - 0x00007ffc4f307000 	C:\WINDOWS\System32\WINTRUST.dll
0x00007ffc2c590000 - 0x00007ffc2c5e7000 	C:\Program Files\MATLAB\R2020b\bin\win64\libmwsearch_path_utilities.dll
0x00007ffc4ea00000 - 0x00007ffc4eb56000 	C:\WINDOWS\System32\CRYPT32.dll
0x00007ffc0d770000 - 0x00007ffc0d8de000 	C:\Program Files\MATLAB\R2020b\bin\win64\matlab_toolbox_events.dll
0x00007ffc28ca0000 - 0x00007ffc28e43000 	C:\Program Files\MATLAB\R2020b\bin\win64\libmwflstoragevfs.dll
0x00007ffc4c8f0000 - 0x00007ffc4c8fe000 	C:\Program Files\MATLAB\R2020b\bin\win64\libmwmatlabdata_boost_serialization.dll
0x00007ffc0d4d0000 - 0x00007ffc0d76a000 	C:\Program Files\MATLAB\R2020b\bin\win64\execution_events.dll
0x00007ffc2c3f0000 - 0x00007ffc2c460000 	C:\Program Files\MATLAB\R2020b\bin\win64\libmwcwf_interface.dll
0x00007ffc4c870000 - 0x00007ffc4c87e000 	C:\Program Files\MATLAB\R2020b\bin\win64\libmwmatlabstoragesystem.dll
0x00007ffc2d120000 - 0x00007ffc2d1d1000 	C:\Program Files\MATLAB\R2020b\bin\win64\mwboost_log-vc141-mt-x64-1_70.dll
0x00007ffc3cd40000 - 0x00007ffc3cd4e000 	C:\Program Files\MATLAB\R2020b\bin\win64\mwboost_chrono-vc141-mt-x64-1_70.dll
0x00007ffc275a0000 - 0x00007ffc276c3000 	C:\Program Files\MATLAB\R2020b\bin\win64\libmwflstorageprovider.dll
0x00007ffc4c430000 - 0x00007ffc4c43f000 	C:\Program Files\MATLAB\R2020b\bin\win64\libmwflstorageutility.dll
0x00007ffc49780000 - 0x00007ffc497c1000 	C:\Program Files\MATLAB\R2020b\bin\win64\mwboost_serialization-vc141-mt-x64-1_70.dll
0x00007ffc3cd70000 - 0x00007ffc3cdbc000 	C:\Program Files\MATLAB\R2020b\bin\win64\libmwrelease_info.dll
0x00007ffc2c740000 - 0x00007ffc2c7a6000 	C:\Program Files\MATLAB\R2020b\bin\win64\tbb.dll
0x00007ffc0e1e0000 - 0x00007ffc0e730000 	C:\Program Files\MATLAB\R2020b\bin\win64\settingscore.dll
0x00007ffc28bf0000 - 0x00007ffc28c45000 	C:\Program Files\MATLAB\R2020b\bin\win64\libmwsettings_in_matlab.dll
0x00007ffc26610000 - 0x00007ffc2669f000 	C:\Program Files\MATLAB\R2020b\bin\win64\opccore.dll
0x00007ffc20be0000 - 0x00007ffc20d9e000 	C:\Program Files\MATLAB\R2020b\bin\win64\opcmodel.dll
0x00007ffc46310000 - 0x00007ffc4634c000 	C:\Program Files\MATLAB\R2020b\bin\win64\opczippackage.dll
0x00007ffc462a0000 - 0x00007ffc462df000 	C:\Program Files\MATLAB\R2020b\bin\win64\string_matrix.dll
0x00007ffc4ab70000 - 0x00007ffc4ab88000 	C:\Program Files\MATLAB\R2020b\bin\win64\mwboost_iostreams-vc141-mt-x64-1_70.dll
0x00007ffc21060000 - 0x00007ffc21159000 	C:\Program Files\MATLAB\R2020b\bin\win64\mwboost_regex-vc141-mt-x64-1_70.dll
0x00007ffc209f0000 - 0x00007ffc20b1f000 	C:\Program Files\MATLAB\R2020b\bin\win64\CppMicroServices3.dll
0x00007ffc4fe60000 - 0x00007ffc4feb5000 	C:\WINDOWS\System32\SHLWAPI.dll
0x00007ffc4bf30000 - 0x00007ffc4c114000 	C:\WINDOWS\SYSTEM32\dbghelp.dll
0x00007ffc4e840000 - 0x00007ffc4e88b000 	C:\WINDOWS\SYSTEM32\POWRPROF.dll
0x00007ffc27560000 - 0x00007ffc275a0000 	C:\Program Files\MATLAB\R2020b\bin\win64\libmwmsr.dll
0x00007ffc4e0c0000 - 0x00007ffc4e12a000 	C:\WINDOWS\SYSTEM32\MSWSOCK.dll
0x00007ffc3c990000 - 0x00007ffc3c99d000 	C:\Program Files\MATLAB\R2020b\bin\win64\libmwflstrings.dll
0x00007ffc36650000 - 0x00007ffc36661000 	C:\Program Files\MATLAB\R2020b\bin\win64\icuio64.dll
0x00007ffc2d200000 - 0x00007ffc2d237000 	C:\Program Files\MATLAB\R2020b\bin\win64\libmwmfl_permute.dll
0x00007ffc35db0000 - 0x00007ffc35dc2000 	C:\Program Files\MATLAB\R2020b\bin\win64\libmwindexingapimethods.dll
0x00007ffc288c0000 - 0x00007ffc2891f000 	C:\Program Files\MATLAB\R2020b\bin\win64\tbbmalloc.dll
0x0000000068aa0000 - 0x0000000068aba000 	C:\Program Files\MATLAB\R2020b\bin\win64\zlib1.dll
0x00007ffc16ba0000 - 0x00007ffc16c42000 	C:\Program Files\MATLAB\R2020b\bin\win64\opcmwservices.dll
0x00007ffc0d1b0000 - 0x00007ffc0d4ca000 	C:\Program Files\MATLAB\R2020b\bin\win64\xerces-c_3_2.dll
0x00007ffc2d100000 - 0x00007ffc2d119000 	C:\Program Files\MATLAB\R2020b\bin\win64\libmwsearch_path_interfaces.dll
0x00007ffc10430000 - 0x00007ffc104d6000 	C:\Program Files\MATLAB\R2020b\bin\win64\libmwstoragefilefolderobserver.dll
0x00007ffc0cf00000 - 0x00007ffc0d1b0000 	C:\Program Files\MATLAB\R2020b\bin\win64\libmwflnetwork.dll
0x00007ffc2d0c0000 - 0x00007ffc2d0de000 	C:\Program Files\MATLAB\R2020b\bin\win64\libmwflstorageevents.dll
0x00007ffc28590000 - 0x00007ffc285e5000 	C:\Program Files\MATLAB\R2020b\bin\win64\libmwfoundation_json.dll
0x00007ffc36fc0000 - 0x00007ffc36fcc000 	C:\WINDOWS\SYSTEM32\Secur32.dll
0x00007ffc20b60000 - 0x00007ffc20be0000 	C:\Program Files\MATLAB\R2020b\bin\win64\xmlcore.dll
0x00007ffc0cbe0000 - 0x00007ffc0ccd3000 	C:\Program Files\MATLAB\R2020b\bin\win64\libmwfoundation_matlabdata_standalone.dll
0x00007ffc0cac0000 - 0x00007ffc0cbd5000 	C:\Program Files\MATLAB\R2020b\bin\win64\libmwfoundation_matlabdata_json.dll
0x00007ffc2c3c0000 - 0x00007ffc2c3e9000 	C:\Program Files\MATLAB\R2020b\bin\win64\libmwnativedialogs.dll
0x00007ffc0de90000 - 0x00007ffc0df79000 	C:\Program Files\MATLAB\R2020b\bin\win64\libmwsearch_path_events.dll
0x00007ffc2d0a0000 - 0x00007ffc2d0b1000 	C:\Program Files\MATLAB\R2020b\bin\win64\libminizip.dll
0x00007ffc235e0000 - 0x00007ffc23632000 	C:\Program Files\MATLAB\R2020b\bin\win64\libmwflcrypto.dll
0x00007ffc2c690000 - 0x00007ffc2c6d0000 	C:\Program Files\MATLAB\R2020b\bin\win64\libmwflcryptoutils.dll
0x00007ffc0cce0000 - 0x00007ffc0ceff000 	C:\Program Files\MATLAB\R2020b\bin\win64\libmwflcryptocryptopp.dll
0x00007ffc21000000 - 0x00007ffc21057000 	C:\Program Files\MATLAB\R2020b\bin\win64\libmwflcertificates.dll
0x00007ffc0ca30000 - 0x00007ffc0cabb000 	C:\Program Files\MATLAB\R2020b\bin\win64\mcos.dll
0x00007ffc4ddb0000 - 0x00007ffc4ddeb000 	C:\WINDOWS\SYSTEM32\IPHLPAPI.DLL
0x00007ffc29a20000 - 0x00007ffc29a36000 	C:\Program Files\MATLAB\R2020b\bin\win64\libmwdtoa.dll
0x00007ffc3c980000 - 0x00007ffc3c98e000 	C:\Program Files\MATLAB\R2020b\bin\win64\libmwfoundation_matlabjson_frontend.dll
0x00007ffc235c0000 - 0x00007ffc235e0000 	C:\Program Files\MATLAB\R2020b\bin\win64\libmwmodule_descriptor_interfaces.dll
0x00007ffc0c770000 - 0x00007ffc0ca2f000 	C:\Program Files\MATLAB\R2020b\bin\win64\libcrypto-1_1-x64.dll
0x00007ffc0c6c0000 - 0x00007ffc0c76c000 	C:\Program Files\MATLAB\R2020b\bin\win64\libssl-1_1-x64.dll
0x00007ffc4e890000 - 0x00007ffc4e8c2000 	C:\WINDOWS\SYSTEM32\SSPICLI.DLL
0x0000023145d50000 - 0x0000023147794000 	C:\Program Files\MATLAB\R2020b\bin\win64\icudt64.dll
0x00007ffc4e820000 - 0x00007ffc4e832000 	C:\WINDOWS\SYSTEM32\UMPDC.dll
0x00007ffc4fed0000 - 0x00007ffc4ff00000 	C:\WINDOWS\System32\IMM32.DLL
0x00007ffc4e4f0000 - 0x00007ffc4e502000 	C:\WINDOWS\SYSTEM32\MSASN1.dll
0x00007ffc4e2d0000 - 0x00007ffc4e2dc000 	C:\WINDOWS\SYSTEM32\CRYPTBASE.DLL
0x00007ffc4f210000 - 0x00007ffc4f292000 	C:\WINDOWS\System32\bcryptPrimitives.dll
0x00007ffc0c610000 - 0x00007ffc0c6b3000 	C:\Program Files\MATLAB\R2020b\bin\win64\DeclarativeServices1.dll
0x00007ffc3c6b0000 - 0x00007ffc3c6b9000 	C:\Program Files\MATLAB\R2020b\bin\win64\usLogService.dll
0x00007ffc22050000 - 0x00007ffc22063000 	C:\Program Files\MATLAB\R2020b\bin\win64\usServiceComponent.dll
0x00007ffc21c20000 - 0x00007ffc21c3b000 	C:\Program Files\MATLAB\R2020b\bin\win64\cppmicroservices_compendium\foundation\cppmicroservices\logserviceimpl\mwLogServiceImpl.dll
0x00007ffc21c00000 - 0x00007ffc21c1c000 	C:\Program Files\MATLAB\R2020b\bin\win64\matlab_startup_plugins\connector\openssl_initializer\libmwconnectoropensslinitializer.dll
0x00007ffc070f0000 - 0x00007ffc071dd000 	C:\Program Files\MATLAB\R2020b\bin\win64\PocoNet64.dll
0x00007ffc1bb70000 - 0x00007ffc1bbaa000 	C:\Program Files\MATLAB\R2020b\bin\win64\PocoNetSSL64.dll
0x00007ffc06f80000 - 0x00007ffc070ea000 	C:\Program Files\MATLAB\R2020b\bin\win64\PocoFoundation64.dll
0x00007ffc209c0000 - 0x00007ffc209f0000 	C:\Program Files\MATLAB\R2020b\bin\win64\PocoCrypto64.dll

VM Arguments:
jvm_args: -Xms64m -XX:NewRatio=3 -Xmx8152m -XX:MaxDirectMemorySize=2147400000 -Dsun.java2d.noddraw=true -Dsun.awt.nopixfmt=true -Xshare:off -Djava.ext.dirs=C:\Program Files\MATLAB\R2020b\sys\java\jre\win64\jre\lib\ext -Djogamp.gluegen.UseTempJarCache=false -Djogl.disable.opengles=1 -Djogl.windows.cpu_affinity_mode=0 -Xrs -Djava.library.path=C:\Program Files\MATLAB\R2020b\bin\win64;C:\Program Files\MATLAB\R2020b\sys\jxbrowser\win64\lib vfprintf -XX:ErrorFile=C:\Users\EXPERI~1\AppData\Local\Temp\hs_error_pid12964.log abort -Duser.language=en -Duser.country=GB -Dfile.encoding=Cp1252 -XX:ParallelGCThreads=6 
java_command: <unknown>
java_class_path (initial): C:\Program Files\MATLAB\R2020b\java\patch;C:\Program Files\MATLAB\R2020b\java\jar\jmi.jar;C:\Program Files\MATLAB\R2020b\java\jar\util.jar;C:\Program Files\MATLAB\R2020b\java\jar\mvm.jar;C:\Program Files\MATLAB\R2020b\java\jar\services.jar;C:\Program Files\MATLAB\R2020b\java\jarext\commons-io.jar;C:\Program Files\MATLAB\R2020b\java\jar\cfbutils.jar;C:\Program Files\MATLAB\R2020b\java\jar\capabilities.jar;C:\Program Files\MATLAB\R2020b\java\jar\mlwidgets.jar;C:\Program Files\MATLAB\R2020b\java\jar\html.jar;C:\Program Files\MATLAB\R2020b\java\jar\net.jar;C:\Program Files\MATLAB\R2020b\java\jar\ddux_api.jar;C:\Program Files\MATLAB\R2020b\java\jarext\log4j.jar;C:\Program Files\MATLAB\R2020b\java\jar\mwswing.jar;C:\Program Files\MATLAB\R2020b\java\jar\common.jar;C:\Program Files\MATLAB\R2020b\java\jarext\google-collect.jar;C:\Program Files\MATLAB\R2020b\java\jarext\commons-lang.jar;C:\Program Files\MATLAB\R2020b\java\jarext\jide\jide-common.jar;C:\Program Files\MATLAB\R2020b\java\jarext\jide\jide-dock.jar;C:\Program Files\MATLAB\R2020b\java\jarext\jide\jide-action.jar;C:\Program Files\MATLAB\R2020b\java\jarext\jide\jide-components.jar;C:\Program Files\MATLAB\R2020b\java\jarext\jide\jide-grids.jar;C:\Program Files\MATLAB\R2020b\java\jarext\jide\jide-dialogs.jar;C:\Program Files\MATLAB\R2020b\java\jarext\jide\jide-shortcut.jar;C:\Program Files\MATLAB\R2020b\java\jarext\jide\jide-charts.jar;C:\Program Files\MATLAB\R2020b\java\jar\toolstrip.jar;C:\Program Files\MATLAB\R2020b\java\jar\mlservices.jar;C:\Program Files\MATLAB\R2020b\java\jar\widgets.jar;C:\Program Files\MATLAB\R2020b\java\jar\mde.jar;C:\Program Files\MATLAB\R2020b\java\jar\explorer.jar;C:\Program Files\MATLAB\R2020b\java\jar\explorer_api.jar;C:\Program Files\MATLAB\R2020b\java\jar\desktop.jar;C:\Program Files\MATLAB\R2020b\java\jar\addons.jar;C:\Program Files\MATLAB\R2020b\java\jar\addons_common.jar;C:\Program Files\MATLAB\R2020b\java\jarext\connector_api\msscommon\msscommon.jar;C:\P
Launcher Type: generic

Environment Variables:
PATH=C:\Program Files\MATLAB\R2020b\toolbox\imaq\imaqextern\drivers\win64\genicam\GenICam_V3_1_0\bin\Win64_x64;C:\Program Files\MATLAB\R2020b\bin\win64;C:\WINDOWS\system32;C:\WINDOWS;C:\WINDOWS\System32\Wbem;C:\WINDOWS\System32\WindowsPowerShell\v1.0\;C:\WINDOWS\System32\OpenSSH\;C:\Program Files\MATLAB\R2020b\bin;C:\Program Files\Git\cmd;C:\Program Files\Point Grey Research\FlyCap2 Viewer\bin64;%FC2PATH\vs2013;C:\Program Files\Point Grey Research\FlyCap2 Viewer\bin64\vs2015;C:\Program Files\Point Grey Research\Spinnaker\bin64\vs2015;C:\Program Files\Point Grey Research\Spinnaker\bin\vs2015;C:\Users\Experiment\AppData\Local\Microsoft\WindowsApps;C:\Users\Experiment\anaconda3\condabin;C:\Users\Experiment\anaconda3\Scripts;
USERNAME=Experiment
OS=Windows_NT
PROCESSOR_IDENTIFIER=Intel64 Family 6 Model 165 Stepping 5, GenuineIntel



---------------  S Y S T E M  ---------------

OS: Windows 10.0 , 64 bit Build 19041 (10.0.19041.1806)

CPU:total 20 (initial active 20) (10 cores per cpu, 2 threads per core) family 6 model 165 stepping 5, cmov, cx8, fxsr, mmx, sse, sse2, sse3, ssse3, sse4.1, sse4.2, popcnt, avx, avx2, aes, clmul, erms, 3dnowpref, lzcnt, ht, tsc, tscinvbit, bmi1, bmi2, adx

Memory: 4k page, physical 33392416k(25173648k free), swap 46240752k(33610928k free)

vm_info: Java HotSpot(TM) 64-Bit Server VM (25.202-b08) for windows-amd64 JRE (1.8.0_202-b08), built on Dec 15 2018 19:54:30 by "java_re" with MS VC++ 10.0 (VS2010)

time: Fri Aug 05 12:18:32 2022
timezone: GMT Daylight Time
elapsed time: 757 seconds (0d 0h 12m 37s)

