#
# A fatal error has been detected by the Java Runtime Environment:
#
#  EXCEPTION_UNCAUGHT_CXX_EXCEPTION (0xe06d7363) at pc=0x00007ffc55f64fd9, pid=13060, tid=0x0000000000002328
#
# JRE version: Java(TM) SE Runtime Environment (8.0_202-b08) (build 1.8.0_202-b08)
# Java VM: Java HotSpot(TM) 64-Bit Server VM (25.202-b08 mixed mode windows-amd64 compressed oops)
# Problematic frame:
# C  [KERNELBASE.dll+0x34fd9]
#
# Failed to write core dump. Minidumps are not enabled by default on client versions of Windows
#
# If you would like to submit a bug report, please visit:
#   http://bugreport.java.com/bugreport/crash.jsp
# The crash happened outside the Java Virtual Machine in native code.
# See problematic frame for where to report the bug.
#

---------------  T H R E A D  ---------------

Current thread (0x000001fb6da62000):  JavaThread "main" [_thread_in_native, id=9000, stack(0x0000008333a00000,0x0000008337a00000)]

siginfo: ExceptionCode=0xe06d7363, ExceptionInformation=0x0000000019930520 0x00000083379e6098 0x00007ffc2019c3a8 0x00007ffc20000000 

Registers:
RAX=0x0000000058cb7ebd, RBX=0x00000083379e3730, RCX=0x0000000000000000, RDX=0x0000000058cd7cab
RSP=0x00000083379e1130, RBP=0x00000083379e17e0, RSI=0x00000083379e1270, RDI=0x00000083379e1f80
R8 =0x0000000058cb7ebd, R9 =0x00000083379e0dd8, R10=0x0000000058b874e6, R11=0x000001fb42601a50
R12=0x00000083379e25a8, R13=0x00007ffc202df900, R14=0x0000000000000000, R15=0x0000000000000000
RIP=0x00007ffc55f64fd9, EFLAGS=0x0000000000000206

Top of Stack: (sp=0x00000083379e1130)
0x00000083379e1130:   fffffffffffffffe 00000083379e3730
0x00000083379e1140:   00000083379e1270 0000000000000000
0x00000083379e1150:   00000001e06d7363 0000000000000000
0x00000083379e1160:   00007ffc55f64fd9 0000000000000004
0x00000083379e1170:   0000000019930520 00000083379e6098
0x00000083379e1180:   00007ffc2019c3a8 00007ffc20000000
0x00000083379e1190:   000045e16cfda045 00000083379e25a8
0x00000083379e11a0:   0000000000000004 00007ffc50494685
0x00000083379e11b0:   0000000000000000 000001fb5f8cd500
0x00000083379e11c0:   00000083379e1270 00000083379e17e0
0x00000083379e11d0:   00000083379e1f80 00007ffc5049470d
0x00000083379e11e0:   00000083379e3730 00000083379e1270
0x00000083379e11f0:   0000a6c2c9232623 0000000058b1c369
0x00000083379e1200:   00000083379e3730 00007ffc50491f74
0x00000083379e1210:   00007ffc202df900 00000083379e25a8
0x00000083379e1220:   000001fb00000100 0000000000000003 

Instructions: (pc=0x00007ffc55f64fd9)
0x00007ffc55f64fb9:   8b d1 44 0f 47 c0 44 89 44 24 38 49 c1 e0 03 e8
0x00007ffc55f64fc9:   da 1c 06 00 48 8d 4c 24 20 48 ff 15 57 e1 18 00
0x00007ffc55f64fd9:   0f 1f 44 00 00 48 8b 8c 24 c0 00 00 00 48 33 cc
0x00007ffc55f64fe9:   e8 52 96 05 00 48 81 c4 d8 00 00 00 c3 cc 83 64 


Register to memory mapping:

RAX=0x0000000058cb7ebd is an unknown value
RBX=0x00000083379e3730 is pointing into the stack for thread: 0x000001fb6da62000
RCX=0x0000000000000000 is an unknown value
RDX=0x0000000058cd7cab is an unknown value
RSP=0x00000083379e1130 is pointing into the stack for thread: 0x000001fb6da62000
RBP=0x00000083379e17e0 is pointing into the stack for thread: 0x000001fb6da62000
RSI=0x00000083379e1270 is pointing into the stack for thread: 0x000001fb6da62000
RDI=0x00000083379e1f80 is pointing into the stack for thread: 0x000001fb6da62000
R8 =0x0000000058cb7ebd is an unknown value
R9 =0x00000083379e0dd8 is pointing into the stack for thread: 0x000001fb6da62000
R10=0x0000000058b874e6 is an unknown value
R11=0x000001fb42601a50 is pointing into metadata
R12=0x00000083379e25a8 is pointing into the stack for thread: 0x000001fb6da62000
R13=0x00007ffc202df900 is an unknown value
R14=0x0000000000000000 is an unknown value
R15=0x0000000000000000 is an unknown value


Stack: [0x0000008333a00000,0x0000008337a00000],  sp=0x00000083379e1130,  free space=65412k
Native frames: (J=compiled Java code, j=interpreted, Vv=VM code, C=native code)
C  [KERNELBASE.dll+0x34fd9]
C  [VCRUNTIME140.dll+0x1f74]
C  [ntdll.dll+0xa1426]
C  0x00007ffc20277a3f
C  0x00007ffc20247c42
C  0x00007ffc20247421
C  0x00007ffc20249313
C  [libmwservices.dll+0x29f923]
C  [libmwservices.dll+0x2a0f10]
C  [libmwservices.dll+0x2a1c0e]
C  0x00007ffc184f3e2a
C  0x000001fb6eb29f2e

Java frames: (J=compiled Java code, j=interpreted, Vv=VM code)
j  com.mathworks.jmi.NativeMatlab.ProcessPendingEvents()Z+0
j  com.mathworks.jmi.NativeMatlab.processPendingEvents()Z+8
j  com.mathworks.jmi.Matlab$ProcessPendingEvents.callBooleanMethod(Ljava/lang/Object;)Z+0
j  com.mathworks.util.FactoryUtils.processPendingEvents()Z+12
j  com.mathworks.widgets.desk.Desktop.canClose()Z+38
j  com.mathworks.mde.desk.MLDesktop.canClose()Z+296
j  com.mathworks.mde.desk.MLDesktop$2.call()Ljava/lang/Boolean;+4
j  com.mathworks.mde.desk.MLDesktop$2.call()Ljava/lang/Object;+1
j  com.mathworks.jmi.Matlab.runPredicates(Ljava/util/List;Z)Z+59
j  com.mathworks.jmi.Matlab.isOkToExit()Z+4
v  ~StubRoutines::call_stub
j  com.mathworks.jmi.NativeMatlab.SendMatlabMessage(Ljava/lang/Object;)Ljava/lang/Object;+0
j  com.mathworks.jmi.NativeMatlab.sendMatlabMessage(Ljava/lang/Object;)Ljava/lang/Object;+22
j  com.mathworks.jmi.MatlabLooper.sendMatlabMessage(Lcom/mathworks/services/message/MWMessage;)Ljava/lang/Object;+20
j  com.mathworks.jmi.Matlab.mtFevalConsoleOutput(Ljava/lang/String;[Ljava/lang/Object;I)Ljava/lang/Object;+58
j  com.mathworks.toolbox.instrument.events.ActionQueue.run()V+130
v  ~StubRoutines::call_stub

---------------  P R O C E S S  ---------------

Java Threads: ( => current thread )
  0x000001fb0423b000 JavaThread "Installation Observer" daemon [_thread_blocked, id=13708, stack(0x0000008340e00000,0x0000008340f00000)]
  0x000001fb0423e800 JavaThread "com.mathworks.addons_common.notificationframework.InstalledFolderRegistryObservers" daemon [_thread_blocked, id=10084, stack(0x0000008342300000,0x0000008342400000)]
  0x000001fb04238800 JavaThread "com.mathworks.addons_common.notificationframework.InstalledAddOnsCache" daemon [_thread_blocked, id=6596, stack(0x0000008341000000,0x0000008341100000)]
  0x000001fb0656a800 JavaThread "TimerQueue" daemon [_thread_blocked, id=10836, stack(0x0000008340100000,0x0000008340200000)]
  0x000001fb06569000 JavaThread "AWT-EventQueue-0-SharedResourceRunner" daemon [_thread_blocked, id=13812, stack(0x000000833fc00000,0x000000833fd00000)]
  0x000001fb0656c000 JavaThread "Thread-3" daemon [_thread_blocked, id=12292, stack(0x000000833f200000,0x000000833f300000)]
  0x000001fb06ac6000 JavaThread "AWT-EventQueue-0" [_thread_blocked, id=5776, stack(0x000000833f000000,0x000000833f100000)]
  0x000001fb06a5a000 JavaThread "AWT-Shutdown" [_thread_blocked, id=3032, stack(0x000000833ec00000,0x000000833ed00000)]
  0x000001fb06bbc800 JavaThread "EventMgr Dispatcher" daemon [_thread_in_native, id=10916, stack(0x000000833ef00000,0x000000833f000000)]
  0x000001fb0550b000 JavaThread "AWT-Windows" daemon [_thread_in_native, id=8220, stack(0x000000833ed00000,0x000000833ee00000)]
  0x000001fb06bbb800 JavaThread "Java2D Disposer" daemon [_thread_blocked, id=11952, stack(0x000000833eb00000,0x000000833ec00000)]
  0x000001fb06d0c800 JavaThread "Settings Releaser" daemon [_thread_blocked, id=7852, stack(0x000000833ea00000,0x000000833eb00000)]
  0x000001fb05e57800 JavaThread "EventMgr Dispatcher" daemon [_thread_in_native, id=11304, stack(0x000000833e900000,0x000000833ea00000)]
  0x000001fb0396c800 JavaThread "Service Thread" daemon [_thread_blocked, id=7716, stack(0x000000833e600000,0x000000833e700000)]
  0x000001fb038ae000 JavaThread "C1 CompilerThread11" daemon [_thread_blocked, id=11804, stack(0x000000833e500000,0x000000833e600000)]
  0x000001fb038ab000 JavaThread "C1 CompilerThread10" daemon [_thread_blocked, id=3492, stack(0x000000833e400000,0x000000833e500000)]
  0x000001fb038a6800 JavaThread "C1 CompilerThread9" daemon [_thread_blocked, id=880, stack(0x000000833e300000,0x000000833e400000)]
  0x000001fb038a2800 JavaThread "C1 CompilerThread8" daemon [_thread_blocked, id=6988, stack(0x000000833e200000,0x000000833e300000)]
  0x000001fb0389e800 JavaThread "C2 CompilerThread7" daemon [_thread_blocked, id=6396, stack(0x000000833e100000,0x000000833e200000)]
  0x000001fb03899800 JavaThread "C2 CompilerThread6" daemon [_thread_blocked, id=7648, stack(0x000000833e000000,0x000000833e100000)]
  0x000001fb7f11b000 JavaThread "C2 CompilerThread5" daemon [_thread_blocked, id=6136, stack(0x000000833df00000,0x000000833e000000)]
  0x000001fb7f11a000 JavaThread "C2 CompilerThread4" daemon [_thread_blocked, id=7256, stack(0x000000833de00000,0x000000833df00000)]
  0x000001fb7f117800 JavaThread "C2 CompilerThread3" daemon [_thread_blocked, id=5772, stack(0x000000833dd00000,0x000000833de00000)]
  0x000001fb7f116800 JavaThread "C2 CompilerThread2" daemon [_thread_blocked, id=11448, stack(0x000000833dc00000,0x000000833dd00000)]
  0x000001fb7f116000 JavaThread "C2 CompilerThread1" daemon [_thread_blocked, id=7892, stack(0x000000833db00000,0x000000833dc00000)]
  0x000001fb7f110800 JavaThread "C2 CompilerThread0" daemon [_thread_blocked, id=8948, stack(0x000000833da00000,0x000000833db00000)]
  0x000001fb03898000 JavaThread "Attach Listener" daemon [_thread_blocked, id=13952, stack(0x000000833d900000,0x000000833da00000)]
  0x000001fb7f10a000 JavaThread "Finalizer" daemon [_thread_blocked, id=13232, stack(0x000000833d800000,0x000000833d900000)]
  0x000001fb7f101000 JavaThread "Reference Handler" daemon [_thread_blocked, id=1828, stack(0x000000833d700000,0x000000833d800000)]
=>0x000001fb6da62000 JavaThread "main" [_thread_in_native, id=9000, stack(0x0000008333a00000,0x0000008337a00000)]

Other Threads:
  0x000001fb7f0db800 VMThread [stack: 0x000000833d600000,0x000000833d700000] [id=14316]
  0x000001fb03a32000 WatcherThread [stack: 0x000000833e700000,0x000000833e800000] [id=10304]

VM state:not at safepoint (normal execution)

VM Mutex/Monitor currently owned by a thread: None

heap address: 0x00000000a0000000, size: 1536 MB, Compressed Oops mode: 32-bit
Narrow klass base: 0x0000000000000000, Narrow klass shift: 3
Compressed class space size: 1073741824 Address: 0x0000000100000000

Heap:
 PSYoungGen      total 154112K, used 55066K [0x00000000e8000000, 0x00000000f4980000, 0x0000000100000000)
  eden space 153600K, 35% used [0x00000000e8000000,0x00000000eb56eaf8,0x00000000f1600000)
  from space 512K, 68% used [0x00000000f4900000,0x00000000f4958010,0x00000000f4980000)
  to   space 11776K, 0% used [0x00000000f3280000,0x00000000f3280000,0x00000000f3e00000)
 ParOldGen       total 54272K, used 39477K [0x00000000a0000000, 0x00000000a3500000, 0x00000000e8000000)
  object space 54272K, 72% used [0x00000000a0000000,0x00000000a268d430,0x00000000a3500000)
 Metaspace       used 49071K, capacity 49566K, committed 49920K, reserved 1093632K
  class space    used 6445K, capacity 6588K, committed 6656K, reserved 1048576K

Card table byte_map: [0x000001fb7ded0000,0x000001fb7e1e0000] byte_map_base: 0x000001fb7d9d0000

Marking Bits: (ParMarkBitMap*) 0x00000000592c5ce0
 Begin Bits: [0x000001fb00000000, 0x000001fb01800000)
 End Bits:   [0x000001fb01800000, 0x000001fb03000000)

Polling page: 0x000001fb62e70000

CodeCache: size=245760Kb used=16869Kb max_used=16869Kb free=228891Kb
 bounds [0x000001fb6eb10000, 0x000001fb6fba0000, 0x000001fb7db10000]
 total_blobs=5675 nmethods=4659 adapters=925
 compilation: enabled

Compilation events (10 events):
Event: 766.988 Thread 0x000001fb038a2800 5493       1       com.mathworks.util.MutableInt::getValue (5 bytes)
Event: 766.988 Thread 0x000001fb038a2800 nmethod 5493 0x000001fb6fb9e350 code [0x000001fb6fb9e4a0, 0x000001fb6fb9e5b8]
Event: 766.989 Thread 0x000001fb038ab000 5494       3       javax.swing.SwingUtilities::getWindowAncestor (31 bytes)
Event: 766.989 Thread 0x000001fb038ab000 nmethod 5494 0x000001fb6fb9e610 code [0x000001fb6fb9e7a0, 0x000001fb6fb9ed40]
Event: 766.989 Thread 0x000001fb038a2800 5495       3       sun.reflect.MethodAccessorImpl::<init> (5 bytes)
Event: 766.989 Thread 0x000001fb038a2800 nmethod 5495 0x000001fb6fb9ee90 code [0x000001fb6fb9f000, 0x000001fb6fb9f218]
Event: 770.492 Thread 0x000001fb038ae000 5496       3       java.lang.reflect.Method::setMethodAccessor (21 bytes)
Event: 770.492 Thread 0x000001fb038ae000 nmethod 5496 0x000001fb6fb9f310 code [0x000001fb6fb9f480, 0x000001fb6fb9f830]
Event: 770.581 Thread 0x000001fb038a6800 5497       1       java.lang.reflect.Method::getMethodAccessor (5 bytes)
Event: 770.581 Thread 0x000001fb038a6800 nmethod 5497 0x000001fb6fb9f950 code [0x000001fb6fb9faa0, 0x000001fb6fb9fbb8]

GC Heap History (10 events):
Event: 16.390 GC heap before
{Heap before GC invocations=20 (full 2):
 PSYoungGen      total 126976K, used 125952K [0x00000000e8000000, 0x00000000f1380000, 0x0000000100000000)
  eden space 125952K, 100% used [0x00000000e8000000,0x00000000efb00000,0x00000000efb00000)
  from space 1024K, 0% used [0x00000000f0500000,0x00000000f0500000,0x00000000f0600000)
  to   space 9728K, 0% used [0x00000000f0a00000,0x00000000f0a00000,0x00000000f1380000)
 ParOldGen       total 54272K, used 25539K [0x00000000a0000000, 0x00000000a3500000, 0x00000000e8000000)
  object space 54272K, 47% used [0x00000000a0000000,0x00000000a18f0de8,0x00000000a3500000)
 Metaspace       used 41795K, capacity 42100K, committed 42496K, reserved 1085440K
  class space    used 5469K, capacity 5572K, committed 5632K, reserved 1048576K
Event: 16.400 GC heap after
Heap after GC invocations=20 (full 2):
 PSYoungGen      total 139264K, used 9716K [0x00000000e8000000, 0x00000000f3080000, 0x0000000100000000)
  eden space 129536K, 0% used [0x00000000e8000000,0x00000000e8000000,0x00000000efe80000)
  from space 9728K, 99% used [0x00000000f0a00000,0x00000000f137d0a0,0x00000000f1380000)
  to   space 11776K, 0% used [0x00000000efe80000,0x00000000efe80000,0x00000000f0a00000)
 ParOldGen       total 54272K, used 26420K [0x00000000a0000000, 0x00000000a3500000, 0x00000000e8000000)
  object space 54272K, 48% used [0x00000000a0000000,0x00000000a19cd110,0x00000000a3500000)
 Metaspace       used 41795K, capacity 42100K, committed 42496K, reserved 1085440K
  class space    used 5469K, capacity 5572K, committed 5632K, reserved 1048576K
}
Event: 16.875 GC heap before
{Heap before GC invocations=21 (full 2):
 PSYoungGen      total 139264K, used 139252K [0x00000000e8000000, 0x00000000f3080000, 0x0000000100000000)
  eden space 129536K, 100% used [0x00000000e8000000,0x00000000efe80000,0x00000000efe80000)
  from space 9728K, 99% used [0x00000000f0a00000,0x00000000f137d0a0,0x00000000f1380000)
  to   space 11776K, 0% used [0x00000000efe80000,0x00000000efe80000,0x00000000f0a00000)
 ParOldGen       total 54272K, used 26420K [0x00000000a0000000, 0x00000000a3500000, 0x00000000e8000000)
  object space 54272K, 48% used [0x00000000a0000000,0x00000000a19cd110,0x00000000a3500000)
 Metaspace       used 47217K, capacity 47718K, committed 48128K, reserved 1091584K
  class space    used 6159K, capacity 6312K, committed 6400K, reserved 1048576K
Event: 16.884 GC heap after
Heap after GC invocations=21 (full 2):
 PSYoungGen      total 141312K, used 8242K [0x00000000e8000000, 0x00000000f3700000, 0x0000000100000000)
  eden space 129536K, 0% used [0x00000000e8000000,0x00000000e8000000,0x00000000efe80000)
  from space 11776K, 69% used [0x00000000efe80000,0x00000000f068c950,0x00000000f0a00000)
  to   space 12288K, 0% used [0x00000000f2b00000,0x00000000f2b00000,0x00000000f3700000)
 ParOldGen       total 54272K, used 32606K [0x00000000a0000000, 0x00000000a3500000, 0x00000000e8000000)
  object space 54272K, 60% used [0x00000000a0000000,0x00000000a1fd79e8,0x00000000a3500000)
 Metaspace       used 47217K, capacity 47718K, committed 48128K, reserved 1091584K
  class space    used 6159K, capacity 6312K, committed 6400K, reserved 1048576K
}
Event: 17.890 GC heap before
{Heap before GC invocations=22 (full 2):
 PSYoungGen      total 141312K, used 137778K [0x00000000e8000000, 0x00000000f3700000, 0x0000000100000000)
  eden space 129536K, 100% used [0x00000000e8000000,0x00000000efe80000,0x00000000efe80000)
  from space 11776K, 69% used [0x00000000efe80000,0x00000000f068c950,0x00000000f0a00000)
  to   space 12288K, 0% used [0x00000000f2b00000,0x00000000f2b00000,0x00000000f3700000)
 ParOldGen       total 54272K, used 32606K [0x00000000a0000000, 0x00000000a3500000, 0x00000000e8000000)
  object space 54272K, 60% used [0x00000000a0000000,0x00000000a1fd79e8,0x00000000a3500000)
 Metaspace       used 48381K, capacity 48894K, committed 49280K, reserved 1091584K
  class space    used 6281K, capacity 6428K, committed 6528K, reserved 1048576K
Event: 17.894 GC heap after
Heap after GC invocations=22 (full 2):
 PSYoungGen      total 168960K, used 4142K [0x00000000e8000000, 0x00000000f3380000, 0x0000000100000000)
  eden space 160256K, 0% used [0x00000000e8000000,0x00000000e8000000,0x00000000f1c80000)
  from space 8704K, 47% used [0x00000000f2b00000,0x00000000f2f0b880,0x00000000f3380000)
  to   space 11776K, 0% used [0x00000000f1c80000,0x00000000f1c80000,0x00000000f2800000)
 ParOldGen       total 54272K, used 37087K [0x00000000a0000000, 0x00000000a3500000, 0x00000000e8000000)
  object space 54272K, 68% used [0x00000000a0000000,0x00000000a2437e50,0x00000000a3500000)
 Metaspace       used 48381K, capacity 48894K, committed 49280K, reserved 1091584K
  class space    used 6281K, capacity 6428K, committed 6528K, reserved 1048576K
}
Event: 20.101 GC heap before
{Heap before GC invocations=23 (full 2):
 PSYoungGen      total 168960K, used 164398K [0x00000000e8000000, 0x00000000f3380000, 0x0000000100000000)
  eden space 160256K, 100% used [0x00000000e8000000,0x00000000f1c80000,0x00000000f1c80000)
  from space 8704K, 47% used [0x00000000f2b00000,0x00000000f2f0b880,0x00000000f3380000)
  to   space 11776K, 0% used [0x00000000f1c80000,0x00000000f1c80000,0x00000000f2800000)
 ParOldGen       total 54272K, used 37087K [0x00000000a0000000, 0x00000000a3500000, 0x00000000e8000000)
  object space 54272K, 68% used [0x00000000a0000000,0x00000000a2437e50,0x00000000a3500000)
 Metaspace       used 48490K, capacity 49022K, committed 49280K, reserved 1091584K
  class space    used 6287K, capacity 6428K, committed 6528K, reserved 1048576K
Event: 20.103 GC heap after
Heap after GC invocations=23 (full 2):
 PSYoungGen      total 172032K, used 352K [0x00000000e8000000, 0x00000000f5480000, 0x0000000100000000)
  eden space 160256K, 0% used [0x00000000e8000000,0x00000000e8000000,0x00000000f1c80000)
  from space 11776K, 2% used [0x00000000f1c80000,0x00000000f1cd8010,0x00000000f2800000)
  to   space 11776K, 0% used [0x00000000f4900000,0x00000000f4900000,0x00000000f5480000)
 ParOldGen       total 54272K, used 39253K [0x00000000a0000000, 0x00000000a3500000, 0x00000000e8000000)
  object space 54272K, 72% used [0x00000000a0000000,0x00000000a2655420,0x00000000a3500000)
 Metaspace       used 48490K, capacity 49022K, committed 49280K, reserved 1091584K
  class space    used 6287K, capacity 6428K, committed 6528K, reserved 1048576K
}
Event: 715.098 GC heap before
{Heap before GC invocations=24 (full 2):
 PSYoungGen      total 172032K, used 160608K [0x00000000e8000000, 0x00000000f5480000, 0x0000000100000000)
  eden space 160256K, 100% used [0x00000000e8000000,0x00000000f1c80000,0x00000000f1c80000)
  from space 11776K, 2% used [0x00000000f1c80000,0x00000000f1cd8010,0x00000000f2800000)
  to   space 11776K, 0% used [0x00000000f4900000,0x00000000f4900000,0x00000000f5480000)
 ParOldGen       total 54272K, used 39253K [0x00000000a0000000, 0x00000000a3500000, 0x00000000e8000000)
  object space 54272K, 72% used [0x00000000a0000000,0x00000000a2655420,0x00000000a3500000)
 Metaspace       used 48565K, capacity 49118K, committed 49280K, reserved 1091584K
  class space    used 6295K, capacity 6460K, committed 6528K, reserved 1048576K
Event: 715.100 GC heap after
Heap after GC invocations=24 (full 2):
 PSYoungGen      total 154112K, used 352K [0x00000000e8000000, 0x00000000f4980000, 0x0000000100000000)
  eden space 153600K, 0% used [0x00000000e8000000,0x00000000e8000000,0x00000000f1600000)
  from space 512K, 68% used [0x00000000f4900000,0x00000000f4958010,0x00000000f4980000)
  to   space 11776K, 0% used [0x00000000f3280000,0x00000000f3280000,0x00000000f3e00000)
 ParOldGen       total 54272K, used 39477K [0x00000000a0000000, 0x00000000a3500000, 0x00000000e8000000)
  object space 54272K, 72% used [0x00000000a0000000,0x00000000a268d430,0x00000000a3500000)
 Metaspace       used 48565K, capacity 49118K, committed 49280K, reserved 1091584K
  class space    used 6295K, capacity 6460K, committed 6528K, reserved 1048576K
}

Deoptimization events (10 events):
Event: 715.025 Thread 0x000001fb06ac6000 Uncommon trap: reason=unstable_if action=reinterpret pc=0x000001fb6fb3d088 method=java.awt.EventQueue.coalesceEvent(Ljava/awt/AWTEvent;I)Z @ 72
Event: 715.025 Thread 0x000001fb06ac6000 Uncommon trap: reason=unstable_if action=reinterpret pc=0x000001fb6fb5e15c method=java.awt.EventQueue.setCurrentEventAndMostRecentTimeImpl(Ljava/awt/AWTEvent;)V @ 49
Event: 715.025 Thread 0x000001fb06ac6000 Uncommon trap: reason=unstable_if action=reinterpret pc=0x000001fb6fb258c8 method=java.awt.Toolkit$SelectiveAWTEventListener.eventDispatched(Ljava/awt/AWTEvent;)V @ 260
Event: 715.026 Thread 0x000001fb06ac6000 Uncommon trap: reason=unstable_if action=reinterpret pc=0x000001fb6fb26a58 method=java.awt.AWTEvent.dispatched()V @ 4
Event: 715.026 Thread 0x000001fb06ac6000 Uncommon trap: reason=unstable_if action=reinterpret pc=0x000001fb6fb2881c method=java.awt.EventQueue.setCurrentEventAndMostRecentTimeImpl(Ljava/awt/AWTEvent;)V @ 49
Event: 766.626 Thread 0x000001fb06ac6000 Uncommon trap: reason=class_check action=maybe_recompile pc=0x000001fb6fb5230c method=java.awt.EventQueue.cacheEQItem(Lsun/awt/EventQueueItem;)V @ 20
Event: 766.636 Thread 0x000001fb06ac6000 Uncommon trap: reason=unstable_if action=reinterpret pc=0x000001fb6f91ef98 method=java.awt.Component.isShowing()Z @ 11
Event: 766.688 Thread 0x000001fb06ac6000 Uncommon trap: reason=class_check action=maybe_recompile pc=0x000001fb6fb4db90 method=java.awt.EventQueue.uncacheEQItem(Lsun/awt/EventQueueItem;)V @ 20
Event: 766.988 Thread 0x000001fb6da62000 Uncommon trap: reason=unstable_if action=reinterpret pc=0x000001fb6fb2afc0 method=com.mathworks.hg.util.HGPeerQueue.flush(Z)V @ 16
Event: 766.988 Thread 0x000001fb06ac6000 Uncommon trap: reason=unstable_if action=reinterpret pc=0x000001fb6f32b754 method=javax.swing.SwingUtilities.getWindowAncestor(Ljava/awt/Component;)Ljava/awt/Window; @ 6

Classes redefined (0 events):
No events

Internal exceptions (10 events):
Event: 769.794 Thread 0x000001fb06ac6000 Exception <a 'java/net/SocketTimeoutException': Receive timed out> (0x00000000ea7a4ed8) thrown at [C:\re\workspace\8-2-build-windows-amd64-cygwin\jdk8u202\12323\hotspot\src\share\vm\prims\jni.cpp, line 736]
Event: 769.878 Thread 0x000001fb06ac6000 Exception <a 'java/net/SocketTimeoutException': Receive timed out> (0x00000000ea7a57d8) thrown at [C:\re\workspace\8-2-build-windows-amd64-cygwin\jdk8u202\12323\hotspot\src\share\vm\prims\jni.cpp, line 736]
Event: 769.961 Thread 0x000001fb06ac6000 Exception <a 'java/net/SocketTimeoutException': Receive timed out> (0x00000000ea7a60d8) thrown at [C:\re\workspace\8-2-build-windows-amd64-cygwin\jdk8u202\12323\hotspot\src\share\vm\prims\jni.cpp, line 736]
Event: 770.045 Thread 0x000001fb06ac6000 Exception <a 'java/net/SocketTimeoutException': Receive timed out> (0x00000000ea7a69d8) thrown at [C:\re\workspace\8-2-build-windows-amd64-cygwin\jdk8u202\12323\hotspot\src\share\vm\prims\jni.cpp, line 736]
Event: 770.129 Thread 0x000001fb06ac6000 Exception <a 'java/net/SocketTimeoutException': Receive timed out> (0x00000000ea7a72d8) thrown at [C:\re\workspace\8-2-build-windows-amd64-cygwin\jdk8u202\12323\hotspot\src\share\vm\prims\jni.cpp, line 736]
Event: 770.213 Thread 0x000001fb06ac6000 Exception <a 'java/net/SocketTimeoutException': Receive timed out> (0x00000000ea7a7bd8) thrown at [C:\re\workspace\8-2-build-windows-amd64-cygwin\jdk8u202\12323\hotspot\src\share\vm\prims\jni.cpp, line 736]
Event: 770.297 Thread 0x000001fb06ac6000 Exception <a 'java/net/SocketTimeoutException': Receive timed out> (0x00000000ea7a8a98) thrown at [C:\re\workspace\8-2-build-windows-amd64-cygwin\jdk8u202\12323\hotspot\src\share\vm\prims\jni.cpp, line 736]
Event: 770.380 Thread 0x000001fb06ac6000 Exception <a 'java/net/SocketTimeoutException': Receive timed out> (0x00000000ea7a9398) thrown at [C:\re\workspace\8-2-build-windows-amd64-cygwin\jdk8u202\12323\hotspot\src\share\vm\prims\jni.cpp, line 736]
Event: 770.464 Thread 0x000001fb06ac6000 Exception <a 'java/net/SocketTimeoutException': Receive timed out> (0x00000000ea7a9c98) thrown at [C:\re\workspace\8-2-build-windows-amd64-cygwin\jdk8u202\12323\hotspot\src\share\vm\prims\jni.cpp, line 736]
Event: 770.548 Thread 0x000001fb06ac6000 Exception <a 'java/net/SocketTimeoutException': Receive timed out> (0x00000000ea7aa598) thrown at [C:\re\workspace\8-2-build-windows-amd64-cygwin\jdk8u202\12323\hotspot\src\share\vm\prims\jni.cpp, line 736]

Events (10 events):
Event: 770.594 loading class com/mathworks/widgets/BusyAffordance done
Event: 770.594 loading class com/mathworks/widgets/ComponentBuilder
Event: 770.594 loading class com/mathworks/widgets/ComponentBuilder done
Event: 770.594 loading class com/mathworks/widgets/BusyAffordance$1
Event: 770.594 loading class com/mathworks/widgets/BusyAffordance$1 done
Event: 770.595 Thread 0x000001fb04238000 Thread exited: 0x000001fb04238000
Event: 770.595 Executing VM operation: RevokeBias
Event: 770.595 Executing VM operation: RevokeBias done
Event: 770.595 loading class com/mathworks/util/Log$1
Event: 770.595 loading class com/mathworks/util/Log$1 done


Dynamic libraries:
0x00007ff6315b0000 - 0x00007ff6315e3000 	C:\Program Files\MATLAB\R2020b\bin\win64\matlab.exe
0x00007ffc58530000 - 0x00007ffc58727000 	C:\WINDOWS\SYSTEM32\ntdll.dll
0x00007ffc57140000 - 0x00007ffc571fd000 	C:\WINDOWS\System32\KERNEL32.DLL
0x00007ffc55f30000 - 0x00007ffc561fd000 	C:\WINDOWS\System32\KERNELBASE.dll
0x00007ffc534f0000 - 0x00007ffc53580000 	C:\WINDOWS\SYSTEM32\apphelp.dll
0x00007ffc55d20000 - 0x00007ffc55e20000 	C:\WINDOWS\System32\ucrtbase.dll
0x00007ffc3a7f0000 - 0x00007ffc3aa19000 	C:\Program Files\MATLAB\R2020b\bin\win64\libmwi18n.dll
0x00007ffc24170000 - 0x00007ffc24a13000 	C:\Program Files\MATLAB\R2020b\bin\win64\mlutil.dll
0x00007ffc2c340000 - 0x00007ffc2c74f000 	C:\Program Files\MATLAB\R2020b\bin\win64\mvm.dll
0x00007ffc24a20000 - 0x00007ffc24ee0000 	C:\Program Files\MATLAB\R2020b\bin\win64\libmwservices.dll
0x00007ffc56af0000 - 0x00007ffc56b9e000 	C:\WINDOWS\System32\ADVAPI32.dll
0x00007ffc35700000 - 0x00007ffc359a5000 	C:\Program Files\MATLAB\R2020b\bin\win64\libmwfl.dll
0x00007ffc56ba0000 - 0x00007ffc56d40000 	C:\WINDOWS\System32\USER32.dll
0x00007ffc56560000 - 0x00007ffc56587000 	C:\WINDOWS\System32\bcrypt.dll
0x00007ffc56590000 - 0x00007ffc5662e000 	C:\WINDOWS\System32\msvcrt.dll
0x00007ffc570d0000 - 0x00007ffc5713b000 	C:\WINDOWS\System32\WS2_32.dll
0x00007ffc55cf0000 - 0x00007ffc55d12000 	C:\WINDOWS\System32\win32u.dll
0x00007ffc567e0000 - 0x00007ffc5687c000 	C:\WINDOWS\System32\sechost.dll
0x00007ffc56750000 - 0x00007ffc5677a000 	C:\WINDOWS\System32\GDI32.dll
0x00007ffc583c0000 - 0x00007ffc584e5000 	C:\WINDOWS\System32\RPCRT4.dll
0x00007ffc55e20000 - 0x00007ffc55f2b000 	C:\WINDOWS\System32\gdi32full.dll
0x00007ffc4b2c0000 - 0x00007ffc4b35b000 	C:\Program Files\MATLAB\R2020b\bin\win64\MSVCP140.dll
0x00007ffc55c50000 - 0x00007ffc55ced000 	C:\WINDOWS\System32\msvcp_win.dll
0x00007ffc50490000 - 0x00007ffc504a6000 	C:\Program Files\MATLAB\R2020b\bin\win64\VCRUNTIME140.dll
0x00007ffc574f0000 - 0x00007ffc57c34000 	C:\WINDOWS\System32\SHELL32.dll
0x00007ffc505b0000 - 0x00007ffc505b9000 	C:\Program Files\MATLAB\R2020b\bin\win64\libmwresource_core.dll
0x00007ffc4b2a0000 - 0x00007ffc4b2b4000 	C:\Program Files\MATLAB\R2020b\bin\win64\libmwcapabilities.dll
0x00007ffc4fd60000 - 0x00007ffc4fd8a000 	C:\Program Files\MATLAB\R2020b\bin\win64\libmwfoundation_filesystem.dll
0x00007ffc4d820000 - 0x00007ffc4d838000 	C:\Program Files\MATLAB\R2020b\bin\win64\libmwcpp11compat.dll
0x00007ffc30060000 - 0x00007ffc303af000 	C:\Program Files\MATLAB\R2020b\bin\win64\libmwms.dll
0x00007ffc4fff0000 - 0x00007ffc50002000 	C:\Program Files\MATLAB\R2020b\bin\win64\mwboost_date_time-vc141-mt-x64-1_70.dll
0x00007ffc44340000 - 0x00007ffc444cf000 	C:\Program Files\MATLAB\R2020b\bin\win64\libmx.dll
0x00007ffc473b0000 - 0x00007ffc47486000 	C:\Program Files\MATLAB\R2020b\bin\win64\libut.dll
0x00007ffc36f20000 - 0x00007ffc370d8000 	C:\Program Files\MATLAB\R2020b\bin\win64\libmwfoundation_matlabdata.dll
0x00007ffc569c0000 - 0x00007ffc56aea000 	C:\WINDOWS\System32\ole32.dll
0x00007ffc37780000 - 0x00007ffc37917000 	C:\Program Files\MATLAB\R2020b\bin\win64\libmwmst.dll
0x00007ffc49350000 - 0x00007ffc49391000 	C:\Program Files\MATLAB\R2020b\bin\win64\libmwfoundation_usm.dll
0x00007ffc56d40000 - 0x00007ffc57094000 	C:\WINDOWS\System32\combase.dll
0x00007ffc492c0000 - 0x00007ffc492ce000 	C:\Program Files\MATLAB\R2020b\bin\win64\libmwmatlabdata_boost_serialization.dll
0x00007ffc4d800000 - 0x00007ffc4d820000 	C:\Program Files\MATLAB\R2020b\bin\win64\mwboost_filesystem-vc141-mt-x64-1_70.dll
0x00007ffc56890000 - 0x00007ffc5695d000 	C:\WINDOWS\System32\OLEAUT32.dll
0x00007ffc4b260000 - 0x00007ffc4b294000 	C:\Program Files\MATLAB\R2020b\bin\win64\libmwthreadpool.dll
0x00007ffc4ce10000 - 0x00007ffc4ce2c000 	C:\Program Files\MATLAB\R2020b\bin\win64\mwboost_thread-vc141-mt-x64-1_70.dll
0x00007ffc3a730000 - 0x00007ffc3a7e1000 	C:\Program Files\MATLAB\R2020b\bin\win64\mwboost_log-vc141-mt-x64-1_70.dll
0x00007ffc485d0000 - 0x00007ffc48611000 	C:\Program Files\MATLAB\R2020b\bin\win64\mwboost_serialization-vc141-mt-x64-1_70.dll
0x00007ffc486a0000 - 0x00007ffc48706000 	C:\Program Files\MATLAB\R2020b\bin\win64\tbb.dll
0x00007ffc4b760000 - 0x00007ffc4b788000 	C:\Program Files\MATLAB\R2020b\bin\win64\libexpat.dll
0x00007ffc2fdb0000 - 0x00007ffc3000d000 	C:\Program Files\MATLAB\R2020b\bin\win64\icuin64.dll
0x00007ffc4b240000 - 0x00007ffc4b25c000 	C:\Program Files\MATLAB\R2020b\bin\win64\libmwstartupplugin.dll
0x00007ffc44600000 - 0x00007ffc446fc000 	C:\Program Files\MATLAB\R2020b\bin\win64\libmwstartup_plugin_initializer.dll
0x00007ffc38d10000 - 0x00007ffc38ea1000 	C:\Program Files\MATLAB\R2020b\bin\win64\icuuc64.dll
0x00007ffc50500000 - 0x00007ffc5050f000 	C:\Program Files\MATLAB\R2020b\bin\win64\libmvmtransportapi.dll
0x00007ffc4bbf0000 - 0x00007ffc4bc0f000 	C:\WINDOWS\SYSTEM32\MPR.dll
0x00007ffc3a3a0000 - 0x00007ffc3a50e000 	C:\Program Files\MATLAB\R2020b\bin\win64\matlab_toolbox_events.dll
0x00007ffc224b0000 - 0x00007ffc2274a000 	C:\Program Files\MATLAB\R2020b\bin\win64\execution_events.dll
0x00007ffc50480000 - 0x00007ffc5048e000 	C:\Program Files\MATLAB\R2020b\bin\win64\mwboost_chrono-vc141-mt-x64-1_70.dll
0x00007ffc44f90000 - 0x00007ffc44ffa000 	C:\Program Files\MATLAB\R2020b\bin\win64\libmwlivecode.dll
0x00007ffc3dd40000 - 0x00007ffc3ddcb000 	C:\Program Files\MATLAB\R2020b\bin\win64\libmwcppmicroservices.dll
0x00007ffc47350000 - 0x00007ffc473a7000 	C:\Program Files\MATLAB\R2020b\bin\win64\libmwsearch_path_utilities.dll
0x00007ffc56250000 - 0x00007ffc562b7000 	C:\WINDOWS\System32\WINTRUST.dll
0x00007ffc2f760000 - 0x00007ffc2f903000 	C:\Program Files\MATLAB\R2020b\bin\win64\libmwflstoragevfs.dll
0x00007ffc56350000 - 0x00007ffc564a6000 	C:\WINDOWS\System32\CRYPT32.dll
0x00007ffc3dcd0000 - 0x00007ffc3dd40000 	C:\Program Files\MATLAB\R2020b\bin\win64\libmwcwf_interface.dll
0x00007ffc4e5d0000 - 0x00007ffc4e5de000 	C:\Program Files\MATLAB\R2020b\bin\win64\libmwmatlabstoragesystem.dll
0x00007ffc36540000 - 0x00007ffc36663000 	C:\Program Files\MATLAB\R2020b\bin\win64\libmwflstorageprovider.dll
0x00007ffc4b230000 - 0x00007ffc4b23f000 	C:\Program Files\MATLAB\R2020b\bin\win64\libmwflstorageutility.dll
0x00007ffc3a6e0000 - 0x00007ffc3a72c000 	C:\Program Files\MATLAB\R2020b\bin\win64\libmwrelease_info.dll
0x00007ffc21d80000 - 0x00007ffc222d0000 	C:\Program Files\MATLAB\R2020b\bin\win64\settingscore.dll
0x00007ffc3a610000 - 0x00007ffc3a665000 	C:\Program Files\MATLAB\R2020b\bin\win64\libmwsettings_in_matlab.dll
0x00007ffc3a580000 - 0x00007ffc3a60f000 	C:\Program Files\MATLAB\R2020b\bin\win64\opccore.dll
0x00007ffc21ad0000 - 0x00007ffc21c8e000 	C:\Program Files\MATLAB\R2020b\bin\win64\opcmodel.dll
0x00007ffc48660000 - 0x00007ffc4869c000 	C:\Program Files\MATLAB\R2020b\bin\win64\opczippackage.dll
0x00007ffc445c0000 - 0x00007ffc445ff000 	C:\Program Files\MATLAB\R2020b\bin\win64\string_matrix.dll
0x00007ffc49330000 - 0x00007ffc49348000 	C:\Program Files\MATLAB\R2020b\bin\win64\mwboost_iostreams-vc141-mt-x64-1_70.dll
0x00007ffc320a0000 - 0x00007ffc32199000 	C:\Program Files\MATLAB\R2020b\bin\win64\mwboost_regex-vc141-mt-x64-1_70.dll
0x00007ffc363c0000 - 0x00007ffc364ef000 	C:\Program Files\MATLAB\R2020b\bin\win64\CppMicroServices3.dll
0x00007ffc4f840000 - 0x00007ffc4fa24000 	C:\WINDOWS\SYSTEM32\dbghelp.dll
0x00007ffc56780000 - 0x00007ffc567d5000 	C:\WINDOWS\System32\SHLWAPI.dll
0x00007ffc55ac0000 - 0x00007ffc55b0b000 	C:\WINDOWS\SYSTEM32\POWRPROF.dll
0x00007ffc3d860000 - 0x00007ffc3d897000 	C:\Program Files\MATLAB\R2020b\bin\win64\libmwmfl_permute.dll
0x00007ffc48810000 - 0x00007ffc48822000 	C:\Program Files\MATLAB\R2020b\bin\win64\libmwindexingapimethods.dll
0x00007ffc38c70000 - 0x00007ffc38ccf000 	C:\Program Files\MATLAB\R2020b\bin\win64\tbbmalloc.dll
0x0000000059350000 - 0x000000005936a000 	C:\Program Files\MATLAB\R2020b\bin\win64\zlib1.dll
0x00007ffc492b0000 - 0x00007ffc492bd000 	C:\Program Files\MATLAB\R2020b\bin\win64\libmwflstrings.dll
0x00007ffc49260000 - 0x00007ffc49271000 	C:\Program Files\MATLAB\R2020b\bin\win64\icuio64.dll
0x00007ffc3dfd0000 - 0x00007ffc3e010000 	C:\Program Files\MATLAB\R2020b\bin\win64\libmwmsr.dll
0x00007ffc55340000 - 0x00007ffc553aa000 	C:\WINDOWS\SYSTEM32\MSWSOCK.dll
0x00007ffc4a5f0000 - 0x00007ffc4a5fc000 	C:\WINDOWS\SYSTEM32\Secur32.dll
0x00007ffc38b20000 - 0x00007ffc38b75000 	C:\Program Files\MATLAB\R2020b\bin\win64\libmwfoundation_json.dll
0x00007ffc376d0000 - 0x00007ffc37772000 	C:\Program Files\MATLAB\R2020b\bin\win64\opcmwservices.dll
0x00007ffc21280000 - 0x00007ffc2159a000 	C:\Program Files\MATLAB\R2020b\bin\win64\xerces-c_3_2.dll
0x00007ffc458f0000 - 0x00007ffc45909000 	C:\Program Files\MATLAB\R2020b\bin\win64\libmwsearch_path_interfaces.dll
0x00007ffc37380000 - 0x00007ffc37426000 	C:\Program Files\MATLAB\R2020b\bin\win64\libmwstoragefilefolderobserver.dll
0x00007ffc21820000 - 0x00007ffc21ad0000 	C:\Program Files\MATLAB\R2020b\bin\win64\libmwflnetwork.dll
0x00007ffc44760000 - 0x00007ffc4477e000 	C:\Program Files\MATLAB\R2020b\bin\win64\libmwflstorageevents.dll
0x00007ffc37220000 - 0x00007ffc372a0000 	C:\Program Files\MATLAB\R2020b\bin\win64\xmlcore.dll
0x00007ffc2b770000 - 0x00007ffc2b885000 	C:\Program Files\MATLAB\R2020b\bin\win64\libmwfoundation_matlabdata_json.dll
0x00007ffc2eaa0000 - 0x00007ffc2eb93000 	C:\Program Files\MATLAB\R2020b\bin\win64\libmwfoundation_matlabdata_standalone.dll
0x00007ffc38bf0000 - 0x00007ffc38c19000 	C:\Program Files\MATLAB\R2020b\bin\win64\libmwnativedialogs.dll
0x00007ffc2fcc0000 - 0x00007ffc2fda9000 	C:\Program Files\MATLAB\R2020b\bin\win64\libmwsearch_path_events.dll
0x00007ffc36c60000 - 0x00007ffc36cb2000 	C:\Program Files\MATLAB\R2020b\bin\win64\libmwflcrypto.dll
0x00007ffc374b0000 - 0x00007ffc374f0000 	C:\Program Files\MATLAB\R2020b\bin\win64\libmwflcryptoutils.dll
0x00007ffc20650000 - 0x00007ffc2086f000 	C:\Program Files\MATLAB\R2020b\bin\win64\libmwflcryptocryptopp.dll
0x00007ffc36150000 - 0x00007ffc361a7000 	C:\Program Files\MATLAB\R2020b\bin\win64\libmwflcertificates.dll
0x00007ffc3dcb0000 - 0x00007ffc3dcc1000 	C:\Program Files\MATLAB\R2020b\bin\win64\libminizip.dll
0x00007ffc36e10000 - 0x00007ffc36e9b000 	C:\Program Files\MATLAB\R2020b\bin\win64\mcos.dll
0x00007ffc3a560000 - 0x00007ffc3a576000 	C:\Program Files\MATLAB\R2020b\bin\win64\libmwdtoa.dll
0x00007ffc55030000 - 0x00007ffc5506b000 	C:\WINDOWS\SYSTEM32\IPHLPAPI.DLL
0x00007ffc492a0000 - 0x00007ffc492ae000 	C:\Program Files\MATLAB\R2020b\bin\win64\libmwfoundation_matlabjson_frontend.dll
0x00007ffc38c50000 - 0x00007ffc38c70000 	C:\Program Files\MATLAB\R2020b\bin\win64\libmwmodule_descriptor_interfaces.dll
0x00007ffc20390000 - 0x00007ffc2064f000 	C:\Program Files\MATLAB\R2020b\bin\win64\libcrypto-1_1-x64.dll
0x00007ffc352c0000 - 0x00007ffc3536c000 	C:\Program Files\MATLAB\R2020b\bin\win64\libssl-1_1-x64.dll
0x00007ffc55b40000 - 0x00007ffc55b72000 	C:\WINDOWS\SYSTEM32\SSPICLI.DLL
0x000001fb5bd10000 - 0x000001fb5d754000 	C:\Program Files\MATLAB\R2020b\bin\win64\icudt64.dll
0x00007ffc55aa0000 - 0x00007ffc55ab2000 	C:\WINDOWS\SYSTEM32\UMPDC.dll
0x00007ffc57430000 - 0x00007ffc57460000 	C:\WINDOWS\System32\IMM32.DLL
0x00007ffc55770000 - 0x00007ffc55782000 	C:\WINDOWS\SYSTEM32\MSASN1.dll
0x00007ffc55550000 - 0x00007ffc5555c000 	C:\WINDOWS\SYSTEM32\CRYPTBASE.DLL
0x00007ffc562c0000 - 0x00007ffc56342000 	C:\WINDOWS\System32\bcryptPrimitives.dll
0x00007ffc31cd0000 - 0x00007ffc31d73000 	C:\Program Files\MATLAB\R2020b\bin\win64\DeclarativeServices1.dll
0x00007ffc44f40000 - 0x00007ffc44f49000 	C:\Program Files\MATLAB\R2020b\bin\win64\usLogService.dll
0x00007ffc38bd0000 - 0x00007ffc38be3000 	C:\Program Files\MATLAB\R2020b\bin\win64\usServiceComponent.dll
0x00007ffc38b00000 - 0x00007ffc38b1b000 	C:\Program Files\MATLAB\R2020b\bin\win64\cppmicroservices_compendium\foundation\cppmicroservices\logserviceimpl\mwLogServiceImpl.dll
0x00007ffc389f0000 - 0x00007ffc38a0c000 	C:\Program Files\MATLAB\R2020b\bin\win64\matlab_startup_plugins\connector\openssl_initializer\libmwconnectoropensslinitializer.dll
0x00007ffc2afb0000 - 0x00007ffc2b09d000 	C:\Program Files\MATLAB\R2020b\bin\win64\PocoNet64.dll
0x00007ffc36110000 - 0x00007ffc3614a000 	C:\Program Files\MATLAB\R2020b\bin\win64\PocoNetSSL64.dll
0x00007ffc22340000 - 0x00007ffc224aa000 	C:\Program Files\MATLAB\R2020b\bin\win64\PocoFoundation64.dll
0x00007ffc37480000 - 0x00007ffc374b0000 	C:\Program Files\MATLAB\R2020b\bin\win64\PocoCrypto64.dll

VM Arguments:
jvm_args: -Xms64m -XX:NewRatio=3 -Xmx1536m -XX:MaxDirectMemorySize=2147400000 -Dsun.java2d.noddraw=true -Dsun.awt.nopixfmt=true -Xshare:off -Djava.ext.dirs=C:\Program Files\MATLAB\R2020b\sys\java\jre\win64\jre\lib\ext -Djogamp.gluegen.UseTempJarCache=false -Djogl.disable.opengles=1 -Djogl.windows.cpu_affinity_mode=0 -Xrs -Djava.library.path=C:\Program Files\MATLAB\R2020b\bin\win64;C:\Program Files\MATLAB\R2020b\sys\jxbrowser\win64\lib vfprintf -XX:ErrorFile=C:\Users\EXPERI~1\AppData\Local\Temp\hs_error_pid13060.log abort -Duser.language=en -Duser.country=GB -Dfile.encoding=Cp1252 -XX:ParallelGCThreads=6 
java_command: <unknown>
java_class_path (initial): C:\Program Files\MATLAB\R2020b\java\patch;C:\Program Files\MATLAB\R2020b\java\jar\jmi.jar;C:\Program Files\MATLAB\R2020b\java\jar\util.jar;C:\Program Files\MATLAB\R2020b\java\jar\mvm.jar;C:\Program Files\MATLAB\R2020b\java\jar\services.jar;C:\Program Files\MATLAB\R2020b\java\jarext\commons-io.jar;C:\Program Files\MATLAB\R2020b\java\jar\cfbutils.jar;C:\Program Files\MATLAB\R2020b\java\jar\capabilities.jar;C:\Program Files\MATLAB\R2020b\java\jar\mlwidgets.jar;C:\Program Files\MATLAB\R2020b\java\jar\html.jar;C:\Program Files\MATLAB\R2020b\java\jar\net.jar;C:\Program Files\MATLAB\R2020b\java\jar\ddux_api.jar;C:\Program Files\MATLAB\R2020b\java\jarext\log4j.jar;C:\Program Files\MATLAB\R2020b\java\jar\mwswing.jar;C:\Program Files\MATLAB\R2020b\java\jar\common.jar;C:\Program Files\MATLAB\R2020b\java\jarext\google-collect.jar;C:\Program Files\MATLAB\R2020b\java\jarext\commons-lang.jar;C:\Program Files\MATLAB\R2020b\java\jarext\jide\jide-common.jar;C:\Program Files\MATLAB\R2020b\java\jarext\jide\jide-dock.jar;C:\Program Files\MATLAB\R2020b\java\jarext\jide\jide-action.jar;C:\Program Files\MATLAB\R2020b\java\jarext\jide\jide-components.jar;C:\Program Files\MATLAB\R2020b\java\jarext\jide\jide-grids.jar;C:\Program Files\MATLAB\R2020b\java\jarext\jide\jide-dialogs.jar;C:\Program Files\MATLAB\R2020b\java\jarext\jide\jide-shortcut.jar;C:\Program Files\MATLAB\R2020b\java\jarext\jide\jide-charts.jar;C:\Program Files\MATLAB\R2020b\java\jar\toolstrip.jar;C:\Program Files\MATLAB\R2020b\java\jar\mlservices.jar;C:\Program Files\MATLAB\R2020b\java\jar\widgets.jar;C:\Program Files\MATLAB\R2020b\java\jar\mde.jar;C:\Program Files\MATLAB\R2020b\java\jar\explorer.jar;C:\Program Files\MATLAB\R2020b\java\jar\explorer_api.jar;C:\Program Files\MATLAB\R2020b\java\jar\desktop.jar;C:\Program Files\MATLAB\R2020b\java\jar\addons.jar;C:\Program Files\MATLAB\R2020b\java\jar\addons_common.jar;C:\Program Files\MATLAB\R2020b\java\jarext\connector_api\msscommon\msscommon.jar;C:\P
Launcher Type: generic

Environment Variables:
PATH=C:\Program Files\MATLAB\R2020b\toolbox\imaq\imaqextern\drivers\win64\genicam\GenICam_V3_1_0\bin\Win64_x64;C:\Program Files\MATLAB\R2020b\bin\win64;C:\WINDOWS\system32;C:\WINDOWS;C:\WINDOWS\System32\Wbem;C:\WINDOWS\System32\WindowsPowerShell\v1.0\;C:\WINDOWS\System32\OpenSSH\;C:\Program Files\MATLAB\R2020b\bin;C:\Program Files\SlikSvn\bin;C:\Program Files\Git\cmd;C:\Program Files\Point Grey Research\Spinnaker\bin64\vs2015;C:\Program Files\Point Grey Research\Spinnaker\bin\vs2015;C:\Program Files\Point Grey Research\FlyCap2 Viewer\bin64;%FC2PATH\vs2013;C:\Program Files\Point Grey Research\FlyCap2 Viewer\bin64\vs2015;C:\Users\Experiment\AppData\Local\Microsoft\WindowsApps;C:\Users\Experiment\anaconda3\condabin;C:\Users\Experiment\anaconda3\Scripts;
USERNAME=Experiment
OS=Windows_NT
PROCESSOR_IDENTIFIER=Intel64 Family 6 Model 165 Stepping 5, GenuineIntel



---------------  S Y S T E M  ---------------

OS: Windows 10.0 , 64 bit Build 19041 (10.0.19041.1741)

CPU:total 20 (initial active 20) (10 cores per cpu, 2 threads per core) family 6 model 165 stepping 5, cmov, cx8, fxsr, mmx, sse, sse2, sse3, ssse3, sse4.1, sse4.2, popcnt, avx, avx2, aes, clmul, erms, 3dnowpref, lzcnt, ht, tsc, tscinvbit, bmi1, bmi2, adx

Memory: 4k page, physical 33392400k(25888500k free), swap 39473784k(23684680k free)

vm_info: Java HotSpot(TM) 64-Bit Server VM (25.202-b08) for windows-amd64 JRE (1.8.0_202-b08), built on Dec 15 2018 19:54:30 by "java_re" with MS VC++ 10.0 (VS2010)

time: Mon Jul 11 13:16:58 2022
timezone: GMT Daylight Time
elapsed time: 770 seconds (0d 0h 12m 50s)

