#
# A fatal error has been detected by the Java Runtime Environment:
#
#  EXCEPTION_UNCAUGHT_CXX_EXCEPTION (0xe06d7363) at pc=0x00007ffc09f94fd9, pid=6048, tid=0x0000000000000548
#
# JRE version: Java(TM) SE Runtime Environment (8.0_202-b08) (build 1.8.0_202-b08)
# Java VM: Java HotSpot(TM) 64-Bit Server VM (25.202-b08 mixed mode windows-amd64 compressed oops)
# Problematic frame:
# C  [KERNELBASE.dll+0x34fd9]
#
# Failed to write core dump. Minidumps are not enabled by default on client versions of Windows
#
# If you would like to submit a bug report, please visit:
#   http://bugreport.java.com/bugreport/crash.jsp
# The crash happened outside the Java Virtual Machine in native code.
# See problematic frame for where to report the bug.
#

---------------  T H R E A D  ---------------

Current thread (0x000001759db22000):  JavaThread "main" [_thread_in_native, id=1352, stack(0x0000001966700000,0x000000196a700000)]

siginfo: ExceptionCode=0xe06d7363, ExceptionInformation=0x0000000019930520 0x000000196a6e1f98 0x00007ffbc594c3a8 0x00007ffbc57b0000 

Registers:
RAX=0x0000000000000000, RBX=0x000000196a6df630, RCX=0x0000000000000000, RDX=0x0000000000000000
RSP=0x000000196a6dd030, RBP=0x000000196a6dd6e0, RSI=0x000000196a6dd170, RDI=0x000000196a6dde80
R8 =0x000001759db42780, R9 =0x0000000000000009, R10=0x000000006a37a490, R11=0x0000000000000030
R12=0x000000196a6de4a8, R13=0x00007ffbc5a8f900, R14=0x0000000000000000, R15=0x0000000000000000
RIP=0x00007ffc09f94fd9, EFLAGS=0x0000000000000206

Top of Stack: (sp=0x000000196a6dd030)
0x000000196a6dd030:   fffffffffffffffe 000000196a6df630
0x000000196a6dd040:   000000196a6dd170 0000000000000000
0x000000196a6dd050:   00000001e06d7363 0000000000000000
0x000000196a6dd060:   00007ffc09f94fd9 0000000000000004
0x000000196a6dd070:   0000000019930520 000000196a6e1f98
0x000000196a6dd080:   00007ffbc594c3a8 00007ffbc57b0000
0x000000196a6dd090:   0000b17fbd354857 000000196a6de4a8
0x000000196a6dd0a0:   0000000000000004 00007ffc03c84685
0x000000196a6dd0b0:   0000000000000000 000001759141b570
0x000000196a6dd0c0:   000000196a6dd170 000000196a6dd6e0
0x000000196a6dd0d0:   000000196a6dde80 00007ffc03c8470d
0x000000196a6dd0e0:   000000196a6df630 000000196a6dd170
0x000000196a6dd0f0:   00001a02cc49708a 00000175c6066288
0x000000196a6dd100:   000000196a6df630 00007ffc03c81f74
0x000000196a6dd110:   00007ffbc5a8f900 000000196a6de4a8
0x000000196a6dd120:   0000000000000100 000000196a6dd0d8 

Instructions: (pc=0x00007ffc09f94fd9)
0x00007ffc09f94fb9:   8b d1 44 0f 47 c0 44 89 44 24 38 49 c1 e0 03 e8
0x00007ffc09f94fc9:   da 1c 06 00 48 8d 4c 24 20 48 ff 15 57 e1 18 00
0x00007ffc09f94fd9:   0f 1f 44 00 00 48 8b 8c 24 c0 00 00 00 48 33 cc
0x00007ffc09f94fe9:   e8 52 96 05 00 48 81 c4 d8 00 00 00 c3 cc 83 64 


Register to memory mapping:

RAX=0x0000000000000000 is an unknown value
RBX=0x000000196a6df630 is pointing into the stack for thread: 0x000001759db22000
RCX=0x0000000000000000 is an unknown value
RDX=0x0000000000000000 is an unknown value
RSP=0x000000196a6dd030 is pointing into the stack for thread: 0x000001759db22000
RBP=0x000000196a6dd6e0 is pointing into the stack for thread: 0x000001759db22000
RSI=0x000000196a6dd170 is pointing into the stack for thread: 0x000001759db22000
RDI=0x000000196a6dde80 is pointing into the stack for thread: 0x000001759db22000
R8 =0x000001759db42780 is an unknown value
R9 =0x0000000000000009 is an unknown value
R10=0x000000006a37a490 is an unknown value
R11=0x0000000000000030 is an unknown value
R12=0x000000196a6de4a8 is pointing into the stack for thread: 0x000001759db22000
R13=0x00007ffbc5a8f900 is an unknown value
R14=0x0000000000000000 is an unknown value
R15=0x0000000000000000 is an unknown value


Stack: [0x0000001966700000,0x000000196a700000],  sp=0x000000196a6dd030,  free space=65396k
Native frames: (J=compiled Java code, j=interpreted, Vv=VM code, C=native code)
C  [KERNELBASE.dll+0x34fd9]
C  [VCRUNTIME140.dll+0x1f74]
C  [ntdll.dll+0xa1426]
C  0x00007ffbc5a27a3f
C  0x00007ffbc59f7c42
C  0x00007ffbc59f7421
C  0x00007ffbc59f9313
C  [libmwservices.dll+0x29f923]
C  [libmwservices.dll+0x2a0f10]
C  [libmwservices.dll+0x2a1c0e]
C  0x00007ffbbd843e2a
C  0x000001759dc19f2e

Java frames: (J=compiled Java code, j=interpreted, Vv=VM code)
j  com.mathworks.jmi.NativeMatlab.ProcessPendingEvents()Z+0
j  com.mathworks.jmi.NativeMatlab.processPendingEvents()Z+8
j  com.mathworks.jmi.Matlab$ProcessPendingEvents.callBooleanMethod(Ljava/lang/Object;)Z+0
j  com.mathworks.util.FactoryUtils.processPendingEvents()Z+12
j  com.mathworks.widgets.desk.Desktop.canClose()Z+38
j  com.mathworks.mde.desk.MLDesktop.canClose()Z+296
j  com.mathworks.mde.desk.MLDesktop$2.call()Ljava/lang/Boolean;+4
j  com.mathworks.mde.desk.MLDesktop$2.call()Ljava/lang/Object;+1
j  com.mathworks.jmi.Matlab.runPredicates(Ljava/util/List;Z)Z+59
j  com.mathworks.jmi.Matlab.isOkToExit()Z+4
v  ~StubRoutines::call_stub
j  com.mathworks.jmi.NativeMatlab.SendMatlabMessage(Ljava/lang/Object;)Ljava/lang/Object;+0
j  com.mathworks.jmi.NativeMatlab.sendMatlabMessage(Ljava/lang/Object;)Ljava/lang/Object;+22
j  com.mathworks.jmi.MatlabLooper.sendMatlabMessage(Lcom/mathworks/services/message/MWMessage;)Ljava/lang/Object;+20
j  com.mathworks.jmi.Matlab.mtFevalConsoleOutput(Ljava/lang/String;[Ljava/lang/Object;I)Ljava/lang/Object;+58
j  com.mathworks.toolbox.instrument.events.ActionQueue.run()V+130
v  ~StubRoutines::call_stub

---------------  P R O C E S S  ---------------

Java Threads: ( => current thread )
  0x00000175c3831800 JavaThread "Installation Observer" daemon [_thread_blocked, id=4176, stack(0x0000001975f00000,0x0000001976000000)]
  0x00000175f689c800 JavaThread "Keep-Alive-SocketCleaner" daemon [_thread_blocked, id=14240, stack(0x0000001976a00000,0x0000001976b00000)]
  0x00000175c383b800 JavaThread "com.mathworks.addons_common.notificationframework.InstalledFolderRegistryObservers" daemon [_thread_blocked, id=14820, stack(0x0000001974d00000,0x0000001974e00000)]
  0x00000175c382d000 JavaThread "com.mathworks.addons_common.notificationframework.InstalledAddOnsCache" daemon [_thread_blocked, id=5396, stack(0x0000001973c00000,0x0000001973d00000)]
  0x00000175c1c75000 JavaThread "TimerQueue" daemon [_thread_blocked, id=5564, stack(0x0000001972e00000,0x0000001972f00000)]
  0x00000175c1c74000 JavaThread "AWT-EventQueue-0-SharedResourceRunner" daemon [_thread_blocked, id=13372, stack(0x0000001972a00000,0x0000001972b00000)]
  0x00000175c1c79800 JavaThread "Thread-3" daemon [_thread_blocked, id=14744, stack(0x0000001971f00000,0x0000001972000000)]
  0x00000175c57ad000 JavaThread "AWT-EventQueue-0" [_thread_blocked, id=11300, stack(0x0000001971d00000,0x0000001971e00000)]
  0x00000175c57ac000 JavaThread "AWT-Shutdown" [_thread_blocked, id=14288, stack(0x0000001971900000,0x0000001971a00000)]
  0x00000175c5b41800 JavaThread "EventMgr Dispatcher" daemon [_thread_in_native, id=8608, stack(0x0000001971c00000,0x0000001971d00000)]
  0x00000175c54f3000 JavaThread "AWT-Windows" daemon [_thread_in_native, id=15020, stack(0x0000001971a00000,0x0000001971b00000)]
  0x00000175c4ffd800 JavaThread "Java2D Disposer" daemon [_thread_blocked, id=5716, stack(0x0000001971800000,0x0000001971900000)]
  0x00000175c59fe800 JavaThread "Settings Releaser" daemon [_thread_blocked, id=5852, stack(0x0000001971700000,0x0000001971800000)]
  0x00000175c5efd000 JavaThread "EventMgr Dispatcher" daemon [_thread_in_native, id=5496, stack(0x0000001971600000,0x0000001971700000)]
  0x00000175c1d29800 JavaThread "Service Thread" daemon [_thread_blocked, id=13924, stack(0x0000001971300000,0x0000001971400000)]
  0x00000175c1c73800 JavaThread "C1 CompilerThread11" daemon [_thread_blocked, id=4760, stack(0x0000001971200000,0x0000001971300000)]
  0x00000175c1c78000 JavaThread "C1 CompilerThread10" daemon [_thread_blocked, id=10060, stack(0x0000001971100000,0x0000001971200000)]
  0x00000175c1c77000 JavaThread "C1 CompilerThread9" daemon [_thread_blocked, id=4944, stack(0x0000001971000000,0x0000001971100000)]
  0x00000175c1c76800 JavaThread "C1 CompilerThread8" daemon [_thread_blocked, id=3496, stack(0x0000001970f00000,0x0000001971000000)]
  0x00000175c1c75800 JavaThread "C2 CompilerThread7" daemon [_thread_blocked, id=8980, stack(0x0000001970e00000,0x0000001970f00000)]
  0x00000175c1c6e800 JavaThread "C2 CompilerThread6" daemon [_thread_blocked, id=1524, stack(0x0000001970d00000,0x0000001970e00000)]
  0x00000175c04fc800 JavaThread "C2 CompilerThread5" daemon [_thread_blocked, id=14440, stack(0x0000001970c00000,0x0000001970d00000)]
  0x00000175c04fb000 JavaThread "C2 CompilerThread4" daemon [_thread_blocked, id=8516, stack(0x0000001970b00000,0x0000001970c00000)]
  0x00000175c04f9000 JavaThread "C2 CompilerThread3" daemon [_thread_blocked, id=10592, stack(0x0000001970a00000,0x0000001970b00000)]
  0x00000175c04f8000 JavaThread "C2 CompilerThread2" daemon [_thread_blocked, id=6956, stack(0x0000001970900000,0x0000001970a00000)]
  0x00000175c04f7000 JavaThread "C2 CompilerThread1" daemon [_thread_blocked, id=12460, stack(0x0000001970800000,0x0000001970900000)]
  0x00000175c04f3800 JavaThread "C2 CompilerThread0" daemon [_thread_blocked, id=14956, stack(0x0000001970700000,0x0000001970800000)]
  0x00000175c04f0800 JavaThread "Attach Listener" daemon [_thread_blocked, id=8268, stack(0x0000001970600000,0x0000001970700000)]
  0x00000175c04e9800 JavaThread "Finalizer" daemon [_thread_blocked, id=7476, stack(0x0000001970500000,0x0000001970600000)]
  0x00000175c04e0800 JavaThread "Reference Handler" daemon [_thread_blocked, id=14996, stack(0x0000001970400000,0x0000001970500000)]
=>0x000001759db22000 JavaThread "main" [_thread_in_native, id=1352, stack(0x0000001966700000,0x000000196a700000)]

Other Threads:
  0x00000175c04ba800 VMThread [stack: 0x0000001970300000,0x0000001970400000] [id=3992]
  0x00000175c1e21000 WatcherThread [stack: 0x0000001971400000,0x0000001971500000] [id=10384]

VM state:not at safepoint (normal execution)

VM Mutex/Monitor currently owned by a thread: None

heap address: 0x00000005c2800000, size: 8152 MB, Compressed Oops mode: Zero based, Oop shift amount: 3
Narrow klass base: 0x0000000000000000, Narrow klass shift: 3
Compressed class space size: 1073741824 Address: 0x00000007c0000000

Heap:
 PSYoungGen      total 119296K, used 39120K [0x0000000740a00000, 0x0000000748c80000, 0x00000007c0000000)
  eden space 116224K, 31% used [0x0000000740a00000,0x0000000742d87158,0x0000000747b80000)
  from space 3072K, 89% used [0x0000000748000000,0x00000007482ad150,0x0000000748300000)
  to   space 8704K, 0% used [0x0000000748400000,0x0000000748400000,0x0000000748c80000)
 ParOldGen       total 49664K, used 34069K [0x00000005c2800000, 0x00000005c5880000, 0x0000000740a00000)
  object space 49664K, 68% used [0x00000005c2800000,0x00000005c49455f8,0x00000005c5880000)
 Metaspace       used 49183K, capacity 49704K, committed 49920K, reserved 1093632K
  class space    used 6440K, capacity 6579K, committed 6656K, reserved 1048576K

Card table byte_map: [0x00000175acfc0000,0x00000175adfb0000] byte_map_base: 0x00000175aa1ac000

Marking Bits: (ParMarkBitMap*) 0x000000006a385ce0
 Begin Bits: [0x00000175aebb0000, 0x00000175b6b10000)
 End Bits:   [0x00000175b6b10000, 0x00000175bea70000)

Polling page: 0x0000017593630000

CodeCache: size=245760Kb used=18240Kb max_used=18240Kb free=227519Kb
 bounds [0x000001759dc00000, 0x000001759edf0000, 0x00000175acc00000]
 total_blobs=5950 nmethods=4933 adapters=925
 compilation: enabled

Compilation events (10 events):
Event: 2081.458 Thread 0x00000175c1c77000 nmethod 5812 0x000001759ed781d0 code [0x000001759ed78340, 0x000001759ed78558]
Event: 2081.458 Thread 0x00000175c1c76800 nmethod 5811 0x000001759ede15d0 code [0x000001759ede1900, 0x000001759ede3ad0]
Event: 2083.024 Thread 0x00000175c1c78000 5813   !   3       java.awt.EventDispatchThread::pumpOneEventForFilters (190 bytes)
Event: 2083.024 Thread 0x00000175c1c78000 nmethod 5813 0x000001759ede48d0 code [0x000001759ede4be0, 0x000001759ede62f0]
Event: 2083.840 Thread 0x00000175c1c73800 5814       3       java.awt.Component::eventTypeEnabled (487 bytes)
Event: 2083.841 Thread 0x00000175c1c73800 nmethod 5814 0x000001759ede0910 code [0x000001759ede0ac0, 0x000001759ede1558]
Event: 2083.882 Thread 0x00000175c1c77000 5815   !   3       java.awt.KeyboardFocusManager::processCurrentLightweightRequests (345 bytes)
Event: 2083.884 Thread 0x00000175c1c77000 nmethod 5815 0x000001759ede7390 code [0x000001759ede77c0, 0x000001759edea160]
Event: 2084.718 Thread 0x00000175c1c76800 5816       3       java.lang.reflect.Method::setMethodAccessor (21 bytes)
Event: 2084.718 Thread 0x00000175c1c76800 nmethod 5816 0x000001759ed77b50 code [0x000001759ed77cc0, 0x000001759ed78090]

GC Heap History (10 events):
Event: 11.918 GC heap before
{Heap before GC invocations=31 (full 2):
 PSYoungGen      total 107520K, used 104321K [0x0000000740a00000, 0x0000000748080000, 0x00000007c0000000)
  eden space 97280K, 100% used [0x0000000740a00000,0x0000000746900000,0x0000000746900000)
  from space 10240K, 68% used [0x0000000747380000,0x0000000747a60490,0x0000000747d80000)
  to   space 10752K, 0% used [0x0000000746900000,0x0000000746900000,0x0000000747380000)
 ParOldGen       total 49664K, used 30802K [0x00000005c2800000, 0x00000005c5880000, 0x0000000740a00000)
  object space 49664K, 62% used [0x00000005c2800000,0x00000005c4614928,0x00000005c5880000)
 Metaspace       used 48240K, capacity 48712K, committed 49024K, reserved 1091584K
  class space    used 6276K, capacity 6419K, committed 6528K, reserved 1048576K
Event: 11.921 GC heap after
Heap after GC invocations=31 (full 2):
 PSYoungGen      total 108032K, used 2873K [0x0000000740a00000, 0x0000000748a00000, 0x00000007c0000000)
  eden space 97280K, 0% used [0x0000000740a00000,0x0000000740a00000,0x0000000746900000)
  from space 10752K, 26% used [0x0000000746900000,0x0000000746bce770,0x0000000747380000)
  to   space 10240K, 0% used [0x0000000748000000,0x0000000748000000,0x0000000748a00000)
 ParOldGen       total 49664K, used 34053K [0x00000005c2800000, 0x00000005c5880000, 0x0000000740a00000)
  object space 49664K, 68% used [0x00000005c2800000,0x00000005c49415f8,0x00000005c5880000)
 Metaspace       used 48240K, capacity 48712K, committed 49024K, reserved 1091584K
  class space    used 6276K, capacity 6419K, committed 6528K, reserved 1048576K
}
Event: 12.197 GC heap before
{Heap before GC invocations=32 (full 2):
 PSYoungGen      total 108032K, used 100153K [0x0000000740a00000, 0x0000000748a00000, 0x00000007c0000000)
  eden space 97280K, 100% used [0x0000000740a00000,0x0000000746900000,0x0000000746900000)
  from space 10752K, 26% used [0x0000000746900000,0x0000000746bce770,0x0000000747380000)
  to   space 10240K, 0% used [0x0000000748000000,0x0000000748000000,0x0000000748a00000)
 ParOldGen       total 49664K, used 34053K [0x00000005c2800000, 0x00000005c5880000, 0x0000000740a00000)
  object space 49664K, 68% used [0x00000005c2800000,0x00000005c49415f8,0x00000005c5880000)
 Metaspace       used 48243K, capacity 48776K, committed 49024K, reserved 1091584K
  class space    used 6276K, capacity 6419K, committed 6528K, reserved 1048576K
Event: 12.199 GC heap after
Heap after GC invocations=32 (full 2):
 PSYoungGen      total 118784K, used 2255K [0x0000000740a00000, 0x0000000748900000, 0x00000007c0000000)
  eden space 109568K, 0% used [0x0000000740a00000,0x0000000740a00000,0x0000000747500000)
  from space 9216K, 24% used [0x0000000748000000,0x0000000748233d50,0x0000000748900000)
  to   space 10240K, 0% used [0x0000000747500000,0x0000000747500000,0x0000000747f00000)
 ParOldGen       total 49664K, used 34061K [0x00000005c2800000, 0x00000005c5880000, 0x0000000740a00000)
  object space 49664K, 68% used [0x00000005c2800000,0x00000005c49435f8,0x00000005c5880000)
 Metaspace       used 48243K, capacity 48776K, committed 49024K, reserved 1091584K
  class space    used 6276K, capacity 6419K, committed 6528K, reserved 1048576K
}
Event: 26.245 GC heap before
{Heap before GC invocations=33 (full 2):
 PSYoungGen      total 118784K, used 111823K [0x0000000740a00000, 0x0000000748900000, 0x00000007c0000000)
  eden space 109568K, 100% used [0x0000000740a00000,0x0000000747500000,0x0000000747500000)
  from space 9216K, 24% used [0x0000000748000000,0x0000000748233d50,0x0000000748900000)
  to   space 10240K, 0% used [0x0000000747500000,0x0000000747500000,0x0000000747f00000)
 ParOldGen       total 49664K, used 34061K [0x00000005c2800000, 0x00000005c5880000, 0x0000000740a00000)
  object space 49664K, 68% used [0x00000005c2800000,0x00000005c49435f8,0x00000005c5880000)
 Metaspace       used 48663K, capacity 49160K, committed 49536K, reserved 1091584K
  class space    used 6283K, capacity 6419K, committed 6528K, reserved 1048576K
Event: 26.247 GC heap after
Heap after GC invocations=33 (full 2):
 PSYoungGen      total 119808K, used 2692K [0x0000000740a00000, 0x0000000749380000, 0x00000007c0000000)
  eden space 109568K, 0% used [0x0000000740a00000,0x0000000740a00000,0x0000000747500000)
  from space 10240K, 26% used [0x0000000747500000,0x00000007477a1340,0x0000000747f00000)
  to   space 9728K, 0% used [0x0000000748a00000,0x0000000748a00000,0x0000000749380000)
 ParOldGen       total 49664K, used 34069K [0x00000005c2800000, 0x00000005c5880000, 0x0000000740a00000)
  object space 49664K, 68% used [0x00000005c2800000,0x00000005c49455f8,0x00000005c5880000)
 Metaspace       used 48663K, capacity 49160K, committed 49536K, reserved 1091584K
  class space    used 6283K, capacity 6419K, committed 6528K, reserved 1048576K
}
Event: 26.529 GC heap before
{Heap before GC invocations=34 (full 2):
 PSYoungGen      total 119808K, used 112260K [0x0000000740a00000, 0x0000000749380000, 0x00000007c0000000)
  eden space 109568K, 100% used [0x0000000740a00000,0x0000000747500000,0x0000000747500000)
  from space 10240K, 26% used [0x0000000747500000,0x00000007477a1340,0x0000000747f00000)
  to   space 9728K, 0% used [0x0000000748a00000,0x0000000748a00000,0x0000000749380000)
 ParOldGen       total 49664K, used 34069K [0x00000005c2800000, 0x00000005c5880000, 0x0000000740a00000)
  object space 49664K, 68% used [0x00000005c2800000,0x00000005c49455f8,0x00000005c5880000)
 Metaspace       used 48684K, capacity 49192K, committed 49536K, reserved 1091584K
  class space    used 6286K, capacity 6451K, committed 6528K, reserved 1048576K
Event: 26.531 GC heap after
Heap after GC invocations=34 (full 2):
 PSYoungGen      total 129024K, used 2584K [0x0000000740a00000, 0x0000000749200000, 0x00000007c0000000)
  eden space 120832K, 0% used [0x0000000740a00000,0x0000000740a00000,0x0000000748000000)
  from space 8192K, 31% used [0x0000000748a00000,0x0000000748c86310,0x0000000749200000)
  to   space 9216K, 0% used [0x0000000748000000,0x0000000748000000,0x0000000748900000)
 ParOldGen       total 49664K, used 34069K [0x00000005c2800000, 0x00000005c5880000, 0x0000000740a00000)
  object space 49664K, 68% used [0x00000005c2800000,0x00000005c49455f8,0x00000005c5880000)
 Metaspace       used 48684K, capacity 49192K, committed 49536K, reserved 1091584K
  class space    used 6286K, capacity 6451K, committed 6528K, reserved 1048576K
}
Event: 2078.532 GC heap before
{Heap before GC invocations=35 (full 2):
 PSYoungGen      total 129024K, used 123416K [0x0000000740a00000, 0x0000000749200000, 0x00000007c0000000)
  eden space 120832K, 100% used [0x0000000740a00000,0x0000000748000000,0x0000000748000000)
  from space 8192K, 31% used [0x0000000748a00000,0x0000000748c86310,0x0000000749200000)
  to   space 9216K, 0% used [0x0000000748000000,0x0000000748000000,0x0000000748900000)
 ParOldGen       total 49664K, used 34069K [0x00000005c2800000, 0x00000005c5880000, 0x0000000740a00000)
  object space 49664K, 68% used [0x00000005c2800000,0x00000005c49455f8,0x00000005c5880000)
 Metaspace       used 48712K, capacity 49192K, committed 49536K, reserved 1091584K
  class space    used 6290K, capacity 6451K, committed 6528K, reserved 1048576K
Event: 2078.535 GC heap after
Heap after GC invocations=35 (full 2):
 PSYoungGen      total 119296K, used 2740K [0x0000000740a00000, 0x0000000748c80000, 0x00000007c0000000)
  eden space 116224K, 0% used [0x0000000740a00000,0x0000000740a00000,0x0000000747b80000)
  from space 3072K, 89% used [0x0000000748000000,0x00000007482ad150,0x0000000748300000)
  to   space 8704K, 0% used [0x0000000748400000,0x0000000748400000,0x0000000748c80000)
 ParOldGen       total 49664K, used 34069K [0x00000005c2800000, 0x00000005c5880000, 0x0000000740a00000)
  object space 49664K, 68% used [0x00000005c2800000,0x00000005c49455f8,0x00000005c5880000)
 Metaspace       used 48712K, capacity 49192K, committed 49536K, reserved 1091584K
  class space    used 6290K, capacity 6451K, committed 6528K, reserved 1048576K
}

Deoptimization events (10 events):
Event: 2081.230 Thread 0x00000175c57ad000 Uncommon trap: reason=unstable_if action=reinterpret pc=0x000001759e4a9958 method=java.awt.Component.isShowing()Z @ 11
Event: 2081.246 Thread 0x00000175c57ad000 Uncommon trap: reason=class_check action=maybe_recompile pc=0x000001759ed6e3f0 method=java.awt.EventQueue.uncacheEQItem(Lsun/awt/EventQueueItem;)V @ 20
Event: 2081.246 Thread 0x00000175c57ad000 Uncommon trap: reason=class_check action=maybe_recompile pc=0x000001759edc8264 method=java.awt.EventQueue.dispatchEventImpl(Ljava/awt/AWTEvent;Ljava/lang/Object;)V @ 18
Event: 2081.246 Thread 0x00000175c57ad000 Uncommon trap: reason=unstable_if action=reinterpret pc=0x000001759e9861f0 method=java.awt.Component.eventTypeEnabled(I)Z @ 480
Event: 2081.246 Thread 0x00000175c57ad000 Uncommon trap: reason=unstable_if action=reinterpret pc=0x000001759e5999c4 method=java.awt.KeyboardFocusManager.processCurrentLightweightRequests()V @ 12
Event: 2081.250 Thread 0x00000175c57ad000 Uncommon trap: reason=unstable_if action=reinterpret pc=0x000001759ed6e098 method=sun.awt.AWTAutoShutdown.isReadyToShutdown()Z @ 4
Event: 2081.443 Thread 0x000001759db22000 Uncommon trap: reason=unstable_if action=reinterpret pc=0x000001759ed69e30 method=com.mathworks.hg.util.HGPeerQueue.add(Lcom/mathworks/hg/util/HGPeerRunnable;)V @ 301
Event: 2081.456 Thread 0x000001759db22000 Uncommon trap: reason=unstable_if action=reinterpret pc=0x000001759eda148c method=com.mathworks.hg.util.HGPeerQueue.flush(Z)V @ 61
Event: 2081.456 Thread 0x00000175c57ad000 Uncommon trap: reason=unstable_if action=reinterpret pc=0x000001759e9d0198 method=com.mathworks.hg.util.HGPeerQueue$HGPeerRunnablesRunner.runit(Z[I)V @ 115
Event: 2081.457 Thread 0x00000175c57ad000 Uncommon trap: reason=unstable_if action=reinterpret pc=0x000001759eb23854 method=javax.swing.SwingUtilities.getWindowAncestor(Ljava/awt/Component;)Ljava/awt/Window; @ 6

Classes redefined (0 events):
No events

Internal exceptions (10 events):
Event: 2083.926 Thread 0x00000175c57ad000 Exception <a 'java/net/SocketTimeoutException': Receive timed out> (0x0000000741ef2780) thrown at [C:\re\workspace\8-2-build-windows-amd64-cygwin\jdk8u202\12323\hotspot\src\share\vm\prims\jni.cpp, line 736]
Event: 2084.010 Thread 0x00000175c57ad000 Exception <a 'java/net/SocketTimeoutException': Receive timed out> (0x0000000741ef3080) thrown at [C:\re\workspace\8-2-build-windows-amd64-cygwin\jdk8u202\12323\hotspot\src\share\vm\prims\jni.cpp, line 736]
Event: 2084.094 Thread 0x00000175c57ad000 Exception <a 'java/net/SocketTimeoutException': Receive timed out> (0x0000000741ef3980) thrown at [C:\re\workspace\8-2-build-windows-amd64-cygwin\jdk8u202\12323\hotspot\src\share\vm\prims\jni.cpp, line 736]
Event: 2084.178 Thread 0x00000175c57ad000 Exception <a 'java/net/SocketTimeoutException': Receive timed out> (0x0000000741ef4280) thrown at [C:\re\workspace\8-2-build-windows-amd64-cygwin\jdk8u202\12323\hotspot\src\share\vm\prims\jni.cpp, line 736]
Event: 2084.261 Thread 0x00000175c57ad000 Exception <a 'java/net/SocketTimeoutException': Receive timed out> (0x0000000741ef4b80) thrown at [C:\re\workspace\8-2-build-windows-amd64-cygwin\jdk8u202\12323\hotspot\src\share\vm\prims\jni.cpp, line 736]
Event: 2084.345 Thread 0x00000175c57ad000 Exception <a 'java/net/SocketTimeoutException': Receive timed out> (0x0000000741ef5480) thrown at [C:\re\workspace\8-2-build-windows-amd64-cygwin\jdk8u202\12323\hotspot\src\share\vm\prims\jni.cpp, line 736]
Event: 2084.429 Thread 0x00000175c57ad000 Exception <a 'java/net/SocketTimeoutException': Receive timed out> (0x0000000741ef6340) thrown at [C:\re\workspace\8-2-build-windows-amd64-cygwin\jdk8u202\12323\hotspot\src\share\vm\prims\jni.cpp, line 736]
Event: 2084.513 Thread 0x00000175c57ad000 Exception <a 'java/net/SocketTimeoutException': Receive timed out> (0x0000000741ef6c40) thrown at [C:\re\workspace\8-2-build-windows-amd64-cygwin\jdk8u202\12323\hotspot\src\share\vm\prims\jni.cpp, line 736]
Event: 2084.596 Thread 0x00000175c57ad000 Exception <a 'java/net/SocketTimeoutException': Receive timed out> (0x0000000741ef7540) thrown at [C:\re\workspace\8-2-build-windows-amd64-cygwin\jdk8u202\12323\hotspot\src\share\vm\prims\jni.cpp, line 736]
Event: 2084.680 Thread 0x00000175c57ad000 Exception <a 'java/net/SocketTimeoutException': Receive timed out> (0x0000000741ef7e40) thrown at [C:\re\workspace\8-2-build-windows-amd64-cygwin\jdk8u202\12323\hotspot\src\share\vm\prims\jni.cpp, line 736]

Events (10 events):
Event: 2084.730 loading class com/mathworks/widgets/ComponentBuilder done
Event: 2084.730 loading class com/mathworks/widgets/BusyAffordance$1
Event: 2084.730 loading class com/mathworks/widgets/BusyAffordance$1 done
Event: 2084.730 Thread 0x00000175c3832800 Thread exited: 0x00000175c3832800
Event: 2084.730 Executing VM operation: RevokeBias
Event: 2084.730 Executing VM operation: RevokeBias done
Event: 2084.730 Executing VM operation: RevokeBias
Event: 2084.730 Executing VM operation: RevokeBias done
Event: 2084.730 loading class com/mathworks/util/Log$1
Event: 2084.730 loading class com/mathworks/util/Log$1 done


Dynamic libraries:
0x00007ff7c8a90000 - 0x00007ff7c8ac3000 	C:\Program Files\MATLAB\R2020b\bin\win64\matlab.exe
0x00007ffc0c750000 - 0x00007ffc0c947000 	C:\WINDOWS\SYSTEM32\ntdll.dll
0x00007ffc0c4c0000 - 0x00007ffc0c57d000 	C:\WINDOWS\System32\KERNEL32.DLL
0x00007ffc09f60000 - 0x00007ffc0a22d000 	C:\WINDOWS\System32\KERNELBASE.dll
0x00007ffc076d0000 - 0x00007ffc07760000 	C:\WINDOWS\SYSTEM32\apphelp.dll
0x00007ffc0a380000 - 0x00007ffc0a480000 	C:\WINDOWS\System32\ucrtbase.dll
0x00007ffbef950000 - 0x00007ffbefb79000 	C:\Program Files\MATLAB\R2020b\bin\win64\libmwi18n.dll
0x00007ffbeea10000 - 0x00007ffbef2b3000 	C:\Program Files\MATLAB\R2020b\bin\win64\mlutil.dll
0x00007ffbec0f0000 - 0x00007ffbec4ff000 	C:\Program Files\MATLAB\R2020b\bin\win64\mvm.dll
0x00007ffc0c580000 - 0x00007ffc0c62e000 	C:\WINDOWS\System32\ADVAPI32.dll
0x00007ffbeae30000 - 0x00007ffbeb2f0000 	C:\Program Files\MATLAB\R2020b\bin\win64\libmwservices.dll
0x00007ffc0aa10000 - 0x00007ffc0aaae000 	C:\WINDOWS\System32\msvcrt.dll
0x00007ffc0a510000 - 0x00007ffc0a537000 	C:\WINDOWS\System32\bcrypt.dll
0x00007ffc0b120000 - 0x00007ffc0b1bc000 	C:\WINDOWS\System32\sechost.dll
0x00007ffbef6a0000 - 0x00007ffbef945000 	C:\Program Files\MATLAB\R2020b\bin\win64\libmwfl.dll
0x00007ffc0a7c0000 - 0x00007ffc0a960000 	C:\WINDOWS\System32\USER32.dll
0x00007ffc0c240000 - 0x00007ffc0c2ab000 	C:\WINDOWS\System32\WS2_32.dll
0x00007ffc0b630000 - 0x00007ffc0b755000 	C:\WINDOWS\System32\RPCRT4.dll
0x00007ffc0a350000 - 0x00007ffc0a372000 	C:\WINDOWS\System32\win32u.dll
0x00007ffc0c3d0000 - 0x00007ffc0c3fa000 	C:\WINDOWS\System32\GDI32.dll
0x00007ffbff6e0000 - 0x00007ffbff77b000 	C:\Program Files\MATLAB\R2020b\bin\win64\MSVCP140.dll
0x00007ffc03c80000 - 0x00007ffc03c96000 	C:\Program Files\MATLAB\R2020b\bin\win64\VCRUNTIME140.dll
0x00007ffc0a6a0000 - 0x00007ffc0a7ab000 	C:\WINDOWS\System32\gdi32full.dll
0x00007ffc04350000 - 0x00007ffc04359000 	C:\Program Files\MATLAB\R2020b\bin\win64\libmwresource_core.dll
0x00007ffc09ec0000 - 0x00007ffc09f5d000 	C:\WINDOWS\System32\msvcp_win.dll
0x00007ffc021b0000 - 0x00007ffc021da000 	C:\Program Files\MATLAB\R2020b\bin\win64\libmwfoundation_filesystem.dll
0x00007ffc02190000 - 0x00007ffc021a8000 	C:\Program Files\MATLAB\R2020b\bin\win64\libmwcpp11compat.dll
0x00007ffbff6c0000 - 0x00007ffbff6d2000 	C:\Program Files\MATLAB\R2020b\bin\win64\mwboost_date_time-vc141-mt-x64-1_70.dll
0x00007ffc0b9c0000 - 0x00007ffc0c104000 	C:\WINDOWS\System32\SHELL32.dll
0x00007ffbfc4c0000 - 0x00007ffbfc4e0000 	C:\Program Files\MATLAB\R2020b\bin\win64\mwboost_filesystem-vc141-mt-x64-1_70.dll
0x00007ffbfc480000 - 0x00007ffbfc49c000 	C:\Program Files\MATLAB\R2020b\bin\win64\mwboost_thread-vc141-mt-x64-1_70.dll
0x00007ffbfc450000 - 0x00007ffbfc478000 	C:\Program Files\MATLAB\R2020b\bin\win64\libexpat.dll
0x00007ffbeabd0000 - 0x00007ffbeae2d000 	C:\Program Files\MATLAB\R2020b\bin\win64\icuin64.dll
0x00007ffbebdb0000 - 0x00007ffbebf41000 	C:\Program Files\MATLAB\R2020b\bin\win64\icuuc64.dll
0x00007ffbfffd0000 - 0x00007ffbfffef000 	C:\WINDOWS\SYSTEM32\MPR.dll
0x00007ffbfbb20000 - 0x00007ffbfbb34000 	C:\Program Files\MATLAB\R2020b\bin\win64\libmwcapabilities.dll
0x00007ffbea880000 - 0x00007ffbeabcf000 	C:\Program Files\MATLAB\R2020b\bin\win64\libmwms.dll
0x00007ffbf2270000 - 0x00007ffbf2346000 	C:\Program Files\MATLAB\R2020b\bin\win64\libut.dll
0x00007ffbe5b40000 - 0x00007ffbe5ccf000 	C:\Program Files\MATLAB\R2020b\bin\win64\libmx.dll
0x00007ffbe5980000 - 0x00007ffbe5b38000 	C:\Program Files\MATLAB\R2020b\bin\win64\libmwfoundation_matlabdata.dll
0x00007ffc0aff0000 - 0x00007ffc0b11a000 	C:\WINDOWS\System32\ole32.dll
0x00007ffbf9950000 - 0x00007ffbf9991000 	C:\Program Files\MATLAB\R2020b\bin\win64\libmwfoundation_usm.dll
0x00007ffbfd140000 - 0x00007ffbfd14e000 	C:\Program Files\MATLAB\R2020b\bin\win64\libmwmatlabdata_boost_serialization.dll
0x00007ffc0aab0000 - 0x00007ffc0ae04000 	C:\WINDOWS\System32\combase.dll
0x00007ffbeb6b0000 - 0x00007ffbeb761000 	C:\Program Files\MATLAB\R2020b\bin\win64\mwboost_log-vc141-mt-x64-1_70.dll
0x00007ffc0c170000 - 0x00007ffc0c23d000 	C:\WINDOWS\System32\OLEAUT32.dll
0x00007ffbea6e0000 - 0x00007ffbea877000 	C:\Program Files\MATLAB\R2020b\bin\win64\libmwmst.dll
0x00007ffbf2960000 - 0x00007ffbf29a1000 	C:\Program Files\MATLAB\R2020b\bin\win64\mwboost_serialization-vc141-mt-x64-1_70.dll
0x00007ffbf9ac0000 - 0x00007ffbf9af4000 	C:\Program Files\MATLAB\R2020b\bin\win64\libmwthreadpool.dll
0x00007ffbf2480000 - 0x00007ffbf24e6000 	C:\Program Files\MATLAB\R2020b\bin\win64\tbb.dll
0x00007ffbfbb00000 - 0x00007ffbfbb1c000 	C:\Program Files\MATLAB\R2020b\bin\win64\libmwstartupplugin.dll
0x00007ffc03c70000 - 0x00007ffc03c7f000 	C:\Program Files\MATLAB\R2020b\bin\win64\libmvmtransportapi.dll
0x00007ffbebf80000 - 0x00007ffbec0ee000 	C:\Program Files\MATLAB\R2020b\bin\win64\matlab_toolbox_events.dll
0x00007ffbef3d0000 - 0x00007ffbef4cc000 	C:\Program Files\MATLAB\R2020b\bin\win64\libmwstartup_plugin_initializer.dll
0x00007ffbe56e0000 - 0x00007ffbe597a000 	C:\Program Files\MATLAB\R2020b\bin\win64\execution_events.dll
0x00007ffc02b40000 - 0x00007ffc02b4e000 	C:\Program Files\MATLAB\R2020b\bin\win64\mwboost_chrono-vc141-mt-x64-1_70.dll
0x00007ffbef360000 - 0x00007ffbef3ca000 	C:\Program Files\MATLAB\R2020b\bin\win64\libmwlivecode.dll
0x00007ffbee980000 - 0x00007ffbeea0b000 	C:\Program Files\MATLAB\R2020b\bin\win64\libmwcppmicroservices.dll
0x00007ffbf2140000 - 0x00007ffbf2197000 	C:\Program Files\MATLAB\R2020b\bin\win64\libmwsearch_path_utilities.dll
0x00007ffc0a230000 - 0x00007ffc0a297000 	C:\WINDOWS\System32\WINTRUST.dll
0x00007ffc0a540000 - 0x00007ffc0a696000 	C:\WINDOWS\System32\CRYPT32.dll
0x00007ffbdfda0000 - 0x00007ffbdff43000 	C:\Program Files\MATLAB\R2020b\bin\win64\libmwflstoragevfs.dll
0x00007ffbed530000 - 0x00007ffbed5a0000 	C:\Program Files\MATLAB\R2020b\bin\win64\libmwcwf_interface.dll
0x00007ffc02180000 - 0x00007ffc0218e000 	C:\Program Files\MATLAB\R2020b\bin\win64\libmwmatlabstoragesystem.dll
0x00007ffbe6f60000 - 0x00007ffbe7083000 	C:\Program Files\MATLAB\R2020b\bin\win64\libmwflstorageprovider.dll
0x00007ffbff6b0000 - 0x00007ffbff6bf000 	C:\Program Files\MATLAB\R2020b\bin\win64\libmwflstorageutility.dll
0x00007ffbef650000 - 0x00007ffbef69c000 	C:\Program Files\MATLAB\R2020b\bin\win64\libmwrelease_info.dll
0x00007ffbc79d0000 - 0x00007ffbc7f20000 	C:\Program Files\MATLAB\R2020b\bin\win64\settingscore.dll
0x00007ffbebbe0000 - 0x00007ffbebc35000 	C:\Program Files\MATLAB\R2020b\bin\win64\libmwsettings_in_matlab.dll
0x00007ffbea650000 - 0x00007ffbea6df000 	C:\Program Files\MATLAB\R2020b\bin\win64\opccore.dll
0x00007ffbdfbe0000 - 0x00007ffbdfd9e000 	C:\Program Files\MATLAB\R2020b\bin\win64\opcmodel.dll
0x00007ffbebd40000 - 0x00007ffbebd7c000 	C:\Program Files\MATLAB\R2020b\bin\win64\opczippackage.dll
0x00007ffbebb60000 - 0x00007ffbebb9f000 	C:\Program Files\MATLAB\R2020b\bin\win64\string_matrix.dll
0x00007ffbfba80000 - 0x00007ffbfba98000 	C:\Program Files\MATLAB\R2020b\bin\win64\mwboost_iostreams-vc141-mt-x64-1_70.dll
0x00007ffbe55e0000 - 0x00007ffbe56d9000 	C:\Program Files\MATLAB\R2020b\bin\win64\mwboost_regex-vc141-mt-x64-1_70.dll
0x00007ffbde410000 - 0x00007ffbde53f000 	C:\Program Files\MATLAB\R2020b\bin\win64\CppMicroServices3.dll
0x00007ffc04030000 - 0x00007ffc04214000 	C:\WINDOWS\SYSTEM32\dbghelp.dll
0x00007ffc0c630000 - 0x00007ffc0c685000 	C:\WINDOWS\System32\SHLWAPI.dll
0x00007ffc09ce0000 - 0x00007ffc09d2b000 	C:\WINDOWS\SYSTEM32\POWRPROF.dll
0x00007ffbfc440000 - 0x00007ffbfc44d000 	C:\Program Files\MATLAB\R2020b\bin\win64\libmwflstrings.dll
0x00007ffbeb670000 - 0x00007ffbeb6a7000 	C:\Program Files\MATLAB\R2020b\bin\win64\libmwmfl_permute.dll
0x00007ffbf9930000 - 0x00007ffbf9941000 	C:\Program Files\MATLAB\R2020b\bin\win64\icuio64.dll
0x00007ffbf2460000 - 0x00007ffbf2472000 	C:\Program Files\MATLAB\R2020b\bin\win64\libmwindexingapimethods.dll
0x00007ffbe8530000 - 0x00007ffbe858f000 	C:\Program Files\MATLAB\R2020b\bin\win64\tbbmalloc.dll
0x000000006a410000 - 0x000000006a42a000 	C:\Program Files\MATLAB\R2020b\bin\win64\zlib1.dll
0x00007ffbebaf0000 - 0x00007ffbebb30000 	C:\Program Files\MATLAB\R2020b\bin\win64\libmwmsr.dll
0x00007ffc09560000 - 0x00007ffc095ca000 	C:\WINDOWS\SYSTEM32\MSWSOCK.dll
0x00007ffc00200000 - 0x00007ffc0020c000 	C:\WINDOWS\SYSTEM32\Secur32.dll
0x00007ffbe8000000 - 0x00007ffbe8055000 	C:\Program Files\MATLAB\R2020b\bin\win64\libmwfoundation_json.dll
0x00007ffbe6a70000 - 0x00007ffbe6b12000 	C:\Program Files\MATLAB\R2020b\bin\win64\opcmwservices.dll
0x00007ffbd3ce0000 - 0x00007ffbd3ffa000 	C:\Program Files\MATLAB\R2020b\bin\win64\xerces-c_3_2.dll
0x00007ffbf2250000 - 0x00007ffbf2269000 	C:\Program Files\MATLAB\R2020b\bin\win64\libmwsearch_path_interfaces.dll
0x00007ffbe62e0000 - 0x00007ffbe6386000 	C:\Program Files\MATLAB\R2020b\bin\win64\libmwstoragefilefolderobserver.dll
0x00007ffbc7720000 - 0x00007ffbc79d0000 	C:\Program Files\MATLAB\R2020b\bin\win64\libmwflnetwork.dll
0x00007ffbed6b0000 - 0x00007ffbed6ce000 	C:\Program Files\MATLAB\R2020b\bin\win64\libmwflstorageevents.dll
0x00007ffbe7f80000 - 0x00007ffbe8000000 	C:\Program Files\MATLAB\R2020b\bin\win64\xmlcore.dll
0x00007ffbde310000 - 0x00007ffbde403000 	C:\Program Files\MATLAB\R2020b\bin\win64\libmwfoundation_matlabdata_standalone.dll
0x00007ffbde1f0000 - 0x00007ffbde305000 	C:\Program Files\MATLAB\R2020b\bin\win64\libmwfoundation_matlabdata_json.dll
0x00007ffbed500000 - 0x00007ffbed529000 	C:\Program Files\MATLAB\R2020b\bin\win64\libmwnativedialogs.dll
0x00007ffbdeb00000 - 0x00007ffbdebe9000 	C:\Program Files\MATLAB\R2020b\bin\win64\libmwsearch_path_events.dll
0x00007ffbe77b0000 - 0x00007ffbe7802000 	C:\Program Files\MATLAB\R2020b\bin\win64\libmwflcrypto.dll
0x00007ffbe84f0000 - 0x00007ffbe8530000 	C:\Program Files\MATLAB\R2020b\bin\win64\libmwflcryptoutils.dll
0x00007ffbd6c90000 - 0x00007ffbd6eaf000 	C:\Program Files\MATLAB\R2020b\bin\win64\libmwflcryptocryptopp.dll
0x00007ffbe6e30000 - 0x00007ffbe6e87000 	C:\Program Files\MATLAB\R2020b\bin\win64\libmwflcertificates.dll
0x00007ffbed190000 - 0x00007ffbed1a1000 	C:\Program Files\MATLAB\R2020b\bin\win64\libminizip.dll
0x00007ffbdecf0000 - 0x00007ffbded7b000 	C:\Program Files\MATLAB\R2020b\bin\win64\mcos.dll
0x00007ffbebbc0000 - 0x00007ffbebbd6000 	C:\Program Files\MATLAB\R2020b\bin\win64\libmwdtoa.dll
0x00007ffc09250000 - 0x00007ffc0928b000 	C:\WINDOWS\SYSTEM32\IPHLPAPI.DLL
0x00007ffbfbaf0000 - 0x00007ffbfbafe000 	C:\Program Files\MATLAB\R2020b\bin\win64\libmwfoundation_matlabjson_frontend.dll
0x00007ffbebb40000 - 0x00007ffbebb60000 	C:\Program Files\MATLAB\R2020b\bin\win64\libmwmodule_descriptor_interfaces.dll
0x00007ffbc7460000 - 0x00007ffbc771f000 	C:\Program Files\MATLAB\R2020b\bin\win64\libcrypto-1_1-x64.dll
0x00007ffbddd10000 - 0x00007ffbdddbc000 	C:\Program Files\MATLAB\R2020b\bin\win64\libssl-1_1-x64.dll
0x00007ffc09d30000 - 0x00007ffc09d62000 	C:\WINDOWS\SYSTEM32\SSPICLI.DLL
0x000001758bee0000 - 0x000001758d924000 	C:\Program Files\MATLAB\R2020b\bin\win64\icudt64.dll
0x00007ffc09cc0000 - 0x00007ffc09cd2000 	C:\WINDOWS\SYSTEM32\UMPDC.dll
0x00007ffc0ae10000 - 0x00007ffc0ae40000 	C:\WINDOWS\System32\IMM32.DLL
0x00007ffc09990000 - 0x00007ffc099a2000 	C:\WINDOWS\SYSTEM32\MSASN1.dll
0x00007ffc09770000 - 0x00007ffc0977c000 	C:\WINDOWS\SYSTEM32\CRYPTBASE.DLL
0x00007ffc0a480000 - 0x00007ffc0a502000 	C:\WINDOWS\System32\bcryptPrimitives.dll
0x00007ffbddc60000 - 0x00007ffbddd03000 	C:\Program Files\MATLAB\R2020b\bin\win64\DeclarativeServices1.dll
0x00007ffbfba70000 - 0x00007ffbfba79000 	C:\Program Files\MATLAB\R2020b\bin\win64\usLogService.dll
0x00007ffbebad0000 - 0x00007ffbebae3000 	C:\Program Files\MATLAB\R2020b\bin\win64\usServiceComponent.dll
0x00007ffbeb650000 - 0x00007ffbeb66b000 	C:\Program Files\MATLAB\R2020b\bin\win64\cppmicroservices_compendium\foundation\cppmicroservices\logserviceimpl\mwLogServiceImpl.dll
0x00007ffbe8e30000 - 0x00007ffbe8e4c000 	C:\Program Files\MATLAB\R2020b\bin\win64\matlab_startup_plugins\connector\openssl_initializer\libmwconnectoropensslinitializer.dll
0x00007ffbd7060000 - 0x00007ffbd714d000 	C:\Program Files\MATLAB\R2020b\bin\win64\PocoNet64.dll
0x00007ffbe7130000 - 0x00007ffbe716a000 	C:\Program Files\MATLAB\R2020b\bin\win64\PocoNetSSL64.dll
0x00007ffbe6f30000 - 0x00007ffbe6f60000 	C:\Program Files\MATLAB\R2020b\bin\win64\PocoCrypto64.dll
0x00007ffbe2de0000 - 0x00007ffbe2e45000 	C:\Program Files\MATLAB\R2020b\bin\win64\PocoUtil64.dll

VM Arguments:
jvm_args: -Xms64m -XX:NewRatio=3 -Xmx8152m -XX:MaxDirectMemorySize=2147400000 -Dsun.java2d.noddraw=true -Dsun.awt.nopixfmt=true -Xshare:off -Djava.ext.dirs=C:\Program Files\MATLAB\R2020b\sys\java\jre\win64\jre\lib\ext -Djogamp.gluegen.UseTempJarCache=false -Djogl.disable.opengles=1 -Djogl.windows.cpu_affinity_mode=0 -Xrs -Djava.library.path=C:\Program Files\MATLAB\R2020b\bin\win64;C:\Program Files\MATLAB\R2020b\sys\jxbrowser\win64\lib vfprintf -XX:ErrorFile=C:\Users\EXPERI~1\AppData\Local\Temp\hs_error_pid6048.log abort -Duser.language=en -Duser.country=GB -Dfile.encoding=Cp1252 -XX:ParallelGCThreads=6 
java_command: <unknown>
java_class_path (initial): C:\Program Files\MATLAB\R2020b\java\patch;C:\Program Files\MATLAB\R2020b\java\jar\jmi.jar;C:\Program Files\MATLAB\R2020b\java\jar\util.jar;C:\Program Files\MATLAB\R2020b\java\jar\mvm.jar;C:\Program Files\MATLAB\R2020b\java\jar\services.jar;C:\Program Files\MATLAB\R2020b\java\jarext\commons-io.jar;C:\Program Files\MATLAB\R2020b\java\jar\cfbutils.jar;C:\Program Files\MATLAB\R2020b\java\jar\capabilities.jar;C:\Program Files\MATLAB\R2020b\java\jar\mlwidgets.jar;C:\Program Files\MATLAB\R2020b\java\jar\html.jar;C:\Program Files\MATLAB\R2020b\java\jar\net.jar;C:\Program Files\MATLAB\R2020b\java\jar\ddux_api.jar;C:\Program Files\MATLAB\R2020b\java\jarext\log4j.jar;C:\Program Files\MATLAB\R2020b\java\jar\mwswing.jar;C:\Program Files\MATLAB\R2020b\java\jar\common.jar;C:\Program Files\MATLAB\R2020b\java\jarext\google-collect.jar;C:\Program Files\MATLAB\R2020b\java\jarext\commons-lang.jar;C:\Program Files\MATLAB\R2020b\java\jarext\jide\jide-common.jar;C:\Program Files\MATLAB\R2020b\java\jarext\jide\jide-dock.jar;C:\Program Files\MATLAB\R2020b\java\jarext\jide\jide-action.jar;C:\Program Files\MATLAB\R2020b\java\jarext\jide\jide-components.jar;C:\Program Files\MATLAB\R2020b\java\jarext\jide\jide-grids.jar;C:\Program Files\MATLAB\R2020b\java\jarext\jide\jide-dialogs.jar;C:\Program Files\MATLAB\R2020b\java\jarext\jide\jide-shortcut.jar;C:\Program Files\MATLAB\R2020b\java\jarext\jide\jide-charts.jar;C:\Program Files\MATLAB\R2020b\java\jar\toolstrip.jar;C:\Program Files\MATLAB\R2020b\java\jar\mlservices.jar;C:\Program Files\MATLAB\R2020b\java\jar\widgets.jar;C:\Program Files\MATLAB\R2020b\java\jar\mde.jar;C:\Program Files\MATLAB\R2020b\java\jar\explorer.jar;C:\Program Files\MATLAB\R2020b\java\jar\explorer_api.jar;C:\Program Files\MATLAB\R2020b\java\jar\desktop.jar;C:\Program Files\MATLAB\R2020b\java\jar\addons.jar;C:\Program Files\MATLAB\R2020b\java\jar\addons_common.jar;C:\Program Files\MATLAB\R2020b\java\jarext\connector_api\msscommon\msscommon.jar;C:\P
Launcher Type: generic

Environment Variables:
PATH=C:\Program Files\MATLAB\R2020b\toolbox\imaq\imaqextern\drivers\win64\genicam\GenICam_V3_1_0\bin\Win64_x64;C:\Program Files\MATLAB\R2020b\bin\win64;C:\WINDOWS\system32;C:\WINDOWS;C:\WINDOWS\System32\Wbem;C:\WINDOWS\System32\WindowsPowerShell\v1.0\;C:\WINDOWS\System32\OpenSSH\;C:\Program Files\MATLAB\R2020b\bin;C:\Program Files\Git\cmd;C:\Program Files\Point Grey Research\FlyCap2 Viewer\bin64;%FC2PATH\vs2013;C:\Program Files\Point Grey Research\FlyCap2 Viewer\bin64\vs2015;C:\Program Files\Point Grey Research\Spinnaker\bin64\vs2015;C:\Program Files\Point Grey Research\Spinnaker\bin\vs2015;C:\Users\Experiment\AppData\Local\Microsoft\WindowsApps;C:\Users\Experiment\anaconda3\condabin;C:\Users\Experiment\anaconda3\Scripts;
USERNAME=Experiment
OS=Windows_NT
PROCESSOR_IDENTIFIER=Intel64 Family 6 Model 165 Stepping 5, GenuineIntel



---------------  S Y S T E M  ---------------

OS: Windows 10.0 , 64 bit Build 19041 (10.0.19041.1741)

CPU:total 20 (initial active 20) (10 cores per cpu, 2 threads per core) family 6 model 165 stepping 5, cmov, cx8, fxsr, mmx, sse, sse2, sse3, ssse3, sse4.1, sse4.2, popcnt, avx, avx2, aes, clmul, erms, 3dnowpref, lzcnt, ht, tsc, tscinvbit, bmi1, bmi2, adx

Memory: 4k page, physical 33392416k(24813888k free), swap 44291000k(25277872k free)

vm_info: Java HotSpot(TM) 64-Bit Server VM (25.202-b08) for windows-amd64 JRE (1.8.0_202-b08), built on Dec 15 2018 19:54:30 by "java_re" with MS VC++ 10.0 (VS2010)

time: Thu Jul 07 16:17:22 2022
timezone: GMT Daylight Time
elapsed time: 2084 seconds (0d 0h 34m 44s)

