#
# A fatal error has been detected by the Java Runtime Environment:
#
#  EXCEPTION_UNCAUGHT_CXX_EXCEPTION (0xe06d7363) at pc=0x00007ffe25214f69, pid=4512, tid=0x0000000000002a48
#
# JRE version: Java(TM) SE Runtime Environment (8.0_202-b08) (build 1.8.0_202-b08)
# Java VM: Java HotSpot(TM) 64-Bit Server VM (25.202-b08 mixed mode windows-amd64 compressed oops)
# Problematic frame:
# C  [KERNELBASE.dll+0x34f69]
#
# Failed to write core dump. Minidumps are not enabled by default on client versions of Windows
#
# If you would like to submit a bug report, please visit:
#   http://bugreport.java.com/bugreport/crash.jsp
# The crash happened outside the Java Virtual Machine in native code.
# See problematic frame for where to report the bug.
#

---------------  T H R E A D  ---------------

Current thread (0x000001ba79c12000):  JavaThread "main" [_thread_in_native, id=10824, stack(0x000000af8ec00000,0x000000af92c00000)]

siginfo: ExceptionCode=0xe06d7363, ExceptionInformation=0x0000000019930520 0x000000af92be5b68 0x00007ffde61dc3a8 0x00007ffde6040000 

Registers:
RAX=0x0000000000000000, RBX=0x000000af92be3200, RCX=0x0000000000000000, RDX=0x0000000000000000
RSP=0x000000af92be0c00, RBP=0x000000af92be12b0, RSI=0x000000af92be0d40, RDI=0x000000af92be1a50
R8 =0x000001ba79c32150, R9 =0x0000000000000009, R10=0x000000005752a490, R11=0x0000000000000030
R12=0x000000af92be2078, R13=0x00007ffdeb3cf900, R14=0x0000000000000000, R15=0x0000000000000000
RIP=0x00007ffe25214f69, EFLAGS=0x0000000000000202

Top of Stack: (sp=0x000000af92be0c00)
0x000000af92be0c00:   fffffffffffffffe 000000af92be3200
0x000000af92be0c10:   000000af92be0d40 0000000000000000
0x000000af92be0c20:   00000001e06d7363 0000000000000000
0x000000af92be0c30:   00007ffe25214f69 0000000000000004
0x000000af92be0c40:   0000000019930520 000000af92be5b68
0x000000af92be0c50:   00007ffde61dc3a8 00007ffde6040000
0x000000af92be0c60:   00006e0b61edde7d 000000af92be2078
0x000000af92be0c70:   0000000000000004 00007ffe1e444685
0x000000af92be0c80:   0000000000000000 000001ba6c4ac910
0x000000af92be0c90:   000000af92be0d40 000000af92be12b0
0x000000af92be0ca0:   000000af92be1a50 00007ffe1e44470d
0x000000af92be0cb0:   000000af92be3200 000000af92be0d40
0x000000af92be0cc0:   000053c0112dfa31 000001ba13353f18
0x000000af92be0cd0:   000000af92be3200 00007ffe1e441f74
0x000000af92be0ce0:   00007ffdeb3cf900 000000af92be2078
0x000000af92be0cf0:   0000000000000100 000000af92be0ca8 

Instructions: (pc=0x00007ffe25214f69)
0x00007ffe25214f49:   8b d1 44 0f 47 c0 44 89 44 24 38 49 c1 e0 03 e8
0x00007ffe25214f59:   0a d7 05 00 48 8d 4c 24 20 48 ff 15 0f 9f 18 00
0x00007ffe25214f69:   0f 1f 44 00 00 48 8b 8c 24 c0 00 00 00 48 33 cc
0x00007ffe25214f79:   e8 32 98 05 00 48 81 c4 d8 00 00 00 c3 cc 83 64 


Register to memory mapping:

RAX=0x0000000000000000 is an unknown value
RBX=0x000000af92be3200 is pointing into the stack for thread: 0x000001ba79c12000
RCX=0x0000000000000000 is an unknown value
RDX=0x0000000000000000 is an unknown value
RSP=0x000000af92be0c00 is pointing into the stack for thread: 0x000001ba79c12000
RBP=0x000000af92be12b0 is pointing into the stack for thread: 0x000001ba79c12000
RSI=0x000000af92be0d40 is pointing into the stack for thread: 0x000001ba79c12000
RDI=0x000000af92be1a50 is pointing into the stack for thread: 0x000001ba79c12000
R8 =0x000001ba79c32150 is an unknown value
R9 =0x0000000000000009 is an unknown value
R10=0x000000005752a490 is an unknown value
R11=0x0000000000000030 is an unknown value
R12=0x000000af92be2078 is pointing into the stack for thread: 0x000001ba79c12000
R13=0x00007ffdeb3cf900 is an unknown value
R14=0x0000000000000000 is an unknown value
R15=0x0000000000000000 is an unknown value


Stack: [0x000000af8ec00000,0x000000af92c00000],  sp=0x000000af92be0c00,  free space=65411k
Native frames: (J=compiled Java code, j=interpreted, Vv=VM code, C=native code)
C  [KERNELBASE.dll+0x34f69]
C  [VCRUNTIME140.dll+0x1f74]
C  [ntdll.dll+0xa1456]
C  0x00007ffdeb367a3f
C  0x00007ffdeb337c42
C  0x00007ffdeb337421
C  0x00007ffdeb339313
C  [libmwservices.dll+0x29f923]
C  [libmwservices.dll+0x2a0f10]
C  [libmwservices.dll+0x2a1c0e]
C  0x00007ffde06c3e2a
C  0x000001ba00019f2e

Java frames: (J=compiled Java code, j=interpreted, Vv=VM code)
j  com.mathworks.jmi.NativeMatlab.ProcessPendingEvents()Z+0
j  com.mathworks.jmi.NativeMatlab.processPendingEvents()Z+8
j  com.mathworks.jmi.Matlab$ProcessPendingEvents.callBooleanMethod(Ljava/lang/Object;)Z+0
j  com.mathworks.util.FactoryUtils.processPendingEvents()Z+12
j  com.mathworks.widgets.desk.Desktop.canClose()Z+38
j  com.mathworks.mde.desk.MLDesktop.canClose()Z+296
j  com.mathworks.mde.desk.MLDesktop$2.call()Ljava/lang/Boolean;+4
j  com.mathworks.mde.desk.MLDesktop$2.call()Ljava/lang/Object;+1
j  com.mathworks.jmi.Matlab.runPredicates(Ljava/util/List;Z)Z+59
j  com.mathworks.jmi.Matlab.isOkToExit()Z+4
v  ~StubRoutines::call_stub
j  com.mathworks.jmi.NativeMatlab.SendMatlabMessage(Ljava/lang/Object;)Ljava/lang/Object;+0
j  com.mathworks.jmi.NativeMatlab.sendMatlabMessage(Ljava/lang/Object;)Ljava/lang/Object;+22
j  com.mathworks.jmi.MatlabLooper.sendMatlabMessage(Lcom/mathworks/services/message/MWMessage;)Ljava/lang/Object;+20
j  com.mathworks.jmi.Matlab.mtFevalConsoleOutput(Ljava/lang/String;[Ljava/lang/Object;I)Ljava/lang/Object;+58
j  com.mathworks.toolbox.instrument.events.ActionQueue.run()V+130
v  ~StubRoutines::call_stub

---------------  P R O C E S S  ---------------

Java Threads: ( => current thread )
  0x000001ba2b66d800 JavaThread "Installation Observer" daemon [_thread_blocked, id=5108, stack(0x000000af9c300000,0x000000af9c400000)]
  0x000001ba2b673000 JavaThread "com.mathworks.addons_common.notificationframework.InstalledFolderRegistryObservers" daemon [_thread_blocked, id=5956, stack(0x000000af9d400000,0x000000af9d500000)]
  0x000001ba130d0800 JavaThread "com.mathworks.addons_common.notificationframework.InstalledAddOnsCache" daemon [_thread_blocked, id=12604, stack(0x000000af9c100000,0x000000af9c200000)]
  0x000001ba130d2000 JavaThread "TimerQueue" daemon [_thread_blocked, id=2184, stack(0x000000af9b300000,0x000000af9b400000)]
  0x000001ba130cb000 JavaThread "AWT-EventQueue-0-SharedResourceRunner" daemon [_thread_blocked, id=8120, stack(0x000000af9af00000,0x000000af9b000000)]
  0x000001ba130cc800 JavaThread "Thread-3" daemon [_thread_blocked, id=10660, stack(0x000000af9a400000,0x000000af9a500000)]
  0x000001ba12bf9800 JavaThread "AWT-EventQueue-0" [_thread_blocked, id=9536, stack(0x000000af9a200000,0x000000af9a300000)]
  0x000001ba12e05800 JavaThread "AWT-Shutdown" [_thread_blocked, id=13076, stack(0x000000af99e00000,0x000000af99f00000)]
  0x000001ba11421800 JavaThread "EventMgr Dispatcher" daemon [_thread_in_native, id=1016, stack(0x000000af9a100000,0x000000af9a200000)]
  0x000001ba11422800 JavaThread "AWT-Windows" daemon [_thread_in_native, id=9568, stack(0x000000af99f00000,0x000000af9a000000)]
  0x000001ba129fc800 JavaThread "Java2D Disposer" daemon [_thread_blocked, id=10088, stack(0x000000af99d00000,0x000000af99e00000)]
  0x000001ba11b86800 JavaThread "Settings Releaser" daemon [_thread_blocked, id=7948, stack(0x000000af99c00000,0x000000af99d00000)]
  0x000001ba12d97800 JavaThread "EventMgr Dispatcher" daemon [_thread_in_native, id=1496, stack(0x000000af99b00000,0x000000af99c00000)]
  0x000001ba0fb82000 JavaThread "Service Thread" daemon [_thread_blocked, id=5236, stack(0x000000af99800000,0x000000af99900000)]
  0x000001ba0faca800 JavaThread "C1 CompilerThread11" daemon [_thread_blocked, id=1072, stack(0x000000af99700000,0x000000af99800000)]
  0x000001ba0fabb800 JavaThread "C1 CompilerThread10" daemon [_thread_blocked, id=9156, stack(0x000000af99600000,0x000000af99700000)]
  0x000001ba0fabb000 JavaThread "C1 CompilerThread9" daemon [_thread_blocked, id=9284, stack(0x000000af99500000,0x000000af99600000)]
  0x000001ba0fab9000 JavaThread "C1 CompilerThread8" daemon [_thread_blocked, id=11624, stack(0x000000af99400000,0x000000af99500000)]
  0x000001ba0fab8800 JavaThread "C2 CompilerThread7" daemon [_thread_blocked, id=4136, stack(0x000000af99300000,0x000000af99400000)]
  0x000001ba0faa9000 JavaThread "C2 CompilerThread6" daemon [_thread_blocked, id=13036, stack(0x000000af99200000,0x000000af99300000)]
  0x000001ba7f2ca800 JavaThread "C2 CompilerThread5" daemon [_thread_blocked, id=3488, stack(0x000000af99100000,0x000000af99200000)]
  0x000001ba7f2c9800 JavaThread "C2 CompilerThread4" daemon [_thread_blocked, id=12308, stack(0x000000af99000000,0x000000af99100000)]
  0x000001ba7f2c7000 JavaThread "C2 CompilerThread3" daemon [_thread_blocked, id=11052, stack(0x000000af98f00000,0x000000af99000000)]
  0x000001ba7f2c6000 JavaThread "C2 CompilerThread2" daemon [_thread_blocked, id=1712, stack(0x000000af98e00000,0x000000af98f00000)]
  0x000001ba7f2c5800 JavaThread "C2 CompilerThread1" daemon [_thread_blocked, id=6004, stack(0x000000af98d00000,0x000000af98e00000)]
  0x000001ba7f2c0800 JavaThread "C2 CompilerThread0" daemon [_thread_blocked, id=1828, stack(0x000000af98c00000,0x000000af98d00000)]
  0x000001ba7f2be000 JavaThread "Attach Listener" daemon [_thread_blocked, id=12884, stack(0x000000af98b00000,0x000000af98c00000)]
  0x000001ba7f2ba000 JavaThread "Finalizer" daemon [_thread_blocked, id=2268, stack(0x000000af98a00000,0x000000af98b00000)]
  0x000001ba7f2b1000 JavaThread "Reference Handler" daemon [_thread_blocked, id=13244, stack(0x000000af98900000,0x000000af98a00000)]
=>0x000001ba79c12000 JavaThread "main" [_thread_in_native, id=10824, stack(0x000000af8ec00000,0x000000af92c00000)]

Other Threads:
  0x000001ba7f28b800 VMThread [stack: 0x000000af98800000,0x000000af98900000] [id=9640]
  0x000001ba0fb91000 WatcherThread [stack: 0x000000af99900000,0x000000af99a00000] [id=7164]

VM state:not at safepoint (normal execution)

VM Mutex/Monitor currently owned by a thread: None

heap address: 0x00000000a0000000, size: 1536 MB, Compressed Oops mode: 32-bit
Narrow klass base: 0x0000000000000000, Narrow klass shift: 3
Compressed class space size: 1073741824 Address: 0x0000000100000000

Heap:
 PSYoungGen      total 260608K, used 205885K [0x00000000e8000000, 0x00000000fba00000, 0x0000000100000000)
  eden space 248320K, 82% used [0x00000000e8000000,0x00000000f48d77c8,0x00000000f7280000)
  from space 12288K, 1% used [0x00000000f7280000,0x00000000f72b8000,0x00000000f7e80000)
  to   space 11776K, 0% used [0x00000000fae80000,0x00000000fae80000,0x00000000fba00000)
 ParOldGen       total 49152K, used 38165K [0x00000000a0000000, 0x00000000a3000000, 0x00000000e8000000)
  object space 49152K, 77% used [0x00000000a0000000,0x00000000a2545520,0x00000000a3000000)
 Metaspace       used 49339K, capacity 49840K, committed 50164K, reserved 1093632K
  class space    used 6448K, capacity 6591K, committed 6656K, reserved 1048576K

Card table byte_map: [0x000001ba7b080000,0x000001ba7b390000] byte_map_base: 0x000001ba7ab80000

Marking Bits: (ParMarkBitMap*) 0x0000000057535ce0
 Begin Bits: [0x000001ba7b5d0000, 0x000001ba7cdd0000)
 End Bits:   [0x000001ba7cdd0000, 0x000001ba7e5d0000)

Polling page: 0x000001ba6c370000

CodeCache: size=245760Kb used=19046Kb max_used=19079Kb free=226713Kb
 bounds [0x000001ba00000000, 0x000001ba012f0000, 0x000001ba0f000000]
 total_blobs=6174 nmethods=5158 adapters=925
 compilation: enabled

Compilation events (10 events):
Event: 1636.807 Thread 0x000001ba0faca800 6107       1       java.lang.reflect.Method::getMethodAccessor (5 bytes)
Event: 1636.807 Thread 0x000001ba0faca800 nmethod 6107 0x000001ba0033e710 code [0x000001ba0033e860, 0x000001ba0033e978]
Event: 1636.807 Thread 0x000001ba0fabb800 nmethod 6106 0x000001ba002f7c90 code [0x000001ba002f7e00, 0x000001ba002f81b0]
Event: 1636.809 Thread 0x000001ba7f2c9800 nmethod 6100 0x000001ba009befd0 code [0x000001ba009bf1a0, 0x000001ba009bff10]
Event: 1636.820 Thread 0x000001ba7f2c0800 nmethod 6105 0x000001ba009e4010 code [0x000001ba009e4240, 0x000001ba009e5d50]
Event: 1636.941 Thread 0x000001ba0fabb000 6108       3       java.awt.Component::dispatchEventImpl (921 bytes)
Event: 1636.945 Thread 0x000001ba0fabb000 nmethod 6108 0x000001ba012b71d0 code [0x000001ba012b7c40, 0x000001ba012c09c0]
Event: 1636.971 Thread 0x000001ba0fab8800 nmethod 6104 0x000001ba012ccb10 code [0x000001ba012cd380, 0x000001ba012d5c78]
Event: 1640.145 Thread 0x000001ba0faca800 6109       3       sun.misc.Resource::getByteBuffer (24 bytes)
Event: 1640.145 Thread 0x000001ba0faca800 nmethod 6109 0x000001ba0037cc50 code [0x000001ba0037ce00, 0x000001ba0037d580]

GC Heap History (10 events):
Event: 17.364 GC heap before
{Heap before GC invocations=21 (full 2):
 PSYoungGen      total 164864K, used 157184K [0x00000000e8000000, 0x00000000f3380000, 0x0000000100000000)
  eden space 157184K, 100% used [0x00000000e8000000,0x00000000f1980000,0x00000000f1980000)
  from space 7680K, 0% used [0x00000000f2180000,0x00000000f2180000,0x00000000f2900000)
  to   space 8192K, 0% used [0x00000000f1980000,0x00000000f1980000,0x00000000f2180000)
 ParOldGen       total 49152K, used 21286K [0x00000000a0000000, 0x00000000a3000000, 0x00000000e8000000)
  object space 49152K, 43% used [0x00000000a0000000,0x00000000a14c9aa8,0x00000000a3000000)
 Metaspace       used 42719K, capacity 43152K, committed 43380K, reserved 1087488K
  class space    used 5576K, capacity 5747K, committed 5760K, reserved 1048576K
Event: 17.372 GC heap after
Heap after GC invocations=21 (full 2):
 PSYoungGen      total 165376K, used 8163K [0x00000000e8000000, 0x00000000f5b80000, 0x0000000100000000)
  eden space 157184K, 0% used [0x00000000e8000000,0x00000000e8000000,0x00000000f1980000)
  from space 8192K, 99% used [0x00000000f1980000,0x00000000f2178dd8,0x00000000f2180000)
  to   space 10752K, 0% used [0x00000000f5100000,0x00000000f5100000,0x00000000f5b80000)
 ParOldGen       total 49152K, used 24966K [0x00000000a0000000, 0x00000000a3000000, 0x00000000e8000000)
  object space 49152K, 50% used [0x00000000a0000000,0x00000000a1861870,0x00000000a3000000)
 Metaspace       used 42719K, capacity 43152K, committed 43380K, reserved 1087488K
  class space    used 5576K, capacity 5747K, committed 5760K, reserved 1048576K
}
Event: 18.016 GC heap before
{Heap before GC invocations=22 (full 2):
 PSYoungGen      total 165376K, used 165347K [0x00000000e8000000, 0x00000000f5b80000, 0x0000000100000000)
  eden space 157184K, 100% used [0x00000000e8000000,0x00000000f1980000,0x00000000f1980000)
  from space 8192K, 99% used [0x00000000f1980000,0x00000000f2178dd8,0x00000000f2180000)
  to   space 10752K, 0% used [0x00000000f5100000,0x00000000f5100000,0x00000000f5b80000)
 ParOldGen       total 49152K, used 24966K [0x00000000a0000000, 0x00000000a3000000, 0x00000000e8000000)
  object space 49152K, 50% used [0x00000000a0000000,0x00000000a1861870,0x00000000a3000000)
 Metaspace       used 48093K, capacity 48580K, committed 49012K, reserved 1091584K
  class space    used 6263K, capacity 6429K, committed 6528K, reserved 1048576K
Event: 18.024 GC heap after
Heap after GC invocations=22 (full 2):
 PSYoungGen      total 212480K, used 10250K [0x00000000e8000000, 0x00000000f5d00000, 0x0000000100000000)
  eden space 201728K, 0% used [0x00000000e8000000,0x00000000e8000000,0x00000000f4500000)
  from space 10752K, 95% used [0x00000000f5100000,0x00000000f5b02898,0x00000000f5b80000)
  to   space 12288K, 0% used [0x00000000f4500000,0x00000000f4500000,0x00000000f5100000)
 ParOldGen       total 49152K, used 32272K [0x00000000a0000000, 0x00000000a3000000, 0x00000000e8000000)
  object space 49152K, 65% used [0x00000000a0000000,0x00000000a1f84320,0x00000000a3000000)
 Metaspace       used 48093K, capacity 48580K, committed 49012K, reserved 1091584K
  class space    used 6263K, capacity 6429K, committed 6528K, reserved 1048576K
}
Event: 26.116 GC heap before
{Heap before GC invocations=23 (full 2):
 PSYoungGen      total 212480K, used 211978K [0x00000000e8000000, 0x00000000f5d00000, 0x0000000100000000)
  eden space 201728K, 100% used [0x00000000e8000000,0x00000000f4500000,0x00000000f4500000)
  from space 10752K, 95% used [0x00000000f5100000,0x00000000f5b02898,0x00000000f5b80000)
  to   space 12288K, 0% used [0x00000000f4500000,0x00000000f4500000,0x00000000f5100000)
 ParOldGen       total 49152K, used 32272K [0x00000000a0000000, 0x00000000a3000000, 0x00000000e8000000)
  object space 49152K, 65% used [0x00000000a0000000,0x00000000a1f84320,0x00000000a3000000)
 Metaspace       used 48724K, capacity 49232K, committed 49524K, reserved 1091584K
  class space    used 6283K, capacity 6431K, committed 6528K, reserved 1048576K
Event: 26.120 GC heap after
Heap after GC invocations=23 (full 2):
 PSYoungGen      total 214016K, used 605K [0x00000000e8000000, 0x00000000f8f80000, 0x0000000100000000)
  eden space 201728K, 0% used [0x00000000e8000000,0x00000000e8000000,0x00000000f4500000)
  from space 12288K, 4% used [0x00000000f4500000,0x00000000f45976f0,0x00000000f5100000)
  to   space 12288K, 0% used [0x00000000f8380000,0x00000000f8380000,0x00000000f8f80000)
 ParOldGen       total 49152K, used 37383K [0x00000000a0000000, 0x00000000a3000000, 0x00000000e8000000)
  object space 49152K, 76% used [0x00000000a0000000,0x00000000a2481df0,0x00000000a3000000)
 Metaspace       used 48724K, capacity 49232K, committed 49524K, reserved 1091584K
  class space    used 6283K, capacity 6431K, committed 6528K, reserved 1048576K
}
Event: 55.546 GC heap before
{Heap before GC invocations=24 (full 2):
 PSYoungGen      total 214016K, used 202333K [0x00000000e8000000, 0x00000000f8f80000, 0x0000000100000000)
  eden space 201728K, 100% used [0x00000000e8000000,0x00000000f4500000,0x00000000f4500000)
  from space 12288K, 4% used [0x00000000f4500000,0x00000000f45976f0,0x00000000f5100000)
  to   space 12288K, 0% used [0x00000000f8380000,0x00000000f8380000,0x00000000f8f80000)
 ParOldGen       total 49152K, used 37383K [0x00000000a0000000, 0x00000000a3000000, 0x00000000e8000000)
  object space 49152K, 76% used [0x00000000a0000000,0x00000000a2481df0,0x00000000a3000000)
 Metaspace       used 48807K, capacity 49328K, committed 49524K, reserved 1091584K
  class space    used 6294K, capacity 6463K, committed 6528K, reserved 1048576K
Event: 55.548 GC heap after
Heap after GC invocations=24 (full 2):
 PSYoungGen      total 255488K, used 512K [0x00000000e8000000, 0x00000000f8a80000, 0x0000000100000000)
  eden space 248320K, 0% used [0x00000000e8000000,0x00000000e8000000,0x00000000f7280000)
  from space 7168K, 7% used [0x00000000f8380000,0x00000000f8400020,0x00000000f8a80000)
  to   space 12288K, 0% used [0x00000000f7280000,0x00000000f7280000,0x00000000f7e80000)
 ParOldGen       total 49152K, used 37797K [0x00000000a0000000, 0x00000000a3000000, 0x00000000e8000000)
  object space 49152K, 76% used [0x00000000a0000000,0x00000000a24e9680,0x00000000a3000000)
 Metaspace       used 48807K, capacity 49328K, committed 49524K, reserved 1091584K
  class space    used 6294K, capacity 6463K, committed 6528K, reserved 1048576K
}
Event: 758.911 GC heap before
{Heap before GC invocations=25 (full 2):
 PSYoungGen      total 255488K, used 248832K [0x00000000e8000000, 0x00000000f8a80000, 0x0000000100000000)
  eden space 248320K, 100% used [0x00000000e8000000,0x00000000f7280000,0x00000000f7280000)
  from space 7168K, 7% used [0x00000000f8380000,0x00000000f8400020,0x00000000f8a80000)
  to   space 12288K, 0% used [0x00000000f7280000,0x00000000f7280000,0x00000000f7e80000)
 ParOldGen       total 49152K, used 37797K [0x00000000a0000000, 0x00000000a3000000, 0x00000000e8000000)
  object space 49152K, 76% used [0x00000000a0000000,0x00000000a24e9680,0x00000000a3000000)
 Metaspace       used 48842K, capacity 49328K, committed 49524K, reserved 1091584K
  class space    used 6298K, capacity 6463K, committed 6528K, reserved 1048576K
Event: 758.913 GC heap after
Heap after GC invocations=25 (full 2):
 PSYoungGen      total 260608K, used 224K [0x00000000e8000000, 0x00000000fba00000, 0x0000000100000000)
  eden space 248320K, 0% used [0x00000000e8000000,0x00000000e8000000,0x00000000f7280000)
  from space 12288K, 1% used [0x00000000f7280000,0x00000000f72b8000,0x00000000f7e80000)
  to   space 11776K, 0% used [0x00000000fae80000,0x00000000fae80000,0x00000000fba00000)
 ParOldGen       total 49152K, used 38165K [0x00000000a0000000, 0x00000000a3000000, 0x00000000e8000000)
  object space 49152K, 77% used [0x00000000a0000000,0x00000000a2545520,0x00000000a3000000)
 Metaspace       used 48842K, capacity 49328K, committed 49524K, reserved 1091584K
  class space    used 6298K, capacity 6463K, committed 6528K, reserved 1048576K
}

Deoptimization events (10 events):
Event: 1634.454 Thread 0x000001ba12bf9800 Uncommon trap: reason=unstable_if action=reinterpret pc=0x000001ba00a00df0 method=javax.swing.JComponent.putClientProperty(Ljava/lang/Object;Ljava/lang/Object;)V @ 57
Event: 1636.791 Thread 0x000001ba79c12000 Uncommon trap: reason=unstable_if action=reinterpret pc=0x000001ba01184c64 method=com.mathworks.hg.util.HGPeerQueue.add(Lcom/mathworks/hg/util/HGPeerRunnable;)V @ 301
Event: 1636.801 Thread 0x000001ba12bf9800 Uncommon trap: reason=unstable_if action=reinterpret pc=0x000001ba00a0016c method=java.awt.AWTEventMulticaster.removeInternal(Ljava/util/EventListener;Ljava/util/EventListener;)Ljava/util/EventListener; @ 2
Event: 1636.805 Thread 0x000001ba79c12000 Uncommon trap: reason=unstable_if action=reinterpret pc=0x000001ba003451e0 method=java.util.Hashtable.getIterator(I)Ljava/util/Iterator; @ 4
Event: 1636.805 Thread 0x000001ba79c12000 Uncommon trap: reason=class_check action=maybe_recompile pc=0x000001ba0125accc method=java.util.Hashtable.putAll(Ljava/util/Map;)V @ 13
Event: 1636.805 Thread 0x000001ba12bf9800 Uncommon trap: reason=unstable_if action=reinterpret pc=0x000001ba01232c2c method=com.mathworks.hg.util.HGPeerQueue$HGPeerRunnablesRunner.runit(Z[I)V @ 143
Event: 1636.806 Thread 0x000001ba12bf9800 Uncommon trap: reason=unstable_if action=reinterpret pc=0x000001ba00f59a54 method=javax.swing.SwingUtilities.getWindowAncestor(Ljava/awt/Component;)Ljava/awt/Window; @ 6
Event: 1636.806 Thread 0x000001ba12bf9800 Uncommon trap: reason=unstable_if action=reinterpret pc=0x000001ba0126a2c0 method=com.mathworks.hg.peer.ui.UIContainerPeer.validateFigure()V @ 4
Event: 1636.806 Thread 0x000001ba12bf9800 Uncommon trap: reason=unstable_if action=reinterpret pc=0x000001ba00c296f8 method=com.mathworks.hg.peer.ui.UIContainerPeer.validateFigure()V @ 4
Event: 1640.143 Thread 0x000001ba130dc000 Uncommon trap: reason=unstable_if action=reinterpret pc=0x000001ba008edc40 method=com.mathworks.util.Timer$TimerThread.run()V @ 64

Classes redefined (0 events):
No events

Internal exceptions (10 events):
Event: 1639.369 Thread 0x000001ba12bf9800 Exception <a 'java/net/SocketTimeoutException': Receive timed out> (0x00000000f3e61220) thrown at [C:\re\workspace\8-2-build-windows-amd64-cygwin\jdk8u202\12323\hotspot\src\share\vm\prims\jni.cpp, line 736]
Event: 1639.454 Thread 0x000001ba12bf9800 Exception <a 'java/net/SocketTimeoutException': Receive timed out> (0x00000000f3e61b20) thrown at [C:\re\workspace\8-2-build-windows-amd64-cygwin\jdk8u202\12323\hotspot\src\share\vm\prims\jni.cpp, line 736]
Event: 1639.538 Thread 0x000001ba12bf9800 Exception <a 'java/net/SocketTimeoutException': Receive timed out> (0x00000000f3e62420) thrown at [C:\re\workspace\8-2-build-windows-amd64-cygwin\jdk8u202\12323\hotspot\src\share\vm\prims\jni.cpp, line 736]
Event: 1639.622 Thread 0x000001ba12bf9800 Exception <a 'java/net/SocketTimeoutException': Receive timed out> (0x00000000f3e62d20) thrown at [C:\re\workspace\8-2-build-windows-amd64-cygwin\jdk8u202\12323\hotspot\src\share\vm\prims\jni.cpp, line 736]
Event: 1639.705 Thread 0x000001ba12bf9800 Exception <a 'java/net/SocketTimeoutException': Receive timed out> (0x00000000f3e63620) thrown at [C:\re\workspace\8-2-build-windows-amd64-cygwin\jdk8u202\12323\hotspot\src\share\vm\prims\jni.cpp, line 736]
Event: 1639.789 Thread 0x000001ba12bf9800 Exception <a 'java/net/SocketTimeoutException': Receive timed out> (0x00000000f3e644e0) thrown at [C:\re\workspace\8-2-build-windows-amd64-cygwin\jdk8u202\12323\hotspot\src\share\vm\prims\jni.cpp, line 736]
Event: 1639.873 Thread 0x000001ba12bf9800 Exception <a 'java/net/SocketTimeoutException': Receive timed out> (0x00000000f3e64de0) thrown at [C:\re\workspace\8-2-build-windows-amd64-cygwin\jdk8u202\12323\hotspot\src\share\vm\prims\jni.cpp, line 736]
Event: 1639.957 Thread 0x000001ba12bf9800 Exception <a 'java/net/SocketTimeoutException': Receive timed out> (0x00000000f3e656e0) thrown at [C:\re\workspace\8-2-build-windows-amd64-cygwin\jdk8u202\12323\hotspot\src\share\vm\prims\jni.cpp, line 736]
Event: 1640.040 Thread 0x000001ba12bf9800 Exception <a 'java/net/SocketTimeoutException': Receive timed out> (0x00000000f3e65fe0) thrown at [C:\re\workspace\8-2-build-windows-amd64-cygwin\jdk8u202\12323\hotspot\src\share\vm\prims\jni.cpp, line 736]
Event: 1640.123 Thread 0x000001ba12bf9800 Exception <a 'java/net/SocketTimeoutException': Receive timed out> (0x00000000f3e668e0) thrown at [C:\re\workspace\8-2-build-windows-amd64-cygwin\jdk8u202\12323\hotspot\src\share\vm\prims\jni.cpp, line 736]

Events (10 events):
Event: 1640.150 loading class com/mathworks/widgets/BusyAffordance done
Event: 1640.150 loading class com/mathworks/widgets/ComponentBuilder
Event: 1640.150 loading class com/mathworks/widgets/ComponentBuilder done
Event: 1640.150 loading class com/mathworks/widgets/BusyAffordance$1
Event: 1640.150 loading class com/mathworks/widgets/BusyAffordance$1 done
Event: 1640.150 Thread 0x000001ba2b668800 Thread exited: 0x000001ba2b668800
Event: 1640.150 Executing VM operation: RevokeBias
Event: 1640.150 Executing VM operation: RevokeBias done
Event: 1640.151 loading class com/mathworks/util/Log$1
Event: 1640.151 loading class com/mathworks/util/Log$1 done


Dynamic libraries:
0x00007ff70e1a0000 - 0x00007ff70e1d3000 	C:\Program Files\MATLAB\R2020b\bin\win64\matlab.exe
0x00007ffe27830000 - 0x00007ffe27a25000 	C:\WINDOWS\SYSTEM32\ntdll.dll
0x00007ffe25e50000 - 0x00007ffe25f0e000 	C:\WINDOWS\System32\KERNEL32.DLL
0x00007ffe251e0000 - 0x00007ffe254a8000 	C:\WINDOWS\System32\KERNELBASE.dll
0x00007ffe227d0000 - 0x00007ffe22860000 	C:\WINDOWS\SYSTEM32\apphelp.dll
0x00007ffe25090000 - 0x00007ffe25190000 	C:\WINDOWS\System32\ucrtbase.dll
0x00007ffe00e40000 - 0x00007ffe01069000 	C:\Program Files\MATLAB\R2020b\bin\win64\libmwi18n.dll
0x00007ffdffcc0000 - 0x00007ffe00180000 	C:\Program Files\MATLAB\R2020b\bin\win64\libmwservices.dll
0x00007ffe00590000 - 0x00007ffe00e33000 	C:\Program Files\MATLAB\R2020b\bin\win64\mlutil.dll
0x00007ffe00180000 - 0x00007ffe0058f000 	C:\Program Files\MATLAB\R2020b\bin\win64\mvm.dll
0x00007ffe25ab0000 - 0x00007ffe25b5e000 	C:\WINDOWS\System32\ADVAPI32.dll
0x00007ffe27750000 - 0x00007ffe277ee000 	C:\WINDOWS\System32\msvcrt.dll
0x00007ffe24ff0000 - 0x00007ffe25017000 	C:\WINDOWS\System32\bcrypt.dll
0x00007ffe25c10000 - 0x00007ffe25db0000 	C:\WINDOWS\System32\USER32.dll
0x00007ffe25db0000 - 0x00007ffe25e4c000 	C:\WINDOWS\System32\sechost.dll
0x00007ffdfdff0000 - 0x00007ffdfe295000 	C:\Program Files\MATLAB\R2020b\bin\win64\libmwfl.dll
0x00007ffe25fa0000 - 0x00007ffe2600b000 	C:\WINDOWS\System32\WS2_32.dll
0x00007ffe258a0000 - 0x00007ffe259c5000 	C:\WINDOWS\System32\RPCRT4.dll
0x00007ffe25650000 - 0x00007ffe25672000 	C:\WINDOWS\System32\win32u.dll
0x00007ffe259d0000 - 0x00007ffe259fb000 	C:\WINDOWS\System32\GDI32.dll
0x00007ffe055c0000 - 0x00007ffe0565b000 	C:\Program Files\MATLAB\R2020b\bin\win64\MSVCP140.dll
0x00007ffe25540000 - 0x00007ffe2564b000 	C:\WINDOWS\System32\gdi32full.dll
0x00007ffe1e440000 - 0x00007ffe1e456000 	C:\Program Files\MATLAB\R2020b\bin\win64\VCRUNTIME140.dll
0x00007ffe24f50000 - 0x00007ffe24fed000 	C:\WINDOWS\System32\msvcp_win.dll
0x00007ffe05430000 - 0x00007ffe05439000 	C:\Program Files\MATLAB\R2020b\bin\win64\libmwresource_core.dll
0x00007ffe07060000 - 0x00007ffe0708a000 	C:\Program Files\MATLAB\R2020b\bin\win64\libmwfoundation_filesystem.dll
0x00007ffe055a0000 - 0x00007ffe055b8000 	C:\Program Files\MATLAB\R2020b\bin\win64\libmwcpp11compat.dll
0x00007ffe261d0000 - 0x00007ffe26914000 	C:\WINDOWS\System32\SHELL32.dll
0x00007ffe04c80000 - 0x00007ffe04c92000 	C:\Program Files\MATLAB\R2020b\bin\win64\mwboost_date_time-vc141-mt-x64-1_70.dll
0x00007ffe04b00000 - 0x00007ffe04b20000 	C:\Program Files\MATLAB\R2020b\bin\win64\mwboost_filesystem-vc141-mt-x64-1_70.dll
0x00007ffe05440000 - 0x00007ffe0545c000 	C:\Program Files\MATLAB\R2020b\bin\win64\mwboost_thread-vc141-mt-x64-1_70.dll
0x00007ffe01830000 - 0x00007ffe01858000 	C:\Program Files\MATLAB\R2020b\bin\win64\libexpat.dll
0x00007ffdfbf90000 - 0x00007ffdfc1ed000 	C:\Program Files\MATLAB\R2020b\bin\win64\icuin64.dll
0x00007ffdfbdf0000 - 0x00007ffdfbf81000 	C:\Program Files\MATLAB\R2020b\bin\win64\icuuc64.dll
0x00007ffe1c9b0000 - 0x00007ffe1c9c4000 	C:\Program Files\MATLAB\R2020b\bin\win64\libmwcapabilities.dll
0x00007ffe137f0000 - 0x00007ffe1380f000 	C:\WINDOWS\SYSTEM32\MPR.dll
0x00007ffe04ca0000 - 0x00007ffe04d76000 	C:\Program Files\MATLAB\R2020b\bin\win64\libut.dll
0x00007ffdfd130000 - 0x00007ffdfd2bf000 	C:\Program Files\MATLAB\R2020b\bin\win64\libmx.dll
0x00007ffdffab0000 - 0x00007ffdffb1a000 	C:\Program Files\MATLAB\R2020b\bin\win64\libmwlivecode.dll
0x00007ffe26010000 - 0x00007ffe2613a000 	C:\WINDOWS\System32\ole32.dll
0x00007ffdfc890000 - 0x00007ffdfcbdf000 	C:\Program Files\MATLAB\R2020b\bin\win64\libmwms.dll
0x00007ffe26da0000 - 0x00007ffe270f4000 	C:\WINDOWS\System32\combase.dll
0x00007ffdfdf60000 - 0x00007ffdfdfeb000 	C:\Program Files\MATLAB\R2020b\bin\win64\libmwcppmicroservices.dll
0x00007ffdffa50000 - 0x00007ffdffaa7000 	C:\Program Files\MATLAB\R2020b\bin\win64\libmwsearch_path_utilities.dll
0x00007ffe27680000 - 0x00007ffe2774d000 	C:\WINDOWS\System32\OLEAUT32.dll
0x00007ffdfbc40000 - 0x00007ffdfbde3000 	C:\Program Files\MATLAB\R2020b\bin\win64\libmwflstoragevfs.dll
0x00007ffe25020000 - 0x00007ffe25088000 	C:\WINDOWS\System32\WINTRUST.dll
0x00007ffdfc6d0000 - 0x00007ffdfc888000 	C:\Program Files\MATLAB\R2020b\bin\win64\libmwfoundation_matlabdata.dll
0x00007ffe25680000 - 0x00007ffe257d6000 	C:\WINDOWS\System32\CRYPT32.dll
0x00007ffdfdef0000 - 0x00007ffdfdf60000 	C:\Program Files\MATLAB\R2020b\bin\win64\libmwcwf_interface.dll
0x00007ffe04c20000 - 0x00007ffe04c61000 	C:\Program Files\MATLAB\R2020b\bin\win64\libmwfoundation_usm.dll
0x00007ffe053e0000 - 0x00007ffe053ee000 	C:\Program Files\MATLAB\R2020b\bin\win64\libmwmatlabstoragesystem.dll
0x00007ffe03250000 - 0x00007ffe0325e000 	C:\Program Files\MATLAB\R2020b\bin\win64\libmwmatlabdata_boost_serialization.dll
0x00007ffdfce60000 - 0x00007ffdfcf83000 	C:\Program Files\MATLAB\R2020b\bin\win64\libmwflstorageprovider.dll
0x00007ffe04140000 - 0x00007ffe0414f000 	C:\Program Files\MATLAB\R2020b\bin\win64\libmwflstorageutility.dll
0x00007ffe018b0000 - 0x00007ffe01961000 	C:\Program Files\MATLAB\R2020b\bin\win64\mwboost_log-vc141-mt-x64-1_70.dll
0x00007ffe013b0000 - 0x00007ffe013fc000 	C:\Program Files\MATLAB\R2020b\bin\win64\libmwrelease_info.dll
0x00007ffe05460000 - 0x00007ffe05494000 	C:\Program Files\MATLAB\R2020b\bin\win64\libmwthreadpool.dll
0x00007ffdffb20000 - 0x00007ffdffcb7000 	C:\Program Files\MATLAB\R2020b\bin\win64\libmwmst.dll
0x00007ffe01860000 - 0x00007ffe018a1000 	C:\Program Files\MATLAB\R2020b\bin\win64\mwboost_serialization-vc141-mt-x64-1_70.dll
0x00007ffe01400000 - 0x00007ffe01466000 	C:\Program Files\MATLAB\R2020b\bin\win64\tbb.dll
0x00007ffdf8a20000 - 0x00007ffdf8f70000 	C:\Program Files\MATLAB\R2020b\bin\win64\settingscore.dll
0x00007ffdfd0d0000 - 0x00007ffdfd125000 	C:\Program Files\MATLAB\R2020b\bin\win64\libmwsettings_in_matlab.dll
0x00007ffdfbbb0000 - 0x00007ffdfbc3f000 	C:\Program Files\MATLAB\R2020b\bin\win64\opccore.dll
0x00007ffe07930000 - 0x00007ffe0794c000 	C:\Program Files\MATLAB\R2020b\bin\win64\libmwstartupplugin.dll
0x00007ffdfb700000 - 0x00007ffdfb8be000 	C:\Program Files\MATLAB\R2020b\bin\win64\opcmodel.dll
0x00007ffe04b20000 - 0x00007ffe04c1c000 	C:\Program Files\MATLAB\R2020b\bin\win64\libmwstartup_plugin_initializer.dll
0x00007ffe20c50000 - 0x00007ffe20c5f000 	C:\Program Files\MATLAB\R2020b\bin\win64\libmvmtransportapi.dll
0x00007ffdfcd40000 - 0x00007ffdfcd7c000 	C:\Program Files\MATLAB\R2020b\bin\win64\opczippackage.dll
0x00007ffdfc280000 - 0x00007ffdfc2bf000 	C:\Program Files\MATLAB\R2020b\bin\win64\string_matrix.dll
0x00007ffdfc560000 - 0x00007ffdfc6ce000 	C:\Program Files\MATLAB\R2020b\bin\win64\matlab_toolbox_events.dll
0x00007ffdfc2c0000 - 0x00007ffdfc55a000 	C:\Program Files\MATLAB\R2020b\bin\win64\execution_events.dll
0x00007ffe11f90000 - 0x00007ffe11f9e000 	C:\Program Files\MATLAB\R2020b\bin\win64\mwboost_chrono-vc141-mt-x64-1_70.dll
0x00007ffe020f0000 - 0x00007ffe02108000 	C:\Program Files\MATLAB\R2020b\bin\win64\mwboost_iostreams-vc141-mt-x64-1_70.dll
0x00007ffdf92d0000 - 0x00007ffdf93c9000 	C:\Program Files\MATLAB\R2020b\bin\win64\mwboost_regex-vc141-mt-x64-1_70.dll
0x00007ffdf91a0000 - 0x00007ffdf92cf000 	C:\Program Files\MATLAB\R2020b\bin\win64\CppMicroServices3.dll
0x00007ffe0fc40000 - 0x00007ffe0fe24000 	C:\WINDOWS\SYSTEM32\dbghelp.dll
0x00007ffe25b60000 - 0x00007ffe25bb5000 	C:\WINDOWS\System32\SHLWAPI.dll
0x00007ffe24dc0000 - 0x00007ffe24e0b000 	C:\WINDOWS\SYSTEM32\POWRPROF.dll
0x00007ffdff100000 - 0x00007ffdff10d000 	C:\Program Files\MATLAB\R2020b\bin\win64\libmwflstrings.dll
0x00007ffdfded0000 - 0x00007ffdfdee1000 	C:\Program Files\MATLAB\R2020b\bin\win64\icuio64.dll
0x00007ffdfbb70000 - 0x00007ffdfbba7000 	C:\Program Files\MATLAB\R2020b\bin\win64\libmwmfl_permute.dll
0x00007ffdffa30000 - 0x00007ffdffa42000 	C:\Program Files\MATLAB\R2020b\bin\win64\libmwindexingapimethods.dll
0x00007ffdf90f0000 - 0x00007ffdf9192000 	C:\Program Files\MATLAB\R2020b\bin\win64\opcmwservices.dll
0x00007ffdfb660000 - 0x00007ffdfb6bf000 	C:\Program Files\MATLAB\R2020b\bin\win64\tbbmalloc.dll
0x00000000575c0000 - 0x00000000575da000 	C:\Program Files\MATLAB\R2020b\bin\win64\zlib1.dll
0x00007ffdee820000 - 0x00007ffdeeb3a000 	C:\Program Files\MATLAB\R2020b\bin\win64\xerces-c_3_2.dll
0x00007ffdfbb50000 - 0x00007ffdfbb69000 	C:\Program Files\MATLAB\R2020b\bin\win64\libmwsearch_path_interfaces.dll
0x00007ffdf9040000 - 0x00007ffdf90e6000 	C:\Program Files\MATLAB\R2020b\bin\win64\libmwstoragefilefolderobserver.dll
0x00007ffdee570000 - 0x00007ffdee820000 	C:\Program Files\MATLAB\R2020b\bin\win64\libmwflnetwork.dll
0x00007ffdfbb30000 - 0x00007ffdfbb4e000 	C:\Program Files\MATLAB\R2020b\bin\win64\libmwflstorageevents.dll
0x00007ffdfc240000 - 0x00007ffdfc280000 	C:\Program Files\MATLAB\R2020b\bin\win64\libmwmsr.dll
0x00007ffe24640000 - 0x00007ffe246aa000 	C:\WINDOWS\SYSTEM32\MSWSOCK.dll
0x00007ffe11d20000 - 0x00007ffe11d2c000 	C:\WINDOWS\SYSTEM32\Secur32.dll
0x00007ffdfb1b0000 - 0x00007ffdfb230000 	C:\Program Files\MATLAB\R2020b\bin\win64\xmlcore.dll
0x00007ffdf8920000 - 0x00007ffdf8a13000 	C:\Program Files\MATLAB\R2020b\bin\win64\libmwfoundation_matlabdata_standalone.dll
0x00007ffdfb230000 - 0x00007ffdfb285000 	C:\Program Files\MATLAB\R2020b\bin\win64\libmwfoundation_json.dll
0x00007ffdf8800000 - 0x00007ffdf8915000 	C:\Program Files\MATLAB\R2020b\bin\win64\libmwfoundation_matlabdata_json.dll
0x00007ffdfb630000 - 0x00007ffdfb659000 	C:\Program Files\MATLAB\R2020b\bin\win64\libmwnativedialogs.dll
0x00007ffdee480000 - 0x00007ffdee569000 	C:\Program Files\MATLAB\R2020b\bin\win64\libmwsearch_path_events.dll
0x00007ffdf8fe0000 - 0x00007ffdf9032000 	C:\Program Files\MATLAB\R2020b\bin\win64\libmwflcrypto.dll
0x00007ffdf9890000 - 0x00007ffdf98d0000 	C:\Program Files\MATLAB\R2020b\bin\win64\libmwflcryptoutils.dll
0x00007ffdec910000 - 0x00007ffdecb2f000 	C:\Program Files\MATLAB\R2020b\bin\win64\libmwflcryptocryptopp.dll
0x00007ffdf7e80000 - 0x00007ffdf7ed7000 	C:\Program Files\MATLAB\R2020b\bin\win64\libmwflcertificates.dll
0x00007ffdfb610000 - 0x00007ffdfb621000 	C:\Program Files\MATLAB\R2020b\bin\win64\libminizip.dll
0x00007ffdee3f0000 - 0x00007ffdee47b000 	C:\Program Files\MATLAB\R2020b\bin\win64\mcos.dll
0x00007ffe24330000 - 0x00007ffe2436b000 	C:\WINDOWS\SYSTEM32\IPHLPAPI.DLL
0x00007ffdff0f0000 - 0x00007ffdff0fe000 	C:\Program Files\MATLAB\R2020b\bin\win64\libmwfoundation_matlabjson_frontend.dll
0x00007ffdfa010000 - 0x00007ffdfa026000 	C:\Program Files\MATLAB\R2020b\bin\win64\libmwdtoa.dll
0x00007ffdf8fc0000 - 0x00007ffdf8fe0000 	C:\Program Files\MATLAB\R2020b\bin\win64\libmwmodule_descriptor_interfaces.dll
0x00007ffdec650000 - 0x00007ffdec90f000 	C:\Program Files\MATLAB\R2020b\bin\win64\libcrypto-1_1-x64.dll
0x00007ffdec5a0000 - 0x00007ffdec64c000 	C:\Program Files\MATLAB\R2020b\bin\win64\libssl-1_1-x64.dll
0x00007ffe24e40000 - 0x00007ffe24e72000 	C:\WINDOWS\SYSTEM32\SSPICLI.DLL
0x000001ba67f60000 - 0x000001ba699a4000 	C:\Program Files\MATLAB\R2020b\bin\win64\icudt64.dll
0x00007ffe24da0000 - 0x00007ffe24db2000 	C:\WINDOWS\SYSTEM32\UMPDC.dll
0x00007ffe25be0000 - 0x00007ffe25c10000 	C:\WINDOWS\System32\IMM32.DLL
0x00007ffe24a60000 - 0x00007ffe24a72000 	C:\WINDOWS\SYSTEM32\MSASN1.dll
0x00007ffe24850000 - 0x00007ffe2485c000 	C:\WINDOWS\SYSTEM32\CRYPTBASE.DLL
0x00007ffe254b0000 - 0x00007ffe25532000 	C:\WINDOWS\System32\bcryptPrimitives.dll
0x00007ffdec4f0000 - 0x00007ffdec593000 	C:\Program Files\MATLAB\R2020b\bin\win64\DeclarativeServices1.dll
0x00007ffdfd0c0000 - 0x00007ffdfd0c9000 	C:\Program Files\MATLAB\R2020b\bin\win64\usLogService.dll
0x00007ffdf8fa0000 - 0x00007ffdf8fb3000 	C:\Program Files\MATLAB\R2020b\bin\win64\usServiceComponent.dll
0x00007ffdf87e0000 - 0x00007ffdf87fb000 	C:\Program Files\MATLAB\R2020b\bin\win64\cppmicroservices_compendium\foundation\cppmicroservices\logserviceimpl\mwLogServiceImpl.dll
0x00007ffdf7e60000 - 0x00007ffdf7e7c000 	C:\Program Files\MATLAB\R2020b\bin\win64\matlab_startup_plugins\connector\openssl_initializer\libmwconnectoropensslinitializer.dll
0x00007ffdec400000 - 0x00007ffdec4ed000 	C:\Program Files\MATLAB\R2020b\bin\win64\PocoNet64.dll
0x00007ffdf7de0000 - 0x00007ffdf7e1a000 	C:\Program Files\MATLAB\R2020b\bin\win64\PocoNetSSL64.dll
0x00007ffdec060000 - 0x00007ffdec1ca000 	C:\Program Files\MATLAB\R2020b\bin\win64\PocoFoundation64.dll
0x00007ffdf7db0000 - 0x00007ffdf7de0000 	C:\Program Files\MATLAB\R2020b\bin\win64\PocoCrypto64.dll

VM Arguments:
jvm_args: -Xms64m -XX:NewRatio=3 -Xmx1536m -XX:MaxDirectMemorySize=2147400000 -Dsun.java2d.noddraw=true -Dsun.awt.nopixfmt=true -Xshare:off -Djava.ext.dirs=C:\Program Files\MATLAB\R2020b\sys\java\jre\win64\jre\lib\ext -Djogamp.gluegen.UseTempJarCache=false -Djogl.disable.opengles=1 -Djogl.windows.cpu_affinity_mode=0 -Xrs -Djava.library.path=C:\Program Files\MATLAB\R2020b\bin\win64;C:\Program Files\MATLAB\R2020b\sys\jxbrowser\win64\lib vfprintf -XX:ErrorFile=C:\Users\EXPERI~1\AppData\Local\Temp\hs_error_pid4512.log abort -Duser.language=en -Duser.country=GB -Dfile.encoding=Cp1252 -XX:ParallelGCThreads=6 
java_command: <unknown>
java_class_path (initial): C:\Program Files\MATLAB\R2020b\java\patch;C:\Program Files\MATLAB\R2020b\java\jar\jmi.jar;C:\Program Files\MATLAB\R2020b\java\jar\util.jar;C:\Program Files\MATLAB\R2020b\java\jar\mvm.jar;C:\Program Files\MATLAB\R2020b\java\jar\services.jar;C:\Program Files\MATLAB\R2020b\java\jarext\commons-io.jar;C:\Program Files\MATLAB\R2020b\java\jar\cfbutils.jar;C:\Program Files\MATLAB\R2020b\java\jar\capabilities.jar;C:\Program Files\MATLAB\R2020b\java\jar\mlwidgets.jar;C:\Program Files\MATLAB\R2020b\java\jar\html.jar;C:\Program Files\MATLAB\R2020b\java\jar\net.jar;C:\Program Files\MATLAB\R2020b\java\jar\ddux_api.jar;C:\Program Files\MATLAB\R2020b\java\jarext\log4j.jar;C:\Program Files\MATLAB\R2020b\java\jar\mwswing.jar;C:\Program Files\MATLAB\R2020b\java\jar\common.jar;C:\Program Files\MATLAB\R2020b\java\jarext\google-collect.jar;C:\Program Files\MATLAB\R2020b\java\jarext\commons-lang.jar;C:\Program Files\MATLAB\R2020b\java\jarext\jide\jide-common.jar;C:\Program Files\MATLAB\R2020b\java\jarext\jide\jide-dock.jar;C:\Program Files\MATLAB\R2020b\java\jarext\jide\jide-action.jar;C:\Program Files\MATLAB\R2020b\java\jarext\jide\jide-components.jar;C:\Program Files\MATLAB\R2020b\java\jarext\jide\jide-grids.jar;C:\Program Files\MATLAB\R2020b\java\jarext\jide\jide-dialogs.jar;C:\Program Files\MATLAB\R2020b\java\jarext\jide\jide-shortcut.jar;C:\Program Files\MATLAB\R2020b\java\jarext\jide\jide-charts.jar;C:\Program Files\MATLAB\R2020b\java\jar\toolstrip.jar;C:\Program Files\MATLAB\R2020b\java\jar\mlservices.jar;C:\Program Files\MATLAB\R2020b\java\jar\widgets.jar;C:\Program Files\MATLAB\R2020b\java\jar\mde.jar;C:\Program Files\MATLAB\R2020b\java\jar\explorer.jar;C:\Program Files\MATLAB\R2020b\java\jar\explorer_api.jar;C:\Program Files\MATLAB\R2020b\java\jar\desktop.jar;C:\Program Files\MATLAB\R2020b\java\jar\addons.jar;C:\Program Files\MATLAB\R2020b\java\jar\addons_common.jar;C:\Program Files\MATLAB\R2020b\java\jarext\connector_api\msscommon\msscommon.jar;C:\P
Launcher Type: generic

Environment Variables:
PATH=C:\Program Files\MATLAB\R2020b\toolbox\imaq\imaqextern\drivers\win64\genicam\GenICam_V3_1_0\bin\Win64_x64;C:\Program Files\MATLAB\R2020b\bin\win64;C:\WINDOWS\system32;C:\WINDOWS;C:\WINDOWS\System32\Wbem;C:\WINDOWS\System32\WindowsPowerShell\v1.0\;C:\WINDOWS\System32\OpenSSH\;C:\Program Files\MATLAB\R2020b\bin;C:\Program Files\SlikSvn\bin;C:\Program Files\Git\cmd;C:\Program Files\Point Grey Research\Spinnaker\bin64\vs2015;C:\Program Files\Point Grey Research\Spinnaker\bin\vs2015;C:\Program Files\Point Grey Research\FlyCap2 Viewer\bin64;%FC2PATH\vs2013;C:\Program Files\Point Grey Research\FlyCap2 Viewer\bin64\vs2015;C:\Users\Experiment\AppData\Local\Microsoft\WindowsApps;C:\Users\Experiment\anaconda3\condabin;C:\Users\Experiment\anaconda3\Scripts;
USERNAME=Experiment
OS=Windows_NT
PROCESSOR_IDENTIFIER=Intel64 Family 6 Model 165 Stepping 5, GenuineIntel



---------------  S Y S T E M  ---------------

OS: Windows 10.0 , 64 bit Build 19041 (10.0.19041.1566)

CPU:total 20 (initial active 20) (10 cores per cpu, 2 threads per core) family 6 model 165 stepping 5, cmov, cx8, fxsr, mmx, sse, sse2, sse3, ssse3, sse4.1, sse4.2, popcnt, avx, avx2, aes, clmul, erms, 3dnowpref, lzcnt, ht, tsc, tscinvbit, bmi1, bmi2, adx

Memory: 4k page, physical 33392400k(26583172k free), swap 38373136k(31202320k free)

vm_info: Java HotSpot(TM) 64-Bit Server VM (25.202-b08) for windows-amd64 JRE (1.8.0_202-b08), built on Dec 15 2018 19:54:30 by "java_re" with MS VC++ 10.0 (VS2010)

time: Wed Apr 06 16:49:15 2022
timezone: GMT Daylight Time
elapsed time: 1640 seconds (0d 0h 27m 20s)

