#
# A fatal error has been detected by the Java Runtime Environment:
#
#  EXCEPTION_UNCAUGHT_CXX_EXCEPTION (0xe06d7363) at pc=0x00007ffe5da74fd9, pid=12756, tid=0x000000000000314c
#
# JRE version: Java(TM) SE Runtime Environment (8.0_202-b08) (build 1.8.0_202-b08)
# Java VM: Java HotSpot(TM) 64-Bit Server VM (25.202-b08 mixed mode windows-amd64 compressed oops)
# Problematic frame:
# C  [KERNELBASE.dll+0x34fd9]
#
# Failed to write core dump. Minidumps are not enabled by default on client versions of Windows
#
# If you would like to submit a bug report, please visit:
#   http://bugreport.java.com/bugreport/crash.jsp
# The crash happened outside the Java Virtual Machine in native code.
# See problematic frame for where to report the bug.
#

---------------  T H R E A D  ---------------

Current thread (0x000001bce2932000):  JavaThread "main" [_thread_in_native, id=12620, stack(0x00000024d8400000,0x00000024dc400000)]

siginfo: ExceptionCode=0xe06d7363, ExceptionInformation=0x0000000019930520 0x00000024dc3e3fc8 0x00007ffe290bc3a8 0x00007ffe28f20000 

Registers:
RAX=0x000000006f17eb32, RBX=0x00000024dc3e1660, RCX=0x000001bc00000000, RDX=0x000000006f177ebd
RSP=0x00000024dc3df060, RBP=0x00000024dc3df710, RSI=0x00000024dc3df1a0, RDI=0x00000024dc3dfeb0
R8 =0x000000006f17eb32, R9 =0x000001bc90e79cb0, R10=0x000000006f177ebd, R11=0x00000024dc3ded18
R12=0x00000024dc3e04d8, R13=0x00007ffe291ff900, R14=0x0000000000000000, R15=0x0000000000000000
RIP=0x00007ffe5da74fd9, EFLAGS=0x0000000000000202

Top of Stack: (sp=0x00000024dc3df060)
0x00000024dc3df060:   fffffffffffffffe 00000024dc3e1660
0x00000024dc3df070:   00000024dc3df1a0 0000000000000000
0x00000024dc3df080:   00000001e06d7363 0000000000000000
0x00000024dc3df090:   00007ffe5da74fd9 0000000000000004
0x00000024dc3df0a0:   0000000019930520 00000024dc3e3fc8
0x00000024dc3df0b0:   00007ffe290bc3a8 00007ffe28f20000
0x00000024dc3df0c0:   000048b76e3fe149 00000024dc3e04d8
0x00000024dc3df0d0:   0000000000000004 00007ffe5b874685
0x00000024dc3df0e0:   0000000000000000 000001bcd5207e10
0x00000024dc3df0f0:   00000024dc3df1a0 00000024dc3df710
0x00000024dc3df100:   00000024dc3dfeb0 00007ffe5b87470d
0x00000024dc3df110:   00000024dc3e1660 00000024dc3df1a0
0x00000024dc3df120:   00008e5013e0baf3 000001bcf600b4f0
0x00000024dc3df130:   00000024dc3e1660 00007ffe5b871f74
0x00000024dc3df140:   00007ffe291ff900 00000024dc3e04d8
0x00000024dc3df150:   0000000000000100 00000000347ad311 

Instructions: (pc=0x00007ffe5da74fd9)
0x00007ffe5da74fb9:   8b d1 44 0f 47 c0 44 89 44 24 38 49 c1 e0 03 e8
0x00007ffe5da74fc9:   da 1c 06 00 48 8d 4c 24 20 48 ff 15 57 e1 18 00
0x00007ffe5da74fd9:   0f 1f 44 00 00 48 8b 8c 24 c0 00 00 00 48 33 cc
0x00007ffe5da74fe9:   e8 52 96 05 00 48 81 c4 d8 00 00 00 c3 cc 83 64 


Register to memory mapping:

RAX=0x000000006f17eb32 is an unknown value
RBX=0x00000024dc3e1660 is pointing into the stack for thread: 0x000001bce2932000
RCX=0x000001bc00000000 is an unknown value
RDX=0x000000006f177ebd is an unknown value
RSP=0x00000024dc3df060 is pointing into the stack for thread: 0x000001bce2932000
RBP=0x00000024dc3df710 is pointing into the stack for thread: 0x000001bce2932000
RSI=0x00000024dc3df1a0 is pointing into the stack for thread: 0x000001bce2932000
RDI=0x00000024dc3dfeb0 is pointing into the stack for thread: 0x000001bce2932000
R8 =0x000000006f17eb32 is an unknown value
R9 =0x000001bc90e79cb0 is an unknown value
R10=0x000000006f177ebd is an unknown value
R11=0x00000024dc3ded18 is pointing into the stack for thread: 0x000001bce2932000
R12=0x00000024dc3e04d8 is pointing into the stack for thread: 0x000001bce2932000
R13=0x00007ffe291ff900 is an unknown value
R14=0x0000000000000000 is an unknown value
R15=0x0000000000000000 is an unknown value


Stack: [0x00000024d8400000,0x00000024dc400000],  sp=0x00000024dc3df060,  free space=65404k
Native frames: (J=compiled Java code, j=interpreted, Vv=VM code, C=native code)
C  [KERNELBASE.dll+0x34fd9]
C  [VCRUNTIME140.dll+0x1f74]
C  [ntdll.dll+0xa1426]
C  0x00007ffe29197a3f
C  0x00007ffe29167c42
C  0x00007ffe29167421
C  0x00007ffe29169313
C  [libmwservices.dll+0x29f923]
C  [libmwservices.dll+0x2a0f10]
C  [libmwservices.dll+0x2a1c0e]
C  0x00007ffe1a2e3e2a
C  0x000001bce2a29f2e

Java frames: (J=compiled Java code, j=interpreted, Vv=VM code)
j  com.mathworks.jmi.NativeMatlab.ProcessPendingEvents()Z+0
j  com.mathworks.jmi.NativeMatlab.processPendingEvents()Z+8
j  com.mathworks.jmi.Matlab$ProcessPendingEvents.callBooleanMethod(Ljava/lang/Object;)Z+0
j  com.mathworks.util.FactoryUtils.processPendingEvents()Z+12
j  com.mathworks.widgets.desk.Desktop.canClose()Z+38
j  com.mathworks.mde.desk.MLDesktop.canClose()Z+296
j  com.mathworks.mde.desk.MLDesktop$2.call()Ljava/lang/Boolean;+4
j  com.mathworks.mde.desk.MLDesktop$2.call()Ljava/lang/Object;+1
j  com.mathworks.jmi.Matlab.runPredicates(Ljava/util/List;Z)Z+59
j  com.mathworks.jmi.Matlab.isOkToExit()Z+4
v  ~StubRoutines::call_stub
j  com.mathworks.jmi.NativeMatlab.SendMatlabMessage(Ljava/lang/Object;)Ljava/lang/Object;+0
j  com.mathworks.jmi.NativeMatlab.sendMatlabMessage(Ljava/lang/Object;)Ljava/lang/Object;+22
j  com.mathworks.jmi.MatlabLooper.sendMatlabMessage(Lcom/mathworks/services/message/MWMessage;)Ljava/lang/Object;+20
j  com.mathworks.jmi.Matlab.mtFevalConsoleOutput(Ljava/lang/String;[Ljava/lang/Object;I)Ljava/lang/Object;+58
j  com.mathworks.toolbox.instrument.events.ActionQueue.run()V+130
v  ~StubRoutines::call_stub

---------------  P R O C E S S  ---------------

Java Threads: ( => current thread )
  0x000001bc8ec4d800 JavaThread "Installation Observer" daemon [_thread_blocked, id=1552, stack(0x00000024e8400000,0x00000024e8500000)]
  0x000001bcb707b800 JavaThread "Keep-Alive-SocketCleaner" daemon [_thread_blocked, id=5744, stack(0x00000024e6000000,0x00000024e6100000)]
  0x000001bc8ec49800 JavaThread "com.mathworks.addons_common.notificationframework.InstalledFolderRegistryObservers" daemon [_thread_blocked, id=12928, stack(0x00000024e5800000,0x00000024e5900000)]
  0x000001bcfb214800 JavaThread "com.mathworks.addons_common.notificationframework.InstalledAddOnsCache" daemon [_thread_blocked, id=13260, stack(0x00000024e5a00000,0x00000024e5b00000)]
  0x000001bcfb215000 JavaThread "TimerQueue" daemon [_thread_blocked, id=10004, stack(0x00000024e4a00000,0x00000024e4b00000)]
  0x000001bcfb213000 JavaThread "AWT-EventQueue-0-SharedResourceRunner" daemon [_thread_blocked, id=12316, stack(0x00000024e4700000,0x00000024e4800000)]
  0x000001bcfb218000 JavaThread "Thread-3" daemon [_thread_blocked, id=1528, stack(0x00000024e3c00000,0x00000024e3d00000)]
  0x000001bcfbac0000 JavaThread "AWT-EventQueue-0" [_thread_blocked, id=2368, stack(0x00000024e3a00000,0x00000024e3b00000)]
  0x000001bcfbf94000 JavaThread "AWT-Shutdown" [_thread_blocked, id=2584, stack(0x00000024e3600000,0x00000024e3700000)]
  0x000001bcfaf05800 JavaThread "EventMgr Dispatcher" daemon [_thread_in_native, id=12900, stack(0x00000024e3900000,0x00000024e3a00000)]
  0x000001bcfaf06800 JavaThread "AWT-Windows" daemon [_thread_in_native, id=11364, stack(0x00000024e3700000,0x00000024e3800000)]
  0x000001bcfaf05000 JavaThread "Java2D Disposer" daemon [_thread_blocked, id=8872, stack(0x00000024e3500000,0x00000024e3600000)]
  0x000001bcfb915000 JavaThread "Settings Releaser" daemon [_thread_blocked, id=6648, stack(0x00000024e3400000,0x00000024e3500000)]
  0x000001bcfb482800 JavaThread "EventMgr Dispatcher" daemon [_thread_in_native, id=744, stack(0x00000024e3300000,0x00000024e3400000)]
  0x000001bcf785f000 JavaThread "Service Thread" daemon [_thread_blocked, id=2280, stack(0x00000024e3000000,0x00000024e3100000)]
  0x000001bcf77b2000 JavaThread "C1 CompilerThread11" daemon [_thread_blocked, id=12888, stack(0x00000024e2f00000,0x00000024e3000000)]
  0x000001bcf77ab800 JavaThread "C1 CompilerThread10" daemon [_thread_blocked, id=13256, stack(0x00000024e2e00000,0x00000024e2f00000)]
  0x000001bcf77a2000 JavaThread "C1 CompilerThread9" daemon [_thread_blocked, id=1404, stack(0x00000024e2d00000,0x00000024e2e00000)]
  0x000001bcf779e000 JavaThread "C1 CompilerThread8" daemon [_thread_blocked, id=4328, stack(0x00000024e2c00000,0x00000024e2d00000)]
  0x000001bcf779d000 JavaThread "C2 CompilerThread7" daemon [_thread_blocked, id=12828, stack(0x00000024e2b00000,0x00000024e2c00000)]
  0x000001bcf601e800 JavaThread "C2 CompilerThread6" daemon [_thread_blocked, id=10252, stack(0x00000024e2a00000,0x00000024e2b00000)]
  0x000001bcf601a000 JavaThread "C2 CompilerThread5" daemon [_thread_blocked, id=11584, stack(0x00000024e2900000,0x00000024e2a00000)]
  0x000001bcf6019000 JavaThread "C2 CompilerThread4" daemon [_thread_blocked, id=7144, stack(0x00000024e2800000,0x00000024e2900000)]
  0x000001bcf6016800 JavaThread "C2 CompilerThread3" daemon [_thread_blocked, id=4264, stack(0x00000024e2700000,0x00000024e2800000)]
  0x000001bcf6015800 JavaThread "C2 CompilerThread2" daemon [_thread_blocked, id=9456, stack(0x00000024e2600000,0x00000024e2700000)]
  0x000001bcf6015000 JavaThread "C2 CompilerThread1" daemon [_thread_blocked, id=2028, stack(0x00000024e2500000,0x00000024e2600000)]
  0x000001bcf6010800 JavaThread "C2 CompilerThread0" daemon [_thread_blocked, id=13212, stack(0x00000024e2400000,0x00000024e2500000)]
  0x000001bcf600e000 JavaThread "Attach Listener" daemon [_thread_blocked, id=13036, stack(0x00000024e2300000,0x00000024e2400000)]
  0x000001bcf600a000 JavaThread "Finalizer" daemon [_thread_blocked, id=1836, stack(0x00000024e2200000,0x00000024e2300000)]
  0x000001bcf6001000 JavaThread "Reference Handler" daemon [_thread_blocked, id=13280, stack(0x00000024e2100000,0x00000024e2200000)]
=>0x000001bce2932000 JavaThread "main" [_thread_in_native, id=12620, stack(0x00000024d8400000,0x00000024dc400000)]

Other Threads:
  0x000001bcf5fdb800 VMThread [stack: 0x00000024e2000000,0x00000024e2100000] [id=10972]
  0x000001bcf7925800 WatcherThread [stack: 0x00000024e3100000,0x00000024e3200000] [id=3668]

VM state:not at safepoint (normal execution)

VM Mutex/Monitor currently owned by a thread: None

heap address: 0x00000000a0000000, size: 1536 MB, Compressed Oops mode: 32-bit
Narrow klass base: 0x0000000000000000, Narrow klass shift: 3
Compressed class space size: 1073741824 Address: 0x0000000100000000

Heap:
 PSYoungGen      total 120320K, used 4200K [0x00000000e8000000, 0x00000000f2100000, 0x0000000100000000)
  eden space 119808K, 3% used [0x00000000e8000000,0x00000000e83b2380,0x00000000ef500000)
  from space 512K, 81% used [0x00000000f2080000,0x00000000f20e8010,0x00000000f2100000)
  to   space 10240K, 0% used [0x00000000f0d00000,0x00000000f0d00000,0x00000000f1700000)
 ParOldGen       total 49664K, used 35313K [0x00000000a0000000, 0x00000000a3080000, 0x00000000e8000000)
  object space 49664K, 71% used [0x00000000a0000000,0x00000000a227c530,0x00000000a3080000)
 Metaspace       used 49478K, capacity 50022K, committed 50176K, reserved 1093632K
  class space    used 6459K, capacity 6600K, committed 6656K, reserved 1048576K

Card table byte_map: [0x000001bcf1dd0000,0x000001bcf20e0000] byte_map_base: 0x000001bcf18d0000

Marking Bits: (ParMarkBitMap*) 0x000000006f785ce0
 Begin Bits: [0x000001bcf2320000, 0x000001bcf3b20000)
 End Bits:   [0x000001bcf3b20000, 0x000001bcf5320000)

Polling page: 0x000001bcd5030000

CodeCache: size=245760Kb used=19068Kb max_used=19243Kb free=226691Kb
 bounds [0x000001bce2a10000, 0x000001bce3d30000, 0x000001bcf1a10000]
 total_blobs=6245 nmethods=5229 adapters=925
 compilation: enabled

Compilation events (10 events):
Event: 1530.661 Thread 0x000001bcf77b2000 6331   !   3       com.mathworks.hg.util.HGPeerQueue$HGPeerRunnablesRunner::runit (314 bytes)
Event: 1530.662 Thread 0x000001bcf77ab800 6332       3       sun.reflect.MethodAccessorImpl::<init> (5 bytes)
Event: 1530.662 Thread 0x000001bcf77ab800 nmethod 6332 0x000001bce35c2690 code [0x000001bce35c2800, 0x000001bce35c2a18]
Event: 1530.662 Thread 0x000001bcf77b2000 nmethod 6331 0x000001bce31affd0 code [0x000001bce31b0300, 0x000001bce31b24b0]
Event: 1532.816 Thread 0x000001bcf779e000 6333       3       java.awt.Component::dispatchEventImpl (921 bytes)
Event: 1532.819 Thread 0x000001bcf779e000 nmethod 6333 0x000001bce3d1a250 code [0x000001bce3d1acc0, 0x000001bce3d23a40]
Event: 1533.807 Thread 0x000001bcf77a2000 6334       3       java.lang.reflect.Method::setMethodAccessor (21 bytes)
Event: 1533.807 Thread 0x000001bcf77a2000 nmethod 6334 0x000001bce31b6e50 code [0x000001bce31b6fc0, 0x000001bce31b7370]
Event: 1533.807 Thread 0x000001bcf601e800 6335   !   4       java.util.concurrent.ConcurrentHashMap::transfer (832 bytes)
Event: 1533.814 Thread 0x000001bcf601e800 nmethod 6335 0x000001bce2e31310 code [0x000001bce2e314a0, 0x000001bce2e32268]

GC Heap History (10 events):
Event: 19.031 GC heap before
{Heap before GC invocations=24 (full 2):
 PSYoungGen      total 119808K, used 117917K [0x00000000e8000000, 0x00000000f1b80000, 0x0000000100000000)
  eden space 110080K, 100% used [0x00000000e8000000,0x00000000eeb80000,0x00000000eeb80000)
  from space 9728K, 80% used [0x00000000eeb80000,0x00000000ef3275a0,0x00000000ef500000)
  to   space 10752K, 0% used [0x00000000f1100000,0x00000000f1100000,0x00000000f1b80000)
 ParOldGen       total 49664K, used 30455K [0x00000000a0000000, 0x00000000a3080000, 0x00000000e8000000)
  object space 49664K, 61% used [0x00000000a0000000,0x00000000a1dbdcd8,0x00000000a3080000)
 Metaspace       used 48420K, capacity 48960K, committed 49280K, reserved 1091584K
  class space    used 6292K, capacity 6439K, committed 6528K, reserved 1048576K
Event: 19.035 GC heap after
Heap after GC invocations=24 (full 2):
 PSYoungGen      total 144384K, used 1720K [0x00000000e8000000, 0x00000000f1980000, 0x0000000100000000)
  eden space 135680K, 0% used [0x00000000e8000000,0x00000000e8000000,0x00000000f0480000)
  from space 8704K, 19% used [0x00000000f1100000,0x00000000f12ae0d0,0x00000000f1980000)
  to   space 10752K, 0% used [0x00000000f0480000,0x00000000f0480000,0x00000000f0f00000)
 ParOldGen       total 49664K, used 34375K [0x00000000a0000000, 0x00000000a3080000, 0x00000000e8000000)
  object space 49664K, 69% used [0x00000000a0000000,0x00000000a2191dd0,0x00000000a3080000)
 Metaspace       used 48420K, capacity 48960K, committed 49280K, reserved 1091584K
  class space    used 6292K, capacity 6439K, committed 6528K, reserved 1048576K
}
Event: 33.735 GC heap before
{Heap before GC invocations=25 (full 2):
 PSYoungGen      total 144384K, used 137400K [0x00000000e8000000, 0x00000000f1980000, 0x0000000100000000)
  eden space 135680K, 100% used [0x00000000e8000000,0x00000000f0480000,0x00000000f0480000)
  from space 8704K, 19% used [0x00000000f1100000,0x00000000f12ae0d0,0x00000000f1980000)
  to   space 10752K, 0% used [0x00000000f0480000,0x00000000f0480000,0x00000000f0f00000)
 ParOldGen       total 49664K, used 34375K [0x00000000a0000000, 0x00000000a3080000, 0x00000000e8000000)
  object space 49664K, 69% used [0x00000000a0000000,0x00000000a2191dd0,0x00000000a3080000)
 Metaspace       used 48948K, capacity 49510K, committed 49792K, reserved 1093632K
  class space    used 6305K, capacity 6472K, committed 6528K, reserved 1048576K
Event: 33.737 GC heap after
Heap after GC invocations=25 (full 2):
 PSYoungGen      total 146432K, used 384K [0x00000000e8000000, 0x00000000f3480000, 0x0000000100000000)
  eden space 135680K, 0% used [0x00000000e8000000,0x00000000e8000000,0x00000000f0480000)
  from space 10752K, 3% used [0x00000000f0480000,0x00000000f04e0000,0x00000000f0f00000)
  to   space 10752K, 0% used [0x00000000f2a00000,0x00000000f2a00000,0x00000000f3480000)
 ParOldGen       total 49664K, used 35121K [0x00000000a0000000, 0x00000000a3080000, 0x00000000e8000000)
  object space 49664K, 70% used [0x00000000a0000000,0x00000000a224c610,0x00000000a3080000)
 Metaspace       used 48948K, capacity 49510K, committed 49792K, reserved 1093632K
  class space    used 6305K, capacity 6472K, committed 6528K, reserved 1048576K
}
Event: 705.785 GC heap before
{Heap before GC invocations=26 (full 2):
 PSYoungGen      total 146432K, used 136064K [0x00000000e8000000, 0x00000000f3480000, 0x0000000100000000)
  eden space 135680K, 100% used [0x00000000e8000000,0x00000000f0480000,0x00000000f0480000)
  from space 10752K, 3% used [0x00000000f0480000,0x00000000f04e0000,0x00000000f0f00000)
  to   space 10752K, 0% used [0x00000000f2a00000,0x00000000f2a00000,0x00000000f3480000)
 ParOldGen       total 49664K, used 35121K [0x00000000a0000000, 0x00000000a3080000, 0x00000000e8000000)
  object space 49664K, 70% used [0x00000000a0000000,0x00000000a224c610,0x00000000a3080000)
 Metaspace       used 48972K, capacity 49510K, committed 49792K, reserved 1093632K
  class space    used 6310K, capacity 6472K, committed 6528K, reserved 1048576K
Event: 705.787 GC heap after
Heap after GC invocations=26 (full 2):
 PSYoungGen      total 130560K, used 320K [0x00000000e8000000, 0x00000000f2a80000, 0x0000000100000000)
  eden space 130048K, 0% used [0x00000000e8000000,0x00000000e8000000,0x00000000eff00000)
  from space 512K, 62% used [0x00000000f2a00000,0x00000000f2a50010,0x00000000f2a80000)
  to   space 10752K, 0% used [0x00000000f1580000,0x00000000f1580000,0x00000000f2000000)
 ParOldGen       total 49664K, used 35313K [0x00000000a0000000, 0x00000000a3080000, 0x00000000e8000000)
  object space 49664K, 71% used [0x00000000a0000000,0x00000000a227c530,0x00000000a3080000)
 Metaspace       used 48972K, capacity 49510K, committed 49792K, reserved 1093632K
  class space    used 6310K, capacity 6472K, committed 6528K, reserved 1048576K
}
Event: 738.365 GC heap before
{Heap before GC invocations=27 (full 2):
 PSYoungGen      total 130560K, used 130368K [0x00000000e8000000, 0x00000000f2a80000, 0x0000000100000000)
  eden space 130048K, 100% used [0x00000000e8000000,0x00000000eff00000,0x00000000eff00000)
  from space 512K, 62% used [0x00000000f2a00000,0x00000000f2a50010,0x00000000f2a80000)
  to   space 10752K, 0% used [0x00000000f1580000,0x00000000f1580000,0x00000000f2000000)
 ParOldGen       total 49664K, used 35313K [0x00000000a0000000, 0x00000000a3080000, 0x00000000e8000000)
  object space 49664K, 71% used [0x00000000a0000000,0x00000000a227c530,0x00000000a3080000)
 Metaspace       used 48978K, capacity 49510K, committed 49792K, reserved 1093632K
  class space    used 6310K, capacity 6472K, committed 6528K, reserved 1048576K
Event: 738.367 GC heap after
Heap after GC invocations=27 (full 2):
 PSYoungGen      total 135680K, used 320K [0x00000000e8000000, 0x00000000f2a80000, 0x0000000100000000)
  eden space 124928K, 0% used [0x00000000e8000000,0x00000000e8000000,0x00000000efa00000)
  from space 10752K, 2% used [0x00000000f1580000,0x00000000f15d0010,0x00000000f2000000)
  to   space 10240K, 0% used [0x00000000f2080000,0x00000000f2080000,0x00000000f2a80000)
 ParOldGen       total 49664K, used 35313K [0x00000000a0000000, 0x00000000a3080000, 0x00000000e8000000)
  object space 49664K, 71% used [0x00000000a0000000,0x00000000a227c530,0x00000000a3080000)
 Metaspace       used 48978K, capacity 49510K, committed 49792K, reserved 1093632K
  class space    used 6310K, capacity 6472K, committed 6528K, reserved 1048576K
}
Event: 1533.799 GC heap before
{Heap before GC invocations=28 (full 2):
 PSYoungGen      total 135680K, used 125248K [0x00000000e8000000, 0x00000000f2a80000, 0x0000000100000000)
  eden space 124928K, 100% used [0x00000000e8000000,0x00000000efa00000,0x00000000efa00000)
  from space 10752K, 2% used [0x00000000f1580000,0x00000000f15d0010,0x00000000f2000000)
  to   space 10240K, 0% used [0x00000000f2080000,0x00000000f2080000,0x00000000f2a80000)
 ParOldGen       total 49664K, used 35313K [0x00000000a0000000, 0x00000000a3080000, 0x00000000e8000000)
  object space 49664K, 71% used [0x00000000a0000000,0x00000000a227c530,0x00000000a3080000)
 Metaspace       used 49050K, capacity 49638K, committed 49792K, reserved 1093632K
  class space    used 6320K, capacity 6472K, committed 6528K, reserved 1048576K
Event: 1533.801 GC heap after
Heap after GC invocations=28 (full 2):
 PSYoungGen      total 120320K, used 416K [0x00000000e8000000, 0x00000000f2100000, 0x0000000100000000)
  eden space 119808K, 0% used [0x00000000e8000000,0x00000000e8000000,0x00000000ef500000)
  from space 512K, 81% used [0x00000000f2080000,0x00000000f20e8010,0x00000000f2100000)
  to   space 10240K, 0% used [0x00000000f0d00000,0x00000000f0d00000,0x00000000f1700000)
 ParOldGen       total 49664K, used 35313K [0x00000000a0000000, 0x00000000a3080000, 0x00000000e8000000)
  object space 49664K, 71% used [0x00000000a0000000,0x00000000a227c530,0x00000000a3080000)
 Metaspace       used 49050K, capacity 49638K, committed 49792K, reserved 1093632K
  class space    used 6320K, capacity 6472K, committed 6528K, reserved 1048576K
}

Deoptimization events (10 events):
Event: 1530.347 Thread 0x000001bcfaf06800 Uncommon trap: reason=unstable_if action=reinterpret pc=0x000001bce3417964 method=sun.awt.AWTAutoShutdown.setToolkitBusy(Z)V @ 84
Event: 1530.647 Thread 0x000001bce2932000 Uncommon trap: reason=unstable_if action=reinterpret pc=0x000001bce3c4ef18 method=com.mathworks.hg.util.HGPeerQueue.add(Lcom/mathworks/hg/util/HGPeerRunnable;)V @ 301
Event: 1530.657 Thread 0x000001bcfbac0000 Uncommon trap: reason=unstable_if action=reinterpret pc=0x000001bce3cc55ec method=java.awt.AWTEventMulticaster.removeInternal(Ljava/util/EventListener;Ljava/util/EventListener;)Ljava/util/EventListener; @ 2
Event: 1530.661 Thread 0x000001bce2932000 Uncommon trap: reason=unstable_if action=reinterpret pc=0x000001bce3cf6fe0 method=java.util.Hashtable.getIterator(I)Ljava/util/Iterator; @ 4
Event: 1530.661 Thread 0x000001bce2932000 Uncommon trap: reason=class_check action=maybe_recompile pc=0x000001bce3600464 method=java.util.Hashtable.putAll(Ljava/util/Map;)V @ 13
Event: 1530.661 Thread 0x000001bcfbac0000 Uncommon trap: reason=unstable_if action=reinterpret pc=0x000001bce3c94d24 method=com.mathworks.hg.util.HGPeerQueue$HGPeerRunnablesRunner.runit(Z[I)V @ 143
Event: 1530.661 Thread 0x000001bcfbac0000 Uncommon trap: reason=unstable_if action=reinterpret pc=0x000001bce390f9d4 method=javax.swing.SwingUtilities.getWindowAncestor(Ljava/awt/Component;)Ljava/awt/Window; @ 6
Event: 1530.661 Thread 0x000001bcfbac0000 Uncommon trap: reason=unstable_if action=reinterpret pc=0x000001bce3708ecc method=com.mathworks.hg.peer.ui.UIContainerPeer.validateFigure()V @ 4
Event: 1530.661 Thread 0x000001bcfbac0000 Uncommon trap: reason=unstable_if action=reinterpret pc=0x000001bce31504b8 method=com.mathworks.hg.peer.ui.UIContainerPeer.validateFigure()V @ 4
Event: 1533.822 Thread 0x000001bcfbac2000 Uncommon trap: reason=unstable_if action=reinterpret pc=0x000001bce351ee8c method=com.mathworks.util.Timer$TimerThread.run()V @ 158

Classes redefined (0 events):
No events

Internal exceptions (10 events):
Event: 1533.006 Thread 0x000001bcfbac0000 Exception <a 'java/net/SocketTimeoutException': Receive timed out> (0x00000000ef152e58) thrown at [C:\re\workspace\8-2-build-windows-amd64-cygwin\jdk8u202\12323\hotspot\src\share\vm\prims\jni.cpp, line 736]
Event: 1533.090 Thread 0x000001bcfbac0000 Exception <a 'java/net/SocketTimeoutException': Receive timed out> (0x00000000ef153758) thrown at [C:\re\workspace\8-2-build-windows-amd64-cygwin\jdk8u202\12323\hotspot\src\share\vm\prims\jni.cpp, line 736]
Event: 1533.174 Thread 0x000001bcfbac0000 Exception <a 'java/net/SocketTimeoutException': Receive timed out> (0x00000000ef154058) thrown at [C:\re\workspace\8-2-build-windows-amd64-cygwin\jdk8u202\12323\hotspot\src\share\vm\prims\jni.cpp, line 736]
Event: 1533.258 Thread 0x000001bcfbac0000 Exception <a 'java/net/SocketTimeoutException': Receive timed out> (0x00000000ef154958) thrown at [C:\re\workspace\8-2-build-windows-amd64-cygwin\jdk8u202\12323\hotspot\src\share\vm\prims\jni.cpp, line 736]
Event: 1533.340 Thread 0x000001bcfbac0000 Exception <a 'java/net/SocketTimeoutException': Receive timed out> (0x00000000ef155258) thrown at [C:\re\workspace\8-2-build-windows-amd64-cygwin\jdk8u202\12323\hotspot\src\share\vm\prims\jni.cpp, line 736]
Event: 1533.424 Thread 0x000001bcfbac0000 Exception <a 'java/net/SocketTimeoutException': Receive timed out> (0x00000000ef155b58) thrown at [C:\re\workspace\8-2-build-windows-amd64-cygwin\jdk8u202\12323\hotspot\src\share\vm\prims\jni.cpp, line 736]
Event: 1533.508 Thread 0x000001bcfbac0000 Exception <a 'java/net/SocketTimeoutException': Receive timed out> (0x00000000ef156a38) thrown at [C:\re\workspace\8-2-build-windows-amd64-cygwin\jdk8u202\12323\hotspot\src\share\vm\prims\jni.cpp, line 736]
Event: 1533.592 Thread 0x000001bcfbac0000 Exception <a 'java/net/SocketTimeoutException': Receive timed out> (0x00000000ef157338) thrown at [C:\re\workspace\8-2-build-windows-amd64-cygwin\jdk8u202\12323\hotspot\src\share\vm\prims\jni.cpp, line 736]
Event: 1533.675 Thread 0x000001bcfbac0000 Exception <a 'java/net/SocketTimeoutException': Receive timed out> (0x00000000ef157c38) thrown at [C:\re\workspace\8-2-build-windows-amd64-cygwin\jdk8u202\12323\hotspot\src\share\vm\prims\jni.cpp, line 736]
Event: 1533.759 Thread 0x000001bcfbac0000 Exception <a 'java/net/SocketTimeoutException': Receive timed out> (0x00000000ef158538) thrown at [C:\re\workspace\8-2-build-windows-amd64-cygwin\jdk8u202\12323\hotspot\src\share\vm\prims\jni.cpp, line 736]

Events (10 events):
Event: 1533.821 loading class com/mathworks/widgets/BusyAffordance$1 done
Event: 1533.821 Thread 0x000001bc8ec4c800 Thread exited: 0x000001bc8ec4c800
Event: 1533.821 Executing VM operation: RevokeBias
Event: 1533.821 Executing VM operation: RevokeBias done
Event: 1533.822 loading class com/mathworks/util/Log$1
Event: 1533.822 loading class com/mathworks/util/Log$1 done
Event: 1533.822 Thread 0x000001bcfbac2000 Uncommon trap: trap_request=0xffffff65 fr.pc=0x000001bce351ee8c
Event: 1533.822 Thread 0x000001bcfbac2000 DEOPT PACKING pc=0x000001bce351ee8c sp=0x00000024e3bfefe0
Event: 1533.822 Thread 0x000001bcfbac2000 DEOPT UNPACKING pc=0x000001bce2a55843 sp=0x00000024e3bfef80 mode 2
Event: 1533.822 Thread 0x000001bcfbac2000 Thread exited: 0x000001bcfbac2000


Dynamic libraries:
0x00007ff6353d0000 - 0x00007ff635403000 	C:\Program Files\MATLAB\R2020b\bin\win64\matlab.exe
0x00007ffe600f0000 - 0x00007ffe602e5000 	C:\WINDOWS\SYSTEM32\ntdll.dll
0x00007ffe5edb0000 - 0x00007ffe5ee6d000 	C:\WINDOWS\System32\KERNEL32.DLL
0x00007ffe5da40000 - 0x00007ffe5dd0d000 	C:\WINDOWS\System32\KERNELBASE.dll
0x00007ffe59a80000 - 0x00007ffe59b10000 	C:\WINDOWS\SYSTEM32\apphelp.dll
0x00007ffe5dd70000 - 0x00007ffe5de70000 	C:\WINDOWS\System32\ucrtbase.dll
0x00007ffe44ae0000 - 0x00007ffe44d09000 	C:\Program Files\MATLAB\R2020b\bin\win64\libmwi18n.dll
0x00007ffe2b6e0000 - 0x00007ffe2bf83000 	C:\Program Files\MATLAB\R2020b\bin\win64\mlutil.dll
0x00007ffe41fa0000 - 0x00007ffe423af000 	C:\Program Files\MATLAB\R2020b\bin\win64\mvm.dll
0x00007ffe419e0000 - 0x00007ffe41ea0000 	C:\Program Files\MATLAB\R2020b\bin\win64\libmwservices.dll
0x00007ffe5ee70000 - 0x00007ffe5ef1e000 	C:\WINDOWS\System32\ADVAPI32.dll
0x00007ffe5dd10000 - 0x00007ffe5dd37000 	C:\WINDOWS\System32\bcrypt.dll
0x00007ffe5fe50000 - 0x00007ffe5feee000 	C:\WINDOWS\System32\msvcrt.dll
0x00007ffe5fbf0000 - 0x00007ffe5fd90000 	C:\WINDOWS\System32\USER32.dll
0x00007ffe41460000 - 0x00007ffe41705000 	C:\Program Files\MATLAB\R2020b\bin\win64\libmwfl.dll
0x00007ffe5f750000 - 0x00007ffe5f7bb000 	C:\WINDOWS\System32\WS2_32.dll
0x00007ffe5fa70000 - 0x00007ffe5fb0c000 	C:\WINDOWS\System32\sechost.dll
0x00007ffe5dd40000 - 0x00007ffe5dd62000 	C:\WINDOWS\System32\win32u.dll
0x00007ffe5f7c0000 - 0x00007ffe5f8e5000 	C:\WINDOWS\System32\RPCRT4.dll
0x00007ffe5e890000 - 0x00007ffe5e8ba000 	C:\WINDOWS\System32\GDI32.dll
0x00007ffe5b410000 - 0x00007ffe5b4ab000 	C:\Program Files\MATLAB\R2020b\bin\win64\MSVCP140.dll
0x00007ffe5e030000 - 0x00007ffe5e13b000 	C:\WINDOWS\System32\gdi32full.dll
0x00007ffe5df90000 - 0x00007ffe5e02d000 	C:\WINDOWS\System32\msvcp_win.dll
0x00007ffe5b870000 - 0x00007ffe5b886000 	C:\Program Files\MATLAB\R2020b\bin\win64\VCRUNTIME140.dll
0x00007ffe5b860000 - 0x00007ffe5b869000 	C:\Program Files\MATLAB\R2020b\bin\win64\libmwresource_core.dll
0x00007ffe5b7f0000 - 0x00007ffe5b81a000 	C:\Program Files\MATLAB\R2020b\bin\win64\libmwfoundation_filesystem.dll
0x00007ffe5e140000 - 0x00007ffe5e884000 	C:\WINDOWS\System32\SHELL32.dll
0x00007ffe5b7d0000 - 0x00007ffe5b7e8000 	C:\Program Files\MATLAB\R2020b\bin\win64\libmwcpp11compat.dll
0x00007ffe5b820000 - 0x00007ffe5b834000 	C:\Program Files\MATLAB\R2020b\bin\win64\libmwcapabilities.dll
0x00007ffe5b1a0000 - 0x00007ffe5b1b2000 	C:\Program Files\MATLAB\R2020b\bin\win64\mwboost_date_time-vc141-mt-x64-1_70.dll
0x00007ffe3d970000 - 0x00007ffe3dcbf000 	C:\Program Files\MATLAB\R2020b\bin\win64\libmwms.dll
0x00007ffe3e4b0000 - 0x00007ffe3e63f000 	C:\Program Files\MATLAB\R2020b\bin\win64\libmx.dll
0x00007ffe5b2f0000 - 0x00007ffe5b3c6000 	C:\Program Files\MATLAB\R2020b\bin\win64\libut.dll
0x00007ffe5b100000 - 0x00007ffe5b120000 	C:\Program Files\MATLAB\R2020b\bin\win64\mwboost_filesystem-vc141-mt-x64-1_70.dll
0x00007ffe5fef0000 - 0x00007ffe6001a000 	C:\WINDOWS\System32\ole32.dll
0x00007ffe37100000 - 0x00007ffe372b8000 	C:\Program Files\MATLAB\R2020b\bin\win64\libmwfoundation_matlabdata.dll
0x00007ffe5e8c0000 - 0x00007ffe5ec14000 	C:\WINDOWS\System32\combase.dll
0x00007ffe3fd80000 - 0x00007ffe3ff17000 	C:\Program Files\MATLAB\R2020b\bin\win64\libmwmst.dll
0x00007ffe5b2a0000 - 0x00007ffe5b2e1000 	C:\Program Files\MATLAB\R2020b\bin\win64\libmwfoundation_usm.dll
0x00007ffe5ef20000 - 0x00007ffe5efed000 	C:\WINDOWS\System32\OLEAUT32.dll
0x00007ffe571f0000 - 0x00007ffe5720c000 	C:\Program Files\MATLAB\R2020b\bin\win64\mwboost_thread-vc141-mt-x64-1_70.dll
0x00007ffe5a6c0000 - 0x00007ffe5a6ce000 	C:\Program Files\MATLAB\R2020b\bin\win64\libmwmatlabdata_boost_serialization.dll
0x00007ffe5b3d0000 - 0x00007ffe5b404000 	C:\Program Files\MATLAB\R2020b\bin\win64\libmwthreadpool.dll
0x00007ffe56e20000 - 0x00007ffe56e48000 	C:\Program Files\MATLAB\R2020b\bin\win64\libexpat.dll
0x00007ffe30cb0000 - 0x00007ffe30f0d000 	C:\Program Files\MATLAB\R2020b\bin\win64\icuin64.dll
0x00007ffe5b1f0000 - 0x00007ffe5b25a000 	C:\Program Files\MATLAB\R2020b\bin\win64\libmwlivecode.dll
0x00007ffe4ba50000 - 0x00007ffe4bb01000 	C:\Program Files\MATLAB\R2020b\bin\win64\mwboost_log-vc141-mt-x64-1_70.dll
0x00007ffe32f20000 - 0x00007ffe330b1000 	C:\Program Files\MATLAB\R2020b\bin\win64\icuuc64.dll
0x00007ffe5a6f0000 - 0x00007ffe5a77b000 	C:\Program Files\MATLAB\R2020b\bin\win64\libmwcppmicroservices.dll
0x00007ffe5df20000 - 0x00007ffe5df88000 	C:\WINDOWS\System32\WINTRUST.dll
0x00007ffe52a10000 - 0x00007ffe52a2f000 	C:\WINDOWS\SYSTEM32\MPR.dll
0x00007ffe5d8e0000 - 0x00007ffe5da36000 	C:\WINDOWS\System32\CRYPT32.dll
0x00007ffe50620000 - 0x00007ffe50661000 	C:\Program Files\MATLAB\R2020b\bin\win64\mwboost_serialization-vc141-mt-x64-1_70.dll
0x00007ffe506e0000 - 0x00007ffe50737000 	C:\Program Files\MATLAB\R2020b\bin\win64\libmwsearch_path_utilities.dll
0x00007ffe36cb0000 - 0x00007ffe36e53000 	C:\Program Files\MATLAB\R2020b\bin\win64\libmwflstoragevfs.dll
0x00007ffe4ed40000 - 0x00007ffe4edb0000 	C:\Program Files\MATLAB\R2020b\bin\win64\libmwcwf_interface.dll
0x00007ffe4b1c0000 - 0x00007ffe4b226000 	C:\Program Files\MATLAB\R2020b\bin\win64\tbb.dll
0x00007ffe5b0f0000 - 0x00007ffe5b0fe000 	C:\Program Files\MATLAB\R2020b\bin\win64\libmwmatlabstoragesystem.dll
0x00007ffe44de0000 - 0x00007ffe44f03000 	C:\Program Files\MATLAB\R2020b\bin\win64\libmwflstorageprovider.dll
0x00007ffe571e0000 - 0x00007ffe571ef000 	C:\Program Files\MATLAB\R2020b\bin\win64\libmwflstorageutility.dll
0x00007ffe4c930000 - 0x00007ffe4c97c000 	C:\Program Files\MATLAB\R2020b\bin\win64\libmwrelease_info.dll
0x00007ffe5b1d0000 - 0x00007ffe5b1ec000 	C:\Program Files\MATLAB\R2020b\bin\win64\libmwstartupplugin.dll
0x00007ffe4b3b0000 - 0x00007ffe4b4ac000 	C:\Program Files\MATLAB\R2020b\bin\win64\libmwstartup_plugin_initializer.dll
0x00007ffe2a400000 - 0x00007ffe2a950000 	C:\Program Files\MATLAB\R2020b\bin\win64\settingscore.dll
0x00007ffe5b1c0000 - 0x00007ffe5b1cf000 	C:\Program Files\MATLAB\R2020b\bin\win64\libmvmtransportapi.dll
0x00007ffe4b160000 - 0x00007ffe4b1b5000 	C:\Program Files\MATLAB\R2020b\bin\win64\libmwsettings_in_matlab.dll
0x00007ffe37c70000 - 0x00007ffe37dde000 	C:\Program Files\MATLAB\R2020b\bin\win64\matlab_toolbox_events.dll
0x00007ffe36e60000 - 0x00007ffe370fa000 	C:\Program Files\MATLAB\R2020b\bin\win64\execution_events.dll
0x00007ffe44a50000 - 0x00007ffe44adf000 	C:\Program Files\MATLAB\R2020b\bin\win64\opccore.dll
0x00007ffe2e4f0000 - 0x00007ffe2e6ae000 	C:\Program Files\MATLAB\R2020b\bin\win64\opcmodel.dll
0x00007ffe4ca20000 - 0x00007ffe4ca5c000 	C:\Program Files\MATLAB\R2020b\bin\win64\opczippackage.dll
0x00007ffe4c320000 - 0x00007ffe4c35f000 	C:\Program Files\MATLAB\R2020b\bin\win64\string_matrix.dll
0x00007ffe5b150000 - 0x00007ffe5b15e000 	C:\Program Files\MATLAB\R2020b\bin\win64\mwboost_chrono-vc141-mt-x64-1_70.dll
0x00007ffe56810000 - 0x00007ffe56828000 	C:\Program Files\MATLAB\R2020b\bin\win64\mwboost_iostreams-vc141-mt-x64-1_70.dll
0x00007ffe418e0000 - 0x00007ffe419d9000 	C:\Program Files\MATLAB\R2020b\bin\win64\mwboost_regex-vc141-mt-x64-1_70.dll
0x00007ffe3e060000 - 0x00007ffe3e18f000 	C:\Program Files\MATLAB\R2020b\bin\win64\CppMicroServices3.dll
0x00007ffe5ab30000 - 0x00007ffe5ad14000 	C:\WINDOWS\SYSTEM32\dbghelp.dll
0x00007ffe5fd90000 - 0x00007ffe5fde5000 	C:\WINDOWS\System32\SHLWAPI.dll
0x00007ffe5d670000 - 0x00007ffe5d6bb000 	C:\WINDOWS\SYSTEM32\POWRPROF.dll
0x00007ffe44900000 - 0x00007ffe44937000 	C:\Program Files\MATLAB\R2020b\bin\win64\libmwmfl_permute.dll
0x00007ffe4c2f0000 - 0x00007ffe4c302000 	C:\Program Files\MATLAB\R2020b\bin\win64\libmwindexingapimethods.dll
0x00007ffe41f40000 - 0x00007ffe41f9f000 	C:\Program Files\MATLAB\R2020b\bin\win64\tbbmalloc.dll
0x000000006f810000 - 0x000000006f82a000 	C:\Program Files\MATLAB\R2020b\bin\win64\zlib1.dll
0x00007ffe56e10000 - 0x00007ffe56e1d000 	C:\Program Files\MATLAB\R2020b\bin\win64\libmwflstrings.dll
0x00007ffe4ec90000 - 0x00007ffe4eca1000 	C:\Program Files\MATLAB\R2020b\bin\win64\icuio64.dll
0x00007ffe44a10000 - 0x00007ffe44a50000 	C:\Program Files\MATLAB\R2020b\bin\win64\libmwmsr.dll
0x00007ffe5cef0000 - 0x00007ffe5cf5a000 	C:\WINDOWS\SYSTEM32\MSWSOCK.dll
0x00007ffe413b0000 - 0x00007ffe41452000 	C:\Program Files\MATLAB\R2020b\bin\win64\opcmwservices.dll
0x00007ffe2a0e0000 - 0x00007ffe2a3fa000 	C:\Program Files\MATLAB\R2020b\bin\win64\xerces-c_3_2.dll
0x00007ffe51910000 - 0x00007ffe5191c000 	C:\WINDOWS\SYSTEM32\Secur32.dll
0x00007ffe4c060000 - 0x00007ffe4c079000 	C:\Program Files\MATLAB\R2020b\bin\win64\libmwsearch_path_interfaces.dll
0x00007ffe3e400000 - 0x00007ffe3e4a6000 	C:\Program Files\MATLAB\R2020b\bin\win64\libmwstoragefilefolderobserver.dll
0x00007ffe29e30000 - 0x00007ffe2a0e0000 	C:\Program Files\MATLAB\R2020b\bin\win64\libmwflnetwork.dll
0x00007ffe4ba30000 - 0x00007ffe4ba4e000 	C:\Program Files\MATLAB\R2020b\bin\win64\libmwflstorageevents.dll
0x00007ffe36bb0000 - 0x00007ffe36ca3000 	C:\Program Files\MATLAB\R2020b\bin\win64\libmwfoundation_matlabdata_standalone.dll
0x00007ffe3b040000 - 0x00007ffe3b0c0000 	C:\Program Files\MATLAB\R2020b\bin\win64\xmlcore.dll
0x00007ffe3f9c0000 - 0x00007ffe3fa15000 	C:\Program Files\MATLAB\R2020b\bin\win64\libmwfoundation_json.dll
0x00007ffe32250000 - 0x00007ffe32365000 	C:\Program Files\MATLAB\R2020b\bin\win64\libmwfoundation_matlabdata_json.dll
0x00007ffe4b380000 - 0x00007ffe4b3a9000 	C:\Program Files\MATLAB\R2020b\bin\win64\libmwnativedialogs.dll
0x00007ffe3aca0000 - 0x00007ffe3ad89000 	C:\Program Files\MATLAB\R2020b\bin\win64\libmwsearch_path_events.dll
0x00007ffe3f440000 - 0x00007ffe3f492000 	C:\Program Files\MATLAB\R2020b\bin\win64\libmwflcrypto.dll
0x00007ffe41370000 - 0x00007ffe413b0000 	C:\Program Files\MATLAB\R2020b\bin\win64\libmwflcryptoutils.dll
0x00007ffe2de70000 - 0x00007ffe2e08f000 	C:\Program Files\MATLAB\R2020b\bin\win64\libmwflcryptocryptopp.dll
0x00007ffe3b880000 - 0x00007ffe3b8d7000 	C:\Program Files\MATLAB\R2020b\bin\win64\libmwflcertificates.dll
0x00007ffe44dc0000 - 0x00007ffe44dd1000 	C:\Program Files\MATLAB\R2020b\bin\win64\libminizip.dll
0x00007ffe38270000 - 0x00007ffe382fb000 	C:\Program Files\MATLAB\R2020b\bin\win64\mcos.dll
0x00007ffe5cbe0000 - 0x00007ffe5cc1b000 	C:\WINDOWS\SYSTEM32\IPHLPAPI.DLL
0x00007ffe41f20000 - 0x00007ffe41f36000 	C:\Program Files\MATLAB\R2020b\bin\win64\libmwdtoa.dll
0x00007ffe529e0000 - 0x00007ffe529ee000 	C:\Program Files\MATLAB\R2020b\bin\win64\libmwfoundation_matlabjson_frontend.dll
0x00007ffe3ff70000 - 0x00007ffe3ff90000 	C:\Program Files\MATLAB\R2020b\bin\win64\libmwmodule_descriptor_interfaces.dll
0x00007ffe29b70000 - 0x00007ffe29e2f000 	C:\Program Files\MATLAB\R2020b\bin\win64\libcrypto-1_1-x64.dll
0x00007ffe37ee0000 - 0x00007ffe37f8c000 	C:\Program Files\MATLAB\R2020b\bin\win64\libssl-1_1-x64.dll
0x00007ffe5d6f0000 - 0x00007ffe5d722000 	C:\WINDOWS\SYSTEM32\SSPICLI.DLL
0x000001bcd0c10000 - 0x000001bcd2654000 	C:\Program Files\MATLAB\R2020b\bin\win64\icudt64.dll
0x00007ffe5d650000 - 0x00007ffe5d662000 	C:\WINDOWS\SYSTEM32\UMPDC.dll
0x00007ffe5fb10000 - 0x00007ffe5fb40000 	C:\WINDOWS\System32\IMM32.DLL
0x00007ffe5d320000 - 0x00007ffe5d332000 	C:\WINDOWS\SYSTEM32\MSASN1.dll
0x00007ffe5d100000 - 0x00007ffe5d10c000 	C:\WINDOWS\SYSTEM32\CRYPTBASE.DLL
0x00007ffe5d800000 - 0x00007ffe5d882000 	C:\WINDOWS\System32\bcryptPrimitives.dll
0x00007ffe37b30000 - 0x00007ffe37bd3000 	C:\Program Files\MATLAB\R2020b\bin\win64\DeclarativeServices1.dll
0x00007ffe3f9a0000 - 0x00007ffe3f9b3000 	C:\Program Files\MATLAB\R2020b\bin\win64\usServiceComponent.dll
0x00007ffe52660000 - 0x00007ffe52669000 	C:\Program Files\MATLAB\R2020b\bin\win64\usLogService.dll
0x00007ffe3f980000 - 0x00007ffe3f99b000 	C:\Program Files\MATLAB\R2020b\bin\win64\cppmicroservices_compendium\foundation\cppmicroservices\logserviceimpl\mwLogServiceImpl.dll
0x00007ffe3e3e0000 - 0x00007ffe3e3fc000 	C:\Program Files\MATLAB\R2020b\bin\win64\matlab_startup_plugins\connector\openssl_initializer\libmwconnectoropensslinitializer.dll
0x00007ffe2e990000 - 0x00007ffe2ea7d000 	C:\Program Files\MATLAB\R2020b\bin\win64\PocoNet64.dll
0x00007ffe3bf50000 - 0x00007ffe3bf8a000 	C:\Program Files\MATLAB\R2020b\bin\win64\PocoNetSSL64.dll
0x00007ffe29a00000 - 0x00007ffe29b6a000 	C:\Program Files\MATLAB\R2020b\bin\win64\PocoFoundation64.dll
0x00007ffe3b010000 - 0x00007ffe3b040000 	C:\Program Files\MATLAB\R2020b\bin\win64\PocoCrypto64.dll

VM Arguments:
jvm_args: -Xms64m -XX:NewRatio=3 -Xmx1536m -XX:MaxDirectMemorySize=2147400000 -Dsun.java2d.noddraw=true -Dsun.awt.nopixfmt=true -Xshare:off -Djava.ext.dirs=C:\Program Files\MATLAB\R2020b\sys\java\jre\win64\jre\lib\ext -Djogamp.gluegen.UseTempJarCache=false -Djogl.disable.opengles=1 -Djogl.windows.cpu_affinity_mode=0 -Xrs -Djava.library.path=C:\Program Files\MATLAB\R2020b\bin\win64;C:\Program Files\MATLAB\R2020b\sys\jxbrowser\win64\lib vfprintf -XX:ErrorFile=C:\Users\EXPERI~1\AppData\Local\Temp\hs_error_pid12756.log abort -Duser.language=en -Duser.country=GB -Dfile.encoding=Cp1252 -XX:ParallelGCThreads=6 
java_command: <unknown>
java_class_path (initial): C:\Program Files\MATLAB\R2020b\java\patch;C:\Program Files\MATLAB\R2020b\java\jar\jmi.jar;C:\Program Files\MATLAB\R2020b\java\jar\util.jar;C:\Program Files\MATLAB\R2020b\java\jar\mvm.jar;C:\Program Files\MATLAB\R2020b\java\jar\services.jar;C:\Program Files\MATLAB\R2020b\java\jarext\commons-io.jar;C:\Program Files\MATLAB\R2020b\java\jar\cfbutils.jar;C:\Program Files\MATLAB\R2020b\java\jar\capabilities.jar;C:\Program Files\MATLAB\R2020b\java\jar\mlwidgets.jar;C:\Program Files\MATLAB\R2020b\java\jar\html.jar;C:\Program Files\MATLAB\R2020b\java\jar\net.jar;C:\Program Files\MATLAB\R2020b\java\jar\ddux_api.jar;C:\Program Files\MATLAB\R2020b\java\jarext\log4j.jar;C:\Program Files\MATLAB\R2020b\java\jar\mwswing.jar;C:\Program Files\MATLAB\R2020b\java\jar\common.jar;C:\Program Files\MATLAB\R2020b\java\jarext\google-collect.jar;C:\Program Files\MATLAB\R2020b\java\jarext\commons-lang.jar;C:\Program Files\MATLAB\R2020b\java\jarext\jide\jide-common.jar;C:\Program Files\MATLAB\R2020b\java\jarext\jide\jide-dock.jar;C:\Program Files\MATLAB\R2020b\java\jarext\jide\jide-action.jar;C:\Program Files\MATLAB\R2020b\java\jarext\jide\jide-components.jar;C:\Program Files\MATLAB\R2020b\java\jarext\jide\jide-grids.jar;C:\Program Files\MATLAB\R2020b\java\jarext\jide\jide-dialogs.jar;C:\Program Files\MATLAB\R2020b\java\jarext\jide\jide-shortcut.jar;C:\Program Files\MATLAB\R2020b\java\jarext\jide\jide-charts.jar;C:\Program Files\MATLAB\R2020b\java\jar\toolstrip.jar;C:\Program Files\MATLAB\R2020b\java\jar\mlservices.jar;C:\Program Files\MATLAB\R2020b\java\jar\widgets.jar;C:\Program Files\MATLAB\R2020b\java\jar\mde.jar;C:\Program Files\MATLAB\R2020b\java\jar\explorer.jar;C:\Program Files\MATLAB\R2020b\java\jar\explorer_api.jar;C:\Program Files\MATLAB\R2020b\java\jar\desktop.jar;C:\Program Files\MATLAB\R2020b\java\jar\addons.jar;C:\Program Files\MATLAB\R2020b\java\jar\addons_common.jar;C:\Program Files\MATLAB\R2020b\java\jarext\connector_api\msscommon\msscommon.jar;C:\P
Launcher Type: generic

Environment Variables:
PATH=C:\Program Files\MATLAB\R2020b\toolbox\imaq\imaqextern\drivers\win64\genicam\GenICam_V3_1_0\bin\Win64_x64;C:\Program Files\MATLAB\R2020b\bin\win64;C:\WINDOWS\system32;C:\WINDOWS;C:\WINDOWS\System32\Wbem;C:\WINDOWS\System32\WindowsPowerShell\v1.0\;C:\WINDOWS\System32\OpenSSH\;C:\Program Files\MATLAB\R2020b\bin;C:\Program Files\SlikSvn\bin;C:\Program Files\Git\cmd;C:\Program Files\Point Grey Research\Spinnaker\bin64\vs2015;C:\Program Files\Point Grey Research\Spinnaker\bin\vs2015;C:\Program Files\Point Grey Research\FlyCap2 Viewer\bin64;%FC2PATH\vs2013;C:\Program Files\Point Grey Research\FlyCap2 Viewer\bin64\vs2015;C:\Users\Experiment\AppData\Local\Microsoft\WindowsApps;C:\Users\Experiment\anaconda3\condabin;C:\Users\Experiment\anaconda3\Scripts;
USERNAME=Experiment
OS=Windows_NT
PROCESSOR_IDENTIFIER=Intel64 Family 6 Model 165 Stepping 5, GenuineIntel



---------------  S Y S T E M  ---------------

OS: Windows 10.0 , 64 bit Build 19041 (10.0.19041.1706)

CPU:total 20 (initial active 20) (10 cores per cpu, 2 threads per core) family 6 model 165 stepping 5, cmov, cx8, fxsr, mmx, sse, sse2, sse3, ssse3, sse4.1, sse4.2, popcnt, avx, avx2, aes, clmul, erms, 3dnowpref, lzcnt, ht, tsc, tscinvbit, bmi1, bmi2, adx

Memory: 4k page, physical 33392400k(26902436k free), swap 50030404k(42478908k free)

vm_info: Java HotSpot(TM) 64-Bit Server VM (25.202-b08) for windows-amd64 JRE (1.8.0_202-b08), built on Dec 15 2018 19:54:30 by "java_re" with MS VC++ 10.0 (VS2010)

time: Mon May 23 13:26:23 2022
timezone: GMT Daylight Time
elapsed time: 1533 seconds (0d 0h 25m 33s)

