#
# A fatal error has been detected by the Java Runtime Environment:
#
#  EXCEPTION_UNCAUGHT_CXX_EXCEPTION (0xe06d7363) at pc=0x00007ffc55f64fd9, pid=9392, tid=0x00000000000015c0
#
# JRE version: Java(TM) SE Runtime Environment (8.0_202-b08) (build 1.8.0_202-b08)
# Java VM: Java HotSpot(TM) 64-Bit Server VM (25.202-b08 mixed mode windows-amd64 compressed oops)
# Problematic frame:
# C  [KERNELBASE.dll+0x34fd9]
#
# Failed to write core dump. Minidumps are not enabled by default on client versions of Windows
#
# If you would like to submit a bug report, please visit:
#   http://bugreport.java.com/bugreport/crash.jsp
# The crash happened outside the Java Virtual Machine in native code.
# See problematic frame for where to report the bug.
#

---------------  T H R E A D  ---------------

Current thread (0x0000024cc6b52000):  JavaThread "main" [_thread_in_native, id=5568, stack(0x0000005cb6900000,0x0000005cba900000)]

siginfo: ExceptionCode=0xe06d7363, ExceptionInformation=0x0000000019930520 0x0000005cba8e5fe8 0x00007ffc2034c3a8 0x00007ffc201b0000 

Registers:
RAX=0x0000000000000000, RBX=0x0000005cba8e3680, RCX=0x0000000000000000, RDX=0x0000000000000000
RSP=0x0000005cba8e1080, RBP=0x0000005cba8e1730, RSI=0x0000005cba8e11c0, RDI=0x0000005cba8e1ed0
R8 =0x0000024cc6b72350, R9 =0x0000000000000009, R10=0x00000000592ba490, R11=0x0000000000000030
R12=0x0000005cba8e24f8, R13=0x00007ffc2123f900, R14=0x0000000000000000, R15=0x0000000000000000
RIP=0x00007ffc55f64fd9, EFLAGS=0x0000000000000206

Top of Stack: (sp=0x0000005cba8e1080)
0x0000005cba8e1080:   fffffffffffffffe 0000005cba8e3680
0x0000005cba8e1090:   0000005cba8e11c0 0000000000000000
0x0000005cba8e10a0:   00000001e06d7363 0000000000000000
0x0000005cba8e10b0:   00007ffc55f64fd9 0000000000000004
0x0000005cba8e10c0:   0000000019930520 0000005cba8e5fe8
0x0000005cba8e10d0:   00007ffc2034c3a8 00007ffc201b0000
0x0000005cba8e10e0:   000021e7c4d294fb 0000005cba8e24f8
0x0000005cba8e10f0:   0000000000000004 00007ffc505b4685
0x0000005cba8e1100:   0000000000000000 0000024cb92e22c0
0x0000005cba8e1110:   0000005cba8e11c0 0000005cba8e1730
0x0000005cba8e1120:   0000005cba8e1ed0 00007ffc505b470d
0x0000005cba8e1130:   0000005cba8e3680 0000005cba8e11c0
0x0000005cba8e1140:   0000e5bb0fa1a2e0 0000024cdfe38138
0x0000005cba8e1150:   0000005cba8e3680 00007ffc505b1f74
0x0000005cba8e1160:   00007ffc2123f900 0000005cba8e24f8
0x0000005cba8e1170:   0000000000000100 0000005cba8e1128 

Instructions: (pc=0x00007ffc55f64fd9)
0x00007ffc55f64fb9:   8b d1 44 0f 47 c0 44 89 44 24 38 49 c1 e0 03 e8
0x00007ffc55f64fc9:   da 1c 06 00 48 8d 4c 24 20 48 ff 15 57 e1 18 00
0x00007ffc55f64fd9:   0f 1f 44 00 00 48 8b 8c 24 c0 00 00 00 48 33 cc
0x00007ffc55f64fe9:   e8 52 96 05 00 48 81 c4 d8 00 00 00 c3 cc 83 64 


Register to memory mapping:

RAX=0x0000000000000000 is an unknown value
RBX=0x0000005cba8e3680 is pointing into the stack for thread: 0x0000024cc6b52000
RCX=0x0000000000000000 is an unknown value
RDX=0x0000000000000000 is an unknown value
RSP=0x0000005cba8e1080 is pointing into the stack for thread: 0x0000024cc6b52000
RBP=0x0000005cba8e1730 is pointing into the stack for thread: 0x0000024cc6b52000
RSI=0x0000005cba8e11c0 is pointing into the stack for thread: 0x0000024cc6b52000
RDI=0x0000005cba8e1ed0 is pointing into the stack for thread: 0x0000024cc6b52000
R8 =0x0000024cc6b72350 is an unknown value
R9 =0x0000000000000009 is an unknown value
R10=0x00000000592ba490 is an unknown value
R11=0x0000000000000030 is an unknown value
R12=0x0000005cba8e24f8 is pointing into the stack for thread: 0x0000024cc6b52000
R13=0x00007ffc2123f900 is an unknown value
R14=0x0000000000000000 is an unknown value
R15=0x0000000000000000 is an unknown value


Stack: [0x0000005cb6900000,0x0000005cba900000],  sp=0x0000005cba8e1080,  free space=65412k
Native frames: (J=compiled Java code, j=interpreted, Vv=VM code, C=native code)
C  [KERNELBASE.dll+0x34fd9]
C  [VCRUNTIME140.dll+0x1f74]
C  [ntdll.dll+0xa1426]
C  0x00007ffc211d7a3f
C  0x00007ffc211a7c42
C  0x00007ffc211a7421
C  0x00007ffc211a9313
C  [libmwservices.dll+0x29f923]
C  [libmwservices.dll+0x2a0f10]
C  [libmwservices.dll+0x2a1c0e]
C  0x00007ffc18823e2a
C  0x0000024cc6c49f2e

Java frames: (J=compiled Java code, j=interpreted, Vv=VM code)
j  com.mathworks.jmi.NativeMatlab.ProcessPendingEvents()Z+0
j  com.mathworks.jmi.NativeMatlab.processPendingEvents()Z+8
j  com.mathworks.jmi.Matlab$ProcessPendingEvents.callBooleanMethod(Ljava/lang/Object;)Z+0
j  com.mathworks.util.FactoryUtils.processPendingEvents()Z+12
j  com.mathworks.widgets.desk.Desktop.canClose()Z+38
j  com.mathworks.mde.desk.MLDesktop.canClose()Z+296
j  com.mathworks.mde.desk.MLDesktop$2.call()Ljava/lang/Boolean;+4
j  com.mathworks.mde.desk.MLDesktop$2.call()Ljava/lang/Object;+1
j  com.mathworks.jmi.Matlab.runPredicates(Ljava/util/List;Z)Z+59
j  com.mathworks.jmi.Matlab.isOkToExit()Z+4
v  ~StubRoutines::call_stub
j  com.mathworks.jmi.NativeMatlab.SendMatlabMessage(Ljava/lang/Object;)Ljava/lang/Object;+0
j  com.mathworks.jmi.NativeMatlab.sendMatlabMessage(Ljava/lang/Object;)Ljava/lang/Object;+22
j  com.mathworks.jmi.MatlabLooper.sendMatlabMessage(Lcom/mathworks/services/message/MWMessage;)Ljava/lang/Object;+20
j  com.mathworks.jmi.Matlab.mtFevalConsoleOutput(Ljava/lang/String;[Ljava/lang/Object;I)Ljava/lang/Object;+58
j  com.mathworks.toolbox.instrument.events.ActionQueue.run()V+130
v  ~StubRoutines::call_stub

---------------  P R O C E S S  ---------------

Java Threads: ( => current thread )
  0x0000024c9cc5d000 JavaThread "Installation Observer" daemon [_thread_blocked, id=13044, stack(0x0000005cc4000000,0x0000005cc4100000)]
  0x0000024ce56ee800 JavaThread "com.mathworks.addons_common.notificationframework.InstalledFolderRegistryObservers" daemon [_thread_blocked, id=2864, stack(0x0000005cc5300000,0x0000005cc5400000)]
  0x0000024ce04ef800 JavaThread "com.mathworks.addons_common.notificationframework.InstalledAddOnsCache" daemon [_thread_blocked, id=9252, stack(0x0000005cc3e00000,0x0000005cc3f00000)]
  0x0000024ce04f4000 JavaThread "TimerQueue" daemon [_thread_blocked, id=12476, stack(0x0000005cc3000000,0x0000005cc3100000)]
  0x0000024ce04f1800 JavaThread "AWT-EventQueue-0-SharedResourceRunner" daemon [_thread_blocked, id=6916, stack(0x0000005cc2b00000,0x0000005cc2c00000)]
  0x0000024ce04f2800 JavaThread "Thread-3" daemon [_thread_blocked, id=10144, stack(0x0000005cc2100000,0x0000005cc2200000)]
  0x0000024ce072c000 JavaThread "AWT-EventQueue-0" [_thread_blocked, id=10868, stack(0x0000005cc1f00000,0x0000005cc2000000)]
  0x0000024ce557a800 JavaThread "AWT-Shutdown" [_thread_blocked, id=12480, stack(0x0000005cc1b00000,0x0000005cc1c00000)]
  0x0000024cdedf6000 JavaThread "EventMgr Dispatcher" daemon [_thread_in_native, id=2920, stack(0x0000005cc1e00000,0x0000005cc1f00000)]
  0x0000024cdedf6800 JavaThread "AWT-Windows" daemon [_thread_in_native, id=10924, stack(0x0000005cc1c00000,0x0000005cc1d00000)]
  0x0000024cdedf3000 JavaThread "Java2D Disposer" daemon [_thread_blocked, id=13276, stack(0x0000005cc1a00000,0x0000005cc1b00000)]
  0x0000024cdfa5f800 JavaThread "Settings Releaser" daemon [_thread_blocked, id=2016, stack(0x0000005cc1900000,0x0000005cc1a00000)]
  0x0000024cdf542000 JavaThread "EventMgr Dispatcher" daemon [_thread_in_native, id=11156, stack(0x0000005cc1800000,0x0000005cc1900000)]
  0x0000024cdba86000 JavaThread "Service Thread" daemon [_thread_blocked, id=13868, stack(0x0000005cc1500000,0x0000005cc1600000)]
  0x0000024cdb9e3800 JavaThread "C1 CompilerThread11" daemon [_thread_blocked, id=11708, stack(0x0000005cc1400000,0x0000005cc1500000)]
  0x0000024cdb9d3800 JavaThread "C1 CompilerThread10" daemon [_thread_blocked, id=5688, stack(0x0000005cc1300000,0x0000005cc1400000)]
  0x0000024cdb9d3000 JavaThread "C1 CompilerThread9" daemon [_thread_blocked, id=12616, stack(0x0000005cc1200000,0x0000005cc1300000)]
  0x0000024cdb9cf000 JavaThread "C1 CompilerThread8" daemon [_thread_blocked, id=14188, stack(0x0000005cc1100000,0x0000005cc1200000)]
  0x0000024cdb9ce800 JavaThread "C2 CompilerThread7" daemon [_thread_blocked, id=2744, stack(0x0000005cc1000000,0x0000005cc1100000)]
  0x0000024cdb9c9800 JavaThread "C2 CompilerThread6" daemon [_thread_blocked, id=13896, stack(0x0000005cc0f00000,0x0000005cc1000000)]
  0x0000024cda23b000 JavaThread "C2 CompilerThread5" daemon [_thread_blocked, id=11488, stack(0x0000005cc0e00000,0x0000005cc0f00000)]
  0x0000024cda23a000 JavaThread "C2 CompilerThread4" daemon [_thread_blocked, id=10876, stack(0x0000005cc0d00000,0x0000005cc0e00000)]
  0x0000024cda237800 JavaThread "C2 CompilerThread3" daemon [_thread_blocked, id=13316, stack(0x0000005cc0c00000,0x0000005cc0d00000)]
  0x0000024cda236800 JavaThread "C2 CompilerThread2" daemon [_thread_blocked, id=9668, stack(0x0000005cc0b00000,0x0000005cc0c00000)]
  0x0000024cda236000 JavaThread "C2 CompilerThread1" daemon [_thread_blocked, id=9816, stack(0x0000005cc0a00000,0x0000005cc0b00000)]
  0x0000024cda230800 JavaThread "C2 CompilerThread0" daemon [_thread_blocked, id=6336, stack(0x0000005cc0900000,0x0000005cc0a00000)]
  0x0000024cdb9c8000 JavaThread "Attach Listener" daemon [_thread_blocked, id=7804, stack(0x0000005cc0800000,0x0000005cc0900000)]
  0x0000024cda22a000 JavaThread "Finalizer" daemon [_thread_blocked, id=716, stack(0x0000005cc0700000,0x0000005cc0800000)]
  0x0000024cda221000 JavaThread "Reference Handler" daemon [_thread_blocked, id=3828, stack(0x0000005cc0600000,0x0000005cc0700000)]
=>0x0000024cc6b52000 JavaThread "main" [_thread_in_native, id=5568, stack(0x0000005cb6900000,0x0000005cba900000)]

Other Threads:
  0x0000024cda1fb800 VMThread [stack: 0x0000005cc0500000,0x0000005cc0600000] [id=1316]
  0x0000024cdbb6f800 WatcherThread [stack: 0x0000005cc1600000,0x0000005cc1700000] [id=7516]

VM state:not at safepoint (normal execution)

VM Mutex/Monitor currently owned by a thread: None

heap address: 0x00000000a0000000, size: 1536 MB, Compressed Oops mode: 32-bit
Narrow klass base: 0x0000000000000000, Narrow klass shift: 3
Compressed class space size: 1073741824 Address: 0x0000000100000000

Heap:
 PSYoungGen      total 49664K, used 34913K [0x00000000e8000000, 0x00000000f1000000, 0x0000000100000000)
  eden space 48640K, 70% used [0x00000000e8000000,0x00000000ea1b04d8,0x00000000eaf80000)
  from space 1024K, 40% used [0x00000000f0e00000,0x00000000f0e68020,0x00000000f0f00000)
  to   space 1024K, 0% used [0x00000000f0f00000,0x00000000f0f00000,0x00000000f1000000)
 ParOldGen       total 49152K, used 34926K [0x00000000a0000000, 0x00000000a3000000, 0x00000000e8000000)
  object space 49152K, 71% used [0x00000000a0000000,0x00000000a221bbb8,0x00000000a3000000)
 Metaspace       used 49299K, capacity 49838K, committed 50164K, reserved 1093632K
  class space    used 6439K, capacity 6580K, committed 6656K, reserved 1048576K

Card table byte_map: [0x0000024cd5ff0000,0x0000024cd6300000] byte_map_base: 0x0000024cd5af0000

Marking Bits: (ParMarkBitMap*) 0x00000000592c5ce0
 Begin Bits: [0x0000024cd6540000, 0x0000024cd7d40000)
 End Bits:   [0x0000024cd7d40000, 0x0000024cd9540000)

Polling page: 0x0000024cb9270000

CodeCache: size=245760Kb used=18187Kb max_used=18757Kb free=227572Kb
 bounds [0x0000024cc6c30000, 0x0000024cc7ed0000, 0x0000024cd5c30000]
 total_blobs=6011 nmethods=4995 adapters=925
 compilation: enabled

Compilation events (10 events):
Event: 5155.694 Thread 0x0000024cdb9cf000 6107       3       sun.reflect.MethodAccessorImpl::<init> (5 bytes)
Event: 5155.695 Thread 0x0000024cdb9cf000 nmethod 6107 0x0000024cc7114a90 code [0x0000024cc7114c00, 0x0000024cc7114e18]
Event: 5155.695 Thread 0x0000024cdb9e3800 6108       3       java.lang.reflect.Method::setMethodAccessor (21 bytes)
Event: 5155.695 Thread 0x0000024cdb9e3800 nmethod 6108 0x0000024cc76053d0 code [0x0000024cc7605540, 0x0000024cc76058f0]
Event: 5155.695 Thread 0x0000024cdb9d3800 nmethod 6105 0x0000024cc77e0ed0 code [0x0000024cc77e1200, 0x0000024cc77e33b0]
Event: 5155.729 Thread 0x0000024cda23a000 nmethod 6106 0x0000024cc78289d0 code [0x0000024cc7828c00, 0x0000024cc782a740]
Event: 5158.123 Thread 0x0000024cdb9d3000 6109       3       java.awt.Component::dispatchEventImpl (921 bytes)
Event: 5158.129 Thread 0x0000024cdb9d3000 nmethod 6109 0x0000024cc7ebc490 code [0x0000024cc7ebcf00, 0x0000024cc7ec5c80]
Event: 5164.469 Thread 0x0000024cdb9d3800 6110       1       java.lang.reflect.Method::getMethodAccessor (5 bytes)
Event: 5164.469 Thread 0x0000024cdb9d3800 nmethod 6110 0x0000024cc7bf01d0 code [0x0000024cc7bf0320, 0x0000024cc7bf0438]

GC Heap History (10 events):
Event: 1811.921 GC heap before
{Heap before GC invocations=89 (full 2):
 PSYoungGen      total 29696K, used 29536K [0x00000000e8000000, 0x00000000f1080000, 0x0000000100000000)
  eden space 29184K, 100% used [0x00000000e8000000,0x00000000e9c80000,0x00000000e9c80000)
  from space 512K, 68% used [0x00000000f1000000,0x00000000f1058020,0x00000000f1080000)
  to   space 512K, 0% used [0x00000000f0f80000,0x00000000f0f80000,0x00000000f1000000)
 ParOldGen       total 49152K, used 34870K [0x00000000a0000000, 0x00000000a3000000, 0x00000000e8000000)
  object space 49152K, 70% used [0x00000000a0000000,0x00000000a220dbb8,0x00000000a3000000)
 Metaspace       used 48786K, capacity 49230K, committed 49524K, reserved 1091584K
  class space    used 6289K, capacity 6420K, committed 6528K, reserved 1048576K
Event: 1811.922 GC heap after
Heap after GC invocations=89 (full 2):
 PSYoungGen      total 34304K, used 288K [0x00000000e8000000, 0x00000000f1080000, 0x0000000100000000)
  eden space 33792K, 0% used [0x00000000e8000000,0x00000000e8000000,0x00000000ea100000)
  from space 512K, 56% used [0x00000000f0f80000,0x00000000f0fc8010,0x00000000f1000000)
  to   space 512K, 0% used [0x00000000f1000000,0x00000000f1000000,0x00000000f1080000)
 ParOldGen       total 49152K, used 34886K [0x00000000a0000000, 0x00000000a3000000, 0x00000000e8000000)
  object space 49152K, 70% used [0x00000000a0000000,0x00000000a2211bb8,0x00000000a3000000)
 Metaspace       used 48786K, capacity 49230K, committed 49524K, reserved 1091584K
  class space    used 6289K, capacity 6420K, committed 6528K, reserved 1048576K
}
Event: 1812.130 GC heap before
{Heap before GC invocations=90 (full 2):
 PSYoungGen      total 34304K, used 34080K [0x00000000e8000000, 0x00000000f1080000, 0x0000000100000000)
  eden space 33792K, 100% used [0x00000000e8000000,0x00000000ea100000,0x00000000ea100000)
  from space 512K, 56% used [0x00000000f0f80000,0x00000000f0fc8010,0x00000000f1000000)
  to   space 512K, 0% used [0x00000000f1000000,0x00000000f1000000,0x00000000f1080000)
 ParOldGen       total 49152K, used 34886K [0x00000000a0000000, 0x00000000a3000000, 0x00000000e8000000)
  object space 49152K, 70% used [0x00000000a0000000,0x00000000a2211bb8,0x00000000a3000000)
 Metaspace       used 48809K, capacity 49326K, committed 49780K, reserved 1093632K
  class space    used 6292K, capacity 6452K, committed 6528K, reserved 1048576K
Event: 1812.132 GC heap after
Heap after GC invocations=90 (full 2):
 PSYoungGen      total 39424K, used 384K [0x00000000e8000000, 0x00000000f1080000, 0x0000000100000000)
  eden space 38912K, 0% used [0x00000000e8000000,0x00000000e8000000,0x00000000ea600000)
  from space 512K, 75% used [0x00000000f1000000,0x00000000f1060010,0x00000000f1080000)
  to   space 1024K, 0% used [0x00000000f0e80000,0x00000000f0e80000,0x00000000f0f80000)
 ParOldGen       total 49152K, used 34886K [0x00000000a0000000, 0x00000000a3000000, 0x00000000e8000000)
  object space 49152K, 70% used [0x00000000a0000000,0x00000000a2211bb8,0x00000000a3000000)
 Metaspace       used 48809K, capacity 49326K, committed 49780K, reserved 1093632K
  class space    used 6292K, capacity 6452K, committed 6528K, reserved 1048576K
}
Event: 1812.221 GC heap before
{Heap before GC invocations=91 (full 2):
 PSYoungGen      total 39424K, used 39296K [0x00000000e8000000, 0x00000000f1080000, 0x0000000100000000)
  eden space 38912K, 100% used [0x00000000e8000000,0x00000000ea600000,0x00000000ea600000)
  from space 512K, 75% used [0x00000000f1000000,0x00000000f1060010,0x00000000f1080000)
  to   space 1024K, 0% used [0x00000000f0e80000,0x00000000f0e80000,0x00000000f0f80000)
 ParOldGen       total 49152K, used 34886K [0x00000000a0000000, 0x00000000a3000000, 0x00000000e8000000)
  object space 49152K, 70% used [0x00000000a0000000,0x00000000a2211bb8,0x00000000a3000000)
 Metaspace       used 48809K, capacity 49326K, committed 49780K, reserved 1093632K
  class space    used 6292K, capacity 6452K, committed 6528K, reserved 1048576K
Event: 1812.223 GC heap after
Heap after GC invocations=91 (full 2):
 PSYoungGen      total 45568K, used 352K [0x00000000e8000000, 0x00000000f1080000, 0x0000000100000000)
  eden space 44544K, 0% used [0x00000000e8000000,0x00000000e8000000,0x00000000eab80000)
  from space 1024K, 34% used [0x00000000f0e80000,0x00000000f0ed8010,0x00000000f0f80000)
  to   space 1024K, 0% used [0x00000000f0f80000,0x00000000f0f80000,0x00000000f1080000)
 ParOldGen       total 49152K, used 34894K [0x00000000a0000000, 0x00000000a3000000, 0x00000000e8000000)
  object space 49152K, 70% used [0x00000000a0000000,0x00000000a2213bb8,0x00000000a3000000)
 Metaspace       used 48809K, capacity 49326K, committed 49780K, reserved 1093632K
  class space    used 6292K, capacity 6452K, committed 6528K, reserved 1048576K
}
Event: 2682.045 GC heap before
{Heap before GC invocations=92 (full 2):
 PSYoungGen      total 45568K, used 44896K [0x00000000e8000000, 0x00000000f1080000, 0x0000000100000000)
  eden space 44544K, 100% used [0x00000000e8000000,0x00000000eab80000,0x00000000eab80000)
  from space 1024K, 34% used [0x00000000f0e80000,0x00000000f0ed8010,0x00000000f0f80000)
  to   space 1024K, 0% used [0x00000000f0f80000,0x00000000f0f80000,0x00000000f1080000)
 ParOldGen       total 49152K, used 34894K [0x00000000a0000000, 0x00000000a3000000, 0x00000000e8000000)
  object space 49152K, 70% used [0x00000000a0000000,0x00000000a2213bb8,0x00000000a3000000)
 Metaspace       used 48810K, capacity 49326K, committed 49780K, reserved 1093632K
  class space    used 6292K, capacity 6452K, committed 6528K, reserved 1048576K
Event: 2682.047 GC heap after
Heap after GC invocations=92 (full 2):
 PSYoungGen      total 50688K, used 384K [0x00000000e8000000, 0x00000000f1000000, 0x0000000100000000)
  eden space 50176K, 0% used [0x00000000e8000000,0x00000000e8000000,0x00000000eb100000)
  from space 512K, 75% used [0x00000000f0f80000,0x00000000f0fe0010,0x00000000f1000000)
  to   space 1024K, 0% used [0x00000000f0e00000,0x00000000f0e00000,0x00000000f0f00000)
 ParOldGen       total 49152K, used 34902K [0x00000000a0000000, 0x00000000a3000000, 0x00000000e8000000)
  object space 49152K, 71% used [0x00000000a0000000,0x00000000a2215bb8,0x00000000a3000000)
 Metaspace       used 48810K, capacity 49326K, committed 49780K, reserved 1093632K
  class space    used 6292K, capacity 6452K, committed 6528K, reserved 1048576K
}
Event: 4383.375 GC heap before
{Heap before GC invocations=93 (full 2):
 PSYoungGen      total 50688K, used 50560K [0x00000000e8000000, 0x00000000f1000000, 0x0000000100000000)
  eden space 50176K, 100% used [0x00000000e8000000,0x00000000eb100000,0x00000000eb100000)
  from space 512K, 75% used [0x00000000f0f80000,0x00000000f0fe0010,0x00000000f1000000)
  to   space 1024K, 0% used [0x00000000f0e00000,0x00000000f0e00000,0x00000000f0f00000)
 ParOldGen       total 49152K, used 34902K [0x00000000a0000000, 0x00000000a3000000, 0x00000000e8000000)
  object space 49152K, 71% used [0x00000000a0000000,0x00000000a2215bb8,0x00000000a3000000)
 Metaspace       used 48810K, capacity 49326K, committed 49780K, reserved 1093632K
  class space    used 6292K, capacity 6452K, committed 6528K, reserved 1048576K
Event: 4383.378 GC heap after
Heap after GC invocations=93 (full 2):
 PSYoungGen      total 49664K, used 416K [0x00000000e8000000, 0x00000000f1000000, 0x0000000100000000)
  eden space 48640K, 0% used [0x00000000e8000000,0x00000000e8000000,0x00000000eaf80000)
  from space 1024K, 40% used [0x00000000f0e00000,0x00000000f0e68020,0x00000000f0f00000)
  to   space 1024K, 0% used [0x00000000f0f00000,0x00000000f0f00000,0x00000000f1000000)
 ParOldGen       total 49152K, used 34926K [0x00000000a0000000, 0x00000000a3000000, 0x00000000e8000000)
  object space 49152K, 71% used [0x00000000a0000000,0x00000000a221bbb8,0x00000000a3000000)
 Metaspace       used 48810K, capacity 49326K, committed 49780K, reserved 1093632K
  class space    used 6292K, capacity 6452K, committed 6528K, reserved 1048576K
}

Deoptimization events (10 events):
Event: 5155.327 Thread 0x0000024ce072c000 Uncommon trap: reason=unstable_if action=reinterpret pc=0x0000024cc7e00370 method=javax.swing.JComponent.putClientProperty(Ljava/lang/Object;Ljava/lang/Object;)V @ 57
Event: 5155.679 Thread 0x0000024cc6b52000 Uncommon trap: reason=unstable_if action=reinterpret pc=0x0000024cc7603b64 method=com.mathworks.hg.util.HGPeerQueue.add(Lcom/mathworks/hg/util/HGPeerRunnable;)V @ 301
Event: 5155.689 Thread 0x0000024ce072c000 Uncommon trap: reason=unstable_if action=reinterpret pc=0x0000024cc721beac method=java.awt.AWTEventMulticaster.removeInternal(Ljava/util/EventListener;Ljava/util/EventListener;)Ljava/util/EventListener; @ 2
Event: 5155.693 Thread 0x0000024cc6b52000 Uncommon trap: reason=unstable_if action=reinterpret pc=0x0000024cc7e2c2a0 method=java.util.Hashtable.getIterator(I)Ljava/util/Iterator; @ 4
Event: 5155.693 Thread 0x0000024cc6b52000 Uncommon trap: reason=class_check action=maybe_recompile pc=0x0000024cc7881138 method=java.util.Hashtable.putAll(Ljava/util/Map;)V @ 13
Event: 5155.693 Thread 0x0000024ce072c000 Uncommon trap: reason=unstable_if action=reinterpret pc=0x0000024cc7d2e264 method=com.mathworks.hg.util.HGPeerQueue$HGPeerRunnablesRunner.runit(Z[I)V @ 115
Event: 5155.694 Thread 0x0000024ce072c000 Uncommon trap: reason=unstable_if action=reinterpret pc=0x0000024cc7b04a94 method=javax.swing.SwingUtilities.getWindowAncestor(Ljava/awt/Component;)Ljava/awt/Window; @ 6
Event: 5155.694 Thread 0x0000024ce072c000 Uncommon trap: reason=unstable_if action=reinterpret pc=0x0000024cc7e3d2e0 method=com.mathworks.hg.peer.ui.UIContainerPeer.validateFigure()V @ 4
Event: 5155.694 Thread 0x0000024ce072c000 Uncommon trap: reason=unstable_if action=reinterpret pc=0x0000024cc7948ff8 method=com.mathworks.hg.peer.ui.UIContainerPeer.validateFigure()V @ 4
Event: 5164.482 Thread 0x0000024ce072d800 Uncommon trap: reason=unstable_if action=reinterpret pc=0x0000024cc7437ca0 method=com.mathworks.util.Timer$TimerThread.run()V @ 64

Classes redefined (0 events):
No events

Internal exceptions (10 events):
Event: 5163.669 Thread 0x0000024ce072c000 Exception <a 'java/net/SocketTimeoutException': Receive timed out> (0x00000000e9885670) thrown at [C:\re\workspace\8-2-build-windows-amd64-cygwin\jdk8u202\12323\hotspot\src\share\vm\prims\jni.cpp, line 736]
Event: 5163.752 Thread 0x0000024ce072c000 Exception <a 'java/net/SocketTimeoutException': Receive timed out> (0x00000000e9885f70) thrown at [C:\re\workspace\8-2-build-windows-amd64-cygwin\jdk8u202\12323\hotspot\src\share\vm\prims\jni.cpp, line 736]
Event: 5163.835 Thread 0x0000024ce072c000 Exception <a 'java/net/SocketTimeoutException': Receive timed out> (0x00000000e9886870) thrown at [C:\re\workspace\8-2-build-windows-amd64-cygwin\jdk8u202\12323\hotspot\src\share\vm\prims\jni.cpp, line 736]
Event: 5163.920 Thread 0x0000024ce072c000 Exception <a 'java/net/SocketTimeoutException': Receive timed out> (0x00000000e9887170) thrown at [C:\re\workspace\8-2-build-windows-amd64-cygwin\jdk8u202\12323\hotspot\src\share\vm\prims\jni.cpp, line 736]
Event: 5164.004 Thread 0x0000024ce072c000 Exception <a 'java/net/SocketTimeoutException': Receive timed out> (0x00000000e9887a70) thrown at [C:\re\workspace\8-2-build-windows-amd64-cygwin\jdk8u202\12323\hotspot\src\share\vm\prims\jni.cpp, line 736]
Event: 5164.087 Thread 0x0000024ce072c000 Exception <a 'java/net/SocketTimeoutException': Receive timed out> (0x00000000e9888370) thrown at [C:\re\workspace\8-2-build-windows-amd64-cygwin\jdk8u202\12323\hotspot\src\share\vm\prims\jni.cpp, line 736]
Event: 5164.170 Thread 0x0000024ce072c000 Exception <a 'java/net/SocketTimeoutException': Receive timed out> (0x00000000e9889230) thrown at [C:\re\workspace\8-2-build-windows-amd64-cygwin\jdk8u202\12323\hotspot\src\share\vm\prims\jni.cpp, line 736]
Event: 5164.254 Thread 0x0000024ce072c000 Exception <a 'java/net/SocketTimeoutException': Receive timed out> (0x00000000e9889b30) thrown at [C:\re\workspace\8-2-build-windows-amd64-cygwin\jdk8u202\12323\hotspot\src\share\vm\prims\jni.cpp, line 736]
Event: 5164.338 Thread 0x0000024ce072c000 Exception <a 'java/net/SocketTimeoutException': Receive timed out> (0x00000000e988a430) thrown at [C:\re\workspace\8-2-build-windows-amd64-cygwin\jdk8u202\12323\hotspot\src\share\vm\prims\jni.cpp, line 736]
Event: 5164.422 Thread 0x0000024ce072c000 Exception <a 'java/net/SocketTimeoutException': Receive timed out> (0x00000000e988ad30) thrown at [C:\re\workspace\8-2-build-windows-amd64-cygwin\jdk8u202\12323\hotspot\src\share\vm\prims\jni.cpp, line 736]

Events (10 events):
Event: 5164.485 loading class com/mathworks/widgets/BusyAffordance done
Event: 5164.485 loading class com/mathworks/widgets/ComponentBuilder
Event: 5164.485 loading class com/mathworks/widgets/ComponentBuilder done
Event: 5164.485 loading class com/mathworks/widgets/BusyAffordance$1
Event: 5164.485 loading class com/mathworks/widgets/BusyAffordance$1 done
Event: 5164.485 Thread 0x0000024c9cc60000 Thread exited: 0x0000024c9cc60000
Event: 5164.485 Executing VM operation: RevokeBias
Event: 5164.485 Executing VM operation: RevokeBias done
Event: 5164.486 loading class com/mathworks/util/Log$1
Event: 5164.486 loading class com/mathworks/util/Log$1 done


Dynamic libraries:
0x00007ff6315b0000 - 0x00007ff6315e3000 	C:\Program Files\MATLAB\R2020b\bin\win64\matlab.exe
0x00007ffc58530000 - 0x00007ffc58727000 	C:\WINDOWS\SYSTEM32\ntdll.dll
0x00007ffc57140000 - 0x00007ffc571fd000 	C:\WINDOWS\System32\KERNEL32.DLL
0x00007ffc55f30000 - 0x00007ffc561fd000 	C:\WINDOWS\System32\KERNELBASE.dll
0x00007ffc534f0000 - 0x00007ffc53580000 	C:\WINDOWS\SYSTEM32\apphelp.dll
0x00007ffc55d20000 - 0x00007ffc55e20000 	C:\WINDOWS\System32\ucrtbase.dll
0x00007ffc3a7f0000 - 0x00007ffc3aa19000 	C:\Program Files\MATLAB\R2020b\bin\win64\libmwi18n.dll
0x00007ffc24a20000 - 0x00007ffc24ee0000 	C:\Program Files\MATLAB\R2020b\bin\win64\libmwservices.dll
0x00007ffc24170000 - 0x00007ffc24a13000 	C:\Program Files\MATLAB\R2020b\bin\win64\mlutil.dll
0x00007ffc2c340000 - 0x00007ffc2c74f000 	C:\Program Files\MATLAB\R2020b\bin\win64\mvm.dll
0x00007ffc56af0000 - 0x00007ffc56b9e000 	C:\WINDOWS\System32\ADVAPI32.dll
0x00007ffc56590000 - 0x00007ffc5662e000 	C:\WINDOWS\System32\msvcrt.dll
0x00007ffc567e0000 - 0x00007ffc5687c000 	C:\WINDOWS\System32\sechost.dll
0x00007ffc56560000 - 0x00007ffc56587000 	C:\WINDOWS\System32\bcrypt.dll
0x00007ffc56ba0000 - 0x00007ffc56d40000 	C:\WINDOWS\System32\USER32.dll
0x00007ffc35700000 - 0x00007ffc359a5000 	C:\Program Files\MATLAB\R2020b\bin\win64\libmwfl.dll
0x00007ffc583c0000 - 0x00007ffc584e5000 	C:\WINDOWS\System32\RPCRT4.dll
0x00007ffc570d0000 - 0x00007ffc5713b000 	C:\WINDOWS\System32\WS2_32.dll
0x00007ffc55cf0000 - 0x00007ffc55d12000 	C:\WINDOWS\System32\win32u.dll
0x00007ffc56750000 - 0x00007ffc5677a000 	C:\WINDOWS\System32\GDI32.dll
0x00007ffc55e20000 - 0x00007ffc55f2b000 	C:\WINDOWS\System32\gdi32full.dll
0x00007ffc4b2c0000 - 0x00007ffc4b35b000 	C:\Program Files\MATLAB\R2020b\bin\win64\MSVCP140.dll
0x00007ffc505b0000 - 0x00007ffc505c6000 	C:\Program Files\MATLAB\R2020b\bin\win64\VCRUNTIME140.dll
0x00007ffc55c50000 - 0x00007ffc55ced000 	C:\WINDOWS\System32\msvcp_win.dll
0x00007ffc50500000 - 0x00007ffc50509000 	C:\Program Files\MATLAB\R2020b\bin\win64\libmwresource_core.dll
0x00007ffc50480000 - 0x00007ffc504aa000 	C:\Program Files\MATLAB\R2020b\bin\win64\libmwfoundation_filesystem.dll
0x00007ffc4fff0000 - 0x00007ffc50008000 	C:\Program Files\MATLAB\R2020b\bin\win64\libmwcpp11compat.dll
0x00007ffc574f0000 - 0x00007ffc57c34000 	C:\WINDOWS\System32\SHELL32.dll
0x00007ffc4fd70000 - 0x00007ffc4fd82000 	C:\Program Files\MATLAB\R2020b\bin\win64\mwboost_date_time-vc141-mt-x64-1_70.dll
0x00007ffc4d820000 - 0x00007ffc4d840000 	C:\Program Files\MATLAB\R2020b\bin\win64\mwboost_filesystem-vc141-mt-x64-1_70.dll
0x00007ffc4d800000 - 0x00007ffc4d81c000 	C:\Program Files\MATLAB\R2020b\bin\win64\mwboost_thread-vc141-mt-x64-1_70.dll
0x00007ffc4b760000 - 0x00007ffc4b788000 	C:\Program Files\MATLAB\R2020b\bin\win64\libexpat.dll
0x00007ffc376c0000 - 0x00007ffc3791d000 	C:\Program Files\MATLAB\R2020b\bin\win64\icuin64.dll
0x00007ffc38d10000 - 0x00007ffc38ea1000 	C:\Program Files\MATLAB\R2020b\bin\win64\icuuc64.dll
0x00007ffc4ce10000 - 0x00007ffc4ce24000 	C:\Program Files\MATLAB\R2020b\bin\win64\libmwcapabilities.dll
0x00007ffc4bbf0000 - 0x00007ffc4bc0f000 	C:\WINDOWS\SYSTEM32\MPR.dll
0x00007ffc30060000 - 0x00007ffc303af000 	C:\Program Files\MATLAB\R2020b\bin\win64\libmwms.dll
0x00007ffc44340000 - 0x00007ffc444cf000 	C:\Program Files\MATLAB\R2020b\bin\win64\libmx.dll
0x00007ffc473b0000 - 0x00007ffc47486000 	C:\Program Files\MATLAB\R2020b\bin\win64\libut.dll
0x00007ffc2fe50000 - 0x00007ffc30008000 	C:\Program Files\MATLAB\R2020b\bin\win64\libmwfoundation_matlabdata.dll
0x00007ffc569c0000 - 0x00007ffc56aea000 	C:\WINDOWS\System32\ole32.dll
0x00007ffc4b230000 - 0x00007ffc4b271000 	C:\Program Files\MATLAB\R2020b\bin\win64\libmwfoundation_usm.dll
0x00007ffc56d40000 - 0x00007ffc57094000 	C:\WINDOWS\System32\combase.dll
0x00007ffc44f90000 - 0x00007ffc44ffa000 	C:\Program Files\MATLAB\R2020b\bin\win64\libmwlivecode.dll
0x00007ffc36f40000 - 0x00007ffc370d7000 	C:\Program Files\MATLAB\R2020b\bin\win64\libmwmst.dll
0x00007ffc492a0000 - 0x00007ffc492ae000 	C:\Program Files\MATLAB\R2020b\bin\win64\libmwmatlabdata_boost_serialization.dll
0x00007ffc56890000 - 0x00007ffc5695d000 	C:\WINDOWS\System32\OLEAUT32.dll
0x00007ffc4b280000 - 0x00007ffc4b2b4000 	C:\Program Files\MATLAB\R2020b\bin\win64\libmwthreadpool.dll
0x00007ffc3dd10000 - 0x00007ffc3ddc1000 	C:\Program Files\MATLAB\R2020b\bin\win64\mwboost_log-vc141-mt-x64-1_70.dll
0x00007ffc3b4e0000 - 0x00007ffc3b56b000 	C:\Program Files\MATLAB\R2020b\bin\win64\libmwcppmicroservices.dll
0x00007ffc49330000 - 0x00007ffc49371000 	C:\Program Files\MATLAB\R2020b\bin\win64\mwboost_serialization-vc141-mt-x64-1_70.dll
0x00007ffc49380000 - 0x00007ffc4939c000 	C:\Program Files\MATLAB\R2020b\bin\win64\libmwstartupplugin.dll
0x00007ffc56250000 - 0x00007ffc562b7000 	C:\WINDOWS\System32\WINTRUST.dll
0x00007ffc56350000 - 0x00007ffc564a6000 	C:\WINDOWS\System32\CRYPT32.dll
0x00007ffc47350000 - 0x00007ffc473a7000 	C:\Program Files\MATLAB\R2020b\bin\win64\libmwsearch_path_utilities.dll
0x00007ffc2f760000 - 0x00007ffc2f903000 	C:\Program Files\MATLAB\R2020b\bin\win64\libmwflstoragevfs.dll
0x00007ffc3b580000 - 0x00007ffc3b5f0000 	C:\Program Files\MATLAB\R2020b\bin\win64\libmwcwf_interface.dll
0x00007ffc44600000 - 0x00007ffc446fc000 	C:\Program Files\MATLAB\R2020b\bin\win64\libmwstartup_plugin_initializer.dll
0x00007ffc492c0000 - 0x00007ffc492ce000 	C:\Program Files\MATLAB\R2020b\bin\win64\libmwmatlabstoragesystem.dll
0x00007ffc486a0000 - 0x00007ffc48706000 	C:\Program Files\MATLAB\R2020b\bin\win64\tbb.dll
0x00007ffc4fd60000 - 0x00007ffc4fd6f000 	C:\Program Files\MATLAB\R2020b\bin\win64\libmvmtransportapi.dll
0x00007ffc3a3a0000 - 0x00007ffc3a50e000 	C:\Program Files\MATLAB\R2020b\bin\win64\matlab_toolbox_events.dll
0x00007ffc36540000 - 0x00007ffc36663000 	C:\Program Files\MATLAB\R2020b\bin\win64\libmwflstorageprovider.dll
0x00007ffc492b0000 - 0x00007ffc492bf000 	C:\Program Files\MATLAB\R2020b\bin\win64\libmwflstorageutility.dll
0x00007ffc485d0000 - 0x00007ffc4861c000 	C:\Program Files\MATLAB\R2020b\bin\win64\libmwrelease_info.dll
0x00007ffc224b0000 - 0x00007ffc2274a000 	C:\Program Files\MATLAB\R2020b\bin\win64\execution_events.dll
0x00007ffc4e5d0000 - 0x00007ffc4e5de000 	C:\Program Files\MATLAB\R2020b\bin\win64\mwboost_chrono-vc141-mt-x64-1_70.dll
0x00007ffc21d80000 - 0x00007ffc222d0000 	C:\Program Files\MATLAB\R2020b\bin\win64\settingscore.dll
0x00007ffc3dcb0000 - 0x00007ffc3dd05000 	C:\Program Files\MATLAB\R2020b\bin\win64\libmwsettings_in_matlab.dll
0x00007ffc3b450000 - 0x00007ffc3b4df000 	C:\Program Files\MATLAB\R2020b\bin\win64\opccore.dll
0x00007ffc48660000 - 0x00007ffc4869c000 	C:\Program Files\MATLAB\R2020b\bin\win64\opczippackage.dll
0x00007ffc21ad0000 - 0x00007ffc21c8e000 	C:\Program Files\MATLAB\R2020b\bin\win64\opcmodel.dll
0x00007ffc445c0000 - 0x00007ffc445ff000 	C:\Program Files\MATLAB\R2020b\bin\win64\string_matrix.dll
0x00007ffc49260000 - 0x00007ffc49278000 	C:\Program Files\MATLAB\R2020b\bin\win64\mwboost_iostreams-vc141-mt-x64-1_70.dll
0x00007ffc3a6f0000 - 0x00007ffc3a7e9000 	C:\Program Files\MATLAB\R2020b\bin\win64\mwboost_regex-vc141-mt-x64-1_70.dll
0x00007ffc363c0000 - 0x00007ffc364ef000 	C:\Program Files\MATLAB\R2020b\bin\win64\CppMicroServices3.dll
0x00007ffc4f840000 - 0x00007ffc4fa24000 	C:\WINDOWS\SYSTEM32\dbghelp.dll
0x00007ffc56780000 - 0x00007ffc567d5000 	C:\WINDOWS\System32\SHLWAPI.dll
0x00007ffc55ac0000 - 0x00007ffc55b0b000 	C:\WINDOWS\SYSTEM32\POWRPROF.dll
0x00007ffc3d860000 - 0x00007ffc3d897000 	C:\Program Files\MATLAB\R2020b\bin\win64\libmwmfl_permute.dll
0x00007ffc44760000 - 0x00007ffc44772000 	C:\Program Files\MATLAB\R2020b\bin\win64\libmwindexingapimethods.dll
0x00007ffc3a610000 - 0x00007ffc3a66f000 	C:\Program Files\MATLAB\R2020b\bin\win64\tbbmalloc.dll
0x0000000059350000 - 0x000000005936a000 	C:\Program Files\MATLAB\R2020b\bin\win64\zlib1.dll
0x00007ffc48820000 - 0x00007ffc4882d000 	C:\Program Files\MATLAB\R2020b\bin\win64\libmwflstrings.dll
0x00007ffc458f0000 - 0x00007ffc45901000 	C:\Program Files\MATLAB\R2020b\bin\win64\icuio64.dll
0x00007ffc37380000 - 0x00007ffc37422000 	C:\Program Files\MATLAB\R2020b\bin\win64\opcmwservices.dll
0x00007ffc217b0000 - 0x00007ffc21aca000 	C:\Program Files\MATLAB\R2020b\bin\win64\xerces-c_3_2.dll
0x00007ffc3dfd0000 - 0x00007ffc3e010000 	C:\Program Files\MATLAB\R2020b\bin\win64\libmwmsr.dll
0x00007ffc55340000 - 0x00007ffc553aa000 	C:\WINDOWS\SYSTEM32\MSWSOCK.dll
0x00007ffc4a5f0000 - 0x00007ffc4a5fc000 	C:\WINDOWS\SYSTEM32\Secur32.dll
0x00007ffc3b620000 - 0x00007ffc3b639000 	C:\Program Files\MATLAB\R2020b\bin\win64\libmwsearch_path_interfaces.dll
0x00007ffc36df0000 - 0x00007ffc36e96000 	C:\Program Files\MATLAB\R2020b\bin\win64\libmwstoragefilefolderobserver.dll
0x00007ffc212f0000 - 0x00007ffc215a0000 	C:\Program Files\MATLAB\R2020b\bin\win64\libmwflnetwork.dll
0x00007ffc3b600000 - 0x00007ffc3b61e000 	C:\Program Files\MATLAB\R2020b\bin\win64\libmwflstorageevents.dll
0x00007ffc3a5b0000 - 0x00007ffc3a605000 	C:\Program Files\MATLAB\R2020b\bin\win64\libmwfoundation_json.dll
0x00007ffc38c50000 - 0x00007ffc38cd0000 	C:\Program Files\MATLAB\R2020b\bin\win64\xmlcore.dll
0x00007ffc2fd60000 - 0x00007ffc2fe49000 	C:\Program Files\MATLAB\R2020b\bin\win64\libmwsearch_path_events.dll
0x00007ffc320a0000 - 0x00007ffc32193000 	C:\Program Files\MATLAB\R2020b\bin\win64\libmwfoundation_matlabdata_standalone.dll
0x00007ffc2ea80000 - 0x00007ffc2eb95000 	C:\Program Files\MATLAB\R2020b\bin\win64\libmwfoundation_matlabdata_json.dll
0x00007ffc3b420000 - 0x00007ffc3b449000 	C:\Program Files\MATLAB\R2020b\bin\win64\libmwnativedialogs.dll
0x00007ffc38c00000 - 0x00007ffc38c11000 	C:\Program Files\MATLAB\R2020b\bin\win64\libminizip.dll
0x00007ffc38b20000 - 0x00007ffc38b72000 	C:\Program Files\MATLAB\R2020b\bin\win64\libmwflcrypto.dll
0x00007ffc3a570000 - 0x00007ffc3a5b0000 	C:\Program Files\MATLAB\R2020b\bin\win64\libmwflcryptoutils.dll
0x00007ffc20650000 - 0x00007ffc2086f000 	C:\Program Files\MATLAB\R2020b\bin\win64\libmwflcryptocryptopp.dll
0x00007ffc37490000 - 0x00007ffc374e7000 	C:\Program Files\MATLAB\R2020b\bin\win64\libmwflcertificates.dll
0x00007ffc37210000 - 0x00007ffc3729b000 	C:\Program Files\MATLAB\R2020b\bin\win64\mcos.dll
0x00007ffc55030000 - 0x00007ffc5506b000 	C:\WINDOWS\SYSTEM32\IPHLPAPI.DLL
0x00007ffc38be0000 - 0x00007ffc38bf6000 	C:\Program Files\MATLAB\R2020b\bin\win64\libmwdtoa.dll
0x00007ffc38b00000 - 0x00007ffc38b20000 	C:\Program Files\MATLAB\R2020b\bin\win64\libmwmodule_descriptor_interfaces.dll
0x00007ffc48810000 - 0x00007ffc4881e000 	C:\Program Files\MATLAB\R2020b\bin\win64\libmwfoundation_matlabjson_frontend.dll
0x00007ffc20390000 - 0x00007ffc2064f000 	C:\Program Files\MATLAB\R2020b\bin\win64\libcrypto-1_1-x64.dll
0x00007ffc36100000 - 0x00007ffc361ac000 	C:\Program Files\MATLAB\R2020b\bin\win64\libssl-1_1-x64.dll
0x00007ffc55b40000 - 0x00007ffc55b72000 	C:\WINDOWS\SYSTEM32\SSPICLI.DLL
0x0000024cb4da0000 - 0x0000024cb67e4000 	C:\Program Files\MATLAB\R2020b\bin\win64\icudt64.dll
0x00007ffc55aa0000 - 0x00007ffc55ab2000 	C:\WINDOWS\SYSTEM32\UMPDC.dll
0x00007ffc57430000 - 0x00007ffc57460000 	C:\WINDOWS\System32\IMM32.DLL
0x00007ffc55770000 - 0x00007ffc55782000 	C:\WINDOWS\SYSTEM32\MSASN1.dll
0x00007ffc55550000 - 0x00007ffc5555c000 	C:\WINDOWS\SYSTEM32\CRYPTBASE.DLL
0x00007ffc562c0000 - 0x00007ffc56342000 	C:\WINDOWS\System32\bcryptPrimitives.dll
0x00007ffc352c0000 - 0x00007ffc35363000 	C:\Program Files\MATLAB\R2020b\bin\win64\DeclarativeServices1.dll
0x00007ffc44f40000 - 0x00007ffc44f49000 	C:\Program Files\MATLAB\R2020b\bin\win64\usLogService.dll
0x00007ffc389f0000 - 0x00007ffc38a03000 	C:\Program Files\MATLAB\R2020b\bin\win64\usServiceComponent.dll
0x00007ffc37360000 - 0x00007ffc3737b000 	C:\Program Files\MATLAB\R2020b\bin\win64\cppmicroservices_compendium\foundation\cppmicroservices\logserviceimpl\mwLogServiceImpl.dll
0x00007ffc36f20000 - 0x00007ffc36f3c000 	C:\Program Files\MATLAB\R2020b\bin\win64\matlab_startup_plugins\connector\openssl_initializer\libmwconnectoropensslinitializer.dll
0x00007ffc2b7a0000 - 0x00007ffc2b88d000 	C:\Program Files\MATLAB\R2020b\bin\win64\PocoNet64.dll
0x00007ffc36c80000 - 0x00007ffc36cba000 	C:\Program Files\MATLAB\R2020b\bin\win64\PocoNetSSL64.dll
0x00007ffc22340000 - 0x00007ffc224aa000 	C:\Program Files\MATLAB\R2020b\bin\win64\PocoFoundation64.dll
0x00007ffc36c50000 - 0x00007ffc36c80000 	C:\Program Files\MATLAB\R2020b\bin\win64\PocoCrypto64.dll

VM Arguments:
jvm_args: -Xms64m -XX:NewRatio=3 -Xmx1536m -XX:MaxDirectMemorySize=2147400000 -Dsun.java2d.noddraw=true -Dsun.awt.nopixfmt=true -Xshare:off -Djava.ext.dirs=C:\Program Files\MATLAB\R2020b\sys\java\jre\win64\jre\lib\ext -Djogamp.gluegen.UseTempJarCache=false -Djogl.disable.opengles=1 -Djogl.windows.cpu_affinity_mode=0 -Xrs -Djava.library.path=C:\Program Files\MATLAB\R2020b\bin\win64;C:\Program Files\MATLAB\R2020b\sys\jxbrowser\win64\lib vfprintf -XX:ErrorFile=C:\Users\EXPERI~1\AppData\Local\Temp\hs_error_pid9392.log abort -Duser.language=en -Duser.country=GB -Dfile.encoding=Cp1252 -XX:ParallelGCThreads=6 
java_command: <unknown>
java_class_path (initial): C:\Program Files\MATLAB\R2020b\java\patch;C:\Program Files\MATLAB\R2020b\java\jar\jmi.jar;C:\Program Files\MATLAB\R2020b\java\jar\util.jar;C:\Program Files\MATLAB\R2020b\java\jar\mvm.jar;C:\Program Files\MATLAB\R2020b\java\jar\services.jar;C:\Program Files\MATLAB\R2020b\java\jarext\commons-io.jar;C:\Program Files\MATLAB\R2020b\java\jar\cfbutils.jar;C:\Program Files\MATLAB\R2020b\java\jar\capabilities.jar;C:\Program Files\MATLAB\R2020b\java\jar\mlwidgets.jar;C:\Program Files\MATLAB\R2020b\java\jar\html.jar;C:\Program Files\MATLAB\R2020b\java\jar\net.jar;C:\Program Files\MATLAB\R2020b\java\jar\ddux_api.jar;C:\Program Files\MATLAB\R2020b\java\jarext\log4j.jar;C:\Program Files\MATLAB\R2020b\java\jar\mwswing.jar;C:\Program Files\MATLAB\R2020b\java\jar\common.jar;C:\Program Files\MATLAB\R2020b\java\jarext\google-collect.jar;C:\Program Files\MATLAB\R2020b\java\jarext\commons-lang.jar;C:\Program Files\MATLAB\R2020b\java\jarext\jide\jide-common.jar;C:\Program Files\MATLAB\R2020b\java\jarext\jide\jide-dock.jar;C:\Program Files\MATLAB\R2020b\java\jarext\jide\jide-action.jar;C:\Program Files\MATLAB\R2020b\java\jarext\jide\jide-components.jar;C:\Program Files\MATLAB\R2020b\java\jarext\jide\jide-grids.jar;C:\Program Files\MATLAB\R2020b\java\jarext\jide\jide-dialogs.jar;C:\Program Files\MATLAB\R2020b\java\jarext\jide\jide-shortcut.jar;C:\Program Files\MATLAB\R2020b\java\jarext\jide\jide-charts.jar;C:\Program Files\MATLAB\R2020b\java\jar\toolstrip.jar;C:\Program Files\MATLAB\R2020b\java\jar\mlservices.jar;C:\Program Files\MATLAB\R2020b\java\jar\widgets.jar;C:\Program Files\MATLAB\R2020b\java\jar\mde.jar;C:\Program Files\MATLAB\R2020b\java\jar\explorer.jar;C:\Program Files\MATLAB\R2020b\java\jar\explorer_api.jar;C:\Program Files\MATLAB\R2020b\java\jar\desktop.jar;C:\Program Files\MATLAB\R2020b\java\jar\addons.jar;C:\Program Files\MATLAB\R2020b\java\jar\addons_common.jar;C:\Program Files\MATLAB\R2020b\java\jarext\connector_api\msscommon\msscommon.jar;C:\P
Launcher Type: generic

Environment Variables:
PATH=C:\Program Files\MATLAB\R2020b\toolbox\imaq\imaqextern\drivers\win64\genicam\GenICam_V3_1_0\bin\Win64_x64;C:\Program Files\MATLAB\R2020b\bin\win64;C:\WINDOWS\system32;C:\WINDOWS;C:\WINDOWS\System32\Wbem;C:\WINDOWS\System32\WindowsPowerShell\v1.0\;C:\WINDOWS\System32\OpenSSH\;C:\Program Files\MATLAB\R2020b\bin;C:\Program Files\SlikSvn\bin;C:\Program Files\Git\cmd;C:\Program Files\Point Grey Research\Spinnaker\bin64\vs2015;C:\Program Files\Point Grey Research\Spinnaker\bin\vs2015;C:\Program Files\Point Grey Research\FlyCap2 Viewer\bin64;%FC2PATH\vs2013;C:\Program Files\Point Grey Research\FlyCap2 Viewer\bin64\vs2015;C:\Users\Experiment\AppData\Local\Microsoft\WindowsApps;C:\Users\Experiment\anaconda3\condabin;C:\Users\Experiment\anaconda3\Scripts;
USERNAME=Experiment
OS=Windows_NT
PROCESSOR_IDENTIFIER=Intel64 Family 6 Model 165 Stepping 5, GenuineIntel



---------------  S Y S T E M  ---------------

OS: Windows 10.0 , 64 bit Build 19041 (10.0.19041.1741)

CPU:total 20 (initial active 20) (10 cores per cpu, 2 threads per core) family 6 model 165 stepping 5, cmov, cx8, fxsr, mmx, sse, sse2, sse3, ssse3, sse4.1, sse4.2, popcnt, avx, avx2, aes, clmul, erms, 3dnowpref, lzcnt, ht, tsc, tscinvbit, bmi1, bmi2, adx

Memory: 4k page, physical 33392400k(26870560k free), swap 43211800k(27244188k free)

vm_info: Java HotSpot(TM) 64-Bit Server VM (25.202-b08) for windows-amd64 JRE (1.8.0_202-b08), built on Dec 15 2018 19:54:30 by "java_re" with MS VC++ 10.0 (VS2010)

time: Tue Jul 12 11:42:22 2022
timezone: GMT Daylight Time
elapsed time: 5164 seconds (0d 1h 26m 4s)

